<?xml version="1.0" encoding="UTF-8"?>
<testsuite name="social.edu.uacm.test.AlumnoTest" tests="1" skipped="0" failures="0" errors="0" timestamp="2016-06-09T04:20:56" hostname="LAPTOP-D29UP5SP" time="1.07">
  <properties/>
  <testcase name="test" classname="social.edu.uacm.test.AlumnoTest" time="1.07"/>
  <system-out><![CDATA[[DEBUG] SpringJUnit4ClassRunner constructor called with [class social.edu.uacm.test.AlumnoTest]
[DEBUG] Instantiating CacheAwareContextLoaderDelegate from class [org.springframework.test.context.cache.DefaultCacheAwareContextLoaderDelegate]
[DEBUG] Instantiating BootstrapContext using constructor [public org.springframework.test.context.support.DefaultBootstrapContext(java.lang.Class,org.springframework.test.context.CacheAwareContextLoaderDelegate)]
[DEBUG] Instantiating TestContextBootstrapper for test class [social.edu.uacm.test.AlumnoTest] from class [org.springframework.test.context.web.WebTestContextBootstrapper]
[DEBUG] Found explicit ContextLoader class [org.springframework.boot.test.SpringApplicationContextLoader] for context configuration attributes [ContextConfigurationAttributes@2dfea3f0 declaringClass = 'social.edu.uacm.test.AlumnoTest', classes = '{class social.edu.uacm.Application}', locations = '{}', inheritLocations = true, initializers = '{}', inheritInitializers = true, name = [null], contextLoaderClass = 'org.springframework.boot.test.SpringApplicationContextLoader']
[DEBUG] Did not detect default resource location for test class [social.edu.uacm.test.AlumnoTest]: class path resource [social/edu/uacm/test/AlumnoTest-context.xml] does not exist
[DEBUG] Did not detect default resource location for test class [social.edu.uacm.test.AlumnoTest]: class path resource [social/edu/uacm/test/AlumnoTestContext.groovy] does not exist
[INFO] Could not detect default resource locations for test class [social.edu.uacm.test.AlumnoTest]: no resource found for suffixes {-context.xml, Context.groovy}.
[DEBUG] Could not find an 'annotation declaring class' for annotation type [org.springframework.test.context.ActiveProfiles] and class [social.edu.uacm.test.AlumnoTest]
[DEBUG] @TestExecutionListeners is not present for class [social.edu.uacm.test.AlumnoTest]: using defaults.
[INFO] Loaded default TestExecutionListener class names from location [META-INF/spring.factories]: [org.springframework.test.context.web.ServletTestExecutionListener, org.springframework.test.context.support.DirtiesContextBeforeModesTestExecutionListener, org.springframework.test.context.support.DependencyInjectionTestExecutionListener, org.springframework.test.context.support.DirtiesContextTestExecutionListener, org.springframework.test.context.transaction.TransactionalTestExecutionListener, org.springframework.test.context.jdbc.SqlScriptsTestExecutionListener]
[INFO] Using TestExecutionListeners: [org.springframework.test.context.web.ServletTestExecutionListener@10804c6f, org.springframework.test.context.support.DirtiesContextBeforeModesTestExecutionListener@13bac59d, org.springframework.test.context.support.DependencyInjectionTestExecutionListener@750fb6d, org.springframework.test.context.support.DirtiesContextTestExecutionListener@5425c48b, org.springframework.test.context.transaction.TransactionalTestExecutionListener@46d41954, org.springframework.test.context.jdbc.SqlScriptsTestExecutionListener@307aa3e]
[DEBUG] Retrieved @ProfileValueSourceConfiguration [null] for test class [social.edu.uacm.test.AlumnoTest]
[DEBUG] Retrieved ProfileValueSource type [class org.springframework.test.annotation.SystemProfileValueSource] for class [social.edu.uacm.test.AlumnoTest]
[DEBUG] Retrieved @ProfileValueSourceConfiguration [null] for test class [social.edu.uacm.test.AlumnoTest]
[DEBUG] Retrieved ProfileValueSource type [class org.springframework.test.annotation.SystemProfileValueSource] for class [social.edu.uacm.test.AlumnoTest]
[DEBUG] Before test class: context [DefaultTestContext@14b252de testClass = AlumnoTest, testInstance = [null], testMethod = [null], testException = [null], mergedContextConfiguration = [WebMergedContextConfiguration@220189aa testClass = AlumnoTest, locations = '{}', classes = '{class social.edu.uacm.Application}', contextInitializerClasses = '[]', activeProfiles = '{}', propertySourceLocations = '{}', propertySourceProperties = '{}', resourceBasePath = 'src/main/webapp', contextLoader = 'org.springframework.boot.test.SpringApplicationContextLoader', parent = [null]]], class annotated with @DirtiesContext [false] with mode [null].
[DEBUG] Retrieved @ProfileValueSourceConfiguration [null] for test class [social.edu.uacm.test.AlumnoTest]
[DEBUG] Retrieved ProfileValueSource type [class org.springframework.test.annotation.SystemProfileValueSource] for class [social.edu.uacm.test.AlumnoTest]
[DEBUG] Adding [systemProperties] PropertySource with lowest search precedence
[DEBUG] Adding [systemEnvironment] PropertySource with lowest search precedence
[DEBUG] Initialized StandardEnvironment with PropertySources [systemProperties,systemEnvironment]
[DEBUG] Adding [integrationTest] PropertySource with search precedence immediately lower than [systemEnvironment]
[DEBUG] Searching for key 'context.listener.classes' in [systemProperties]
[DEBUG] Searching for key 'context.listener.classes' in [systemEnvironment]
[DEBUG] Searching for key 'context.listener.classes' in [random]
[DEBUG] Searching for key 'context.listener.classes' in [integrationTest]
[DEBUG] Searching for key 'context.listener.classes' in [applicationConfigurationProperties]
[DEBUG] Could not find key 'context.listener.classes' in any property source. Returning [null]
[DEBUG] Searching for key 'banner.location' in [systemProperties]
[DEBUG] Searching for key 'banner.location' in [systemEnvironment]
[DEBUG] Searching for key 'banner.location' in [random]
[DEBUG] Searching for key 'banner.location' in [integrationTest]
[DEBUG] Searching for key 'banner.location' in [applicationConfigurationProperties]
[DEBUG] Could not find key 'banner.location' in any property source. Returning [null]

  .   ____          _            __ _ _
 /\\ / ___'_ __ _ _(_)_ __  __ _ \ \ \ \
( ( )\___ | '_ | '_| | '_ \/ _` | \ \ \ \
 \\/  ___)| |_)| | | | | || (_| |  ) ) ) )
  '  |____| .__|_| |_|_| |_\__, | / / / /
 =========|_|==============|___/=/_/_/_/
 :: Spring Boot ::        (v1.3.3.RELEASE)

[DEBUG] Searching for key 'context.initializer.classes' in [systemProperties]
[DEBUG] Searching for key 'context.initializer.classes' in [systemEnvironment]
[DEBUG] Searching for key 'context.initializer.classes' in [random]
[DEBUG] Searching for key 'context.initializer.classes' in [integrationTest]
[DEBUG] Searching for key 'context.initializer.classes' in [applicationConfigurationProperties]
[DEBUG] Could not find key 'context.initializer.classes' in any property source. Returning [null]
[DEBUG] Searching for key 'spring.config.name:application' in [systemProperties]
[DEBUG] Searching for key 'spring.config.name:application' in [systemEnvironment]
[DEBUG] Searching for key 'spring.config.name:application' in [random]
[DEBUG] Searching for key 'spring.config.name:application' in [integrationTest]
[DEBUG] Searching for key 'spring.config.name:application' in [applicationConfigurationProperties]
[DEBUG] Could not find key 'spring.config.name:application' in any property source. Returning [null]
[DEBUG] Searching for key 'spring.config.name' in [systemProperties]
[DEBUG] Searching for key 'spring.config.name' in [systemEnvironment]
[DEBUG] Searching for key 'spring.config.name' in [random]
[DEBUG] Searching for key 'spring.config.name' in [integrationTest]
[DEBUG] Searching for key 'spring.config.name' in [applicationConfigurationProperties]
[DEBUG] Could not find key 'spring.config.name' in any property source. Returning [null]
[DEBUG] Searching for key 'vcap.application.name:application' in [systemProperties]
[DEBUG] Searching for key 'vcap.application.name:application' in [systemEnvironment]
[DEBUG] Searching for key 'vcap.application.name:application' in [random]
[DEBUG] Searching for key 'vcap.application.name:application' in [integrationTest]
[DEBUG] Searching for key 'vcap.application.name:application' in [applicationConfigurationProperties]
[DEBUG] Could not find key 'vcap.application.name:application' in any property source. Returning [null]
[DEBUG] Searching for key 'vcap.application.name' in [systemProperties]
[DEBUG] Searching for key 'vcap.application.name' in [systemEnvironment]
[DEBUG] Searching for key 'vcap.application.name' in [random]
[DEBUG] Searching for key 'vcap.application.name' in [integrationTest]
[DEBUG] Searching for key 'vcap.application.name' in [applicationConfigurationProperties]
[DEBUG] Could not find key 'vcap.application.name' in any property source. Returning [null]
[DEBUG] Searching for key 'spring.application.name:application' in [systemProperties]
[DEBUG] Searching for key 'spring.application.name:application' in [systemEnvironment]
[DEBUG] Searching for key 'spring.application.name:application' in [random]
[DEBUG] Searching for key 'spring.application.name:application' in [integrationTest]
[DEBUG] Searching for key 'spring.application.name:application' in [applicationConfigurationProperties]
[DEBUG] Could not find key 'spring.application.name:application' in any property source. Returning [null]
[DEBUG] Searching for key 'spring.application.name' in [systemProperties]
[DEBUG] Searching for key 'spring.application.name' in [systemEnvironment]
[DEBUG] Searching for key 'spring.application.name' in [random]
[DEBUG] Searching for key 'spring.application.name' in [integrationTest]
[DEBUG] Searching for key 'spring.application.name' in [applicationConfigurationProperties]
[DEBUG] Could not find key 'spring.application.name' in any property source. Returning [null]
[DEBUG] Searching for key 'PORT:null' in [systemProperties]
[DEBUG] Searching for key 'PORT:null' in [systemEnvironment]
[DEBUG] Searching for key 'PORT:null' in [random]
[DEBUG] Searching for key 'PORT:null' in [integrationTest]
[DEBUG] Searching for key 'PORT:null' in [applicationConfigurationProperties]
[DEBUG] Could not find key 'PORT:null' in any property source. Returning [null]
[DEBUG] Searching for key 'PORT' in [systemProperties]
[DEBUG] Searching for key 'PORT' in [systemEnvironment]
[DEBUG] Searching for key 'PORT' in [random]
[DEBUG] Searching for key 'PORT' in [integrationTest]
[DEBUG] Searching for key 'PORT' in [applicationConfigurationProperties]
[DEBUG] Could not find key 'PORT' in any property source. Returning [null]
[DEBUG] Searching for key 'server.port:null' in [systemProperties]
[DEBUG] Searching for key 'server.port:null' in [systemEnvironment]
[DEBUG] Searching for key 'server.port:null' in [random]
[DEBUG] Searching for key 'server.port:null' in [integrationTest]
[DEBUG] Searching for key 'server.port:null' in [applicationConfigurationProperties]
[DEBUG] Could not find key 'server.port:null' in any property source. Returning [null]
[DEBUG] Searching for key 'server.port' in [systemProperties]
[DEBUG] Searching for key 'server.port' in [systemEnvironment]
[DEBUG] Searching for key 'server.port' in [random]
[DEBUG] Searching for key 'server.port' in [integrationTest]
[DEBUG] Found key 'server.port' in [integrationTest] with type [String] and value '-1'
[DEBUG] Searching for key 'spring.application.index:-1' in [systemProperties]
[DEBUG] Searching for key 'spring.application.index:-1' in [systemEnvironment]
[DEBUG] Searching for key 'spring.application.index:-1' in [random]
[DEBUG] Searching for key 'spring.application.index:-1' in [integrationTest]
[DEBUG] Searching for key 'spring.application.index:-1' in [applicationConfigurationProperties]
[DEBUG] Could not find key 'spring.application.index:-1' in any property source. Returning [null]
[DEBUG] Searching for key 'spring.application.index' in [systemProperties]
[DEBUG] Searching for key 'spring.application.index' in [systemEnvironment]
[DEBUG] Searching for key 'spring.application.index' in [random]
[DEBUG] Searching for key 'spring.application.index' in [integrationTest]
[DEBUG] Searching for key 'spring.application.index' in [applicationConfigurationProperties]
[DEBUG] Could not find key 'spring.application.index' in any property source. Returning [null]
[DEBUG] Searching for key 'vcap.application.instance_index:-1' in [systemProperties]
[DEBUG] Searching for key 'vcap.application.instance_index:-1' in [systemEnvironment]
[DEBUG] Searching for key 'vcap.application.instance_index:-1' in [random]
[DEBUG] Searching for key 'vcap.application.instance_index:-1' in [integrationTest]
[DEBUG] Searching for key 'vcap.application.instance_index:-1' in [applicationConfigurationProperties]
[DEBUG] Could not find key 'vcap.application.instance_index:-1' in any property source. Returning [null]
[DEBUG] Searching for key 'vcap.application.instance_index' in [systemProperties]
[DEBUG] Searching for key 'vcap.application.instance_index' in [systemEnvironment]
[DEBUG] Searching for key 'vcap.application.instance_index' in [random]
[DEBUG] Searching for key 'vcap.application.instance_index' in [integrationTest]
[DEBUG] Searching for key 'vcap.application.instance_index' in [applicationConfigurationProperties]
[DEBUG] Could not find key 'vcap.application.instance_index' in any property source. Returning [null]
[DEBUG] Searching for key 'spring.profiles.active' in [systemProperties]
[DEBUG] Searching for key 'spring.profiles.active' in [systemEnvironment]
[DEBUG] Searching for key 'spring.profiles.active' in [random]
[DEBUG] Searching for key 'spring.profiles.active' in [integrationTest]
[DEBUG] Searching for key 'spring.profiles.active' in [applicationConfigurationProperties]
[DEBUG] Could not find key 'spring.profiles.active' in any property source. Returning [null]
[INFO] Starting AlumnoTest on LAPTOP-D29UP5SP with PID 12896 (C:\Users\netoz\Documents\workspace-sts-3.7.3.RELEASE\Social-UACM\build\classes\test started by netoz in C:\Users\netoz\Documents\workspace-sts-3.7.3.RELEASE\Social-UACM)
[DEBUG] Running with Spring Boot v1.3.3.RELEASE, Spring v4.2.5.RELEASE
[DEBUG] Searching for key 'spring.profiles.active' in [systemProperties]
[DEBUG] Searching for key 'spring.profiles.active' in [systemEnvironment]
[DEBUG] Searching for key 'spring.profiles.active' in [random]
[DEBUG] Searching for key 'spring.profiles.active' in [integrationTest]
[DEBUG] Searching for key 'spring.profiles.active' in [applicationConfigurationProperties]
[DEBUG] Could not find key 'spring.profiles.active' in any property source. Returning [null]
[DEBUG] Searching for key 'spring.profiles.default' in [systemProperties]
[DEBUG] Searching for key 'spring.profiles.default' in [systemEnvironment]
[DEBUG] Searching for key 'spring.profiles.default' in [random]
[DEBUG] Searching for key 'spring.profiles.default' in [integrationTest]
[DEBUG] Searching for key 'spring.profiles.default' in [applicationConfigurationProperties]
[DEBUG] Could not find key 'spring.profiles.default' in any property source. Returning [null]
[INFO] No active profile set, falling back to default profiles: default
[DEBUG] Loading source class social.edu.uacm.Application
[DEBUG] JSR-250 'javax.annotation.ManagedBean' found and supported for component scanning
[DEBUG] Loaded config file 'classpath:/application.properties'
[DEBUG] Skipped (empty) config file 'classpath:/application.properties' for profile default
[INFO] Refreshing org.springframework.web.context.support.GenericWebApplicationContext@5be397e: startup date [Wed Jun 08 23:20:05 CDT 2016]; root of context hierarchy
[DEBUG] Bean factory for org.springframework.web.context.support.GenericWebApplicationContext@5be397e: org.springframework.beans.factory.support.DefaultListableBeanFactory@7f31380e: defining beans [org.springframework.context.annotation.internalConfigurationAnnotationProcessor,org.springframework.context.annotation.internalAutowiredAnnotationProcessor,org.springframework.context.annotation.internalRequiredAnnotationProcessor,org.springframework.context.annotation.internalCommonAnnotationProcessor,org.springframework.context.annotation.internalPersistenceAnnotationProcessor,org.springframework.context.event.internalEventListenerProcessor,org.springframework.context.event.internalEventListenerFactory,application]; root of factory hierarchy
[DEBUG] Registering scope 'request' with implementation [org.springframework.web.context.request.RequestScope@201a50d6]
[DEBUG] Registering scope 'session' with implementation [org.springframework.web.context.request.SessionScope@7762bb2a]
[DEBUG] Registering scope 'globalSession' with implementation [org.springframework.web.context.request.SessionScope@50cd9f0]
[DEBUG] Registering scope 'application' with implementation [org.springframework.web.context.support.ServletContextScope@1882d630]
[DEBUG] Creating shared instance of singleton bean 'org.springframework.context.annotation.internalConfigurationAnnotationProcessor'
[DEBUG] Creating instance of bean 'org.springframework.context.annotation.internalConfigurationAnnotationProcessor'
[DEBUG] Eagerly caching bean 'org.springframework.context.annotation.internalConfigurationAnnotationProcessor' to allow for resolving potential circular references
[DEBUG] Finished creating instance of bean 'org.springframework.context.annotation.internalConfigurationAnnotationProcessor'
[DEBUG] Adding [systemProperties] PropertySource with lowest search precedence
[DEBUG] Adding [systemEnvironment] PropertySource with lowest search precedence
[DEBUG] Initialized StandardEnvironment with PropertySources [systemProperties,systemEnvironment]
[DEBUG] JSR-250 'javax.annotation.ManagedBean' found and supported for component scanning
[DEBUG] Resolved classpath location [social/edu/uacm/] to resources [URL [file:/C:/Users/netoz/Documents/workspace-sts-3.7.3.RELEASE/Social-UACM/build/instrumented_classes/social/edu/uacm/], URL [file:/C:/Users/netoz/Documents/workspace-sts-3.7.3.RELEASE/Social-UACM/build/classes/test/social/edu/uacm/], URL [file:/C:/Users/netoz/Documents/workspace-sts-3.7.3.RELEASE/Social-UACM/build/classes/main/social/edu/uacm/]]
[DEBUG] Looking for matching resources in directory tree [C:\Users\netoz\Documents\workspace-sts-3.7.3.RELEASE\Social-UACM\build\instrumented_classes\social\edu\uacm]
[DEBUG] Searching directory [C:\Users\netoz\Documents\workspace-sts-3.7.3.RELEASE\Social-UACM\build\instrumented_classes\social\edu\uacm] for files matching pattern [C:/Users/netoz/Documents/workspace-sts-3.7.3.RELEASE/Social-UACM/build/instrumented_classes/social/edu/uacm/**/*.class]
[DEBUG] Searching directory [C:\Users\netoz\Documents\workspace-sts-3.7.3.RELEASE\Social-UACM\build\instrumented_classes\social\edu\uacm\controller] for files matching pattern [C:/Users/netoz/Documents/workspace-sts-3.7.3.RELEASE/Social-UACM/build/instrumented_classes/social/edu/uacm/**/*.class]
[DEBUG] Searching directory [C:\Users\netoz\Documents\workspace-sts-3.7.3.RELEASE\Social-UACM\build\instrumented_classes\social\edu\uacm\dao] for files matching pattern [C:/Users/netoz/Documents/workspace-sts-3.7.3.RELEASE/Social-UACM/build/instrumented_classes/social/edu/uacm/**/*.class]
[DEBUG] Searching directory [C:\Users\netoz\Documents\workspace-sts-3.7.3.RELEASE\Social-UACM\build\instrumented_classes\social\edu\uacm\dao\impl] for files matching pattern [C:/Users/netoz/Documents/workspace-sts-3.7.3.RELEASE/Social-UACM/build/instrumented_classes/social/edu/uacm/**/*.class]
[DEBUG] Searching directory [C:\Users\netoz\Documents\workspace-sts-3.7.3.RELEASE\Social-UACM\build\instrumented_classes\social\edu\uacm\domain] for files matching pattern [C:/Users/netoz/Documents/workspace-sts-3.7.3.RELEASE/Social-UACM/build/instrumented_classes/social/edu/uacm/**/*.class]
[DEBUG] Searching directory [C:\Users\netoz\Documents\workspace-sts-3.7.3.RELEASE\Social-UACM\build\instrumented_classes\social\edu\uacm\service] for files matching pattern [C:/Users/netoz/Documents/workspace-sts-3.7.3.RELEASE/Social-UACM/build/instrumented_classes/social/edu/uacm/**/*.class]
[DEBUG] Searching directory [C:\Users\netoz\Documents\workspace-sts-3.7.3.RELEASE\Social-UACM\build\instrumented_classes\social\edu\uacm\service\impl] for files matching pattern [C:/Users/netoz/Documents/workspace-sts-3.7.3.RELEASE/Social-UACM/build/instrumented_classes/social/edu/uacm/**/*.class]
[DEBUG] Searching directory [C:\Users\netoz\Documents\workspace-sts-3.7.3.RELEASE\Social-UACM\build\instrumented_classes\social\edu\uacm\util] for files matching pattern [C:/Users/netoz/Documents/workspace-sts-3.7.3.RELEASE/Social-UACM/build/instrumented_classes/social/edu/uacm/**/*.class]
[DEBUG] Looking for matching resources in directory tree [C:\Users\netoz\Documents\workspace-sts-3.7.3.RELEASE\Social-UACM\build\classes\test\social\edu\uacm]
[DEBUG] Searching directory [C:\Users\netoz\Documents\workspace-sts-3.7.3.RELEASE\Social-UACM\build\classes\test\social\edu\uacm] for files matching pattern [C:/Users/netoz/Documents/workspace-sts-3.7.3.RELEASE/Social-UACM/build/classes/test/social/edu/uacm/**/*.class]
[DEBUG] Searching directory [C:\Users\netoz\Documents\workspace-sts-3.7.3.RELEASE\Social-UACM\build\classes\test\social\edu\uacm\test] for files matching pattern [C:/Users/netoz/Documents/workspace-sts-3.7.3.RELEASE/Social-UACM/build/classes/test/social/edu/uacm/**/*.class]
[DEBUG] Looking for matching resources in directory tree [C:\Users\netoz\Documents\workspace-sts-3.7.3.RELEASE\Social-UACM\build\classes\main\social\edu\uacm]
[DEBUG] Searching directory [C:\Users\netoz\Documents\workspace-sts-3.7.3.RELEASE\Social-UACM\build\classes\main\social\edu\uacm] for files matching pattern [C:/Users/netoz/Documents/workspace-sts-3.7.3.RELEASE/Social-UACM/build/classes/main/social/edu/uacm/**/*.class]
[DEBUG] Searching directory [C:\Users\netoz\Documents\workspace-sts-3.7.3.RELEASE\Social-UACM\build\classes\main\social\edu\uacm\controller] for files matching pattern [C:/Users/netoz/Documents/workspace-sts-3.7.3.RELEASE/Social-UACM/build/classes/main/social/edu/uacm/**/*.class]
[DEBUG] Searching directory [C:\Users\netoz\Documents\workspace-sts-3.7.3.RELEASE\Social-UACM\build\classes\main\social\edu\uacm\dao] for files matching pattern [C:/Users/netoz/Documents/workspace-sts-3.7.3.RELEASE/Social-UACM/build/classes/main/social/edu/uacm/**/*.class]
[DEBUG] Searching directory [C:\Users\netoz\Documents\workspace-sts-3.7.3.RELEASE\Social-UACM\build\classes\main\social\edu\uacm\dao\impl] for files matching pattern [C:/Users/netoz/Documents/workspace-sts-3.7.3.RELEASE/Social-UACM/build/classes/main/social/edu/uacm/**/*.class]
[DEBUG] Searching directory [C:\Users\netoz\Documents\workspace-sts-3.7.3.RELEASE\Social-UACM\build\classes\main\social\edu\uacm\domain] for files matching pattern [C:/Users/netoz/Documents/workspace-sts-3.7.3.RELEASE/Social-UACM/build/classes/main/social/edu/uacm/**/*.class]
[DEBUG] Searching directory [C:\Users\netoz\Documents\workspace-sts-3.7.3.RELEASE\Social-UACM\build\classes\main\social\edu\uacm\service] for files matching pattern [C:/Users/netoz/Documents/workspace-sts-3.7.3.RELEASE/Social-UACM/build/classes/main/social/edu/uacm/**/*.class]
[DEBUG] Searching directory [C:\Users\netoz\Documents\workspace-sts-3.7.3.RELEASE\Social-UACM\build\classes\main\social\edu\uacm\service\impl] for files matching pattern [C:/Users/netoz/Documents/workspace-sts-3.7.3.RELEASE/Social-UACM/build/classes/main/social/edu/uacm/**/*.class]
[DEBUG] Searching directory [C:\Users\netoz\Documents\workspace-sts-3.7.3.RELEASE\Social-UACM\build\classes\main\social\edu\uacm\util] for files matching pattern [C:/Users/netoz/Documents/workspace-sts-3.7.3.RELEASE/Social-UACM/build/classes/main/social/edu/uacm/**/*.class]
[DEBUG] Resolved location pattern [classpath*:social/edu/uacm/**/*.class] to resources [file [C:\Users\netoz\Documents\workspace-sts-3.7.3.RELEASE\Social-UACM\build\instrumented_classes\social\edu\uacm\Application.class], file [C:\Users\netoz\Documents\workspace-sts-3.7.3.RELEASE\Social-UACM\build\instrumented_classes\social\edu\uacm\controller\PeticionController.class], file [C:\Users\netoz\Documents\workspace-sts-3.7.3.RELEASE\Social-UACM\build\instrumented_classes\social\edu\uacm\dao\AlumnoDao.class], file [C:\Users\netoz\Documents\workspace-sts-3.7.3.RELEASE\Social-UACM\build\instrumented_classes\social\edu\uacm\dao\impl\AlumnoDaoImpl$1.class], file [C:\Users\netoz\Documents\workspace-sts-3.7.3.RELEASE\Social-UACM\build\instrumented_classes\social\edu\uacm\dao\impl\AlumnoDaoImpl.class], file [C:\Users\netoz\Documents\workspace-sts-3.7.3.RELEASE\Social-UACM\build\instrumented_classes\social\edu\uacm\domain\Alumno.class], file [C:\Users\netoz\Documents\workspace-sts-3.7.3.RELEASE\Social-UACM\build\instrumented_classes\social\edu\uacm\domain\AlumnoRepositorio.class], file [C:\Users\netoz\Documents\workspace-sts-3.7.3.RELEASE\Social-UACM\build\instrumented_classes\social\edu\uacm\domain\AlumnoRepository.class], file [C:\Users\netoz\Documents\workspace-sts-3.7.3.RELEASE\Social-UACM\build\instrumented_classes\social\edu\uacm\domain\Documento.class], file [C:\Users\netoz\Documents\workspace-sts-3.7.3.RELEASE\Social-UACM\build\instrumented_classes\social\edu\uacm\domain\DocumentoRepository.class], file [C:\Users\netoz\Documents\workspace-sts-3.7.3.RELEASE\Social-UACM\build\instrumented_classes\social\edu\uacm\MvcConfig.class], file [C:\Users\netoz\Documents\workspace-sts-3.7.3.RELEASE\Social-UACM\build\instrumented_classes\social\edu\uacm\service\impl\MyUserDetailsServiceImpl.class], file [C:\Users\netoz\Documents\workspace-sts-3.7.3.RELEASE\Social-UACM\build\instrumented_classes\social\edu\uacm\service\impl\PeticionServiceImpl.class], file [C:\Users\netoz\Documents\workspace-sts-3.7.3.RELEASE\Social-UACM\build\instrumented_classes\social\edu\uacm\service\MyUserDetailsService.class], file [C:\Users\netoz\Documents\workspace-sts-3.7.3.RELEASE\Social-UACM\build\instrumented_classes\social\edu\uacm\service\PeticionService.class], file [C:\Users\netoz\Documents\workspace-sts-3.7.3.RELEASE\Social-UACM\build\instrumented_classes\social\edu\uacm\util\MySimpleUrlAuthenticationSuccessHandler.class], file [C:\Users\netoz\Documents\workspace-sts-3.7.3.RELEASE\Social-UACM\build\instrumented_classes\social\edu\uacm\WebSecurityConfig.class], file [C:\Users\netoz\Documents\workspace-sts-3.7.3.RELEASE\Social-UACM\build\classes\test\social\edu\uacm\test\AlumnoTest.class], file [C:\Users\netoz\Documents\workspace-sts-3.7.3.RELEASE\Social-UACM\build\classes\test\social\edu\uacm\test\DocumentoTest.class], file [C:\Users\netoz\Documents\workspace-sts-3.7.3.RELEASE\Social-UACM\build\classes\main\social\edu\uacm\Application.class], file [C:\Users\netoz\Documents\workspace-sts-3.7.3.RELEASE\Social-UACM\build\classes\main\social\edu\uacm\controller\PeticionController.class], file [C:\Users\netoz\Documents\workspace-sts-3.7.3.RELEASE\Social-UACM\build\classes\main\social\edu\uacm\dao\AlumnoDao.class], file [C:\Users\netoz\Documents\workspace-sts-3.7.3.RELEASE\Social-UACM\build\classes\main\social\edu\uacm\dao\impl\AlumnoDaoImpl$1.class], file [C:\Users\netoz\Documents\workspace-sts-3.7.3.RELEASE\Social-UACM\build\classes\main\social\edu\uacm\dao\impl\AlumnoDaoImpl.class], file [C:\Users\netoz\Documents\workspace-sts-3.7.3.RELEASE\Social-UACM\build\classes\main\social\edu\uacm\domain\Alumno.class], file [C:\Users\netoz\Documents\workspace-sts-3.7.3.RELEASE\Social-UACM\build\classes\main\social\edu\uacm\domain\AlumnoRepositorio.class], file [C:\Users\netoz\Documents\workspace-sts-3.7.3.RELEASE\Social-UACM\build\classes\main\social\edu\uacm\domain\AlumnoRepository.class], file [C:\Users\netoz\Documents\workspace-sts-3.7.3.RELEASE\Social-UACM\build\classes\main\social\edu\uacm\domain\Documento.class], file [C:\Users\netoz\Documents\workspace-sts-3.7.3.RELEASE\Social-UACM\build\classes\main\social\edu\uacm\domain\DocumentoRepository.class], file [C:\Users\netoz\Documents\workspace-sts-3.7.3.RELEASE\Social-UACM\build\classes\main\social\edu\uacm\MvcConfig.class], file [C:\Users\netoz\Documents\workspace-sts-3.7.3.RELEASE\Social-UACM\build\classes\main\social\edu\uacm\service\impl\MyUserDetailsServiceImpl.class], file [C:\Users\netoz\Documents\workspace-sts-3.7.3.RELEASE\Social-UACM\build\classes\main\social\edu\uacm\service\impl\PeticionServiceImpl.class], file [C:\Users\netoz\Documents\workspace-sts-3.7.3.RELEASE\Social-UACM\build\classes\main\social\edu\uacm\service\MyUserDetailsService.class], file [C:\Users\netoz\Documents\workspace-sts-3.7.3.RELEASE\Social-UACM\build\classes\main\social\edu\uacm\service\PeticionService.class], file [C:\Users\netoz\Documents\workspace-sts-3.7.3.RELEASE\Social-UACM\build\classes\main\social\edu\uacm\util\MySimpleUrlAuthenticationSuccessHandler.class], file [C:\Users\netoz\Documents\workspace-sts-3.7.3.RELEASE\Social-UACM\build\classes\main\social\edu\uacm\WebSecurityConfig.class]]
[DEBUG] Identified candidate component class: file [C:\Users\netoz\Documents\workspace-sts-3.7.3.RELEASE\Social-UACM\build\instrumented_classes\social\edu\uacm\controller\PeticionController.class]
[DEBUG] Identified candidate component class: file [C:\Users\netoz\Documents\workspace-sts-3.7.3.RELEASE\Social-UACM\build\instrumented_classes\social\edu\uacm\dao\impl\AlumnoDaoImpl.class]
[DEBUG] Identified candidate component class: file [C:\Users\netoz\Documents\workspace-sts-3.7.3.RELEASE\Social-UACM\build\instrumented_classes\social\edu\uacm\domain\AlumnoRepositorio.class]
[DEBUG] Identified candidate component class: file [C:\Users\netoz\Documents\workspace-sts-3.7.3.RELEASE\Social-UACM\build\instrumented_classes\social\edu\uacm\MvcConfig.class]
[DEBUG] Identified candidate component class: file [C:\Users\netoz\Documents\workspace-sts-3.7.3.RELEASE\Social-UACM\build\instrumented_classes\social\edu\uacm\service\impl\MyUserDetailsServiceImpl.class]
[DEBUG] Identified candidate component class: file [C:\Users\netoz\Documents\workspace-sts-3.7.3.RELEASE\Social-UACM\build\instrumented_classes\social\edu\uacm\service\impl\PeticionServiceImpl.class]
[DEBUG] Identified candidate component class: file [C:\Users\netoz\Documents\workspace-sts-3.7.3.RELEASE\Social-UACM\build\instrumented_classes\social\edu\uacm\util\MySimpleUrlAuthenticationSuccessHandler.class]
[DEBUG] Identified candidate component class: file [C:\Users\netoz\Documents\workspace-sts-3.7.3.RELEASE\Social-UACM\build\instrumented_classes\social\edu\uacm\WebSecurityConfig.class]
[DEBUG] Identified candidate component class: file [C:\Users\netoz\Documents\workspace-sts-3.7.3.RELEASE\Social-UACM\build\classes\main\social\edu\uacm\controller\PeticionController.class]
[DEBUG] Identified candidate component class: file [C:\Users\netoz\Documents\workspace-sts-3.7.3.RELEASE\Social-UACM\build\classes\main\social\edu\uacm\dao\impl\AlumnoDaoImpl.class]
[DEBUG] Identified candidate component class: file [C:\Users\netoz\Documents\workspace-sts-3.7.3.RELEASE\Social-UACM\build\classes\main\social\edu\uacm\domain\AlumnoRepositorio.class]
[DEBUG] Identified candidate component class: file [C:\Users\netoz\Documents\workspace-sts-3.7.3.RELEASE\Social-UACM\build\classes\main\social\edu\uacm\MvcConfig.class]
[DEBUG] Identified candidate component class: file [C:\Users\netoz\Documents\workspace-sts-3.7.3.RELEASE\Social-UACM\build\classes\main\social\edu\uacm\service\impl\MyUserDetailsServiceImpl.class]
[DEBUG] Identified candidate component class: file [C:\Users\netoz\Documents\workspace-sts-3.7.3.RELEASE\Social-UACM\build\classes\main\social\edu\uacm\service\impl\PeticionServiceImpl.class]
[DEBUG] Identified candidate component class: file [C:\Users\netoz\Documents\workspace-sts-3.7.3.RELEASE\Social-UACM\build\classes\main\social\edu\uacm\util\MySimpleUrlAuthenticationSuccessHandler.class]
[DEBUG] Identified candidate component class: file [C:\Users\netoz\Documents\workspace-sts-3.7.3.RELEASE\Social-UACM\build\classes\main\social\edu\uacm\WebSecurityConfig.class]
[DEBUG] Logging Provider: org.jboss.logging.Slf4jLoggerProvider found via system property
[INFO] HV000001: Hibernate Validator 5.2.4.Final
[DEBUG] Found javax.persistence.Persistence on classpath containing 'getPersistenceUtil'. Assuming JPA 2 environment. Trying to instantiate JPA aware TraversableResolver
[DEBUG] Instantiated JPA aware TraversableResolver of type org.hibernate.validator.internal.engine.resolver.JPATraversableResolver.
[DEBUG] Searching for key 'java.runtime.name' in [systemProperties]
[DEBUG] Found key 'java.runtime.name' in [systemProperties] with type [String] and value 'Java(TM) SE Runtime Environment'
[DEBUG] Searching for key 'sun.boot.library.path' in [systemProperties]
[DEBUG] Found key 'sun.boot.library.path' in [systemProperties] with type [String] and value 'C:\Program Files\Java\jdk1.8.0_91\jre\bin'
[DEBUG] Searching for key 'java.vm.version' in [systemProperties]
[DEBUG] Found key 'java.vm.version' in [systemProperties] with type [String] and value '25.91-b14'
[DEBUG] Searching for key 'java.vm.vendor' in [systemProperties]
[DEBUG] Found key 'java.vm.vendor' in [systemProperties] with type [String] and value 'Oracle Corporation'
[DEBUG] Searching for key 'java.vendor.url' in [systemProperties]
[DEBUG] Found key 'java.vendor.url' in [systemProperties] with type [String] and value 'http://java.oracle.com/'
[DEBUG] Searching for key 'path.separator' in [systemProperties]
[DEBUG] Found key 'path.separator' in [systemProperties] with type [String] and value ';'
[DEBUG] Searching for key 'java.vm.name' in [systemProperties]
[DEBUG] Found key 'java.vm.name' in [systemProperties] with type [String] and value 'Java HotSpot(TM) 64-Bit Server VM'
[DEBUG] Searching for key 'file.encoding.pkg' in [systemProperties]
[DEBUG] Found key 'file.encoding.pkg' in [systemProperties] with type [String] and value 'sun.io'
[DEBUG] Searching for key 'user.script' in [systemProperties]
[DEBUG] Found key 'user.script' in [systemProperties] with type [String] and value ''
[DEBUG] Searching for key 'sun.java.launcher' in [systemProperties]
[DEBUG] Found key 'sun.java.launcher' in [systemProperties] with type [String] and value 'SUN_STANDARD'
[DEBUG] Searching for key 'user.country' in [systemProperties]
[DEBUG] Found key 'user.country' in [systemProperties] with type [String] and value 'MX'
[DEBUG] Searching for key 'sun.os.patch.level' in [systemProperties]
[DEBUG] Found key 'sun.os.patch.level' in [systemProperties] with type [String] and value ''
[DEBUG] Searching for key 'PID' in [systemProperties]
[DEBUG] Found key 'PID' in [systemProperties] with type [String] and value '12896'
[DEBUG] Searching for key 'java.vm.specification.name' in [systemProperties]
[DEBUG] Found key 'java.vm.specification.name' in [systemProperties] with type [String] and value 'Java Virtual Machine Specification'
[DEBUG] Searching for key 'user.dir' in [systemProperties]
[DEBUG] Found key 'user.dir' in [systemProperties] with type [String] and value 'C:\Users\netoz\Documents\workspace-sts-3.7.3.RELEASE\Social-UACM'
[DEBUG] Searching for key 'java.runtime.version' in [systemProperties]
[DEBUG] Found key 'java.runtime.version' in [systemProperties] with type [String] and value '1.8.0_91-b14'
[DEBUG] Searching for key 'java.awt.graphicsenv' in [systemProperties]
[DEBUG] Found key 'java.awt.graphicsenv' in [systemProperties] with type [String] and value 'sun.awt.Win32GraphicsEnvironment'
[DEBUG] Searching for key 'org.jboss.logging.provider' in [systemProperties]
[DEBUG] Found key 'org.jboss.logging.provider' in [systemProperties] with type [String] and value 'slf4j'
[DEBUG] Searching for key 'java.endorsed.dirs' in [systemProperties]
[DEBUG] Found key 'java.endorsed.dirs' in [systemProperties] with type [String] and value 'C:\Program Files\Java\jdk1.8.0_91\jre\lib\endorsed'
[DEBUG] Searching for key 'os.arch' in [systemProperties]
[DEBUG] Found key 'os.arch' in [systemProperties] with type [String] and value 'amd64'
[DEBUG] Searching for key 'java.io.tmpdir' in [systemProperties]
[DEBUG] Found key 'java.io.tmpdir' in [systemProperties] with type [String] and value 'C:\Users\netoz\AppData\Local\Temp\'
[DEBUG] Searching for key 'line.separator' in [systemProperties]
[DEBUG] Found key 'line.separator' in [systemProperties] with type [String] and value '
'
[DEBUG] Searching for key 'java.vm.specification.vendor' in [systemProperties]
[DEBUG] Found key 'java.vm.specification.vendor' in [systemProperties] with type [String] and value 'Oracle Corporation'
[DEBUG] Searching for key 'user.variant' in [systemProperties]
[DEBUG] Found key 'user.variant' in [systemProperties] with type [String] and value ''
[DEBUG] Searching for key 'os.name' in [systemProperties]
[DEBUG] Found key 'os.name' in [systemProperties] with type [String] and value 'Windows 10'
[DEBUG] Searching for key 'net.sourceforge.cobertura.datafile' in [systemProperties]
[DEBUG] Found key 'net.sourceforge.cobertura.datafile' in [systemProperties] with type [String] and value 'C:\Users\netoz\Documents\workspace-sts-3.7.3.RELEASE\Social-UACM\build\cobertura\cobertura.ser'
[DEBUG] Searching for key 'sun.jnu.encoding' in [systemProperties]
[DEBUG] Found key 'sun.jnu.encoding' in [systemProperties] with type [String] and value 'Cp1252'
[DEBUG] Searching for key 'spring.beaninfo.ignore' in [systemProperties]
[DEBUG] Found key 'spring.beaninfo.ignore' in [systemProperties] with type [String] and value 'true'
[DEBUG] Searching for key 'java.library.path' in [systemProperties]
[DEBUG] Found key 'java.library.path' in [systemProperties] with type [String] and value 'C:\Program Files\Java\jdk1.8.0_91\bin;C:\windows\Sun\Java\bin;C:\windows\system32;C:\windows;C:\ProgramData\Oracle\Java\javapath;C:\Program Files (x86)\Intel\TXE Components\TCS\;C:\Program Files\Intel\TXE Components\TCS\;C:\windows\system32;C:\windows;C:\windows\System32\Wbem;C:\windows\System32\WindowsPowerShell\v1.0\;C:\Program Files\Intel\TXE Components\DAL\;C:\Program Files (x86)\Intel\TXE Components\DAL\;C:\Program Files\Intel\TXE Components\IPT\;C:\Program Files (x86)\Intel\TXE Components\IPT\;C:\Program Files\Java\jre1.8.0_91\bin;C:\gradle-2.12\bin;C:\Program Files (x86)\MySQL\MySQL Fabric 1.5 & MySQL Utilities 1.5\;C:\Program Files (x86)\MySQL\MySQL Fabric 1.5 & MySQL Utilities 1.5\Doctrine extensions for PHP\;C:\Program Files (x86)\Windows Live\Shared;C:\windows\system32\config\systemprofile\.dnx\bin;C:\Program Files\Microsoft DNX\Dnvm\;C:\Program Files\Microsoft SQL Server\130\Tools\Binn\;C:\JMeter\bin;C:\Program Files\Java\jre1.8.0_91\bin;C:\Program Files (x86)\Windows Kits\10\Windows Performance Toolkit\;C:\Program Files (x86)\nodejs\;C:\Program Files\Git\cmd;C:\Users\netoz\AppData\Roaming\npm;.'
[DEBUG] Searching for key 'java.specification.name' in [systemProperties]
[DEBUG] Found key 'java.specification.name' in [systemProperties] with type [String] and value 'Java Platform API Specification'
[DEBUG] Searching for key 'java.class.version' in [systemProperties]
[DEBUG] Found key 'java.class.version' in [systemProperties] with type [String] and value '52.0'
[DEBUG] Searching for key 'sun.management.compiler' in [systemProperties]
[DEBUG] Found key 'sun.management.compiler' in [systemProperties] with type [String] and value 'HotSpot 64-Bit Tiered Compilers'
[DEBUG] Searching for key 'os.version' in [systemProperties]
[DEBUG] Found key 'os.version' in [systemProperties] with type [String] and value '10.0'
[DEBUG] Searching for key 'user.home' in [systemProperties]
[DEBUG] Found key 'user.home' in [systemProperties] with type [String] and value 'C:\Users\netoz'
[DEBUG] Searching for key 'user.timezone' in [systemProperties]
[DEBUG] Found key 'user.timezone' in [systemProperties] with type [String] and value 'America/Mexico_City'
[DEBUG] Searching for key 'java.awt.printerjob' in [systemProperties]
[DEBUG] Found key 'java.awt.printerjob' in [systemProperties] with type [String] and value 'sun.awt.windows.WPrinterJob'
[DEBUG] Searching for key 'file.encoding' in [systemProperties]
[DEBUG] Found key 'file.encoding' in [systemProperties] with type [String] and value 'windows-1252'
[DEBUG] Searching for key 'java.specification.version' in [systemProperties]
[DEBUG] Found key 'java.specification.version' in [systemProperties] with type [String] and value '1.8'
[DEBUG] Searching for key 'java.class.path' in [systemProperties]
[DEBUG] Found key 'java.class.path' in [systemProperties] with type [String] and value 'C:\Users\netoz\Documents\workspace-sts-3.7.3.RELEASE\Social-UACM\build\instrumented_classes;C:\Users\netoz\Documents\workspace-sts-3.7.3.RELEASE\Social-UACM\build\classes\test;C:\Users\netoz\Documents\workspace-sts-3.7.3.RELEASE\Social-UACM\build\resources\test;C:\Users\netoz\Documents\workspace-sts-3.7.3.RELEASE\Social-UACM\build\classes\main;C:\Users\netoz\Documents\workspace-sts-3.7.3.RELEASE\Social-UACM\build\resources\main;C:\Users\netoz\.gradle\caches\modules-2\files-2.1\org.springframework.boot\spring-boot-starter-web\1.3.3.RELEASE\f1ee2657f50844d8682b30a1f40aebff3ad60cce\spring-boot-starter-web-1.3.3.RELEASE.jar;C:\Users\netoz\.gradle\caches\modules-2\files-2.1\org.springframework.boot\spring-boot-starter-test\1.3.3.RELEASE\f440856dcf4c3018c9005fa229e7509f28927a73\spring-boot-starter-test-1.3.3.RELEASE.jar;C:\Users\netoz\.gradle\caches\modules-2\files-2.1\org.springframework.boot\spring-boot-starter-data-jpa\1.3.3.RELEASE\c1f8f3102650e54259d69c519b45b64fbf5cd25b\spring-boot-starter-data-jpa-1.3.3.RELEASE.jar;C:\Users\netoz\.gradle\caches\modules-2\files-2.1\mysql\mysql-connector-java\5.1.31\95baa522c5ae4dbff61e8ebd1b2578665d6853a0\mysql-connector-java-5.1.31.jar;C:\Users\netoz\.gradle\caches\modules-2\files-2.1\org.thymeleaf\thymeleaf-spring4\2.1.4.RELEASE\e5677e7daedfd05e001945abf4295305ac23826b\thymeleaf-spring4-2.1.4.RELEASE.jar;C:\Users\netoz\.gradle\caches\modules-2\files-2.1\org.springframework.boot\spring-boot-starter-security\1.3.3.RELEASE\bb649df7b53ab5dc09780d63067400a240e3f366\spring-boot-starter-security-1.3.3.RELEASE.jar;C:\Users\netoz\.gradle\caches\modules-2\files-2.1\junit\junit\4.12\2973d150c0dc1fefe998f834810d68f278ea58ec\junit-4.12.jar;C:\Users\netoz\.gradle\caches\modules-2\files-2.1\org.springframework.boot\spring-boot-starter\1.3.3.RELEASE\e4a71ce6ae8e42a7535dd9f1a39f91d36c538f28\spring-boot-starter-1.3.3.RELEASE.jar;C:\Users\netoz\.gradle\caches\modules-2\files-2.1\org.springframework.boot\spring-boot-starter-tomcat\1.3.3.RELEASE\541468d85cc2c94d2b538b0fa07c018847bb9b78\spring-boot-starter-tomcat-1.3.3.RELEASE.jar;C:\Users\netoz\.gradle\caches\modules-2\files-2.1\org.springframework.boot\spring-boot-starter-validation\1.3.3.RELEASE\df2d5a437fa3093b8da99216c355189fe7b5e64\spring-boot-starter-validation-1.3.3.RELEASE.jar;C:\Users\netoz\.gradle\caches\modules-2\files-2.1\com.fasterxml.jackson.core\jackson-databind\2.6.5\d50be1723a09befd903887099ff2014ea9020333\jackson-databind-2.6.5.jar;C:\Users\netoz\.gradle\caches\modules-2\files-2.1\org.springframework\spring-web\4.2.5.RELEASE\49cd2430884b77172aa81e3fc33ef668ea1dab30\spring-web-4.2.5.RELEASE.jar;C:\Users\netoz\.gradle\caches\modules-2\files-2.1\org.springframework\spring-webmvc\4.2.5.RELEASE\cf463cce3e4453eb4b9a69de2dcdfd60c3c57e0\spring-webmvc-4.2.5.RELEASE.jar;C:\Users\netoz\.gradle\caches\modules-2\files-2.1\org.mockito\mockito-core\1.10.19\e8546f5bef4e061d8dd73895b4e8f40e3fe6effe\mockito-core-1.10.19.jar;C:\Users\netoz\.gradle\caches\modules-2\files-2.1\org.hamcrest\hamcrest-core\1.3\42a25dc3219429f0e5d060061f71acb49bf010a0\hamcrest-core-1.3.jar;C:\Users\netoz\.gradle\caches\modules-2\files-2.1\org.hamcrest\hamcrest-library\1.3\4785a3c21320980282f9f33d0d1264a69040538f\hamcrest-library-1.3.jar;C:\Users\netoz\.gradle\caches\modules-2\files-2.1\org.springframework\spring-core\4.2.5.RELEASE\251207b29f0f38f61e3495a2f7fb053cf1bfe8c\spring-core-4.2.5.RELEASE.jar;C:\Users\netoz\.gradle\caches\modules-2\files-2.1\org.springframework\spring-test\4.2.5.RELEASE\60bd0ac25869d515717284b77644d0416d3a38c5\spring-test-4.2.5.RELEASE.jar;C:\Users\netoz\.gradle\caches\modules-2\files-2.1\org.springframework.boot\spring-boot-starter-aop\1.3.3.RELEASE\f80c290f6a3dccb8255a594795a20048c63460da\spring-boot-starter-aop-1.3.3.RELEASE.jar;C:\Users\netoz\.gradle\caches\modules-2\files-2.1\org.springframework.boot\spring-boot-starter-jdbc\1.3.3.RELEASE\f10ffeca4c879f1f66f30989cc0f133258934246\spring-boot-starter-jdbc-1.3.3.RELEASE.jar;C:\Users\netoz\.gradle\caches\modules-2\files-2.1\org.hibernate\hibernate-entitymanager\4.3.11.Final\27a119fcc2b91c50e5285dd11158fac2c38c9d1b\hibernate-entitymanager-4.3.11.Final.jar;C:\Users\netoz\.gradle\caches\modules-2\files-2.1\javax.transaction\javax.transaction-api\1.2\d81aff979d603edd90dcd8db2abc1f4ce6479e3e\javax.transaction-api-1.2.jar;C:\Users\netoz\.gradle\caches\modules-2\files-2.1\org.springframework.data\spring-data-jpa\1.9.4.RELEASE\80b83510e67aa085b7d91d2d096d90133ec995de\spring-data-jpa-1.9.4.RELEASE.jar;C:\Users\netoz\.gradle\caches\modules-2\files-2.1\org.springframework\spring-aspects\4.2.5.RELEASE\ed09517441a276db2a7e0e7b60a390c52b8093af\spring-aspects-4.2.5.RELEASE.jar;C:\Users\netoz\.gradle\caches\modules-2\files-2.1\org.thymeleaf\thymeleaf\2.1.4.RELEASE\a730d892f3c57ba3d24af2ca657b42d81398a85a\thymeleaf-2.1.4.RELEASE.jar;C:\Users\netoz\.gradle\caches\modules-2\files-2.1\org.slf4j\slf4j-api\1.7.16\3a6274f658487d5bfff9af3862beff6da1e7fd52\slf4j-api-1.7.16.jar;C:\Users\netoz\.gradle\caches\modules-2\files-2.1\org.springframework\spring-aop\4.2.5.RELEASE\858d6c70909b3ce7e07b59fc936f8ccfcd81c0aa\spring-aop-4.2.5.RELEASE.jar;C:\Users\netoz\.gradle\caches\modules-2\files-2.1\org.springframework.security\spring-security-config\4.0.3.RELEASE\31c0a4d0159f1b668d9512f57fb46aac29949b08\spring-security-config-4.0.3.RELEASE.jar;C:\Users\netoz\.gradle\caches\modules-2\files-2.1\org.springframework.security\spring-security-web\4.0.3.RELEASE\5f0233d94ca53ac8710780b43791f633f970480a\spring-security-web-4.0.3.RELEASE.jar;C:\Users\netoz\.gradle\caches\modules-2\files-2.1\org.springframework.boot\spring-boot\1.3.3.RELEASE\641cc375499d444e4efbc1801902260daa79758d\spring-boot-1.3.3.RELEASE.jar;C:\Users\netoz\.gradle\caches\modules-2\files-2.1\org.springframework.boot\spring-boot-autoconfigure\1.3.3.RELEASE\e7a4a25f74dac6b335ffabc43e3e8a6e3066340e\spring-boot-autoconfigure-1.3.3.RELEASE.jar;C:\Users\netoz\.gradle\caches\modules-2\files-2.1\org.springframework.boot\spring-boot-starter-logging\1.3.3.RELEASE\16b395c84f28b947f1c336aa461fda1e662bb3b6\spring-boot-starter-logging-1.3.3.RELEASE.jar;C:\Users\netoz\.gradle\caches\modules-2\files-2.1\org.yaml\snakeyaml\1.16\d64fb662c9e42789149f5078a62a22edda786c6a\snakeyaml-1.16.jar;C:\Users\netoz\.gradle\caches\modules-2\files-2.1\org.apache.tomcat.embed\tomcat-embed-core\8.0.32\734ead0c803525cc9c7f283438101734ca9aac01\tomcat-embed-core-8.0.32.jar;C:\Users\netoz\.gradle\caches\modules-2\files-2.1\org.apache.tomcat.embed\tomcat-embed-el\8.0.32\82adf8bd959fc046d55490e6f2ce67297c91d62b\tomcat-embed-el-8.0.32.jar;C:\Users\netoz\.gradle\caches\modules-2\files-2.1\org.apache.tomcat.embed\tomcat-embed-logging-juli\8.0.32\5e664b357710a6c43cad2191404c2a9d0b82cdb3\tomcat-embed-logging-juli-8.0.32.jar;C:\Users\netoz\.gradle\caches\modules-2\files-2.1\org.apache.tomcat.embed\tomcat-embed-websocket\8.0.32\237ca58dac66f438579750169e6cb297ac041c9d\tomcat-embed-websocket-8.0.32.jar;C:\Users\netoz\.gradle\caches\modules-2\files-2.1\org.hibernate\hibernate-validator\5.2.4.Final\fb18766b576aa6632bcfe9a20a023cbd52bf9769\hibernate-validator-5.2.4.Final.jar;C:\Users\netoz\.gradle\caches\modules-2\files-2.1\com.fasterxml.jackson.core\jackson-annotations\2.6.5\65137ebf85056473b40c311f889601646a7612ba\jackson-annotations-2.6.5.jar;C:\Users\netoz\.gradle\caches\modules-2\files-2.1\com.fasterxml.jackson.core\jackson-core\2.6.5\334369d7eff497f358b248c171dac0dd62c68f67\jackson-core-2.6.5.jar;C:\Users\netoz\.gradle\caches\modules-2\files-2.1\org.springframework\spring-beans\4.2.5.RELEASE\fa992ae40f6fc47117282164e0433b71da385e94\spring-beans-4.2.5.RELEASE.jar;C:\Users\netoz\.gradle\caches\modules-2\files-2.1\org.springframework\spring-context\4.2.5.RELEASE\a75e18322c7b362fe1daa26a245ae672ec0f3138\spring-context-4.2.5.RELEASE.jar;C:\Users\netoz\.gradle\caches\modules-2\files-2.1\org.springframework\spring-expression\4.2.5.RELEASE\a42bdfb833d0be6c18429aea3fb0fba81f85c6e8\spring-expression-4.2.5.RELEASE.jar;C:\Users\netoz\.gradle\caches\modules-2\files-2.1\org.objenesis\objenesis\2.1\87c0ea803b69252868d09308b4618f766f135a96\objenesis-2.1.jar;C:\Users\netoz\.gradle\caches\modules-2\files-2.1\org.aspectj\aspectjweaver\1.8.8\969c8d3d3d56db1e1c8721a03ef07d0c9ac3a2e4\aspectjweaver-1.8.8.jar;C:\Users\netoz\.gradle\caches\modules-2\files-2.1\org.apache.tomcat\tomcat-jdbc\8.0.32\55396c45fc8c34f31420a3b280fde4b1387b044d\tomcat-jdbc-8.0.32.jar;C:\Users\netoz\.gradle\caches\modules-2\files-2.1\org.springframework\spring-jdbc\4.2.5.RELEASE\205d2f1b902eac16a2ece772dc5ac6090b7e0b6f\spring-jdbc-4.2.5.RELEASE.jar;C:\Users\netoz\.gradle\caches\modules-2\files-2.1\org.jboss.logging\jboss-logging\3.3.0.Final\3616bb87707910296e2c195dc016287080bba5af\jboss-logging-3.3.0.Final.jar;C:\Users\netoz\.gradle\caches\modules-2\files-2.1\org.jboss.logging\jboss-logging-annotations\1.2.0.Beta1\2f437f37bb265d9f8f1392823dbca12d2bec06d6\jboss-logging-annotations-1.2.0.Beta1.jar;C:\Users\netoz\.gradle\caches\modules-2\files-2.1\org.hibernate\hibernate-core\4.3.11.Final\536ac0021240d97db99c7d2983067cef1a6f3af5\hibernate-core-4.3.11.Final.jar;C:\Users\netoz\.gradle\caches\modules-2\files-2.1\dom4j\dom4j\1.6.1\5d3ccc056b6f056dbf0dddfdf43894b9065a8f94\dom4j-1.6.1.jar;C:\Users\netoz\.gradle\caches\modules-2\files-2.1\org.hibernate.common\hibernate-commons-annotations\4.0.5.Final\2a581b9edb8168e45060d8bad8b7f46712d2c52c\hibernate-commons-annotations-4.0.5.Final.jar;C:\Users\netoz\.gradle\caches\modules-2\files-2.1\org.hibernate.javax.persistence\hibernate-jpa-2.1-api\1.0.0.Final\5e731d961297e5a07290bfaf3db1fbc8bbbf405a\hibernate-jpa-2.1-api-1.0.0.Final.jar;C:\Users\netoz\.gradle\caches\modules-2\files-2.1\org.javassist\javassist\3.18.1-GA\d9a09f7732226af26bf99f19e2cffe0ae219db5b\javassist-3.18.1-GA.jar;C:\Users\netoz\.gradle\caches\modules-2\files-2.1\org.springframework.data\spring-data-commons\1.11.4.RELEASE\c2b1fd4dbf7dff772d6124bb35892759e8bf088e\spring-data-commons-1.11.4.RELEASE.jar;C:\Users\netoz\.gradle\caches\modules-2\files-2.1\org.springframework\spring-orm\4.2.5.RELEASE\60625981b837ba93e603d3068d69c6397ecb3ad2\spring-orm-4.2.5.RELEASE.jar;C:\Users\netoz\.gradle\caches\modules-2\files-2.1\org.springframework\spring-tx\4.2.5.RELEASE\7395321fe937272d9b781a13985e04ab2dcd6210\spring-tx-4.2.5.RELEASE.jar;C:\Users\netoz\.gradle\caches\modules-2\files-2.1\org.slf4j\jcl-over-slf4j\1.7.16\34e48073884704ac987d3d1a1ab9b60e62028a9\jcl-over-slf4j-1.7.16.jar;C:\Users\netoz\.gradle\caches\modules-2\files-2.1\ognl\ognl\3.0.8\37e1aebfde7eb7baebc9ad4f85116ef9009c5fc5\ognl-3.0.8.jar;C:\Users\netoz\.gradle\caches\modules-2\files-2.1\org.unbescape\unbescape\1.1.0.RELEASE\ab0db4fe0a6fa89fb8da2a40008a4e63a7f3f5b9\unbescape-1.1.0.RELEASE.jar;C:\Users\netoz\.gradle\caches\modules-2\files-2.1\aopalliance\aopalliance\1.0\235ba8b489512805ac13a8f9ea77a1ca5ebe3e8\aopalliance-1.0.jar;C:\Users\netoz\.gradle\caches\modules-2\files-2.1\org.springframework.security\spring-security-core\4.0.3.RELEASE\9f420c5742ad063970c5d33f60680a1cee777aa5\spring-security-core-4.0.3.RELEASE.jar;C:\Users\netoz\.gradle\caches\modules-2\files-2.1\ch.qos.logback\logback-classic\1.1.5\92353eb144695bba80b31f7bec4f36d871f230ac\logback-classic-1.1.5.jar;C:\Users\netoz\.gradle\caches\modules-2\files-2.1\org.slf4j\jul-to-slf4j\1.7.16\2d5b546c5557dcbf08c3a381d7dc9bd275a602c1\jul-to-slf4j-1.7.16.jar;C:\Users\netoz\.gradle\caches\modules-2\files-2.1\org.slf4j\log4j-over-slf4j\1.7.16\c5922f37c8a5e4377cfb543c549f10e73d72ede0\log4j-over-slf4j-1.7.16.jar;C:\Users\netoz\.gradle\caches\modules-2\files-2.1\javax.validation\validation-api\1.1.0.Final\8613ae82954779d518631e05daa73a6a954817d5\validation-api-1.1.0.Final.jar;C:\Users\netoz\.gradle\caches\modules-2\files-2.1\com.fasterxml\classmate\1.1.0\dbbd699a1486ad0f2ed6f5af6cfed66acacb9056\classmate-1.1.0.jar;C:\Users\netoz\.gradle\caches\modules-2\files-2.1\org.apache.tomcat\tomcat-juli\8.0.32\71471069cea029dfdce0735337864c7d0a3d9992\tomcat-juli-8.0.32.jar;C:\Users\netoz\.gradle\caches\modules-2\files-2.1\antlr\antlr\2.7.7\83cd2cd674a217ade95a4bb83a8a14f351f48bd0\antlr-2.7.7.jar;C:\Users\netoz\.gradle\caches\modules-2\files-2.1\org.jboss\jandex\1.1.0.Final\e84a2122e76f0b6503be78094ddf2108057ac15f\jandex-1.1.0.Final.jar;C:\Users\netoz\.gradle\caches\modules-2\files-2.1\xml-apis\xml-apis\1.0.b2\3136ca936f64c9d68529f048c2618bd356bf85c9\xml-apis-1.0.b2.jar;C:\Users\netoz\.gradle\caches\modules-2\files-2.1\ch.qos.logback\logback-core\1.1.5\16722afde74444716e299bee1f60aec9f6d1f0dc\logback-core-1.1.5.jar;C:\Users\netoz\.gradle\caches\modules-2\files-2.1\net.sourceforge.cobertura\cobertura\2.1.1\eab984794b3f7d0d37736a9e5b7f790128f611b5\cobertura-2.1.1.jar;C:\Users\netoz\.gradle\caches\modules-2\files-2.1\org.ow2.asm\asm\5.0.1\2fd56467a018aafe6ec6a73ccba520be4a7e1565\asm-5.0.1.jar;C:\Users\netoz\.gradle\caches\modules-2\files-2.1\org.ow2.asm\asm-tree\5.0.1\1b1e6e9d869acd704056d0a4223071a511c619e6\asm-tree-5.0.1.jar;C:\Users\netoz\.gradle\caches\modules-2\files-2.1\org.ow2.asm\asm-commons\5.0.1\7b7147a390a93a14d2edfdcf3f7b0e87a0939c3e\asm-commons-5.0.1.jar;C:\Users\netoz\.gradle\caches\modules-2\files-2.1\org.ow2.asm\asm-util\5.0.1\7c8caddfbd0b2d7b844f8fcc75175b9cb9cf4724\asm-util-5.0.1.jar;C:\Users\netoz\.gradle\caches\modules-2\files-2.1\org.ow2.asm\asm-analysis\5.0.1\e286fbee48efacb4e7c175f7948d9d8b2ab52352\asm-analysis-5.0.1.jar;C:\Users\netoz\.gradle\caches\modules-2\files-2.1\oro\oro\2.0.8\5592374f834645c4ae250f4c9fbb314c9369d698\oro-2.0.8.jar;C:\Users\netoz\.gradle\caches\modules-2\files-2.1\jaxen\jaxen\1.1.6\3f8c36d9a0578e8e98f030c662b69888b1430ac0\jaxen-1.1.6.jar;C:\Users\netoz\.gradle\caches\modules-2\files-2.1\org.apache.ant\ant\1.8.3\77c746ecab048b9839c7a8e39e55fe8636c5b11\ant-1.8.3.jar;C:\Users\netoz\.gradle\caches\modules-2\files-2.1\org.apache.ant\ant-junit\1.8.3\9f77eec4e103241602fb0cdd97b3ec3237e0bd9\ant-junit-1.8.3.jar;C:\Users\netoz\.gradle\caches\modules-2\files-2.1\org.mortbay.jetty\servlet-api-2.5\6.1.14\5f07601ab7d7c85dd9e38a17c0e1b0edfbd4a191\servlet-api-2.5-6.1.14.jar;C:\Users\netoz\.gradle\caches\modules-2\files-2.1\org.mortbay.jetty\jetty\6.1.14\5ded67b609e59c27e82ff61b510773d28c9bef56\jetty-6.1.14.jar;C:\Users\netoz\.gradle\caches\modules-2\files-2.1\org.mortbay.jetty\jetty-util\6.1.14\1b707d5884e35c9b97114a24aa9ee94ca531fa21\jetty-util-6.1.14.jar;C:\Users\netoz\.gradle\caches\modules-2\files-2.1\org.apache.commons\commons-lang3\3.3.2\90a3822c38ec8c996e84c16a3477ef632cbc87a3\commons-lang3-3.3.2.jar;C:\Users\netoz\.gradle\caches\modules-2\files-2.1\org.apache.ant\ant-launcher\1.8.3\a22bcf9438c41828b04c13b052c4886606abac2\ant-launcher-1.8.3.jar'
[DEBUG] Searching for key 'user.name' in [systemProperties]
[DEBUG] Found key 'user.name' in [systemProperties] with type [String] and value 'netoz'
[DEBUG] Searching for key 'java.vm.specification.version' in [systemProperties]
[DEBUG] Found key 'java.vm.specification.version' in [systemProperties] with type [String] and value '1.8'
[DEBUG] Searching for key 'sun.java.command' in [systemProperties]
[DEBUG] Found key 'sun.java.command' in [systemProperties] with type [String] and value 'jarjar.org.gradle.process.internal.launcher.GradleWorkerMain 'Gradle Test Executor 1''
[DEBUG] Searching for key 'java.home' in [systemProperties]
[DEBUG] Found key 'java.home' in [systemProperties] with type [String] and value 'C:\Program Files\Java\jdk1.8.0_91\jre'
[DEBUG] Searching for key 'sun.arch.data.model' in [systemProperties]
[DEBUG] Found key 'sun.arch.data.model' in [systemProperties] with type [String] and value '64'
[DEBUG] Searching for key 'user.language' in [systemProperties]
[DEBUG] Found key 'user.language' in [systemProperties] with type [String] and value 'es'
[DEBUG] Searching for key 'java.specification.vendor' in [systemProperties]
[DEBUG] Found key 'java.specification.vendor' in [systemProperties] with type [String] and value 'Oracle Corporation'
[DEBUG] Searching for key 'awt.toolkit' in [systemProperties]
[DEBUG] Found key 'awt.toolkit' in [systemProperties] with type [String] and value 'sun.awt.windows.WToolkit'
[DEBUG] Searching for key 'java.vm.info' in [systemProperties]
[DEBUG] Found key 'java.vm.info' in [systemProperties] with type [String] and value 'mixed mode'
[DEBUG] Searching for key 'java.version' in [systemProperties]
[DEBUG] Found key 'java.version' in [systemProperties] with type [String] and value '1.8.0_91'
[DEBUG] Searching for key 'java.ext.dirs' in [systemProperties]
[DEBUG] Found key 'java.ext.dirs' in [systemProperties] with type [String] and value 'C:\Program Files\Java\jdk1.8.0_91\jre\lib\ext;C:\windows\Sun\Java\lib\ext'
[DEBUG] Searching for key 'sun.boot.class.path' in [systemProperties]
[DEBUG] Found key 'sun.boot.class.path' in [systemProperties] with type [String] and value 'C:\Program Files\Java\jdk1.8.0_91\jre\lib\resources.jar;C:\Program Files\Java\jdk1.8.0_91\jre\lib\rt.jar;C:\Program Files\Java\jdk1.8.0_91\jre\lib\sunrsasign.jar;C:\Program Files\Java\jdk1.8.0_91\jre\lib\jsse.jar;C:\Program Files\Java\jdk1.8.0_91\jre\lib\jce.jar;C:\Program Files\Java\jdk1.8.0_91\jre\lib\charsets.jar;C:\Program Files\Java\jdk1.8.0_91\jre\lib\jfr.jar;C:\Program Files\Java\jdk1.8.0_91\jre\classes'
[DEBUG] Searching for key 'java.awt.headless' in [systemProperties]
[DEBUG] Found key 'java.awt.headless' in [systemProperties] with type [String] and value 'true'
[DEBUG] Searching for key 'java.vendor' in [systemProperties]
[DEBUG] Found key 'java.vendor' in [systemProperties] with type [String] and value 'Oracle Corporation'
[DEBUG] Searching for key 'org.gradle.test.worker' in [systemProperties]
[DEBUG] Found key 'org.gradle.test.worker' in [systemProperties] with type [String] and value '1'
[DEBUG] Searching for key 'file.separator' in [systemProperties]
[DEBUG] Found key 'file.separator' in [systemProperties] with type [String] and value '\'
[DEBUG] Searching for key 'java.vendor.url.bug' in [systemProperties]
[DEBUG] Found key 'java.vendor.url.bug' in [systemProperties] with type [String] and value 'http://bugreport.sun.com/bugreport/'
[DEBUG] Searching for key 'sun.io.unicode.encoding' in [systemProperties]
[DEBUG] Found key 'sun.io.unicode.encoding' in [systemProperties] with type [String] and value 'UnicodeLittle'
[DEBUG] Searching for key 'sun.cpu.endian' in [systemProperties]
[DEBUG] Found key 'sun.cpu.endian' in [systemProperties] with type [String] and value 'little'
[DEBUG] Searching for key 'sun.desktop' in [systemProperties]
[DEBUG] Found key 'sun.desktop' in [systemProperties] with type [String] and value 'windows'
[DEBUG] Searching for key 'sun.cpu.isalist' in [systemProperties]
[DEBUG] Found key 'sun.cpu.isalist' in [systemProperties] with type [String] and value 'amd64'
[DEBUG] Searching for key 'USERDOMAIN_ROAMINGPROFILE' in [systemProperties]
[DEBUG] Searching for key 'USERDOMAIN_ROAMINGPROFILE' in [systemEnvironment]
[DEBUG] Found key 'USERDOMAIN_ROAMINGPROFILE' in [systemEnvironment] with type [String] and value 'LAPTOP-D29UP5SP'
[DEBUG] Searching for key 'PROCESSOR_LEVEL' in [systemProperties]
[DEBUG] Searching for key 'PROCESSOR_LEVEL' in [systemEnvironment]
[DEBUG] Found key 'PROCESSOR_LEVEL' in [systemEnvironment] with type [String] and value '6'
[DEBUG] Searching for key 'RegionCode' in [systemProperties]
[DEBUG] Searching for key 'RegionCode' in [systemEnvironment]
[DEBUG] Found key 'RegionCode' in [systemEnvironment] with type [String] and value 'LA'
[DEBUG] Searching for key 'VS140COMNTOOLS' in [systemProperties]
[DEBUG] Searching for key 'VS140COMNTOOLS' in [systemEnvironment]
[DEBUG] Found key 'VS140COMNTOOLS' in [systemEnvironment] with type [String] and value 'C:\Program Files (x86)\Microsoft Visual Studio 14.0\Common7\Tools\'
[DEBUG] Searching for key 'SESSIONNAME' in [systemProperties]
[DEBUG] Searching for key 'SESSIONNAME' in [systemEnvironment]
[DEBUG] Found key 'SESSIONNAME' in [systemEnvironment] with type [String] and value 'Console'
[DEBUG] Searching for key 'ALLUSERSPROFILE' in [systemProperties]
[DEBUG] Searching for key 'ALLUSERSPROFILE' in [systemEnvironment]
[DEBUG] Found key 'ALLUSERSPROFILE' in [systemEnvironment] with type [String] and value 'C:\ProgramData'
[DEBUG] Searching for key 'PROCESSOR_ARCHITECTURE' in [systemProperties]
[DEBUG] Searching for key 'PROCESSOR_ARCHITECTURE' in [systemEnvironment]
[DEBUG] Found key 'PROCESSOR_ARCHITECTURE' in [systemEnvironment] with type [String] and value 'AMD64'
[DEBUG] Searching for key 'PSModulePath' in [systemProperties]
[DEBUG] Searching for key 'PSModulePath' in [systemEnvironment]
[DEBUG] Found key 'PSModulePath' in [systemEnvironment] with type [String] and value 'C:\Program Files\WindowsPowerShell\Modules;C:\windows\system32\WindowsPowerShell\v1.0\Modules'
[DEBUG] Searching for key 'SystemDrive' in [systemProperties]
[DEBUG] Searching for key 'SystemDrive' in [systemEnvironment]
[DEBUG] Found key 'SystemDrive' in [systemEnvironment] with type [String] and value 'C:'
[DEBUG] Searching for key 'DIRNAME' in [systemProperties]
[DEBUG] Searching for key 'DIRNAME' in [systemEnvironment]
[DEBUG] Found key 'DIRNAME' in [systemEnvironment] with type [String] and value 'C:\gradle-2.12\bin\'
[DEBUG] Searching for key 'USERNAME' in [systemProperties]
[DEBUG] Searching for key 'USERNAME' in [systemEnvironment]
[DEBUG] Found key 'USERNAME' in [systemEnvironment] with type [String] and value 'netoz'
[DEBUG] Searching for key 'CMD_LINE_ARGS' in [systemProperties]
[DEBUG] Searching for key 'CMD_LINE_ARGS' in [systemEnvironment]
[DEBUG] Found key 'CMD_LINE_ARGS' in [systemEnvironment] with type [String] and value 'cobertura'
[DEBUG] Searching for key 'ProgramFiles(x86)' in [systemProperties]
[DEBUG] Searching for key 'ProgramFiles(x86)' in [systemEnvironment]
[DEBUG] Found key 'ProgramFiles(x86)' in [systemEnvironment] with type [String] and value 'C:\Program Files (x86)'
[DEBUG] Searching for key 'FPS_BROWSER_USER_PROFILE_STRING' in [systemProperties]
[DEBUG] Searching for key 'FPS_BROWSER_USER_PROFILE_STRING' in [systemEnvironment]
[DEBUG] Found key 'FPS_BROWSER_USER_PROFILE_STRING' in [systemEnvironment] with type [String] and value 'Default'
[DEBUG] Searching for key 'APP_HOME' in [systemProperties]
[DEBUG] Searching for key 'APP_HOME' in [systemEnvironment]
[DEBUG] Found key 'APP_HOME' in [systemEnvironment] with type [String] and value 'C:\gradle-2.12\bin\..'
[DEBUG] Searching for key 'PATHEXT' in [systemProperties]
[DEBUG] Searching for key 'PATHEXT' in [systemEnvironment]
[DEBUG] Found key 'PATHEXT' in [systemEnvironment] with type [String] and value '.COM;.EXE;.BAT;.CMD;.VBS;.VBE;.JS;.JSE;.WSF;.WSH;.MSC'
[DEBUG] Searching for key 'platformcode' in [systemProperties]
[DEBUG] Searching for key 'platformcode' in [systemEnvironment]
[DEBUG] Found key 'platformcode' in [systemEnvironment] with type [String] and value 'KV'
[DEBUG] Searching for key 'ProgramData' in [systemProperties]
[DEBUG] Searching for key 'ProgramData' in [systemEnvironment]
[DEBUG] Found key 'ProgramData' in [systemEnvironment] with type [String] and value 'C:\ProgramData'
[DEBUG] Searching for key 'ProgramW6432' in [systemProperties]
[DEBUG] Searching for key 'ProgramW6432' in [systemEnvironment]
[DEBUG] Found key 'ProgramW6432' in [systemEnvironment] with type [String] and value 'C:\Program Files'
[DEBUG] Searching for key 'HOMEPATH' in [systemProperties]
[DEBUG] Searching for key 'HOMEPATH' in [systemEnvironment]
[DEBUG] Found key 'HOMEPATH' in [systemEnvironment] with type [String] and value '\Users\netoz'
[DEBUG] Searching for key 'PROCESSOR_IDENTIFIER' in [systemProperties]
[DEBUG] Searching for key 'PROCESSOR_IDENTIFIER' in [systemEnvironment]
[DEBUG] Found key 'PROCESSOR_IDENTIFIER' in [systemEnvironment] with type [String] and value 'Intel64 Family 6 Model 76 Stepping 3, GenuineIntel'
[DEBUG] Searching for key 'ProgramFiles' in [systemProperties]
[DEBUG] Searching for key 'ProgramFiles' in [systemEnvironment]
[DEBUG] Found key 'ProgramFiles' in [systemEnvironment] with type [String] and value 'C:\Program Files'
[DEBUG] Searching for key 'PUBLIC' in [systemProperties]
[DEBUG] Searching for key 'PUBLIC' in [systemEnvironment]
[DEBUG] Found key 'PUBLIC' in [systemEnvironment] with type [String] and value 'C:\Users\Public'
[DEBUG] Searching for key 'windir' in [systemProperties]
[DEBUG] Searching for key 'windir' in [systemEnvironment]
[DEBUG] Found key 'windir' in [systemEnvironment] with type [String] and value 'C:\windows'
[DEBUG] Searching for key '=::' in [systemProperties]
[DEBUG] Searching for key '=::' in [systemEnvironment]
[DEBUG] Found key '=::' in [systemEnvironment] with type [String] and value '::\'
[DEBUG] Searching for key '_SKIP' in [systemProperties]
[DEBUG] Searching for key '_SKIP' in [systemEnvironment]
[DEBUG] Found key '_SKIP' in [systemEnvironment] with type [String] and value '2'
[DEBUG] Searching for key 'LOCALAPPDATA' in [systemProperties]
[DEBUG] Searching for key 'LOCALAPPDATA' in [systemEnvironment]
[DEBUG] Found key 'LOCALAPPDATA' in [systemEnvironment] with type [String] and value 'C:\Users\netoz\AppData\Local'
[DEBUG] Searching for key 'USERDOMAIN' in [systemProperties]
[DEBUG] Searching for key 'USERDOMAIN' in [systemEnvironment]
[DEBUG] Found key 'USERDOMAIN' in [systemEnvironment] with type [String] and value 'LAPTOP-D29UP5SP'
[DEBUG] Searching for key 'FPS_BROWSER_APP_PROFILE_STRING' in [systemProperties]
[DEBUG] Searching for key 'FPS_BROWSER_APP_PROFILE_STRING' in [systemEnvironment]
[DEBUG] Found key 'FPS_BROWSER_APP_PROFILE_STRING' in [systemEnvironment] with type [String] and value 'Internet Explorer'
[DEBUG] Searching for key 'LOGONSERVER' in [systemProperties]
[DEBUG] Searching for key 'LOGONSERVER' in [systemEnvironment]
[DEBUG] Found key 'LOGONSERVER' in [systemEnvironment] with type [String] and value '\\MicrosoftAccount'
[DEBUG] Searching for key 'JAVA_HOME' in [systemProperties]
[DEBUG] Searching for key 'JAVA_HOME' in [systemEnvironment]
[DEBUG] Found key 'JAVA_HOME' in [systemEnvironment] with type [String] and value 'C:\Program Files\Java\jre1.8.0_91'
[DEBUG] Searching for key 'PROMPT' in [systemProperties]
[DEBUG] Searching for key 'PROMPT' in [systemEnvironment]
[DEBUG] Found key 'PROMPT' in [systemEnvironment] with type [String] and value '$P$G'
[DEBUG] Searching for key 'VS120COMNTOOLS' in [systemProperties]
[DEBUG] Searching for key 'VS120COMNTOOLS' in [systemEnvironment]
[DEBUG] Found key 'VS120COMNTOOLS' in [systemEnvironment] with type [String] and value 'C:\Program Files (x86)\Microsoft Visual Studio 12.0\Common7\Tools\'
[DEBUG] Searching for key 'GRADLE_HOME' in [systemProperties]
[DEBUG] Searching for key 'GRADLE_HOME' in [systemEnvironment]
[DEBUG] Found key 'GRADLE_HOME' in [systemEnvironment] with type [String] and value 'C:\gradle-2.12'
[DEBUG] Searching for key '=C:' in [systemProperties]
[DEBUG] Searching for key '=C:' in [systemEnvironment]
[DEBUG] Found key '=C:' in [systemEnvironment] with type [String] and value 'C:\Users\netoz\Documents\workspace-sts-3.7.3.RELEASE\Social-UACM'
[DEBUG] Searching for key 'APPDATA' in [systemProperties]
[DEBUG] Searching for key 'APPDATA' in [systemEnvironment]
[DEBUG] Found key 'APPDATA' in [systemEnvironment] with type [String] and value 'C:\Users\netoz\AppData\Roaming'
[DEBUG] Searching for key 'JAVA_EXE' in [systemProperties]
[DEBUG] Searching for key 'JAVA_EXE' in [systemEnvironment]
[DEBUG] Found key 'JAVA_EXE' in [systemEnvironment] with type [String] and value 'C:\Program Files\Java\jre1.8.0_91/bin/java.exe'
[DEBUG] Searching for key 'CommonProgramFiles' in [systemProperties]
[DEBUG] Searching for key 'CommonProgramFiles' in [systemEnvironment]
[DEBUG] Found key 'CommonProgramFiles' in [systemEnvironment] with type [String] and value 'C:\Program Files\Common Files'
[DEBUG] Searching for key 'JMETER_HOME' in [systemProperties]
[DEBUG] Searching for key 'JMETER_HOME' in [systemEnvironment]
[DEBUG] Found key 'JMETER_HOME' in [systemEnvironment] with type [String] and value 'C:\JMeter'
[DEBUG] Searching for key 'Path' in [systemProperties]
[DEBUG] Searching for key 'Path' in [systemEnvironment]
[DEBUG] Found key 'Path' in [systemEnvironment] with type [String] and value 'C:\ProgramData\Oracle\Java\javapath;C:\Program Files (x86)\Intel\TXE Components\TCS\;C:\Program Files\Intel\TXE Components\TCS\;C:\windows\system32;C:\windows;C:\windows\System32\Wbem;C:\windows\System32\WindowsPowerShell\v1.0\;C:\Program Files\Intel\TXE Components\DAL\;C:\Program Files (x86)\Intel\TXE Components\DAL\;C:\Program Files\Intel\TXE Components\IPT\;C:\Program Files (x86)\Intel\TXE Components\IPT\;C:\Program Files\Java\jre1.8.0_91\bin;C:\gradle-2.12\bin;C:\Program Files (x86)\MySQL\MySQL Fabric 1.5 & MySQL Utilities 1.5\;C:\Program Files (x86)\MySQL\MySQL Fabric 1.5 & MySQL Utilities 1.5\Doctrine extensions for PHP\;C:\Program Files (x86)\Windows Live\Shared;C:\windows\system32\config\systemprofile\.dnx\bin;C:\Program Files\Microsoft DNX\Dnvm\;C:\Program Files\Microsoft SQL Server\130\Tools\Binn\;C:\JMeter\bin;C:\Program Files\Java\jre1.8.0_91\bin;C:\Program Files (x86)\Windows Kits\10\Windows Performance Toolkit\;C:\Program Files (x86)\nodejs\;C:\Program Files\Git\cmd;C:\Users\netoz\AppData\Roaming\npm'
[DEBUG] Searching for key 'OS' in [systemProperties]
[DEBUG] Searching for key 'OS' in [systemEnvironment]
[DEBUG] Found key 'OS' in [systemEnvironment] with type [String] and value 'Windows_NT'
[DEBUG] Searching for key 'COMPUTERNAME' in [systemProperties]
[DEBUG] Searching for key 'COMPUTERNAME' in [systemEnvironment]
[DEBUG] Found key 'COMPUTERNAME' in [systemEnvironment] with type [String] and value 'LAPTOP-D29UP5SP'
[DEBUG] Searching for key 'OnlineServices' in [systemProperties]
[DEBUG] Searching for key 'OnlineServices' in [systemEnvironment]
[DEBUG] Found key 'OnlineServices' in [systemEnvironment] with type [String] and value 'Online Services'
[DEBUG] Searching for key 'PROCESSOR_REVISION' in [systemProperties]
[DEBUG] Searching for key 'PROCESSOR_REVISION' in [systemEnvironment]
[DEBUG] Found key 'PROCESSOR_REVISION' in [systemEnvironment] with type [String] and value '4c03'
[DEBUG] Searching for key 'CLASSPATH' in [systemProperties]
[DEBUG] Searching for key 'CLASSPATH' in [systemEnvironment]
[DEBUG] Found key 'CLASSPATH' in [systemEnvironment] with type [String] and value 'C:\gradle-2.12\bin\..\lib\gradle-launcher-2.12.jar'
[DEBUG] Searching for key 'CommonProgramW6432' in [systemProperties]
[DEBUG] Searching for key 'CommonProgramW6432' in [systemEnvironment]
[DEBUG] Found key 'CommonProgramW6432' in [systemEnvironment] with type [String] and value 'C:\Program Files\Common Files'
[DEBUG] Searching for key 'ComSpec' in [systemProperties]
[DEBUG] Searching for key 'ComSpec' in [systemEnvironment]
[DEBUG] Found key 'ComSpec' in [systemEnvironment] with type [String] and value 'C:\windows\system32\cmd.exe'
[DEBUG] Searching for key 'APP_BASE_NAME' in [systemProperties]
[DEBUG] Searching for key 'APP_BASE_NAME' in [systemEnvironment]
[DEBUG] Found key 'APP_BASE_NAME' in [systemEnvironment] with type [String] and value 'gradle'
[DEBUG] Searching for key 'SystemRoot' in [systemProperties]
[DEBUG] Searching for key 'SystemRoot' in [systemEnvironment]
[DEBUG] Found key 'SystemRoot' in [systemEnvironment] with type [String] and value 'C:\windows'
[DEBUG] Searching for key 'TEMP' in [systemProperties]
[DEBUG] Searching for key 'TEMP' in [systemEnvironment]
[DEBUG] Found key 'TEMP' in [systemEnvironment] with type [String] and value 'C:\Users\netoz\AppData\Local\Temp'
[DEBUG] Searching for key 'HOMEDRIVE' in [systemProperties]
[DEBUG] Searching for key 'HOMEDRIVE' in [systemEnvironment]
[DEBUG] Found key 'HOMEDRIVE' in [systemEnvironment] with type [String] and value 'C:'
[DEBUG] Searching for key 'USERPROFILE' in [systemProperties]
[DEBUG] Searching for key 'USERPROFILE' in [systemEnvironment]
[DEBUG] Found key 'USERPROFILE' in [systemEnvironment] with type [String] and value 'C:\Users\netoz'
[DEBUG] Searching for key 'TMP' in [systemProperties]
[DEBUG] Searching for key 'TMP' in [systemEnvironment]
[DEBUG] Found key 'TMP' in [systemEnvironment] with type [String] and value 'C:\Users\netoz\AppData\Local\Temp'
[DEBUG] Searching for key 'VS110COMNTOOLS' in [systemProperties]
[DEBUG] Searching for key 'VS110COMNTOOLS' in [systemEnvironment]
[DEBUG] Found key 'VS110COMNTOOLS' in [systemEnvironment] with type [String] and value 'C:\Program Files (x86)\Microsoft Visual Studio 11.0\Common7\Tools\'
[DEBUG] Searching for key 'CommonProgramFiles(x86)' in [systemProperties]
[DEBUG] Searching for key 'CommonProgramFiles(x86)' in [systemEnvironment]
[DEBUG] Found key 'CommonProgramFiles(x86)' in [systemEnvironment] with type [String] and value 'C:\Program Files (x86)\Common Files'
[DEBUG] Searching for key 'NUMBER_OF_PROCESSORS' in [systemProperties]
[DEBUG] Searching for key 'NUMBER_OF_PROCESSORS' in [systemEnvironment]
[DEBUG] Found key 'NUMBER_OF_PROCESSORS' in [systemEnvironment] with type [String] and value '2'
[DEBUG] Searching for key 'spring.jmx.enabled' in [systemProperties]
[DEBUG] Searching for key 'spring.jmx.enabled' in [systemEnvironment]
[DEBUG] Searching for key 'spring.jmx.enabled' in [random]
[DEBUG] Searching for key 'spring.jmx.enabled' in [integrationTest]
[DEBUG] Found key 'spring.jmx.enabled' in [integrationTest] with type [String] and value 'false'
[DEBUG] Searching for key 'server.port' in [systemProperties]
[DEBUG] Searching for key 'server.port' in [systemEnvironment]
[DEBUG] Searching for key 'server.port' in [random]
[DEBUG] Searching for key 'server.port' in [integrationTest]
[DEBUG] Found key 'server.port' in [integrationTest] with type [String] and value '-1'
[DEBUG] Searching for key 'spring.datasource.url' in [systemProperties]
[DEBUG] Searching for key 'spring.datasource.url' in [systemEnvironment]
[DEBUG] Searching for key 'spring.datasource.url' in [random]
[DEBUG] Searching for key 'spring.datasource.url' in [integrationTest]
[DEBUG] Searching for key 'spring.datasource.url' in [applicationConfigurationProperties]
[DEBUG] Found key 'spring.datasource.url' in [applicationConfigurationProperties] with type [String] and value 'jdbc:mysql://localhost:3306/socialuacm'
[DEBUG] Searching for key 'spring.datasource.username' in [systemProperties]
[DEBUG] Searching for key 'spring.datasource.username' in [systemEnvironment]
[DEBUG] Searching for key 'spring.datasource.username' in [random]
[DEBUG] Searching for key 'spring.datasource.username' in [integrationTest]
[DEBUG] Searching for key 'spring.datasource.username' in [applicationConfigurationProperties]
[DEBUG] Found key 'spring.datasource.username' in [applicationConfigurationProperties] with type [String] and value 'root'
[DEBUG] Searching for key 'spring.jpa.hibernate.ddl-auto' in [systemProperties]
[DEBUG] Searching for key 'spring.jpa.hibernate.ddl-auto' in [systemEnvironment]
[DEBUG] Searching for key 'spring.jpa.hibernate.ddl-auto' in [random]
[DEBUG] Searching for key 'spring.jpa.hibernate.ddl-auto' in [integrationTest]
[DEBUG] Searching for key 'spring.jpa.hibernate.ddl-auto' in [applicationConfigurationProperties]
[DEBUG] Found key 'spring.jpa.hibernate.ddl-auto' in [applicationConfigurationProperties] with type [String] and value 'update'
[DEBUG] Searching for key 'spring.datasource.driver-class-name' in [systemProperties]
[DEBUG] Searching for key 'spring.datasource.driver-class-name' in [systemEnvironment]
[DEBUG] Searching for key 'spring.datasource.driver-class-name' in [random]
[DEBUG] Searching for key 'spring.datasource.driver-class-name' in [integrationTest]
[DEBUG] Searching for key 'spring.datasource.driver-class-name' in [applicationConfigurationProperties]
[DEBUG] Found key 'spring.datasource.driver-class-name' in [applicationConfigurationProperties] with type [String] and value 'com.mysql.jdbc.Driver'
[DEBUG] Searching for key 'spring.jpa.database' in [systemProperties]
[DEBUG] Searching for key 'spring.jpa.database' in [systemEnvironment]
[DEBUG] Searching for key 'spring.jpa.database' in [random]
[DEBUG] Searching for key 'spring.jpa.database' in [integrationTest]
[DEBUG] Searching for key 'spring.jpa.database' in [applicationConfigurationProperties]
[DEBUG] Found key 'spring.jpa.database' in [applicationConfigurationProperties] with type [String] and value 'MYSQL'
[DEBUG] Searching for key 'logging.level.edu.uacm' in [systemProperties]
[DEBUG] Searching for key 'logging.level.edu.uacm' in [systemEnvironment]
[DEBUG] Searching for key 'logging.level.edu.uacm' in [random]
[DEBUG] Searching for key 'logging.level.edu.uacm' in [integrationTest]
[DEBUG] Searching for key 'logging.level.edu.uacm' in [applicationConfigurationProperties]
[DEBUG] Found key 'logging.level.edu.uacm' in [applicationConfigurationProperties] with type [String] and value 'DEBUG'
[DEBUG] Searching for key 'spring.jpa.hibernate.naming-strategy' in [systemProperties]
[DEBUG] Searching for key 'spring.jpa.hibernate.naming-strategy' in [systemEnvironment]
[DEBUG] Searching for key 'spring.jpa.hibernate.naming-strategy' in [random]
[DEBUG] Searching for key 'spring.jpa.hibernate.naming-strategy' in [integrationTest]
[DEBUG] Searching for key 'spring.jpa.hibernate.naming-strategy' in [applicationConfigurationProperties]
[DEBUG] Found key 'spring.jpa.hibernate.naming-strategy' in [applicationConfigurationProperties] with type [String] and value 'org.hibernate.cfg.ImprovedNamingStrategy'
[DEBUG] Searching for key 'spring.datasource.password' in [systemProperties]
[DEBUG] Searching for key 'spring.datasource.password' in [systemEnvironment]
[DEBUG] Searching for key 'spring.datasource.password' in [random]
[DEBUG] Searching for key 'spring.datasource.password' in [integrationTest]
[DEBUG] Searching for key 'spring.datasource.password' in [applicationConfigurationProperties]
[DEBUG] Found key 'spring.datasource.password' in [applicationConfigurationProperties] with type [String] and value ''
[DEBUG] Searching for key 'spring.jpa.properties.hibernate.dialect' in [systemProperties]
[DEBUG] Searching for key 'spring.jpa.properties.hibernate.dialect' in [systemEnvironment]
[DEBUG] Searching for key 'spring.jpa.properties.hibernate.dialect' in [random]
[DEBUG] Searching for key 'spring.jpa.properties.hibernate.dialect' in [integrationTest]
[DEBUG] Searching for key 'spring.jpa.properties.hibernate.dialect' in [applicationConfigurationProperties]
[DEBUG] Found key 'spring.jpa.properties.hibernate.dialect' in [applicationConfigurationProperties] with type [String] and value 'org.hibernate.dialect.MySQL5Dialect'
[DEBUG] Searching for key 'spring.jpa.show-sql' in [systemProperties]
[DEBUG] Searching for key 'spring.jpa.show-sql' in [systemEnvironment]
[DEBUG] Searching for key 'spring.jpa.show-sql' in [random]
[DEBUG] Searching for key 'spring.jpa.show-sql' in [integrationTest]
[DEBUG] Searching for key 'spring.jpa.show-sql' in [applicationConfigurationProperties]
[DEBUG] Found key 'spring.jpa.show-sql' in [applicationConfigurationProperties] with type [String] and value 'true'
[DEBUG] Returning cached instance of singleton bean 'autoConfigurationReport'
[DEBUG] Searching for key 'spring.messages.basename' in [systemProperties]
[DEBUG] Searching for key 'spring.messages.basename' in [systemEnvironment]
[DEBUG] Searching for key 'spring.messages.basename' in [random]
[DEBUG] Searching for key 'spring.messages.basename' in [integrationTest]
[DEBUG] Searching for key 'spring.messages.basename' in [applicationConfigurationProperties]
[DEBUG] Could not find key 'spring.messages.basename' in any property source. Returning [null]
[DEBUG] Resolved classpath location [messages.properties] to resources []
[DEBUG] Returning cached instance of singleton bean 'autoConfigurationReport'
[DEBUG] Returning cached instance of singleton bean 'autoConfigurationReport'
[DEBUG] Returning cached instance of singleton bean 'autoConfigurationReport'
[DEBUG] Returning cached instance of singleton bean 'autoConfigurationReport'
[DEBUG] Returning cached instance of singleton bean 'autoConfigurationReport'
[DEBUG] Returning cached instance of singleton bean 'autoConfigurationReport'
[DEBUG] Returning cached instance of singleton bean 'autoConfigurationReport'
[DEBUG] Returning cached instance of singleton bean 'autoConfigurationReport'
[DEBUG] Returning cached instance of singleton bean 'autoConfigurationReport'
[DEBUG] Returning cached instance of singleton bean 'autoConfigurationReport'
[DEBUG] Returning cached instance of singleton bean 'autoConfigurationReport'
[DEBUG] Returning cached instance of singleton bean 'autoConfigurationReport'
[DEBUG] Returning cached instance of singleton bean 'autoConfigurationReport'
[DEBUG] Returning cached instance of singleton bean 'autoConfigurationReport'
[DEBUG] Returning cached instance of singleton bean 'autoConfigurationReport'
[DEBUG] Returning cached instance of singleton bean 'autoConfigurationReport'
[DEBUG] Returning cached instance of singleton bean 'autoConfigurationReport'
[DEBUG] Returning cached instance of singleton bean 'autoConfigurationReport'
[DEBUG] Returning cached instance of singleton bean 'autoConfigurationReport'
[DEBUG] Returning cached instance of singleton bean 'autoConfigurationReport'
[DEBUG] Returning cached instance of singleton bean 'autoConfigurationReport'
[DEBUG] Searching for key 'java.runtime.name' in [systemProperties]
[DEBUG] Found key 'java.runtime.name' in [systemProperties] with type [String] and value 'Java(TM) SE Runtime Environment'
[DEBUG] Searching for key 'sun.boot.library.path' in [systemProperties]
[DEBUG] Found key 'sun.boot.library.path' in [systemProperties] with type [String] and value 'C:\Program Files\Java\jdk1.8.0_91\jre\bin'
[DEBUG] Searching for key 'java.vm.version' in [systemProperties]
[DEBUG] Found key 'java.vm.version' in [systemProperties] with type [String] and value '25.91-b14'
[DEBUG] Searching for key 'java.vm.vendor' in [systemProperties]
[DEBUG] Found key 'java.vm.vendor' in [systemProperties] with type [String] and value 'Oracle Corporation'
[DEBUG] Searching for key 'java.vendor.url' in [systemProperties]
[DEBUG] Found key 'java.vendor.url' in [systemProperties] with type [String] and value 'http://java.oracle.com/'
[DEBUG] Searching for key 'path.separator' in [systemProperties]
[DEBUG] Found key 'path.separator' in [systemProperties] with type [String] and value ';'
[DEBUG] Searching for key 'java.vm.name' in [systemProperties]
[DEBUG] Found key 'java.vm.name' in [systemProperties] with type [String] and value 'Java HotSpot(TM) 64-Bit Server VM'
[DEBUG] Searching for key 'file.encoding.pkg' in [systemProperties]
[DEBUG] Found key 'file.encoding.pkg' in [systemProperties] with type [String] and value 'sun.io'
[DEBUG] Searching for key 'user.script' in [systemProperties]
[DEBUG] Found key 'user.script' in [systemProperties] with type [String] and value ''
[DEBUG] Searching for key 'sun.java.launcher' in [systemProperties]
[DEBUG] Found key 'sun.java.launcher' in [systemProperties] with type [String] and value 'SUN_STANDARD'
[DEBUG] Searching for key 'user.country' in [systemProperties]
[DEBUG] Found key 'user.country' in [systemProperties] with type [String] and value 'MX'
[DEBUG] Searching for key 'sun.os.patch.level' in [systemProperties]
[DEBUG] Found key 'sun.os.patch.level' in [systemProperties] with type [String] and value ''
[DEBUG] Searching for key 'PID' in [systemProperties]
[DEBUG] Found key 'PID' in [systemProperties] with type [String] and value '12896'
[DEBUG] Searching for key 'java.vm.specification.name' in [systemProperties]
[DEBUG] Found key 'java.vm.specification.name' in [systemProperties] with type [String] and value 'Java Virtual Machine Specification'
[DEBUG] Searching for key 'user.dir' in [systemProperties]
[DEBUG] Found key 'user.dir' in [systemProperties] with type [String] and value 'C:\Users\netoz\Documents\workspace-sts-3.7.3.RELEASE\Social-UACM'
[DEBUG] Searching for key 'java.runtime.version' in [systemProperties]
[DEBUG] Found key 'java.runtime.version' in [systemProperties] with type [String] and value '1.8.0_91-b14'
[DEBUG] Searching for key 'java.awt.graphicsenv' in [systemProperties]
[DEBUG] Found key 'java.awt.graphicsenv' in [systemProperties] with type [String] and value 'sun.awt.Win32GraphicsEnvironment'
[DEBUG] Searching for key 'org.jboss.logging.provider' in [systemProperties]
[DEBUG] Found key 'org.jboss.logging.provider' in [systemProperties] with type [String] and value 'slf4j'
[DEBUG] Searching for key 'java.endorsed.dirs' in [systemProperties]
[DEBUG] Found key 'java.endorsed.dirs' in [systemProperties] with type [String] and value 'C:\Program Files\Java\jdk1.8.0_91\jre\lib\endorsed'
[DEBUG] Searching for key 'os.arch' in [systemProperties]
[DEBUG] Found key 'os.arch' in [systemProperties] with type [String] and value 'amd64'
[DEBUG] Searching for key 'java.io.tmpdir' in [systemProperties]
[DEBUG] Found key 'java.io.tmpdir' in [systemProperties] with type [String] and value 'C:\Users\netoz\AppData\Local\Temp\'
[DEBUG] Searching for key 'line.separator' in [systemProperties]
[DEBUG] Found key 'line.separator' in [systemProperties] with type [String] and value '
'
[DEBUG] Searching for key 'java.vm.specification.vendor' in [systemProperties]
[DEBUG] Found key 'java.vm.specification.vendor' in [systemProperties] with type [String] and value 'Oracle Corporation'
[DEBUG] Searching for key 'user.variant' in [systemProperties]
[DEBUG] Found key 'user.variant' in [systemProperties] with type [String] and value ''
[DEBUG] Searching for key 'os.name' in [systemProperties]
[DEBUG] Found key 'os.name' in [systemProperties] with type [String] and value 'Windows 10'
[DEBUG] Searching for key 'net.sourceforge.cobertura.datafile' in [systemProperties]
[DEBUG] Found key 'net.sourceforge.cobertura.datafile' in [systemProperties] with type [String] and value 'C:\Users\netoz\Documents\workspace-sts-3.7.3.RELEASE\Social-UACM\build\cobertura\cobertura.ser'
[DEBUG] Searching for key 'sun.jnu.encoding' in [systemProperties]
[DEBUG] Found key 'sun.jnu.encoding' in [systemProperties] with type [String] and value 'Cp1252'
[DEBUG] Searching for key 'spring.beaninfo.ignore' in [systemProperties]
[DEBUG] Found key 'spring.beaninfo.ignore' in [systemProperties] with type [String] and value 'true'
[DEBUG] Searching for key 'java.library.path' in [systemProperties]
[DEBUG] Found key 'java.library.path' in [systemProperties] with type [String] and value 'C:\Program Files\Java\jdk1.8.0_91\bin;C:\windows\Sun\Java\bin;C:\windows\system32;C:\windows;C:\ProgramData\Oracle\Java\javapath;C:\Program Files (x86)\Intel\TXE Components\TCS\;C:\Program Files\Intel\TXE Components\TCS\;C:\windows\system32;C:\windows;C:\windows\System32\Wbem;C:\windows\System32\WindowsPowerShell\v1.0\;C:\Program Files\Intel\TXE Components\DAL\;C:\Program Files (x86)\Intel\TXE Components\DAL\;C:\Program Files\Intel\TXE Components\IPT\;C:\Program Files (x86)\Intel\TXE Components\IPT\;C:\Program Files\Java\jre1.8.0_91\bin;C:\gradle-2.12\bin;C:\Program Files (x86)\MySQL\MySQL Fabric 1.5 & MySQL Utilities 1.5\;C:\Program Files (x86)\MySQL\MySQL Fabric 1.5 & MySQL Utilities 1.5\Doctrine extensions for PHP\;C:\Program Files (x86)\Windows Live\Shared;C:\windows\system32\config\systemprofile\.dnx\bin;C:\Program Files\Microsoft DNX\Dnvm\;C:\Program Files\Microsoft SQL Server\130\Tools\Binn\;C:\JMeter\bin;C:\Program Files\Java\jre1.8.0_91\bin;C:\Program Files (x86)\Windows Kits\10\Windows Performance Toolkit\;C:\Program Files (x86)\nodejs\;C:\Program Files\Git\cmd;C:\Users\netoz\AppData\Roaming\npm;.'
[DEBUG] Searching for key 'java.specification.name' in [systemProperties]
[DEBUG] Found key 'java.specification.name' in [systemProperties] with type [String] and value 'Java Platform API Specification'
[DEBUG] Searching for key 'java.class.version' in [systemProperties]
[DEBUG] Found key 'java.class.version' in [systemProperties] with type [String] and value '52.0'
[DEBUG] Searching for key 'sun.management.compiler' in [systemProperties]
[DEBUG] Found key 'sun.management.compiler' in [systemProperties] with type [String] and value 'HotSpot 64-Bit Tiered Compilers'
[DEBUG] Searching for key 'os.version' in [systemProperties]
[DEBUG] Found key 'os.version' in [systemProperties] with type [String] and value '10.0'
[DEBUG] Searching for key 'user.home' in [systemProperties]
[DEBUG] Found key 'user.home' in [systemProperties] with type [String] and value 'C:\Users\netoz'
[DEBUG] Searching for key 'user.timezone' in [systemProperties]
[DEBUG] Found key 'user.timezone' in [systemProperties] with type [String] and value 'America/Mexico_City'
[DEBUG] Searching for key 'java.awt.printerjob' in [systemProperties]
[DEBUG] Found key 'java.awt.printerjob' in [systemProperties] with type [String] and value 'sun.awt.windows.WPrinterJob'
[DEBUG] Searching for key 'file.encoding' in [systemProperties]
[DEBUG] Found key 'file.encoding' in [systemProperties] with type [String] and value 'windows-1252'
[DEBUG] Searching for key 'java.specification.version' in [systemProperties]
[DEBUG] Found key 'java.specification.version' in [systemProperties] with type [String] and value '1.8'
[DEBUG] Searching for key 'java.class.path' in [systemProperties]
[DEBUG] Found key 'java.class.path' in [systemProperties] with type [String] and value 'C:\Users\netoz\Documents\workspace-sts-3.7.3.RELEASE\Social-UACM\build\instrumented_classes;C:\Users\netoz\Documents\workspace-sts-3.7.3.RELEASE\Social-UACM\build\classes\test;C:\Users\netoz\Documents\workspace-sts-3.7.3.RELEASE\Social-UACM\build\resources\test;C:\Users\netoz\Documents\workspace-sts-3.7.3.RELEASE\Social-UACM\build\classes\main;C:\Users\netoz\Documents\workspace-sts-3.7.3.RELEASE\Social-UACM\build\resources\main;C:\Users\netoz\.gradle\caches\modules-2\files-2.1\org.springframework.boot\spring-boot-starter-web\1.3.3.RELEASE\f1ee2657f50844d8682b30a1f40aebff3ad60cce\spring-boot-starter-web-1.3.3.RELEASE.jar;C:\Users\netoz\.gradle\caches\modules-2\files-2.1\org.springframework.boot\spring-boot-starter-test\1.3.3.RELEASE\f440856dcf4c3018c9005fa229e7509f28927a73\spring-boot-starter-test-1.3.3.RELEASE.jar;C:\Users\netoz\.gradle\caches\modules-2\files-2.1\org.springframework.boot\spring-boot-starter-data-jpa\1.3.3.RELEASE\c1f8f3102650e54259d69c519b45b64fbf5cd25b\spring-boot-starter-data-jpa-1.3.3.RELEASE.jar;C:\Users\netoz\.gradle\caches\modules-2\files-2.1\mysql\mysql-connector-java\5.1.31\95baa522c5ae4dbff61e8ebd1b2578665d6853a0\mysql-connector-java-5.1.31.jar;C:\Users\netoz\.gradle\caches\modules-2\files-2.1\org.thymeleaf\thymeleaf-spring4\2.1.4.RELEASE\e5677e7daedfd05e001945abf4295305ac23826b\thymeleaf-spring4-2.1.4.RELEASE.jar;C:\Users\netoz\.gradle\caches\modules-2\files-2.1\org.springframework.boot\spring-boot-starter-security\1.3.3.RELEASE\bb649df7b53ab5dc09780d63067400a240e3f366\spring-boot-starter-security-1.3.3.RELEASE.jar;C:\Users\netoz\.gradle\caches\modules-2\files-2.1\junit\junit\4.12\2973d150c0dc1fefe998f834810d68f278ea58ec\junit-4.12.jar;C:\Users\netoz\.gradle\caches\modules-2\files-2.1\org.springframework.boot\spring-boot-starter\1.3.3.RELEASE\e4a71ce6ae8e42a7535dd9f1a39f91d36c538f28\spring-boot-starter-1.3.3.RELEASE.jar;C:\Users\netoz\.gradle\caches\modules-2\files-2.1\org.springframework.boot\spring-boot-starter-tomcat\1.3.3.RELEASE\541468d85cc2c94d2b538b0fa07c018847bb9b78\spring-boot-starter-tomcat-1.3.3.RELEASE.jar;C:\Users\netoz\.gradle\caches\modules-2\files-2.1\org.springframework.boot\spring-boot-starter-validation\1.3.3.RELEASE\df2d5a437fa3093b8da99216c355189fe7b5e64\spring-boot-starter-validation-1.3.3.RELEASE.jar;C:\Users\netoz\.gradle\caches\modules-2\files-2.1\com.fasterxml.jackson.core\jackson-databind\2.6.5\d50be1723a09befd903887099ff2014ea9020333\jackson-databind-2.6.5.jar;C:\Users\netoz\.gradle\caches\modules-2\files-2.1\org.springframework\spring-web\4.2.5.RELEASE\49cd2430884b77172aa81e3fc33ef668ea1dab30\spring-web-4.2.5.RELEASE.jar;C:\Users\netoz\.gradle\caches\modules-2\files-2.1\org.springframework\spring-webmvc\4.2.5.RELEASE\cf463cce3e4453eb4b9a69de2dcdfd60c3c57e0\spring-webmvc-4.2.5.RELEASE.jar;C:\Users\netoz\.gradle\caches\modules-2\files-2.1\org.mockito\mockito-core\1.10.19\e8546f5bef4e061d8dd73895b4e8f40e3fe6effe\mockito-core-1.10.19.jar;C:\Users\netoz\.gradle\caches\modules-2\files-2.1\org.hamcrest\hamcrest-core\1.3\42a25dc3219429f0e5d060061f71acb49bf010a0\hamcrest-core-1.3.jar;C:\Users\netoz\.gradle\caches\modules-2\files-2.1\org.hamcrest\hamcrest-library\1.3\4785a3c21320980282f9f33d0d1264a69040538f\hamcrest-library-1.3.jar;C:\Users\netoz\.gradle\caches\modules-2\files-2.1\org.springframework\spring-core\4.2.5.RELEASE\251207b29f0f38f61e3495a2f7fb053cf1bfe8c\spring-core-4.2.5.RELEASE.jar;C:\Users\netoz\.gradle\caches\modules-2\files-2.1\org.springframework\spring-test\4.2.5.RELEASE\60bd0ac25869d515717284b77644d0416d3a38c5\spring-test-4.2.5.RELEASE.jar;C:\Users\netoz\.gradle\caches\modules-2\files-2.1\org.springframework.boot\spring-boot-starter-aop\1.3.3.RELEASE\f80c290f6a3dccb8255a594795a20048c63460da\spring-boot-starter-aop-1.3.3.RELEASE.jar;C:\Users\netoz\.gradle\caches\modules-2\files-2.1\org.springframework.boot\spring-boot-starter-jdbc\1.3.3.RELEASE\f10ffeca4c879f1f66f30989cc0f133258934246\spring-boot-starter-jdbc-1.3.3.RELEASE.jar;C:\Users\netoz\.gradle\caches\modules-2\files-2.1\org.hibernate\hibernate-entitymanager\4.3.11.Final\27a119fcc2b91c50e5285dd11158fac2c38c9d1b\hibernate-entitymanager-4.3.11.Final.jar;C:\Users\netoz\.gradle\caches\modules-2\files-2.1\javax.transaction\javax.transaction-api\1.2\d81aff979d603edd90dcd8db2abc1f4ce6479e3e\javax.transaction-api-1.2.jar;C:\Users\netoz\.gradle\caches\modules-2\files-2.1\org.springframework.data\spring-data-jpa\1.9.4.RELEASE\80b83510e67aa085b7d91d2d096d90133ec995de\spring-data-jpa-1.9.4.RELEASE.jar;C:\Users\netoz\.gradle\caches\modules-2\files-2.1\org.springframework\spring-aspects\4.2.5.RELEASE\ed09517441a276db2a7e0e7b60a390c52b8093af\spring-aspects-4.2.5.RELEASE.jar;C:\Users\netoz\.gradle\caches\modules-2\files-2.1\org.thymeleaf\thymeleaf\2.1.4.RELEASE\a730d892f3c57ba3d24af2ca657b42d81398a85a\thymeleaf-2.1.4.RELEASE.jar;C:\Users\netoz\.gradle\caches\modules-2\files-2.1\org.slf4j\slf4j-api\1.7.16\3a6274f658487d5bfff9af3862beff6da1e7fd52\slf4j-api-1.7.16.jar;C:\Users\netoz\.gradle\caches\modules-2\files-2.1\org.springframework\spring-aop\4.2.5.RELEASE\858d6c70909b3ce7e07b59fc936f8ccfcd81c0aa\spring-aop-4.2.5.RELEASE.jar;C:\Users\netoz\.gradle\caches\modules-2\files-2.1\org.springframework.security\spring-security-config\4.0.3.RELEASE\31c0a4d0159f1b668d9512f57fb46aac29949b08\spring-security-config-4.0.3.RELEASE.jar;C:\Users\netoz\.gradle\caches\modules-2\files-2.1\org.springframework.security\spring-security-web\4.0.3.RELEASE\5f0233d94ca53ac8710780b43791f633f970480a\spring-security-web-4.0.3.RELEASE.jar;C:\Users\netoz\.gradle\caches\modules-2\files-2.1\org.springframework.boot\spring-boot\1.3.3.RELEASE\641cc375499d444e4efbc1801902260daa79758d\spring-boot-1.3.3.RELEASE.jar;C:\Users\netoz\.gradle\caches\modules-2\files-2.1\org.springframework.boot\spring-boot-autoconfigure\1.3.3.RELEASE\e7a4a25f74dac6b335ffabc43e3e8a6e3066340e\spring-boot-autoconfigure-1.3.3.RELEASE.jar;C:\Users\netoz\.gradle\caches\modules-2\files-2.1\org.springframework.boot\spring-boot-starter-logging\1.3.3.RELEASE\16b395c84f28b947f1c336aa461fda1e662bb3b6\spring-boot-starter-logging-1.3.3.RELEASE.jar;C:\Users\netoz\.gradle\caches\modules-2\files-2.1\org.yaml\snakeyaml\1.16\d64fb662c9e42789149f5078a62a22edda786c6a\snakeyaml-1.16.jar;C:\Users\netoz\.gradle\caches\modules-2\files-2.1\org.apache.tomcat.embed\tomcat-embed-core\8.0.32\734ead0c803525cc9c7f283438101734ca9aac01\tomcat-embed-core-8.0.32.jar;C:\Users\netoz\.gradle\caches\modules-2\files-2.1\org.apache.tomcat.embed\tomcat-embed-el\8.0.32\82adf8bd959fc046d55490e6f2ce67297c91d62b\tomcat-embed-el-8.0.32.jar;C:\Users\netoz\.gradle\caches\modules-2\files-2.1\org.apache.tomcat.embed\tomcat-embed-logging-juli\8.0.32\5e664b357710a6c43cad2191404c2a9d0b82cdb3\tomcat-embed-logging-juli-8.0.32.jar;C:\Users\netoz\.gradle\caches\modules-2\files-2.1\org.apache.tomcat.embed\tomcat-embed-websocket\8.0.32\237ca58dac66f438579750169e6cb297ac041c9d\tomcat-embed-websocket-8.0.32.jar;C:\Users\netoz\.gradle\caches\modules-2\files-2.1\org.hibernate\hibernate-validator\5.2.4.Final\fb18766b576aa6632bcfe9a20a023cbd52bf9769\hibernate-validator-5.2.4.Final.jar;C:\Users\netoz\.gradle\caches\modules-2\files-2.1\com.fasterxml.jackson.core\jackson-annotations\2.6.5\65137ebf85056473b40c311f889601646a7612ba\jackson-annotations-2.6.5.jar;C:\Users\netoz\.gradle\caches\modules-2\files-2.1\com.fasterxml.jackson.core\jackson-core\2.6.5\334369d7eff497f358b248c171dac0dd62c68f67\jackson-core-2.6.5.jar;C:\Users\netoz\.gradle\caches\modules-2\files-2.1\org.springframework\spring-beans\4.2.5.RELEASE\fa992ae40f6fc47117282164e0433b71da385e94\spring-beans-4.2.5.RELEASE.jar;C:\Users\netoz\.gradle\caches\modules-2\files-2.1\org.springframework\spring-context\4.2.5.RELEASE\a75e18322c7b362fe1daa26a245ae672ec0f3138\spring-context-4.2.5.RELEASE.jar;C:\Users\netoz\.gradle\caches\modules-2\files-2.1\org.springframework\spring-expression\4.2.5.RELEASE\a42bdfb833d0be6c18429aea3fb0fba81f85c6e8\spring-expression-4.2.5.RELEASE.jar;C:\Users\netoz\.gradle\caches\modules-2\files-2.1\org.objenesis\objenesis\2.1\87c0ea803b69252868d09308b4618f766f135a96\objenesis-2.1.jar;C:\Users\netoz\.gradle\caches\modules-2\files-2.1\org.aspectj\aspectjweaver\1.8.8\969c8d3d3d56db1e1c8721a03ef07d0c9ac3a2e4\aspectjweaver-1.8.8.jar;C:\Users\netoz\.gradle\caches\modules-2\files-2.1\org.apache.tomcat\tomcat-jdbc\8.0.32\55396c45fc8c34f31420a3b280fde4b1387b044d\tomcat-jdbc-8.0.32.jar;C:\Users\netoz\.gradle\caches\modules-2\files-2.1\org.springframework\spring-jdbc\4.2.5.RELEASE\205d2f1b902eac16a2ece772dc5ac6090b7e0b6f\spring-jdbc-4.2.5.RELEASE.jar;C:\Users\netoz\.gradle\caches\modules-2\files-2.1\org.jboss.logging\jboss-logging\3.3.0.Final\3616bb87707910296e2c195dc016287080bba5af\jboss-logging-3.3.0.Final.jar;C:\Users\netoz\.gradle\caches\modules-2\files-2.1\org.jboss.logging\jboss-logging-annotations\1.2.0.Beta1\2f437f37bb265d9f8f1392823dbca12d2bec06d6\jboss-logging-annotations-1.2.0.Beta1.jar;C:\Users\netoz\.gradle\caches\modules-2\files-2.1\org.hibernate\hibernate-core\4.3.11.Final\536ac0021240d97db99c7d2983067cef1a6f3af5\hibernate-core-4.3.11.Final.jar;C:\Users\netoz\.gradle\caches\modules-2\files-2.1\dom4j\dom4j\1.6.1\5d3ccc056b6f056dbf0dddfdf43894b9065a8f94\dom4j-1.6.1.jar;C:\Users\netoz\.gradle\caches\modules-2\files-2.1\org.hibernate.common\hibernate-commons-annotations\4.0.5.Final\2a581b9edb8168e45060d8bad8b7f46712d2c52c\hibernate-commons-annotations-4.0.5.Final.jar;C:\Users\netoz\.gradle\caches\modules-2\files-2.1\org.hibernate.javax.persistence\hibernate-jpa-2.1-api\1.0.0.Final\5e731d961297e5a07290bfaf3db1fbc8bbbf405a\hibernate-jpa-2.1-api-1.0.0.Final.jar;C:\Users\netoz\.gradle\caches\modules-2\files-2.1\org.javassist\javassist\3.18.1-GA\d9a09f7732226af26bf99f19e2cffe0ae219db5b\javassist-3.18.1-GA.jar;C:\Users\netoz\.gradle\caches\modules-2\files-2.1\org.springframework.data\spring-data-commons\1.11.4.RELEASE\c2b1fd4dbf7dff772d6124bb35892759e8bf088e\spring-data-commons-1.11.4.RELEASE.jar;C:\Users\netoz\.gradle\caches\modules-2\files-2.1\org.springframework\spring-orm\4.2.5.RELEASE\60625981b837ba93e603d3068d69c6397ecb3ad2\spring-orm-4.2.5.RELEASE.jar;C:\Users\netoz\.gradle\caches\modules-2\files-2.1\org.springframework\spring-tx\4.2.5.RELEASE\7395321fe937272d9b781a13985e04ab2dcd6210\spring-tx-4.2.5.RELEASE.jar;C:\Users\netoz\.gradle\caches\modules-2\files-2.1\org.slf4j\jcl-over-slf4j\1.7.16\34e48073884704ac987d3d1a1ab9b60e62028a9\jcl-over-slf4j-1.7.16.jar;C:\Users\netoz\.gradle\caches\modules-2\files-2.1\ognl\ognl\3.0.8\37e1aebfde7eb7baebc9ad4f85116ef9009c5fc5\ognl-3.0.8.jar;C:\Users\netoz\.gradle\caches\modules-2\files-2.1\org.unbescape\unbescape\1.1.0.RELEASE\ab0db4fe0a6fa89fb8da2a40008a4e63a7f3f5b9\unbescape-1.1.0.RELEASE.jar;C:\Users\netoz\.gradle\caches\modules-2\files-2.1\aopalliance\aopalliance\1.0\235ba8b489512805ac13a8f9ea77a1ca5ebe3e8\aopalliance-1.0.jar;C:\Users\netoz\.gradle\caches\modules-2\files-2.1\org.springframework.security\spring-security-core\4.0.3.RELEASE\9f420c5742ad063970c5d33f60680a1cee777aa5\spring-security-core-4.0.3.RELEASE.jar;C:\Users\netoz\.gradle\caches\modules-2\files-2.1\ch.qos.logback\logback-classic\1.1.5\92353eb144695bba80b31f7bec4f36d871f230ac\logback-classic-1.1.5.jar;C:\Users\netoz\.gradle\caches\modules-2\files-2.1\org.slf4j\jul-to-slf4j\1.7.16\2d5b546c5557dcbf08c3a381d7dc9bd275a602c1\jul-to-slf4j-1.7.16.jar;C:\Users\netoz\.gradle\caches\modules-2\files-2.1\org.slf4j\log4j-over-slf4j\1.7.16\c5922f37c8a5e4377cfb543c549f10e73d72ede0\log4j-over-slf4j-1.7.16.jar;C:\Users\netoz\.gradle\caches\modules-2\files-2.1\javax.validation\validation-api\1.1.0.Final\8613ae82954779d518631e05daa73a6a954817d5\validation-api-1.1.0.Final.jar;C:\Users\netoz\.gradle\caches\modules-2\files-2.1\com.fasterxml\classmate\1.1.0\dbbd699a1486ad0f2ed6f5af6cfed66acacb9056\classmate-1.1.0.jar;C:\Users\netoz\.gradle\caches\modules-2\files-2.1\org.apache.tomcat\tomcat-juli\8.0.32\71471069cea029dfdce0735337864c7d0a3d9992\tomcat-juli-8.0.32.jar;C:\Users\netoz\.gradle\caches\modules-2\files-2.1\antlr\antlr\2.7.7\83cd2cd674a217ade95a4bb83a8a14f351f48bd0\antlr-2.7.7.jar;C:\Users\netoz\.gradle\caches\modules-2\files-2.1\org.jboss\jandex\1.1.0.Final\e84a2122e76f0b6503be78094ddf2108057ac15f\jandex-1.1.0.Final.jar;C:\Users\netoz\.gradle\caches\modules-2\files-2.1\xml-apis\xml-apis\1.0.b2\3136ca936f64c9d68529f048c2618bd356bf85c9\xml-apis-1.0.b2.jar;C:\Users\netoz\.gradle\caches\modules-2\files-2.1\ch.qos.logback\logback-core\1.1.5\16722afde74444716e299bee1f60aec9f6d1f0dc\logback-core-1.1.5.jar;C:\Users\netoz\.gradle\caches\modules-2\files-2.1\net.sourceforge.cobertura\cobertura\2.1.1\eab984794b3f7d0d37736a9e5b7f790128f611b5\cobertura-2.1.1.jar;C:\Users\netoz\.gradle\caches\modules-2\files-2.1\org.ow2.asm\asm\5.0.1\2fd56467a018aafe6ec6a73ccba520be4a7e1565\asm-5.0.1.jar;C:\Users\netoz\.gradle\caches\modules-2\files-2.1\org.ow2.asm\asm-tree\5.0.1\1b1e6e9d869acd704056d0a4223071a511c619e6\asm-tree-5.0.1.jar;C:\Users\netoz\.gradle\caches\modules-2\files-2.1\org.ow2.asm\asm-commons\5.0.1\7b7147a390a93a14d2edfdcf3f7b0e87a0939c3e\asm-commons-5.0.1.jar;C:\Users\netoz\.gradle\caches\modules-2\files-2.1\org.ow2.asm\asm-util\5.0.1\7c8caddfbd0b2d7b844f8fcc75175b9cb9cf4724\asm-util-5.0.1.jar;C:\Users\netoz\.gradle\caches\modules-2\files-2.1\org.ow2.asm\asm-analysis\5.0.1\e286fbee48efacb4e7c175f7948d9d8b2ab52352\asm-analysis-5.0.1.jar;C:\Users\netoz\.gradle\caches\modules-2\files-2.1\oro\oro\2.0.8\5592374f834645c4ae250f4c9fbb314c9369d698\oro-2.0.8.jar;C:\Users\netoz\.gradle\caches\modules-2\files-2.1\jaxen\jaxen\1.1.6\3f8c36d9a0578e8e98f030c662b69888b1430ac0\jaxen-1.1.6.jar;C:\Users\netoz\.gradle\caches\modules-2\files-2.1\org.apache.ant\ant\1.8.3\77c746ecab048b9839c7a8e39e55fe8636c5b11\ant-1.8.3.jar;C:\Users\netoz\.gradle\caches\modules-2\files-2.1\org.apache.ant\ant-junit\1.8.3\9f77eec4e103241602fb0cdd97b3ec3237e0bd9\ant-junit-1.8.3.jar;C:\Users\netoz\.gradle\caches\modules-2\files-2.1\org.mortbay.jetty\servlet-api-2.5\6.1.14\5f07601ab7d7c85dd9e38a17c0e1b0edfbd4a191\servlet-api-2.5-6.1.14.jar;C:\Users\netoz\.gradle\caches\modules-2\files-2.1\org.mortbay.jetty\jetty\6.1.14\5ded67b609e59c27e82ff61b510773d28c9bef56\jetty-6.1.14.jar;C:\Users\netoz\.gradle\caches\modules-2\files-2.1\org.mortbay.jetty\jetty-util\6.1.14\1b707d5884e35c9b97114a24aa9ee94ca531fa21\jetty-util-6.1.14.jar;C:\Users\netoz\.gradle\caches\modules-2\files-2.1\org.apache.commons\commons-lang3\3.3.2\90a3822c38ec8c996e84c16a3477ef632cbc87a3\commons-lang3-3.3.2.jar;C:\Users\netoz\.gradle\caches\modules-2\files-2.1\org.apache.ant\ant-launcher\1.8.3\a22bcf9438c41828b04c13b052c4886606abac2\ant-launcher-1.8.3.jar'
[DEBUG] Searching for key 'user.name' in [systemProperties]
[DEBUG] Found key 'user.name' in [systemProperties] with type [String] and value 'netoz'
[DEBUG] Searching for key 'java.vm.specification.version' in [systemProperties]
[DEBUG] Found key 'java.vm.specification.version' in [systemProperties] with type [String] and value '1.8'
[DEBUG] Searching for key 'sun.java.command' in [systemProperties]
[DEBUG] Found key 'sun.java.command' in [systemProperties] with type [String] and value 'jarjar.org.gradle.process.internal.launcher.GradleWorkerMain 'Gradle Test Executor 1''
[DEBUG] Searching for key 'java.home' in [systemProperties]
[DEBUG] Found key 'java.home' in [systemProperties] with type [String] and value 'C:\Program Files\Java\jdk1.8.0_91\jre'
[DEBUG] Searching for key 'sun.arch.data.model' in [systemProperties]
[DEBUG] Found key 'sun.arch.data.model' in [systemProperties] with type [String] and value '64'
[DEBUG] Searching for key 'user.language' in [systemProperties]
[DEBUG] Found key 'user.language' in [systemProperties] with type [String] and value 'es'
[DEBUG] Searching for key 'java.specification.vendor' in [systemProperties]
[DEBUG] Found key 'java.specification.vendor' in [systemProperties] with type [String] and value 'Oracle Corporation'
[DEBUG] Searching for key 'awt.toolkit' in [systemProperties]
[DEBUG] Found key 'awt.toolkit' in [systemProperties] with type [String] and value 'sun.awt.windows.WToolkit'
[DEBUG] Searching for key 'java.vm.info' in [systemProperties]
[DEBUG] Found key 'java.vm.info' in [systemProperties] with type [String] and value 'mixed mode'
[DEBUG] Searching for key 'java.version' in [systemProperties]
[DEBUG] Found key 'java.version' in [systemProperties] with type [String] and value '1.8.0_91'
[DEBUG] Searching for key 'java.ext.dirs' in [systemProperties]
[DEBUG] Found key 'java.ext.dirs' in [systemProperties] with type [String] and value 'C:\Program Files\Java\jdk1.8.0_91\jre\lib\ext;C:\windows\Sun\Java\lib\ext'
[DEBUG] Searching for key 'sun.boot.class.path' in [systemProperties]
[DEBUG] Found key 'sun.boot.class.path' in [systemProperties] with type [String] and value 'C:\Program Files\Java\jdk1.8.0_91\jre\lib\resources.jar;C:\Program Files\Java\jdk1.8.0_91\jre\lib\rt.jar;C:\Program Files\Java\jdk1.8.0_91\jre\lib\sunrsasign.jar;C:\Program Files\Java\jdk1.8.0_91\jre\lib\jsse.jar;C:\Program Files\Java\jdk1.8.0_91\jre\lib\jce.jar;C:\Program Files\Java\jdk1.8.0_91\jre\lib\charsets.jar;C:\Program Files\Java\jdk1.8.0_91\jre\lib\jfr.jar;C:\Program Files\Java\jdk1.8.0_91\jre\classes'
[DEBUG] Searching for key 'java.awt.headless' in [systemProperties]
[DEBUG] Found key 'java.awt.headless' in [systemProperties] with type [String] and value 'true'
[DEBUG] Searching for key 'java.vendor' in [systemProperties]
[DEBUG] Found key 'java.vendor' in [systemProperties] with type [String] and value 'Oracle Corporation'
[DEBUG] Searching for key 'org.gradle.test.worker' in [systemProperties]
[DEBUG] Found key 'org.gradle.test.worker' in [systemProperties] with type [String] and value '1'
[DEBUG] Searching for key 'file.separator' in [systemProperties]
[DEBUG] Found key 'file.separator' in [systemProperties] with type [String] and value '\'
[DEBUG] Searching for key 'java.vendor.url.bug' in [systemProperties]
[DEBUG] Found key 'java.vendor.url.bug' in [systemProperties] with type [String] and value 'http://bugreport.sun.com/bugreport/'
[DEBUG] Searching for key 'sun.io.unicode.encoding' in [systemProperties]
[DEBUG] Found key 'sun.io.unicode.encoding' in [systemProperties] with type [String] and value 'UnicodeLittle'
[DEBUG] Searching for key 'sun.cpu.endian' in [systemProperties]
[DEBUG] Found key 'sun.cpu.endian' in [systemProperties] with type [String] and value 'little'
[DEBUG] Searching for key 'sun.desktop' in [systemProperties]
[DEBUG] Found key 'sun.desktop' in [systemProperties] with type [String] and value 'windows'
[DEBUG] Searching for key 'sun.cpu.isalist' in [systemProperties]
[DEBUG] Found key 'sun.cpu.isalist' in [systemProperties] with type [String] and value 'amd64'
[DEBUG] Searching for key 'USERDOMAIN_ROAMINGPROFILE' in [systemProperties]
[DEBUG] Searching for key 'USERDOMAIN_ROAMINGPROFILE' in [systemEnvironment]
[DEBUG] Found key 'USERDOMAIN_ROAMINGPROFILE' in [systemEnvironment] with type [String] and value 'LAPTOP-D29UP5SP'
[DEBUG] Searching for key 'PROCESSOR_LEVEL' in [systemProperties]
[DEBUG] Searching for key 'PROCESSOR_LEVEL' in [systemEnvironment]
[DEBUG] Found key 'PROCESSOR_LEVEL' in [systemEnvironment] with type [String] and value '6'
[DEBUG] Searching for key 'RegionCode' in [systemProperties]
[DEBUG] Searching for key 'RegionCode' in [systemEnvironment]
[DEBUG] Found key 'RegionCode' in [systemEnvironment] with type [String] and value 'LA'
[DEBUG] Searching for key 'VS140COMNTOOLS' in [systemProperties]
[DEBUG] Searching for key 'VS140COMNTOOLS' in [systemEnvironment]
[DEBUG] Found key 'VS140COMNTOOLS' in [systemEnvironment] with type [String] and value 'C:\Program Files (x86)\Microsoft Visual Studio 14.0\Common7\Tools\'
[DEBUG] Searching for key 'SESSIONNAME' in [systemProperties]
[DEBUG] Searching for key 'SESSIONNAME' in [systemEnvironment]
[DEBUG] Found key 'SESSIONNAME' in [systemEnvironment] with type [String] and value 'Console'
[DEBUG] Searching for key 'ALLUSERSPROFILE' in [systemProperties]
[DEBUG] Searching for key 'ALLUSERSPROFILE' in [systemEnvironment]
[DEBUG] Found key 'ALLUSERSPROFILE' in [systemEnvironment] with type [String] and value 'C:\ProgramData'
[DEBUG] Searching for key 'PROCESSOR_ARCHITECTURE' in [systemProperties]
[DEBUG] Searching for key 'PROCESSOR_ARCHITECTURE' in [systemEnvironment]
[DEBUG] Found key 'PROCESSOR_ARCHITECTURE' in [systemEnvironment] with type [String] and value 'AMD64'
[DEBUG] Searching for key 'PSModulePath' in [systemProperties]
[DEBUG] Searching for key 'PSModulePath' in [systemEnvironment]
[DEBUG] Found key 'PSModulePath' in [systemEnvironment] with type [String] and value 'C:\Program Files\WindowsPowerShell\Modules;C:\windows\system32\WindowsPowerShell\v1.0\Modules'
[DEBUG] Searching for key 'SystemDrive' in [systemProperties]
[DEBUG] Searching for key 'SystemDrive' in [systemEnvironment]
[DEBUG] Found key 'SystemDrive' in [systemEnvironment] with type [String] and value 'C:'
[DEBUG] Searching for key 'DIRNAME' in [systemProperties]
[DEBUG] Searching for key 'DIRNAME' in [systemEnvironment]
[DEBUG] Found key 'DIRNAME' in [systemEnvironment] with type [String] and value 'C:\gradle-2.12\bin\'
[DEBUG] Searching for key 'USERNAME' in [systemProperties]
[DEBUG] Searching for key 'USERNAME' in [systemEnvironment]
[DEBUG] Found key 'USERNAME' in [systemEnvironment] with type [String] and value 'netoz'
[DEBUG] Searching for key 'CMD_LINE_ARGS' in [systemProperties]
[DEBUG] Searching for key 'CMD_LINE_ARGS' in [systemEnvironment]
[DEBUG] Found key 'CMD_LINE_ARGS' in [systemEnvironment] with type [String] and value 'cobertura'
[DEBUG] Searching for key 'ProgramFiles(x86)' in [systemProperties]
[DEBUG] Searching for key 'ProgramFiles(x86)' in [systemEnvironment]
[DEBUG] Found key 'ProgramFiles(x86)' in [systemEnvironment] with type [String] and value 'C:\Program Files (x86)'
[DEBUG] Searching for key 'FPS_BROWSER_USER_PROFILE_STRING' in [systemProperties]
[DEBUG] Searching for key 'FPS_BROWSER_USER_PROFILE_STRING' in [systemEnvironment]
[DEBUG] Found key 'FPS_BROWSER_USER_PROFILE_STRING' in [systemEnvironment] with type [String] and value 'Default'
[DEBUG] Searching for key 'APP_HOME' in [systemProperties]
[DEBUG] Searching for key 'APP_HOME' in [systemEnvironment]
[DEBUG] Found key 'APP_HOME' in [systemEnvironment] with type [String] and value 'C:\gradle-2.12\bin\..'
[DEBUG] Searching for key 'PATHEXT' in [systemProperties]
[DEBUG] Searching for key 'PATHEXT' in [systemEnvironment]
[DEBUG] Found key 'PATHEXT' in [systemEnvironment] with type [String] and value '.COM;.EXE;.BAT;.CMD;.VBS;.VBE;.JS;.JSE;.WSF;.WSH;.MSC'
[DEBUG] Searching for key 'platformcode' in [systemProperties]
[DEBUG] Searching for key 'platformcode' in [systemEnvironment]
[DEBUG] Found key 'platformcode' in [systemEnvironment] with type [String] and value 'KV'
[DEBUG] Searching for key 'ProgramData' in [systemProperties]
[DEBUG] Searching for key 'ProgramData' in [systemEnvironment]
[DEBUG] Found key 'ProgramData' in [systemEnvironment] with type [String] and value 'C:\ProgramData'
[DEBUG] Searching for key 'ProgramW6432' in [systemProperties]
[DEBUG] Searching for key 'ProgramW6432' in [systemEnvironment]
[DEBUG] Found key 'ProgramW6432' in [systemEnvironment] with type [String] and value 'C:\Program Files'
[DEBUG] Searching for key 'HOMEPATH' in [systemProperties]
[DEBUG] Searching for key 'HOMEPATH' in [systemEnvironment]
[DEBUG] Found key 'HOMEPATH' in [systemEnvironment] with type [String] and value '\Users\netoz'
[DEBUG] Searching for key 'PROCESSOR_IDENTIFIER' in [systemProperties]
[DEBUG] Searching for key 'PROCESSOR_IDENTIFIER' in [systemEnvironment]
[DEBUG] Found key 'PROCESSOR_IDENTIFIER' in [systemEnvironment] with type [String] and value 'Intel64 Family 6 Model 76 Stepping 3, GenuineIntel'
[DEBUG] Searching for key 'ProgramFiles' in [systemProperties]
[DEBUG] Searching for key 'ProgramFiles' in [systemEnvironment]
[DEBUG] Found key 'ProgramFiles' in [systemEnvironment] with type [String] and value 'C:\Program Files'
[DEBUG] Searching for key 'PUBLIC' in [systemProperties]
[DEBUG] Searching for key 'PUBLIC' in [systemEnvironment]
[DEBUG] Found key 'PUBLIC' in [systemEnvironment] with type [String] and value 'C:\Users\Public'
[DEBUG] Searching for key 'windir' in [systemProperties]
[DEBUG] Searching for key 'windir' in [systemEnvironment]
[DEBUG] Found key 'windir' in [systemEnvironment] with type [String] and value 'C:\windows'
[DEBUG] Searching for key '=::' in [systemProperties]
[DEBUG] Searching for key '=::' in [systemEnvironment]
[DEBUG] Found key '=::' in [systemEnvironment] with type [String] and value '::\'
[DEBUG] Searching for key '_SKIP' in [systemProperties]
[DEBUG] Searching for key '_SKIP' in [systemEnvironment]
[DEBUG] Found key '_SKIP' in [systemEnvironment] with type [String] and value '2'
[DEBUG] Searching for key 'LOCALAPPDATA' in [systemProperties]
[DEBUG] Searching for key 'LOCALAPPDATA' in [systemEnvironment]
[DEBUG] Found key 'LOCALAPPDATA' in [systemEnvironment] with type [String] and value 'C:\Users\netoz\AppData\Local'
[DEBUG] Searching for key 'USERDOMAIN' in [systemProperties]
[DEBUG] Searching for key 'USERDOMAIN' in [systemEnvironment]
[DEBUG] Found key 'USERDOMAIN' in [systemEnvironment] with type [String] and value 'LAPTOP-D29UP5SP'
[DEBUG] Searching for key 'FPS_BROWSER_APP_PROFILE_STRING' in [systemProperties]
[DEBUG] Searching for key 'FPS_BROWSER_APP_PROFILE_STRING' in [systemEnvironment]
[DEBUG] Found key 'FPS_BROWSER_APP_PROFILE_STRING' in [systemEnvironment] with type [String] and value 'Internet Explorer'
[DEBUG] Searching for key 'LOGONSERVER' in [systemProperties]
[DEBUG] Searching for key 'LOGONSERVER' in [systemEnvironment]
[DEBUG] Found key 'LOGONSERVER' in [systemEnvironment] with type [String] and value '\\MicrosoftAccount'
[DEBUG] Searching for key 'JAVA_HOME' in [systemProperties]
[DEBUG] Searching for key 'JAVA_HOME' in [systemEnvironment]
[DEBUG] Found key 'JAVA_HOME' in [systemEnvironment] with type [String] and value 'C:\Program Files\Java\jre1.8.0_91'
[DEBUG] Searching for key 'PROMPT' in [systemProperties]
[DEBUG] Searching for key 'PROMPT' in [systemEnvironment]
[DEBUG] Found key 'PROMPT' in [systemEnvironment] with type [String] and value '$P$G'
[DEBUG] Searching for key 'VS120COMNTOOLS' in [systemProperties]
[DEBUG] Searching for key 'VS120COMNTOOLS' in [systemEnvironment]
[DEBUG] Found key 'VS120COMNTOOLS' in [systemEnvironment] with type [String] and value 'C:\Program Files (x86)\Microsoft Visual Studio 12.0\Common7\Tools\'
[DEBUG] Searching for key 'GRADLE_HOME' in [systemProperties]
[DEBUG] Searching for key 'GRADLE_HOME' in [systemEnvironment]
[DEBUG] Found key 'GRADLE_HOME' in [systemEnvironment] with type [String] and value 'C:\gradle-2.12'
[DEBUG] Searching for key '=C:' in [systemProperties]
[DEBUG] Searching for key '=C:' in [systemEnvironment]
[DEBUG] Found key '=C:' in [systemEnvironment] with type [String] and value 'C:\Users\netoz\Documents\workspace-sts-3.7.3.RELEASE\Social-UACM'
[DEBUG] Searching for key 'APPDATA' in [systemProperties]
[DEBUG] Searching for key 'APPDATA' in [systemEnvironment]
[DEBUG] Found key 'APPDATA' in [systemEnvironment] with type [String] and value 'C:\Users\netoz\AppData\Roaming'
[DEBUG] Searching for key 'JAVA_EXE' in [systemProperties]
[DEBUG] Searching for key 'JAVA_EXE' in [systemEnvironment]
[DEBUG] Found key 'JAVA_EXE' in [systemEnvironment] with type [String] and value 'C:\Program Files\Java\jre1.8.0_91/bin/java.exe'
[DEBUG] Searching for key 'CommonProgramFiles' in [systemProperties]
[DEBUG] Searching for key 'CommonProgramFiles' in [systemEnvironment]
[DEBUG] Found key 'CommonProgramFiles' in [systemEnvironment] with type [String] and value 'C:\Program Files\Common Files'
[DEBUG] Searching for key 'JMETER_HOME' in [systemProperties]
[DEBUG] Searching for key 'JMETER_HOME' in [systemEnvironment]
[DEBUG] Found key 'JMETER_HOME' in [systemEnvironment] with type [String] and value 'C:\JMeter'
[DEBUG] Searching for key 'Path' in [systemProperties]
[DEBUG] Searching for key 'Path' in [systemEnvironment]
[DEBUG] Found key 'Path' in [systemEnvironment] with type [String] and value 'C:\ProgramData\Oracle\Java\javapath;C:\Program Files (x86)\Intel\TXE Components\TCS\;C:\Program Files\Intel\TXE Components\TCS\;C:\windows\system32;C:\windows;C:\windows\System32\Wbem;C:\windows\System32\WindowsPowerShell\v1.0\;C:\Program Files\Intel\TXE Components\DAL\;C:\Program Files (x86)\Intel\TXE Components\DAL\;C:\Program Files\Intel\TXE Components\IPT\;C:\Program Files (x86)\Intel\TXE Components\IPT\;C:\Program Files\Java\jre1.8.0_91\bin;C:\gradle-2.12\bin;C:\Program Files (x86)\MySQL\MySQL Fabric 1.5 & MySQL Utilities 1.5\;C:\Program Files (x86)\MySQL\MySQL Fabric 1.5 & MySQL Utilities 1.5\Doctrine extensions for PHP\;C:\Program Files (x86)\Windows Live\Shared;C:\windows\system32\config\systemprofile\.dnx\bin;C:\Program Files\Microsoft DNX\Dnvm\;C:\Program Files\Microsoft SQL Server\130\Tools\Binn\;C:\JMeter\bin;C:\Program Files\Java\jre1.8.0_91\bin;C:\Program Files (x86)\Windows Kits\10\Windows Performance Toolkit\;C:\Program Files (x86)\nodejs\;C:\Program Files\Git\cmd;C:\Users\netoz\AppData\Roaming\npm'
[DEBUG] Searching for key 'OS' in [systemProperties]
[DEBUG] Searching for key 'OS' in [systemEnvironment]
[DEBUG] Found key 'OS' in [systemEnvironment] with type [String] and value 'Windows_NT'
[DEBUG] Searching for key 'COMPUTERNAME' in [systemProperties]
[DEBUG] Searching for key 'COMPUTERNAME' in [systemEnvironment]
[DEBUG] Found key 'COMPUTERNAME' in [systemEnvironment] with type [String] and value 'LAPTOP-D29UP5SP'
[DEBUG] Searching for key 'OnlineServices' in [systemProperties]
[DEBUG] Searching for key 'OnlineServices' in [systemEnvironment]
[DEBUG] Found key 'OnlineServices' in [systemEnvironment] with type [String] and value 'Online Services'
[DEBUG] Searching for key 'PROCESSOR_REVISION' in [systemProperties]
[DEBUG] Searching for key 'PROCESSOR_REVISION' in [systemEnvironment]
[DEBUG] Found key 'PROCESSOR_REVISION' in [systemEnvironment] with type [String] and value '4c03'
[DEBUG] Searching for key 'CLASSPATH' in [systemProperties]
[DEBUG] Searching for key 'CLASSPATH' in [systemEnvironment]
[DEBUG] Found key 'CLASSPATH' in [systemEnvironment] with type [String] and value 'C:\gradle-2.12\bin\..\lib\gradle-launcher-2.12.jar'
[DEBUG] Searching for key 'CommonProgramW6432' in [systemProperties]
[DEBUG] Searching for key 'CommonProgramW6432' in [systemEnvironment]
[DEBUG] Found key 'CommonProgramW6432' in [systemEnvironment] with type [String] and value 'C:\Program Files\Common Files'
[DEBUG] Searching for key 'ComSpec' in [systemProperties]
[DEBUG] Searching for key 'ComSpec' in [systemEnvironment]
[DEBUG] Found key 'ComSpec' in [systemEnvironment] with type [String] and value 'C:\windows\system32\cmd.exe'
[DEBUG] Searching for key 'APP_BASE_NAME' in [systemProperties]
[DEBUG] Searching for key 'APP_BASE_NAME' in [systemEnvironment]
[DEBUG] Found key 'APP_BASE_NAME' in [systemEnvironment] with type [String] and value 'gradle'
[DEBUG] Searching for key 'SystemRoot' in [systemProperties]
[DEBUG] Searching for key 'SystemRoot' in [systemEnvironment]
[DEBUG] Found key 'SystemRoot' in [systemEnvironment] with type [String] and value 'C:\windows'
[DEBUG] Searching for key 'TEMP' in [systemProperties]
[DEBUG] Searching for key 'TEMP' in [systemEnvironment]
[DEBUG] Found key 'TEMP' in [systemEnvironment] with type [String] and value 'C:\Users\netoz\AppData\Local\Temp'
[DEBUG] Searching for key 'HOMEDRIVE' in [systemProperties]
[DEBUG] Searching for key 'HOMEDRIVE' in [systemEnvironment]
[DEBUG] Found key 'HOMEDRIVE' in [systemEnvironment] with type [String] and value 'C:'
[DEBUG] Searching for key 'USERPROFILE' in [systemProperties]
[DEBUG] Searching for key 'USERPROFILE' in [systemEnvironment]
[DEBUG] Found key 'USERPROFILE' in [systemEnvironment] with type [String] and value 'C:\Users\netoz'
[DEBUG] Searching for key 'TMP' in [systemProperties]
[DEBUG] Searching for key 'TMP' in [systemEnvironment]
[DEBUG] Found key 'TMP' in [systemEnvironment] with type [String] and value 'C:\Users\netoz\AppData\Local\Temp'
[DEBUG] Searching for key 'VS110COMNTOOLS' in [systemProperties]
[DEBUG] Searching for key 'VS110COMNTOOLS' in [systemEnvironment]
[DEBUG] Found key 'VS110COMNTOOLS' in [systemEnvironment] with type [String] and value 'C:\Program Files (x86)\Microsoft Visual Studio 11.0\Common7\Tools\'
[DEBUG] Searching for key 'CommonProgramFiles(x86)' in [systemProperties]
[DEBUG] Searching for key 'CommonProgramFiles(x86)' in [systemEnvironment]
[DEBUG] Found key 'CommonProgramFiles(x86)' in [systemEnvironment] with type [String] and value 'C:\Program Files (x86)\Common Files'
[DEBUG] Searching for key 'NUMBER_OF_PROCESSORS' in [systemProperties]
[DEBUG] Searching for key 'NUMBER_OF_PROCESSORS' in [systemEnvironment]
[DEBUG] Found key 'NUMBER_OF_PROCESSORS' in [systemEnvironment] with type [String] and value '2'
[DEBUG] Searching for key 'spring.jmx.enabled' in [systemProperties]
[DEBUG] Searching for key 'spring.jmx.enabled' in [systemEnvironment]
[DEBUG] Searching for key 'spring.jmx.enabled' in [random]
[DEBUG] Searching for key 'spring.jmx.enabled' in [integrationTest]
[DEBUG] Found key 'spring.jmx.enabled' in [integrationTest] with type [String] and value 'false'
[DEBUG] Searching for key 'server.port' in [systemProperties]
[DEBUG] Searching for key 'server.port' in [systemEnvironment]
[DEBUG] Searching for key 'server.port' in [random]
[DEBUG] Searching for key 'server.port' in [integrationTest]
[DEBUG] Found key 'server.port' in [integrationTest] with type [String] and value '-1'
[DEBUG] Searching for key 'spring.datasource.url' in [systemProperties]
[DEBUG] Searching for key 'spring.datasource.url' in [systemEnvironment]
[DEBUG] Searching for key 'spring.datasource.url' in [random]
[DEBUG] Searching for key 'spring.datasource.url' in [integrationTest]
[DEBUG] Searching for key 'spring.datasource.url' in [applicationConfigurationProperties]
[DEBUG] Found key 'spring.datasource.url' in [applicationConfigurationProperties] with type [String] and value 'jdbc:mysql://localhost:3306/socialuacm'
[DEBUG] Searching for key 'spring.datasource.username' in [systemProperties]
[DEBUG] Searching for key 'spring.datasource.username' in [systemEnvironment]
[DEBUG] Searching for key 'spring.datasource.username' in [random]
[DEBUG] Searching for key 'spring.datasource.username' in [integrationTest]
[DEBUG] Searching for key 'spring.datasource.username' in [applicationConfigurationProperties]
[DEBUG] Found key 'spring.datasource.username' in [applicationConfigurationProperties] with type [String] and value 'root'
[DEBUG] Searching for key 'spring.jpa.hibernate.ddl-auto' in [systemProperties]
[DEBUG] Searching for key 'spring.jpa.hibernate.ddl-auto' in [systemEnvironment]
[DEBUG] Searching for key 'spring.jpa.hibernate.ddl-auto' in [random]
[DEBUG] Searching for key 'spring.jpa.hibernate.ddl-auto' in [integrationTest]
[DEBUG] Searching for key 'spring.jpa.hibernate.ddl-auto' in [applicationConfigurationProperties]
[DEBUG] Found key 'spring.jpa.hibernate.ddl-auto' in [applicationConfigurationProperties] with type [String] and value 'update'
[DEBUG] Searching for key 'spring.datasource.driver-class-name' in [systemProperties]
[DEBUG] Searching for key 'spring.datasource.driver-class-name' in [systemEnvironment]
[DEBUG] Searching for key 'spring.datasource.driver-class-name' in [random]
[DEBUG] Searching for key 'spring.datasource.driver-class-name' in [integrationTest]
[DEBUG] Searching for key 'spring.datasource.driver-class-name' in [applicationConfigurationProperties]
[DEBUG] Found key 'spring.datasource.driver-class-name' in [applicationConfigurationProperties] with type [String] and value 'com.mysql.jdbc.Driver'
[DEBUG] Searching for key 'spring.jpa.database' in [systemProperties]
[DEBUG] Searching for key 'spring.jpa.database' in [systemEnvironment]
[DEBUG] Searching for key 'spring.jpa.database' in [random]
[DEBUG] Searching for key 'spring.jpa.database' in [integrationTest]
[DEBUG] Searching for key 'spring.jpa.database' in [applicationConfigurationProperties]
[DEBUG] Found key 'spring.jpa.database' in [applicationConfigurationProperties] with type [String] and value 'MYSQL'
[DEBUG] Searching for key 'logging.level.edu.uacm' in [systemProperties]
[DEBUG] Searching for key 'logging.level.edu.uacm' in [systemEnvironment]
[DEBUG] Searching for key 'logging.level.edu.uacm' in [random]
[DEBUG] Searching for key 'logging.level.edu.uacm' in [integrationTest]
[DEBUG] Searching for key 'logging.level.edu.uacm' in [applicationConfigurationProperties]
[DEBUG] Found key 'logging.level.edu.uacm' in [applicationConfigurationProperties] with type [String] and value 'DEBUG'
[DEBUG] Searching for key 'spring.jpa.hibernate.naming-strategy' in [systemProperties]
[DEBUG] Searching for key 'spring.jpa.hibernate.naming-strategy' in [systemEnvironment]
[DEBUG] Searching for key 'spring.jpa.hibernate.naming-strategy' in [random]
[DEBUG] Searching for key 'spring.jpa.hibernate.naming-strategy' in [integrationTest]
[DEBUG] Searching for key 'spring.jpa.hibernate.naming-strategy' in [applicationConfigurationProperties]
[DEBUG] Found key 'spring.jpa.hibernate.naming-strategy' in [applicationConfigurationProperties] with type [String] and value 'org.hibernate.cfg.ImprovedNamingStrategy'
[DEBUG] Searching for key 'spring.datasource.password' in [systemProperties]
[DEBUG] Searching for key 'spring.datasource.password' in [systemEnvironment]
[DEBUG] Searching for key 'spring.datasource.password' in [random]
[DEBUG] Searching for key 'spring.datasource.password' in [integrationTest]
[DEBUG] Searching for key 'spring.datasource.password' in [applicationConfigurationProperties]
[DEBUG] Found key 'spring.datasource.password' in [applicationConfigurationProperties] with type [String] and value ''
[DEBUG] Searching for key 'spring.jpa.properties.hibernate.dialect' in [systemProperties]
[DEBUG] Searching for key 'spring.jpa.properties.hibernate.dialect' in [systemEnvironment]
[DEBUG] Searching for key 'spring.jpa.properties.hibernate.dialect' in [random]
[DEBUG] Searching for key 'spring.jpa.properties.hibernate.dialect' in [integrationTest]
[DEBUG] Searching for key 'spring.jpa.properties.hibernate.dialect' in [applicationConfigurationProperties]
[DEBUG] Found key 'spring.jpa.properties.hibernate.dialect' in [applicationConfigurationProperties] with type [String] and value 'org.hibernate.dialect.MySQL5Dialect'
[DEBUG] Searching for key 'spring.jpa.show-sql' in [systemProperties]
[DEBUG] Searching for key 'spring.jpa.show-sql' in [systemEnvironment]
[DEBUG] Searching for key 'spring.jpa.show-sql' in [random]
[DEBUG] Searching for key 'spring.jpa.show-sql' in [integrationTest]
[DEBUG] Searching for key 'spring.jpa.show-sql' in [applicationConfigurationProperties]
[DEBUG] Found key 'spring.jpa.show-sql' in [applicationConfigurationProperties] with type [String] and value 'true'
[DEBUG] Returning cached instance of singleton bean 'autoConfigurationReport'
[DEBUG] Returning cached instance of singleton bean 'autoConfigurationReport'
[DEBUG] Returning cached instance of singleton bean 'autoConfigurationReport'
[DEBUG] Returning cached instance of singleton bean 'autoConfigurationReport'
[DEBUG] Searching for key 'spring.jmx.enabled' in [systemProperties]
[DEBUG] Searching for key 'spring.jmx.enabled' in [systemEnvironment]
[DEBUG] Searching for key 'spring.jmx.enabled' in [random]
[DEBUG] Searching for key 'spring.jmx.enabled' in [integrationTest]
[DEBUG] Found key 'spring.jmx.enabled' in [integrationTest] with type [String] and value 'false'
[DEBUG] Returning cached instance of singleton bean 'autoConfigurationReport'
[DEBUG] Returning cached instance of singleton bean 'autoConfigurationReport'
[DEBUG] Returning cached instance of singleton bean 'autoConfigurationReport'
[DEBUG] Returning cached instance of singleton bean 'autoConfigurationReport'
[DEBUG] Returning cached instance of singleton bean 'autoConfigurationReport'
[DEBUG] Returning cached instance of singleton bean 'autoConfigurationReport'
[DEBUG] Returning cached instance of singleton bean 'autoConfigurationReport'
[DEBUG] Returning cached instance of singleton bean 'autoConfigurationReport'
[DEBUG] Returning cached instance of singleton bean 'autoConfigurationReport'
[DEBUG] Returning cached instance of singleton bean 'autoConfigurationReport'
[DEBUG] Returning cached instance of singleton bean 'autoConfigurationReport'
[DEBUG] Returning cached instance of singleton bean 'autoConfigurationReport'
[DEBUG] Returning cached instance of singleton bean 'autoConfigurationReport'
[DEBUG] Returning cached instance of singleton bean 'autoConfigurationReport'
[DEBUG] Returning cached instance of singleton bean 'autoConfigurationReport'
[DEBUG] Returning cached instance of singleton bean 'autoConfigurationReport'
[DEBUG] Returning cached instance of singleton bean 'autoConfigurationReport'
[DEBUG] Returning cached instance of singleton bean 'autoConfigurationReport'
[DEBUG] Returning cached instance of singleton bean 'autoConfigurationReport'
[DEBUG] Returning cached instance of singleton bean 'autoConfigurationReport'
[DEBUG] Returning cached instance of singleton bean 'autoConfigurationReport'
[DEBUG] Returning cached instance of singleton bean 'autoConfigurationReport'
[DEBUG] Returning cached instance of singleton bean 'autoConfigurationReport'
[DEBUG] Returning cached instance of singleton bean 'autoConfigurationReport'
[DEBUG] Returning cached instance of singleton bean 'autoConfigurationReport'
[DEBUG] Returning cached instance of singleton bean 'autoConfigurationReport'
[DEBUG] Returning cached instance of singleton bean 'autoConfigurationReport'
[DEBUG] Returning cached instance of singleton bean 'autoConfigurationReport'
[DEBUG] Returning cached instance of singleton bean 'autoConfigurationReport'
[DEBUG] Returning cached instance of singleton bean 'autoConfigurationReport'
[DEBUG] Returning cached instance of singleton bean 'autoConfigurationReport'
[DEBUG] Returning cached instance of singleton bean 'autoConfigurationReport'
[DEBUG] Returning cached instance of singleton bean 'autoConfigurationReport'
[DEBUG] Returning cached instance of singleton bean 'autoConfigurationReport'
[DEBUG] Returning cached instance of singleton bean 'autoConfigurationReport'
[DEBUG] Returning cached instance of singleton bean 'autoConfigurationReport'
[DEBUG] Returning cached instance of singleton bean 'autoConfigurationReport'
[DEBUG] Returning cached instance of singleton bean 'autoConfigurationReport'
[DEBUG] Returning cached instance of singleton bean 'autoConfigurationReport'
[DEBUG] Returning cached instance of singleton bean 'autoConfigurationReport'
[DEBUG] Returning cached instance of singleton bean 'autoConfigurationReport'
[DEBUG] Returning cached instance of singleton bean 'autoConfigurationReport'
[DEBUG] Returning cached instance of singleton bean 'autoConfigurationReport'
[DEBUG] Returning cached instance of singleton bean 'autoConfigurationReport'
[DEBUG] Returning cached instance of singleton bean 'autoConfigurationReport'
[DEBUG] Returning cached instance of singleton bean 'autoConfigurationReport'
[DEBUG] Returning cached instance of singleton bean 'autoConfigurationReport'
[DEBUG] Returning cached instance of singleton bean 'autoConfigurationReport'
[DEBUG] Returning cached instance of singleton bean 'autoConfigurationReport'
[DEBUG] Returning cached instance of singleton bean 'autoConfigurationReport'
[DEBUG] Returning cached instance of singleton bean 'autoConfigurationReport'
[DEBUG] Returning cached instance of singleton bean 'autoConfigurationReport'
[DEBUG] Returning cached instance of singleton bean 'autoConfigurationReport'
[DEBUG] Returning cached instance of singleton bean 'autoConfigurationReport'
[DEBUG] Returning cached instance of singleton bean 'autoConfigurationReport'
[DEBUG] Returning cached instance of singleton bean 'autoConfigurationReport'
[DEBUG] Returning cached instance of singleton bean 'autoConfigurationReport'
[DEBUG] Returning cached instance of singleton bean 'autoConfigurationReport'
[DEBUG] Returning cached instance of singleton bean 'autoConfigurationReport'
[DEBUG] Returning cached instance of singleton bean 'autoConfigurationReport'
[DEBUG] Returning cached instance of singleton bean 'autoConfigurationReport'
[DEBUG] Returning cached instance of singleton bean 'autoConfigurationReport'
[DEBUG] Returning cached instance of singleton bean 'autoConfigurationReport'
[DEBUG] Returning cached instance of singleton bean 'autoConfigurationReport'
[DEBUG] Returning cached instance of singleton bean 'autoConfigurationReport'
[DEBUG] Returning cached instance of singleton bean 'autoConfigurationReport'
[DEBUG] Returning cached instance of singleton bean 'autoConfigurationReport'
[DEBUG] Returning cached instance of singleton bean 'autoConfigurationReport'
[DEBUG] Returning cached instance of singleton bean 'autoConfigurationReport'
[DEBUG] Returning cached instance of singleton bean 'autoConfigurationReport'
[DEBUG] Returning cached instance of singleton bean 'autoConfigurationReport'
[DEBUG] Returning cached instance of singleton bean 'autoConfigurationReport'
[DEBUG] Returning cached instance of singleton bean 'autoConfigurationReport'
[DEBUG] Returning cached instance of singleton bean 'autoConfigurationReport'
[DEBUG] Returning cached instance of singleton bean 'autoConfigurationReport'
[DEBUG] Adding [systemProperties] PropertySource with lowest search precedence
[DEBUG] Adding [systemEnvironment] PropertySource with lowest search precedence
[DEBUG] Initialized StandardEnvironment with PropertySources [systemProperties,systemEnvironment]
[DEBUG] Resolved classpath location [org/springframework/data/] to resources [URL [jar:file:/C:/Users/netoz/.gradle/caches/modules-2/files-2.1/org.springframework.data/spring-data-jpa/1.9.4.RELEASE/80b83510e67aa085b7d91d2d096d90133ec995de/spring-data-jpa-1.9.4.RELEASE.jar!/org/springframework/data/], URL [jar:file:/C:/Users/netoz/.gradle/caches/modules-2/files-2.1/org.springframework.data/spring-data-commons/1.11.4.RELEASE/c2b1fd4dbf7dff772d6124bb35892759e8bf088e/spring-data-commons-1.11.4.RELEASE.jar!/org/springframework/data/]]
[DEBUG] Looking for matching resources in jar file [file:/C:/Users/netoz/.gradle/caches/modules-2/files-2.1/org.springframework.data/spring-data-jpa/1.9.4.RELEASE/80b83510e67aa085b7d91d2d096d90133ec995de/spring-data-jpa-1.9.4.RELEASE.jar]
[DEBUG] Looking for matching resources in jar file [file:/C:/Users/netoz/.gradle/caches/modules-2/files-2.1/org.springframework.data/spring-data-commons/1.11.4.RELEASE/c2b1fd4dbf7dff772d6124bb35892759e8bf088e/spring-data-commons-1.11.4.RELEASE.jar]
[DEBUG] Resolved location pattern [classpath*:org/springframework/data/**/*.class] to resources [URL [jar:file:/C:/Users/netoz/.gradle/caches/modules-2/files-2.1/org.springframework.data/spring-data-jpa/1.9.4.RELEASE/80b83510e67aa085b7d91d2d096d90133ec995de/spring-data-jpa-1.9.4.RELEASE.jar!/org/springframework/data/jpa/mapping/JpaPersistentProperty.class], URL [jar:file:/C:/Users/netoz/.gradle/caches/modules-2/files-2.1/org.springframework.data/spring-data-jpa/1.9.4.RELEASE/80b83510e67aa085b7d91d2d096d90133ec995de/spring-data-jpa-1.9.4.RELEASE.jar!/org/springframework/data/jpa/mapping/JpaPersistentPropertyImpl.class], URL [jar:file:/C:/Users/netoz/.gradle/caches/modules-2/files-2.1/org.springframework.data/spring-data-jpa/1.9.4.RELEASE/80b83510e67aa085b7d91d2d096d90133ec995de/spring-data-jpa-1.9.4.RELEASE.jar!/org/springframework/data/jpa/mapping/JpaPersistentEntityImpl.class], URL [jar:file:/C:/Users/netoz/.gradle/caches/modules-2/files-2.1/org.springframework.data/spring-data-jpa/1.9.4.RELEASE/80b83510e67aa085b7d91d2d096d90133ec995de/spring-data-jpa-1.9.4.RELEASE.jar!/org/springframework/data/jpa/mapping/JpaPersistentEntityImpl$JpaProxyAwareIdentifierAccessor.class], URL [jar:file:/C:/Users/netoz/.gradle/caches/modules-2/files-2.1/org.springframework.data/spring-data-jpa/1.9.4.RELEASE/80b83510e67aa085b7d91d2d096d90133ec995de/spring-data-jpa-1.9.4.RELEASE.jar!/org/springframework/data/jpa/mapping/JpaMetamodelMappingContext.class], URL [jar:file:/C:/Users/netoz/.gradle/caches/modules-2/files-2.1/org.springframework.data/spring-data-jpa/1.9.4.RELEASE/80b83510e67aa085b7d91d2d096d90133ec995de/spring-data-jpa-1.9.4.RELEASE.jar!/org/springframework/data/jpa/mapping/JpaPersistentEntity.class], URL [jar:file:/C:/Users/netoz/.gradle/caches/modules-2/files-2.1/org.springframework.data/spring-data-jpa/1.9.4.RELEASE/80b83510e67aa085b7d91d2d096d90133ec995de/spring-data-jpa-1.9.4.RELEASE.jar!/org/springframework/data/jpa/util/BeanDefinitionUtils$EntityManagerFactoryBeanDefinition.class], URL [jar:file:/C:/Users/netoz/.gradle/caches/modules-2/files-2.1/org.springframework.data/spring-data-jpa/1.9.4.RELEASE/80b83510e67aa085b7d91d2d096d90133ec995de/spring-data-jpa-1.9.4.RELEASE.jar!/org/springframework/data/jpa/util/BeanDefinitionUtils.class], URL [jar:file:/C:/Users/netoz/.gradle/caches/modules-2/files-2.1/org.springframework.data/spring-data-jpa/1.9.4.RELEASE/80b83510e67aa085b7d91d2d096d90133ec995de/spring-data-jpa-1.9.4.RELEASE.jar!/org/springframework/data/jpa/convert/threetenbp/ThreeTenBackPortJpaConverters$LocalTimeConverter.class], URL [jar:file:/C:/Users/netoz/.gradle/caches/modules-2/files-2.1/org.springframework.data/spring-data-jpa/1.9.4.RELEASE/80b83510e67aa085b7d91d2d096d90133ec995de/spring-data-jpa-1.9.4.RELEASE.jar!/org/springframework/data/jpa/convert/threetenbp/ThreeTenBackPortJpaConverters$LocalDateTimeConverter.class], URL [jar:file:/C:/Users/netoz/.gradle/caches/modules-2/files-2.1/org.springframework.data/spring-data-jpa/1.9.4.RELEASE/80b83510e67aa085b7d91d2d096d90133ec995de/spring-data-jpa-1.9.4.RELEASE.jar!/org/springframework/data/jpa/convert/threetenbp/ThreeTenBackPortJpaConverters$InstantConverter.class], URL [jar:file:/C:/Users/netoz/.gradle/caches/modules-2/files-2.1/org.springframework.data/spring-data-jpa/1.9.4.RELEASE/80b83510e67aa085b7d91d2d096d90133ec995de/spring-data-jpa-1.9.4.RELEASE.jar!/org/springframework/data/jpa/convert/threetenbp/ThreeTenBackPortJpaConverters$LocalDateConverter.class], URL [jar:file:/C:/Users/netoz/.gradle/caches/modules-2/files-2.1/org.springframework.data/spring-data-jpa/1.9.4.RELEASE/80b83510e67aa085b7d91d2d096d90133ec995de/spring-data-jpa-1.9.4.RELEASE.jar!/org/springframework/data/jpa/convert/threetenbp/ThreeTenBackPortJpaConverters.class], URL [jar:file:/C:/Users/netoz/.gradle/caches/modules-2/files-2.1/org.springframework.data/spring-data-jpa/1.9.4.RELEASE/80b83510e67aa085b7d91d2d096d90133ec995de/spring-data-jpa-1.9.4.RELEASE.jar!/org/springframework/data/jpa/convert/threeten/Jsr310JpaConverters$InstantConverter.class], URL [jar:file:/C:/Users/netoz/.gradle/caches/modules-2/files-2.1/org.springframework.data/spring-data-jpa/1.9.4.RELEASE/80b83510e67aa085b7d91d2d096d90133ec995de/spring-data-jpa-1.9.4.RELEASE.jar!/org/springframework/data/jpa/convert/threeten/Jsr310JpaConverters$LocalDateConverter.class], URL [jar:file:/C:/Users/netoz/.gradle/caches/modules-2/files-2.1/org.springframework.data/spring-data-jpa/1.9.4.RELEASE/80b83510e67aa085b7d91d2d096d90133ec995de/spring-data-jpa-1.9.4.RELEASE.jar!/org/springframework/data/jpa/convert/threeten/Jsr310JpaConverters$LocalTimeConverter.class], URL [jar:file:/C:/Users/netoz/.gradle/caches/modules-2/files-2.1/org.springframework.data/spring-data-jpa/1.9.4.RELEASE/80b83510e67aa085b7d91d2d096d90133ec995de/spring-data-jpa-1.9.4.RELEASE.jar!/org/springframework/data/jpa/convert/threeten/Jsr310JpaConverters.class], URL [jar:file:/C:/Users/netoz/.gradle/caches/modules-2/files-2.1/org.springframework.data/spring-data-jpa/1.9.4.RELEASE/80b83510e67aa085b7d91d2d096d90133ec995de/spring-data-jpa-1.9.4.RELEASE.jar!/org/springframework/data/jpa/convert/threeten/Jsr310JpaConverters$LocalDateTimeConverter.class], URL [jar:file:/C:/Users/netoz/.gradle/caches/modules-2/files-2.1/org.springframework.data/spring-data-jpa/1.9.4.RELEASE/80b83510e67aa085b7d91d2d096d90133ec995de/spring-data-jpa-1.9.4.RELEASE.jar!/org/springframework/data/jpa/repository/Query.class], URL [jar:file:/C:/Users/netoz/.gradle/caches/modules-2/files-2.1/org.springframework.data/spring-data-jpa/1.9.4.RELEASE/80b83510e67aa085b7d91d2d096d90133ec995de/spring-data-jpa-1.9.4.RELEASE.jar!/org/springframework/data/jpa/repository/query/ParameterMetadataProvider$1.class], URL [jar:file:/C:/Users/netoz/.gradle/caches/modules-2/files-2.1/org.springframework.data/spring-data-jpa/1.9.4.RELEASE/80b83510e67aa085b7d91d2d096d90133ec995de/spring-data-jpa-1.9.4.RELEASE.jar!/org/springframework/data/jpa/repository/query/StringQuery.class], URL [jar:file:/C:/Users/netoz/.gradle/caches/modules-2/files-2.1/org.springframework.data/spring-data-jpa/1.9.4.RELEASE/80b83510e67aa085b7d91d2d096d90133ec995de/spring-data-jpa-1.9.4.RELEASE.jar!/org/springframework/data/jpa/repository/query/JpaQueryExecution.class], URL [jar:file:/C:/Users/netoz/.gradle/caches/modules-2/files-2.1/org.springframework.data/spring-data-jpa/1.9.4.RELEASE/80b83510e67aa085b7d91d2d096d90133ec995de/spring-data-jpa-1.9.4.RELEASE.jar!/org/springframework/data/jpa/repository/query/JpaQueryLookupStrategy$AbstractQueryLookupStrategy.class], URL [jar:file:/C:/Users/netoz/.gradle/caches/modules-2/files-2.1/org.springframework.data/spring-data-jpa/1.9.4.RELEASE/80b83510e67aa085b7d91d2d096d90133ec995de/spring-data-jpa-1.9.4.RELEASE.jar!/org/springframework/data/jpa/repository/query/JpaResultConverters$BlobToByteArrayConverter.class], URL [jar:file:/C:/Users/netoz/.gradle/caches/modules-2/files-2.1/org.springframework.data/spring-data-jpa/1.9.4.RELEASE/80b83510e67aa085b7d91d2d096d90133ec995de/spring-data-jpa-1.9.4.RELEASE.jar!/org/springframework/data/jpa/repository/query/JpaQueryLookupStrategy$CreateQueryLookupStrategy.class], URL [jar:file:/C:/Users/netoz/.gradle/caches/modules-2/files-2.1/org.springframework.data/spring-data-jpa/1.9.4.RELEASE/80b83510e67aa085b7d91d2d096d90133ec995de/spring-data-jpa-1.9.4.RELEASE.jar!/org/springframework/data/jpa/repository/query/JpaResultConverters.class], URL [jar:file:/C:/Users/netoz/.gradle/caches/modules-2/files-2.1/org.springframework.data/spring-data-jpa/1.9.4.RELEASE/80b83510e67aa085b7d91d2d096d90133ec995de/spring-data-jpa-1.9.4.RELEASE.jar!/org/springframework/data/jpa/repository/query/JpaQueryExecution$SingleEntityExecution.class], URL [jar:file:/C:/Users/netoz/.gradle/caches/modules-2/files-2.1/org.springframework.data/spring-data-jpa/1.9.4.RELEASE/80b83510e67aa085b7d91d2d096d90133ec995de/spring-data-jpa-1.9.4.RELEASE.jar!/org/springframework/data/jpa/repository/query/AbstractStringBasedJpaQuery.class], URL [jar:file:/C:/Users/netoz/.gradle/caches/modules-2/files-2.1/org.springframework.data/spring-data-jpa/1.9.4.RELEASE/80b83510e67aa085b7d91d2d096d90133ec995de/spring-data-jpa-1.9.4.RELEASE.jar!/org/springframework/data/jpa/repository/query/JpaQueryExecution$StreamExecution.class], URL [jar:file:/C:/Users/netoz/.gradle/caches/modules-2/files-2.1/org.springframework.data/spring-data-jpa/1.9.4.RELEASE/80b83510e67aa085b7d91d2d096d90133ec995de/spring-data-jpa-1.9.4.RELEASE.jar!/org/springframework/data/jpa/repository/query/StoredProcedureAttributeSource$1.class], URL [jar:file:/C:/Users/netoz/.gradle/caches/modules-2/files-2.1/org.springframework.data/spring-data-jpa/1.9.4.RELEASE/80b83510e67aa085b7d91d2d096d90133ec995de/spring-data-jpa-1.9.4.RELEASE.jar!/org/springframework/data/jpa/repository/query/SpelExpressionStringQueryParameterBinder.class], URL [jar:file:/C:/Users/netoz/.gradle/caches/modules-2/files-2.1/org.springframework.data/spring-data-jpa/1.9.4.RELEASE/80b83510e67aa085b7d91d2d096d90133ec995de/spring-data-jpa-1.9.4.RELEASE.jar!/org/springframework/data/jpa/repository/query/JpaQueryExecution$ProcedureExecution.class], URL [jar:file:/C:/Users/netoz/.gradle/caches/modules-2/files-2.1/org.springframework.data/spring-data-jpa/1.9.4.RELEASE/80b83510e67aa085b7d91d2d096d90133ec995de/spring-data-jpa-1.9.4.RELEASE.jar!/org/springframework/data/jpa/repository/query/StringQuery$InParameterBinding.class], URL [jar:file:/C:/Users/netoz/.gradle/caches/modules-2/files-2.1/org.springframework.data/spring-data-jpa/1.9.4.RELEASE/80b83510e67aa085b7d91d2d096d90133ec995de/spring-data-jpa-1.9.4.RELEASE.jar!/org/springframework/data/jpa/repository/query/JpaQueryExecution$SlicedExecution.class], URL [jar:file:/C:/Users/netoz/.gradle/caches/modules-2/files-2.1/org.springframework.data/spring-data-jpa/1.9.4.RELEASE/80b83510e67aa085b7d91d2d096d90133ec995de/spring-data-jpa-1.9.4.RELEASE.jar!/org/springframework/data/jpa/repository/query/StringQueryParameterBinder.class], URL [jar:file:/C:/Users/netoz/.gradle/caches/modules-2/files-2.1/org.springframework.data/spring-data-jpa/1.9.4.RELEASE/80b83510e67aa085b7d91d2d096d90133ec995de/spring-data-jpa-1.9.4.RELEASE.jar!/org/springframework/data/jpa/repository/query/StringQuery$LikeParameterBinding.class], URL [jar:file:/C:/Users/netoz/.gradle/caches/modules-2/files-2.1/org.springframework.data/spring-data-jpa/1.9.4.RELEASE/80b83510e67aa085b7d91d2d096d90133ec995de/spring-data-jpa-1.9.4.RELEASE.jar!/org/springframework/data/jpa/repository/query/StringQuery$ParameterBinding.class], URL [jar:file:/C:/Users/netoz/.gradle/caches/modules-2/files-2.1/org.springframework.data/spring-data-jpa/1.9.4.RELEASE/80b83510e67aa085b7d91d2d096d90133ec995de/spring-data-jpa-1.9.4.RELEASE.jar!/org/springframework/data/jpa/repository/query/JpaParameters.class], URL [jar:file:/C:/Users/netoz/.gradle/caches/modules-2/files-2.1/org.springframework.data/spring-data-jpa/1.9.4.RELEASE/80b83510e67aa085b7d91d2d096d90133ec995de/spring-data-jpa-1.9.4.RELEASE.jar!/org/springframework/data/jpa/repository/query/JpaQueryCreator.class], URL [jar:file:/C:/Users/netoz/.gradle/caches/modules-2/files-2.1/org.springframework.data/spring-data-jpa/1.9.4.RELEASE/80b83510e67aa085b7d91d2d096d90133ec995de/spring-data-jpa-1.9.4.RELEASE.jar!/org/springframework/data/jpa/repository/query/JpaQueryExecution$DeleteExecution.class], URL [jar:file:/C:/Users/netoz/.gradle/caches/modules-2/files-2.1/org.springframework.data/spring-data-jpa/1.9.4.RELEASE/80b83510e67aa085b7d91d2d096d90133ec995de/spring-data-jpa-1.9.4.RELEASE.jar!/org/springframework/data/jpa/repository/query/CriteriaQueryParameterBinder.class], URL [jar:file:/C:/Users/netoz/.gradle/caches/modules-2/files-2.1/org.springframework.data/spring-data-jpa/1.9.4.RELEASE/80b83510e67aa085b7d91d2d096d90133ec995de/spring-data-jpa-1.9.4.RELEASE.jar!/org/springframework/data/jpa/repository/query/JpaQueryLookupStrategy.class], URL [jar:file:/C:/Users/netoz/.gradle/caches/modules-2/files-2.1/org.springframework.data/spring-data-jpa/1.9.4.RELEASE/80b83510e67aa085b7d91d2d096d90133ec995de/spring-data-jpa-1.9.4.RELEASE.jar!/org/springframework/data/jpa/repository/query/StringQuery$1.class], URL [jar:file:/C:/Users/netoz/.gradle/caches/modules-2/files-2.1/org.springframework.data/spring-data-jpa/1.9.4.RELEASE/80b83510e67aa085b7d91d2d096d90133ec995de/spring-data-jpa-1.9.4.RELEASE.jar!/org/springframework/data/jpa/repository/query/JpaQueryLookupStrategy$DeclaredQueryLookupStrategy.class], URL [jar:file:/C:/Users/netoz/.gradle/caches/modules-2/files-2.1/org.springframework.data/spring-data-jpa/1.9.4.RELEASE/80b83510e67aa085b7d91d2d096d90133ec995de/spring-data-jpa-1.9.4.RELEASE.jar!/org/springframework/data/jpa/repository/query/JpaQueryExecution$CollectionExecution.class], URL [jar:file:/C:/Users/netoz/.gradle/caches/modules-2/files-2.1/org.springframework.data/spring-data-jpa/1.9.4.RELEASE/80b83510e67aa085b7d91d2d096d90133ec995de/spring-data-jpa-1.9.4.RELEASE.jar!/org/springframework/data/jpa/repository/query/JpaQueryExecution$PagedExecution.class], URL [jar:file:/C:/Users/netoz/.gradle/caches/modules-2/files-2.1/org.springframework.data/spring-data-jpa/1.9.4.RELEASE/80b83510e67aa085b7d91d2d096d90133ec995de/spring-data-jpa-1.9.4.RELEASE.jar!/org/springframework/data/jpa/repository/query/JpaQueryLookupStrategy$CreateIfNotFoundQueryLookupStrategy.class], URL [jar:file:/C:/Users/netoz/.gradle/caches/modules-2/files-2.1/org.springframework.data/spring-data-jpa/1.9.4.RELEASE/80b83510e67aa085b7d91d2d096d90133ec995de/spring-data-jpa-1.9.4.RELEASE.jar!/org/springframework/data/jpa/repository/query/SimpleJpaQuery.class], URL [jar:file:/C:/Users/netoz/.gradle/caches/modules-2/files-2.1/org.springframework.data/spring-data-jpa/1.9.4.RELEASE/80b83510e67aa085b7d91d2d096d90133ec995de/spring-data-jpa-1.9.4.RELEASE.jar!/org/springframework/data/jpa/repository/query/StoredProcedureAttributes.class], URL [jar:file:/C:/Users/netoz/.gradle/caches/modules-2/files-2.1/org.springframework.data/spring-data-jpa/1.9.4.RELEASE/80b83510e67aa085b7d91d2d096d90133ec995de/spring-data-jpa-1.9.4.RELEASE.jar!/org/springframework/data/jpa/repository/query/AbstractJpaQuery.class], URL [jar:file:/C:/Users/netoz/.gradle/caches/modules-2/files-2.1/org.springframework.data/spring-data-jpa/1.9.4.RELEASE/80b83510e67aa085b7d91d2d096d90133ec995de/spring-data-jpa-1.9.4.RELEASE.jar!/org/springframework/data/jpa/repository/query/JpaEntityGraph.class], URL [jar:file:/C:/Users/netoz/.gradle/caches/modules-2/files-2.1/org.springframework.data/spring-data-jpa/1.9.4.RELEASE/80b83510e67aa085b7d91d2d096d90133ec995de/spring-data-jpa-1.9.4.RELEASE.jar!/org/springframework/data/jpa/repository/query/ParameterMetadataProvider$ParameterMetadata.class], URL [jar:file:/C:/Users/netoz/.gradle/caches/modules-2/files-2.1/org.springframework.data/spring-data-jpa/1.9.4.RELEASE/80b83510e67aa085b7d91d2d096d90133ec995de/spring-data-jpa-1.9.4.RELEASE.jar!/org/springframework/data/jpa/repository/query/Jpa21Utils.class], URL [jar:file:/C:/Users/netoz/.gradle/caches/modules-2/files-2.1/org.springframework.data/spring-data-jpa/1.9.4.RELEASE/80b83510e67aa085b7d91d2d096d90133ec995de/spring-data-jpa-1.9.4.RELEASE.jar!/org/springframework/data/jpa/repository/query/InvalidJpaQueryMethodException.class], URL [jar:file:/C:/Users/netoz/.gradle/caches/modules-2/files-2.1/org.springframework.data/spring-data-jpa/1.9.4.RELEASE/80b83510e67aa085b7d91d2d096d90133ec995de/spring-data-jpa-1.9.4.RELEASE.jar!/org/springframework/data/jpa/repository/query/PartTreeJpaQuery$CountQueryPreparer.class], URL [jar:file:/C:/Users/netoz/.gradle/caches/modules-2/files-2.1/org.springframework.data/spring-data-jpa/1.9.4.RELEASE/80b83510e67aa085b7d91d2d096d90133ec995de/spring-data-jpa-1.9.4.RELEASE.jar!/org/springframework/data/jpa/repository/query/JpaQueryCreator$PredicateBuilder.class], URL [jar:file:/C:/Users/netoz/.gradle/caches/modules-2/files-2.1/org.springframework.data/spring-data-jpa/1.9.4.RELEASE/80b83510e67aa085b7d91d2d096d90133ec995de/spring-data-jpa-1.9.4.RELEASE.jar!/org/springframework/data/jpa/repository/query/JpaEntityMetadata.class], URL [jar:file:/C:/Users/netoz/.gradle/caches/modules-2/files-2.1/org.springframework.data/spring-data-jpa/1.9.4.RELEASE/80b83510e67aa085b7d91d2d096d90133ec995de/spring-data-jpa-1.9.4.RELEASE.jar!/org/springframework/data/jpa/repository/query/PartTreeJpaQuery$QueryPreparer.class], URL [jar:file:/C:/Users/netoz/.gradle/caches/modules-2/files-2.1/org.springframework.data/spring-data-jpa/1.9.4.RELEASE/80b83510e67aa085b7d91d2d096d90133ec995de/spring-data-jpa-1.9.4.RELEASE.jar!/org/springframework/data/jpa/repository/query/NativeJpaQuery.class], URL [jar:file:/C:/Users/netoz/.gradle/caches/modules-2/files-2.1/org.springframework.data/spring-data-jpa/1.9.4.RELEASE/80b83510e67aa085b7d91d2d096d90133ec995de/spring-data-jpa-1.9.4.RELEASE.jar!/org/springframework/data/jpa/repository/query/ExpressionBasedStringQuery.class], URL [jar:file:/C:/Users/netoz/.gradle/caches/modules-2/files-2.1/org.springframework.data/spring-data-jpa/1.9.4.RELEASE/80b83510e67aa085b7d91d2d096d90133ec995de/spring-data-jpa-1.9.4.RELEASE.jar!/org/springframework/data/jpa/repository/query/JpaQueryFactory.class], URL [jar:file:/C:/Users/netoz/.gradle/caches/modules-2/files-2.1/org.springframework.data/spring-data-jpa/1.9.4.RELEASE/80b83510e67aa085b7d91d2d096d90133ec995de/spring-data-jpa-1.9.4.RELEASE.jar!/org/springframework/data/jpa/repository/query/JpaQueryCreator$1.class], URL [jar:file:/C:/Users/netoz/.gradle/caches/modules-2/files-2.1/org.springframework.data/spring-data-jpa/1.9.4.RELEASE/80b83510e67aa085b7d91d2d096d90133ec995de/spring-data-jpa-1.9.4.RELEASE.jar!/org/springframework/data/jpa/repository/query/JpaQueryMethod.class], URL [jar:file:/C:/Users/netoz/.gradle/caches/modules-2/files-2.1/org.springframework.data/spring-data-jpa/1.9.4.RELEASE/80b83510e67aa085b7d91d2d096d90133ec995de/spring-data-jpa-1.9.4.RELEASE.jar!/org/springframework/data/jpa/repository/query/JpaParameters$JpaParameter.class], URL [jar:file:/C:/Users/netoz/.gradle/caches/modules-2/files-2.1/org.springframework.data/spring-data-jpa/1.9.4.RELEASE/80b83510e67aa085b7d91d2d096d90133ec995de/spring-data-jpa-1.9.4.RELEASE.jar!/org/springframework/data/jpa/repository/query/PartTreeJpaQuery.class], URL [jar:file:/C:/Users/netoz/.gradle/caches/modules-2/files-2.1/org.springframework.data/spring-data-jpa/1.9.4.RELEASE/80b83510e67aa085b7d91d2d096d90133ec995de/spring-data-jpa-1.9.4.RELEASE.jar!/org/springframework/data/jpa/repository/query/Procedure.class], URL [jar:file:/C:/Users/netoz/.gradle/caches/modules-2/files-2.1/org.springframework.data/spring-data-jpa/1.9.4.RELEASE/80b83510e67aa085b7d91d2d096d90133ec995de/spring-data-jpa-1.9.4.RELEASE.jar!/org/springframework/data/jpa/repository/query/StoredProcedureJpaQuery.class], URL [jar:file:/C:/Users/netoz/.gradle/caches/modules-2/files-2.1/org.springframework.data/spring-data-jpa/1.9.4.RELEASE/80b83510e67aa085b7d91d2d096d90133ec995de/spring-data-jpa-1.9.4.RELEASE.jar!/org/springframework/data/jpa/repository/query/JpaQueryLookupStrategy$1.class], URL [jar:file:/C:/Users/netoz/.gradle/caches/modules-2/files-2.1/org.springframework.data/spring-data-jpa/1.9.4.RELEASE/80b83510e67aa085b7d91d2d096d90133ec995de/spring-data-jpa-1.9.4.RELEASE.jar!/org/springframework/data/jpa/repository/query/JpaQueryExecution$ModifyingExecution.class], URL [jar:file:/C:/Users/netoz/.gradle/caches/modules-2/files-2.1/org.springframework.data/spring-data-jpa/1.9.4.RELEASE/80b83510e67aa085b7d91d2d096d90133ec995de/spring-data-jpa-1.9.4.RELEASE.jar!/org/springframework/data/jpa/repository/query/ParameterMetadataProvider.class], URL [jar:file:/C:/Users/netoz/.gradle/caches/modules-2/files-2.1/org.springframework.data/spring-data-jpa/1.9.4.RELEASE/80b83510e67aa085b7d91d2d096d90133ec995de/spring-data-jpa-1.9.4.RELEASE.jar!/org/springframework/data/jpa/repository/query/JpaCountQueryCreator.class], URL [jar:file:/C:/Users/netoz/.gradle/caches/modules-2/files-2.1/org.springframework.data/spring-data-jpa/1.9.4.RELEASE/80b83510e67aa085b7d91d2d096d90133ec995de/spring-data-jpa-1.9.4.RELEASE.jar!/org/springframework/data/jpa/repository/query/StringQuery$ParameterBindingParser.class], URL [jar:file:/C:/Users/netoz/.gradle/caches/modules-2/files-2.1/org.springframework.data/spring-data-jpa/1.9.4.RELEASE/80b83510e67aa085b7d91d2d096d90133ec995de/spring-data-jpa-1.9.4.RELEASE.jar!/org/springframework/data/jpa/repository/query/QueryUtils.class], URL [jar:file:/C:/Users/netoz/.gradle/caches/modules-2/files-2.1/org.springframework.data/spring-data-jpa/1.9.4.RELEASE/80b83510e67aa085b7d91d2d096d90133ec995de/spring-data-jpa-1.9.4.RELEASE.jar!/org/springframework/data/jpa/repository/query/NamedQuery.class], URL [jar:file:/C:/Users/netoz/.gradle/caches/modules-2/files-2.1/org.springframework.data/spring-data-jpa/1.9.4.RELEASE/80b83510e67aa085b7d91d2d096d90133ec995de/spring-data-jpa-1.9.4.RELEASE.jar!/org/springframework/data/jpa/repository/query/DefaultJpaEntityMetadata.class], URL [jar:file:/C:/Users/netoz/.gradle/caches/modules-2/files-2.1/org.springframework.data/spring-data-jpa/1.9.4.RELEASE/80b83510e67aa085b7d91d2d096d90133ec995de/spring-data-jpa-1.9.4.RELEASE.jar!/org/springframework/data/jpa/repository/query/StringQuery$ParameterBindingParser$ParameterBindingType.class], URL [jar:file:/C:/Users/netoz/.gradle/caches/modules-2/files-2.1/org.springframework.data/spring-data-jpa/1.9.4.RELEASE/80b83510e67aa085b7d91d2d096d90133ec995de/spring-data-jpa-1.9.4.RELEASE.jar!/org/springframework/data/jpa/repository/query/ParameterBinder.class], URL [jar:file:/C:/Users/netoz/.gradle/caches/modules-2/files-2.1/org.springframework.data/spring-data-jpa/1.9.4.RELEASE/80b83510e67aa085b7d91d2d096d90133ec995de/spring-data-jpa-1.9.4.RELEASE.jar!/org/springframework/data/jpa/repository/query/StoredProcedureAttributeSource.class], URL [jar:file:/C:/Users/netoz/.gradle/caches/modules-2/files-2.1/org.springframework.data/spring-data-jpa/1.9.4.RELEASE/80b83510e67aa085b7d91d2d096d90133ec995de/spring-data-jpa-1.9.4.RELEASE.jar!/org/springframework/data/jpa/repository/EntityGraph$EntityGraphType.class], URL [jar:file:/C:/Users/netoz/.gradle/caches/modules-2/files-2.1/org.springframework.data/spring-data-jpa/1.9.4.RELEASE/80b83510e67aa085b7d91d2d096d90133ec995de/spring-data-jpa-1.9.4.RELEASE.jar!/org/springframework/data/jpa/repository/QueryHints.class], URL [jar:file:/C:/Users/netoz/.gradle/caches/modules-2/files-2.1/org.springframework.data/spring-data-jpa/1.9.4.RELEASE/80b83510e67aa085b7d91d2d096d90133ec995de/spring-data-jpa-1.9.4.RELEASE.jar!/org/springframework/data/jpa/repository/JpaSpecificationExecutor.class], URL [jar:file:/C:/Users/netoz/.gradle/caches/modules-2/files-2.1/org.springframework.data/spring-data-jpa/1.9.4.RELEASE/80b83510e67aa085b7d91d2d096d90133ec995de/spring-data-jpa-1.9.4.RELEASE.jar!/org/springframework/data/jpa/repository/Lock.class], URL [jar:file:/C:/Users/netoz/.gradle/caches/modules-2/files-2.1/org.springframework.data/spring-data-jpa/1.9.4.RELEASE/80b83510e67aa085b7d91d2d096d90133ec995de/spring-data-jpa-1.9.4.RELEASE.jar!/org/springframework/data/jpa/repository/cdi/JpaRepositoryBean.class], URL [jar:file:/C:/Users/netoz/.gradle/caches/modules-2/files-2.1/org.springframework.data/spring-data-jpa/1.9.4.RELEASE/80b83510e67aa085b7d91d2d096d90133ec995de/spring-data-jpa-1.9.4.RELEASE.jar!/org/springframework/data/jpa/repository/cdi/JpaRepositoryExtension.class], URL [jar:file:/C:/Users/netoz/.gradle/caches/modules-2/files-2.1/org.springframework.data/spring-data-jpa/1.9.4.RELEASE/80b83510e67aa085b7d91d2d096d90133ec995de/spring-data-jpa-1.9.4.RELEASE.jar!/org/springframework/data/jpa/repository/JpaContext.class], URL [jar:file:/C:/Users/netoz/.gradle/caches/modules-2/files-2.1/org.springframework.data/spring-data-jpa/1.9.4.RELEASE/80b83510e67aa085b7d91d2d096d90133ec995de/spring-data-jpa-1.9.4.RELEASE.jar!/org/springframework/data/jpa/repository/Modifying.class], URL [jar:file:/C:/Users/netoz/.gradle/caches/modules-2/files-2.1/org.springframework.data/spring-data-jpa/1.9.4.RELEASE/80b83510e67aa085b7d91d2d096d90133ec995de/spring-data-jpa-1.9.4.RELEASE.jar!/org/springframework/data/jpa/repository/config/AuditingBeanDefinitionParser$SpringConfiguredBeanDefinitionParser.class], URL [jar:file:/C:/Users/netoz/.gradle/caches/modules-2/files-2.1/org.springframework.data/spring-data-jpa/1.9.4.RELEASE/80b83510e67aa085b7d91d2d096d90133ec995de/spring-data-jpa-1.9.4.RELEASE.jar!/org/springframework/data/jpa/repository/config/EnableJpaAuditing.class], URL [jar:file:/C:/Users/netoz/.gradle/caches/modules-2/files-2.1/org.springframework.data/spring-data-jpa/1.9.4.RELEASE/80b83510e67aa085b7d91d2d096d90133ec995de/spring-data-jpa-1.9.4.RELEASE.jar!/org/springframework/data/jpa/repository/config/AuditingBeanDefinitionParser.class], URL [jar:file:/C:/Users/netoz/.gradle/caches/modules-2/files-2.1/org.springframework.data/spring-data-jpa/1.9.4.RELEASE/80b83510e67aa085b7d91d2d096d90133ec995de/spring-data-jpa-1.9.4.RELEASE.jar!/org/springframework/data/jpa/repository/config/JpaAuditingRegistrar.class], URL [jar:file:/C:/Users/netoz/.gradle/caches/modules-2/files-2.1/org.springframework.data/spring-data-jpa/1.9.4.RELEASE/80b83510e67aa085b7d91d2d096d90133ec995de/spring-data-jpa-1.9.4.RELEASE.jar!/org/springframework/data/jpa/repository/config/EnableJpaRepositories.class], URL [jar:file:/C:/Users/netoz/.gradle/caches/modules-2/files-2.1/org.springframework.data/spring-data-jpa/1.9.4.RELEASE/80b83510e67aa085b7d91d2d096d90133ec995de/spring-data-jpa-1.9.4.RELEASE.jar!/org/springframework/data/jpa/repository/config/AuditingBeanDefinitionParser$1.class], URL [jar:file:/C:/Users/netoz/.gradle/caches/modules-2/files-2.1/org.springframework.data/spring-data-jpa/1.9.4.RELEASE/80b83510e67aa085b7d91d2d096d90133ec995de/spring-data-jpa-1.9.4.RELEASE.jar!/org/springframework/data/jpa/repository/config/JpaRepositoriesRegistrar.class], URL [jar:file:/C:/Users/netoz/.gradle/caches/modules-2/files-2.1/org.springframework.data/spring-data-jpa/1.9.4.RELEASE/80b83510e67aa085b7d91d2d096d90133ec995de/spring-data-jpa-1.9.4.RELEASE.jar!/org/springframework/data/jpa/repository/config/JpaRepositoryConfigExtension.class], URL [jar:file:/C:/Users/netoz/.gradle/caches/modules-2/files-2.1/org.springframework.data/spring-data-jpa/1.9.4.RELEASE/80b83510e67aa085b7d91d2d096d90133ec995de/spring-data-jpa-1.9.4.RELEASE.jar!/org/springframework/data/jpa/repository/config/BeanDefinitionNames.class], URL [jar:file:/C:/Users/netoz/.gradle/caches/modules-2/files-2.1/org.springframework.data/spring-data-jpa/1.9.4.RELEASE/80b83510e67aa085b7d91d2d096d90133ec995de/spring-data-jpa-1.9.4.RELEASE.jar!/org/springframework/data/jpa/repository/config/JpaRepositoryNameSpaceHandler.class], URL [jar:file:/C:/Users/netoz/.gradle/caches/modules-2/files-2.1/org.springframework.data/spring-data-jpa/1.9.4.RELEASE/80b83510e67aa085b7d91d2d096d90133ec995de/spring-data-jpa-1.9.4.RELEASE.jar!/org/springframework/data/jpa/repository/config/JpaMetamodelMappingContextFactoryBean.class], URL [jar:file:/C:/Users/netoz/.gradle/caches/modules-2/files-2.1/org.springframework.data/spring-data-jpa/1.9.4.RELEASE/80b83510e67aa085b7d91d2d096d90133ec995de/spring-data-jpa-1.9.4.RELEASE.jar!/org/springframework/data/jpa/repository/JpaRepository.class], URL [jar:file:/C:/Users/netoz/.gradle/caches/modules-2/files-2.1/org.springframework.data/spring-data-jpa/1.9.4.RELEASE/80b83510e67aa085b7d91d2d096d90133ec995de/spring-data-jpa-1.9.4.RELEASE.jar!/org/springframework/data/jpa/repository/EntityGraph.class], URL [jar:file:/C:/Users/netoz/.gradle/caches/modules-2/files-2.1/org.springframework.data/spring-data-jpa/1.9.4.RELEASE/80b83510e67aa085b7d91d2d096d90133ec995de/spring-data-jpa-1.9.4.RELEASE.jar!/org/springframework/data/jpa/repository/support/Querydsl$1.class], URL [jar:file:/C:/Users/netoz/.gradle/caches/modules-2/files-2.1/org.springframework.data/spring-data-jpa/1.9.4.RELEASE/80b83510e67aa085b7d91d2d096d90133ec995de/spring-data-jpa-1.9.4.RELEASE.jar!/org/springframework/data/jpa/repository/support/CrudMethodMetadataPostProcessor$ThreadBoundTargetSource.class], URL [jar:file:/C:/Users/netoz/.gradle/caches/modules-2/files-2.1/org.springframework.data/spring-data-jpa/1.9.4.RELEASE/80b83510e67aa085b7d91d2d096d90133ec995de/spring-data-jpa-1.9.4.RELEASE.jar!/org/springframework/data/jpa/repository/support/JpaPersistableEntityInformation.class], URL [jar:file:/C:/Users/netoz/.gradle/caches/modules-2/files-2.1/org.springframework.data/spring-data-jpa/1.9.4.RELEASE/80b83510e67aa085b7d91d2d096d90133ec995de/spring-data-jpa-1.9.4.RELEASE.jar!/org/springframework/data/jpa/repository/support/CrudMethodMetadataPostProcessor.class], URL [jar:file:/C:/Users/netoz/.gradle/caches/modules-2/files-2.1/org.springframework.data/spring-data-jpa/1.9.4.RELEASE/80b83510e67aa085b7d91d2d096d90133ec995de/spring-data-jpa-1.9.4.RELEASE.jar!/org/springframework/data/jpa/repository/support/CrudMethodMetadataPostProcessor$1.class], URL [jar:file:/C:/Users/netoz/.gradle/caches/modules-2/files-2.1/org.springframework.data/spring-data-jpa/1.9.4.RELEASE/80b83510e67aa085b7d91d2d096d90133ec995de/spring-data-jpa-1.9.4.RELEASE.jar!/org/springframework/data/jpa/repository/support/JpaEntityInformation.class], URL [jar:file:/C:/Users/netoz/.gradle/caches/modules-2/files-2.1/org.springframework.data/spring-data-jpa/1.9.4.RELEASE/80b83510e67aa085b7d91d2d096d90133ec995de/spring-data-jpa-1.9.4.RELEASE.jar!/org/springframework/data/jpa/repository/support/JpaMetamodelEntityInformation.class], URL [jar:file:/C:/Users/netoz/.gradle/caches/modules-2/files-2.1/org.springframework.data/spring-data-jpa/1.9.4.RELEASE/80b83510e67aa085b7d91d2d096d90133ec995de/spring-data-jpa-1.9.4.RELEASE.jar!/org/springframework/data/jpa/repository/support/JpaMetamodelEntityInformation$IdMetadata.class], URL [jar:file:/C:/Users/netoz/.gradle/caches/modules-2/files-2.1/org.springframework.data/spring-data-jpa/1.9.4.RELEASE/80b83510e67aa085b7d91d2d096d90133ec995de/spring-data-jpa-1.9.4.RELEASE.jar!/org/springframework/data/jpa/repository/support/JpaEntityInformationSupport.class], URL [jar:file:/C:/Users/netoz/.gradle/caches/modules-2/files-2.1/org.springframework.data/spring-data-jpa/1.9.4.RELEASE/80b83510e67aa085b7d91d2d096d90133ec995de/spring-data-jpa-1.9.4.RELEASE.jar!/org/springframework/data/jpa/repository/support/QueryDslRepositorySupport.class], URL [jar:file:/C:/Users/netoz/.gradle/caches/modules-2/files-2.1/org.springframework.data/spring-data-jpa/1.9.4.RELEASE/80b83510e67aa085b7d91d2d096d90133ec995de/spring-data-jpa-1.9.4.RELEASE.jar!/org/springframework/data/jpa/repository/support/JpaRepositoryFactory.class], URL [jar:file:/C:/Users/netoz/.gradle/caches/modules-2/files-2.1/org.springframework.data/spring-data-jpa/1.9.4.RELEASE/80b83510e67aa085b7d91d2d096d90133ec995de/spring-data-jpa-1.9.4.RELEASE.jar!/org/springframework/data/jpa/repository/support/CrudMethodMetadataPostProcessor$DefaultCrudMethodMetadata.class], URL [jar:file:/C:/Users/netoz/.gradle/caches/modules-2/files-2.1/org.springframework.data/spring-data-jpa/1.9.4.RELEASE/80b83510e67aa085b7d91d2d096d90133ec995de/spring-data-jpa-1.9.4.RELEASE.jar!/org/springframework/data/jpa/repository/support/SimpleJpaRepository.class], URL [jar:file:/C:/Users/netoz/.gradle/caches/modules-2/files-2.1/org.springframework.data/spring-data-jpa/1.9.4.RELEASE/80b83510e67aa085b7d91d2d096d90133ec995de/spring-data-jpa-1.9.4.RELEASE.jar!/org/springframework/data/jpa/repository/support/Querydsl.class], URL [jar:file:/C:/Users/netoz/.gradle/caches/modules-2/files-2.1/org.springframework.data/spring-data-jpa/1.9.4.RELEASE/80b83510e67aa085b7d91d2d096d90133ec995de/spring-data-jpa-1.9.4.RELEASE.jar!/org/springframework/data/jpa/repository/support/CrudMethodMetadata.class], URL [jar:file:/C:/Users/netoz/.gradle/caches/modules-2/files-2.1/org.springframework.data/spring-data-jpa/1.9.4.RELEASE/80b83510e67aa085b7d91d2d096d90133ec995de/spring-data-jpa-1.9.4.RELEASE.jar!/org/springframework/data/jpa/repository/support/CrudMethodMetadataPostProcessor$CrudMethodMetadataPopulatingMethodInterceptor.class], URL [jar:file:/C:/Users/netoz/.gradle/caches/modules-2/files-2.1/org.springframework.data/spring-data-jpa/1.9.4.RELEASE/80b83510e67aa085b7d91d2d096d90133ec995de/spring-data-jpa-1.9.4.RELEASE.jar!/org/springframework/data/jpa/repository/support/EntityManagerBeanDefinitionRegistrarPostProcessor.class], URL [jar:file:/C:/Users/netoz/.gradle/caches/modules-2/files-2.1/org.springframework.data/spring-data-jpa/1.9.4.RELEASE/80b83510e67aa085b7d91d2d096d90133ec995de/spring-data-jpa-1.9.4.RELEASE.jar!/org/springframework/data/jpa/repository/support/JpaMetamodelEntityInformation$IdentifierDerivingDirectFieldAccessFallbackBeanWrapper.class], URL [jar:file:/C:/Users/netoz/.gradle/caches/modules-2/files-2.1/org.springframework.data/spring-data-jpa/1.9.4.RELEASE/80b83510e67aa085b7d91d2d096d90133ec995de/spring-data-jpa-1.9.4.RELEASE.jar!/org/springframework/data/jpa/repository/support/QueryDslJpaRepository.class], URL [jar:file:/C:/Users/netoz/.gradle/caches/modules-2/files-2.1/org.springframework.data/spring-data-jpa/1.9.4.RELEASE/80b83510e67aa085b7d91d2d096d90133ec995de/spring-data-jpa-1.9.4.RELEASE.jar!/org/springframework/data/jpa/repository/support/JpaRepositoryFactoryBean.class], URL [jar:file:/C:/Users/netoz/.gradle/caches/modules-2/files-2.1/org.springframework.data/spring-data-jpa/1.9.4.RELEASE/80b83510e67aa085b7d91d2d096d90133ec995de/spring-data-jpa-1.9.4.RELEASE.jar!/org/springframework/data/jpa/repository/support/DefaultJpaContext.class], URL [jar:file:/C:/Users/netoz/.gradle/caches/modules-2/files-2.1/org.springframework.data/spring-data-jpa/1.9.4.RELEASE/80b83510e67aa085b7d91d2d096d90133ec995de/spring-data-jpa-1.9.4.RELEASE.jar!/org/springframework/data/jpa/repository/support/SimpleJpaRepository$ByIdsSpecification.class], URL [jar:file:/C:/Users/netoz/.gradle/caches/modules-2/files-2.1/org.springframework.data/spring-data-jpa/1.9.4.RELEASE/80b83510e67aa085b7d91d2d096d90133ec995de/spring-data-jpa-1.9.4.RELEASE.jar!/org/springframework/data/jpa/repository/Temporal.class], URL [jar:file:/C:/Users/netoz/.gradle/caches/modules-2/files-2.1/org.springframework.data/spring-data-jpa/1.9.4.RELEASE/80b83510e67aa085b7d91d2d096d90133ec995de/spring-data-jpa-1.9.4.RELEASE.jar!/org/springframework/data/jpa/domain/JpaSort.class], URL [jar:file:/C:/Users/netoz/.gradle/caches/modules-2/files-2.1/org.springframework.data/spring-data-jpa/1.9.4.RELEASE/80b83510e67aa085b7d91d2d096d90133ec995de/spring-data-jpa-1.9.4.RELEASE.jar!/org/springframework/data/jpa/domain/Specification.class], URL [jar:file:/C:/Users/netoz/.gradle/caches/modules-2/files-2.1/org.springframework.data/spring-data-jpa/1.9.4.RELEASE/80b83510e67aa085b7d91d2d096d90133ec995de/spring-data-jpa-1.9.4.RELEASE.jar!/org/springframework/data/jpa/domain/JpaSort$1.class], URL [jar:file:/C:/Users/netoz/.gradle/caches/modules-2/files-2.1/org.springframework.data/spring-data-jpa/1.9.4.RELEASE/80b83510e67aa085b7d91d2d096d90133ec995de/spring-data-jpa-1.9.4.RELEASE.jar!/org/springframework/data/jpa/domain/Specifications$CompositionType$2.class], URL [jar:file:/C:/Users/netoz/.gradle/caches/modules-2/files-2.1/org.springframework.data/spring-data-jpa/1.9.4.RELEASE/80b83510e67aa085b7d91d2d096d90133ec995de/spring-data-jpa-1.9.4.RELEASE.jar!/org/springframework/data/jpa/domain/QAbstractAuditable.class], URL [jar:file:/C:/Users/netoz/.gradle/caches/modules-2/files-2.1/org.springframework.data/spring-data-jpa/1.9.4.RELEASE/80b83510e67aa085b7d91d2d096d90133ec995de/spring-data-jpa-1.9.4.RELEASE.jar!/org/springframework/data/jpa/domain/AbstractAuditable.class], URL [jar:file:/C:/Users/netoz/.gradle/caches/modules-2/files-2.1/org.springframework.data/spring-data-jpa/1.9.4.RELEASE/80b83510e67aa085b7d91d2d096d90133ec995de/spring-data-jpa-1.9.4.RELEASE.jar!/org/springframework/data/jpa/domain/QAbstractPersistable.class], URL [jar:file:/C:/Users/netoz/.gradle/caches/modules-2/files-2.1/org.springframework.data/spring-data-jpa/1.9.4.RELEASE/80b83510e67aa085b7d91d2d096d90133ec995de/spring-data-jpa-1.9.4.RELEASE.jar!/org/springframework/data/jpa/domain/Specifications$CompositionType$1.class], URL [jar:file:/C:/Users/netoz/.gradle/caches/modules-2/files-2.1/org.springframework.data/spring-data-jpa/1.9.4.RELEASE/80b83510e67aa085b7d91d2d096d90133ec995de/spring-data-jpa-1.9.4.RELEASE.jar!/org/springframework/data/jpa/domain/Specifications$CompositionType.class], URL [jar:file:/C:/Users/netoz/.gradle/caches/modules-2/files-2.1/org.springframework.data/spring-data-jpa/1.9.4.RELEASE/80b83510e67aa085b7d91d2d096d90133ec995de/spring-data-jpa-1.9.4.RELEASE.jar!/org/springframework/data/jpa/domain/Specifications.class], URL [jar:file:/C:/Users/netoz/.gradle/caches/modules-2/files-2.1/org.springframework.data/spring-data-jpa/1.9.4.RELEASE/80b83510e67aa085b7d91d2d096d90133ec995de/spring-data-jpa-1.9.4.RELEASE.jar!/org/springframework/data/jpa/domain/Specifications$ComposedSpecification.class], URL [jar:file:/C:/Users/netoz/.gradle/caches/modules-2/files-2.1/org.springframework.data/spring-data-jpa/1.9.4.RELEASE/80b83510e67aa085b7d91d2d096d90133ec995de/spring-data-jpa-1.9.4.RELEASE.jar!/org/springframework/data/jpa/domain/AbstractAuditable_.class], URL [jar:file:/C:/Users/netoz/.gradle/caches/modules-2/files-2.1/org.springframework.data/spring-data-jpa/1.9.4.RELEASE/80b83510e67aa085b7d91d2d096d90133ec995de/spring-data-jpa-1.9.4.RELEASE.jar!/org/springframework/data/jpa/domain/support/AuditingBeanFactoryPostProcessor.class], URL [jar:file:/C:/Users/netoz/.gradle/caches/modules-2/files-2.1/org.springframework.data/spring-data-jpa/1.9.4.RELEASE/80b83510e67aa085b7d91d2d096d90133ec995de/spring-data-jpa-1.9.4.RELEASE.jar!/org/springframework/data/jpa/domain/support/AuditingEntityListener.class], URL [jar:file:/C:/Users/netoz/.gradle/caches/modules-2/files-2.1/org.springframework.data/spring-data-jpa/1.9.4.RELEASE/80b83510e67aa085b7d91d2d096d90133ec995de/spring-data-jpa-1.9.4.RELEASE.jar!/org/springframework/data/jpa/domain/Specifications$1.class], URL [jar:file:/C:/Users/netoz/.gradle/caches/modules-2/files-2.1/org.springframework.data/spring-data-jpa/1.9.4.RELEASE/80b83510e67aa085b7d91d2d096d90133ec995de/spring-data-jpa-1.9.4.RELEASE.jar!/org/springframework/data/jpa/domain/JpaSort$Path.class], URL [jar:file:/C:/Users/netoz/.gradle/caches/modules-2/files-2.1/org.springframework.data/spring-data-jpa/1.9.4.RELEASE/80b83510e67aa085b7d91d2d096d90133ec995de/spring-data-jpa-1.9.4.RELEASE.jar!/org/springframework/data/jpa/domain/AbstractPersistable.class], URL [jar:file:/C:/Users/netoz/.gradle/caches/modules-2/files-2.1/org.springframework.data/spring-data-jpa/1.9.4.RELEASE/80b83510e67aa085b7d91d2d096d90133ec995de/spring-data-jpa-1.9.4.RELEASE.jar!/org/springframework/data/jpa/domain/Specifications$NegatedSpecification.class], URL [jar:file:/C:/Users/netoz/.gradle/caches/modules-2/files-2.1/org.springframework.data/spring-data-jpa/1.9.4.RELEASE/80b83510e67aa085b7d91d2d096d90133ec995de/spring-data-jpa-1.9.4.RELEASE.jar!/org/springframework/data/jpa/domain/AbstractPersistable_.class], URL [jar:file:/C:/Users/netoz/.gradle/caches/modules-2/files-2.1/org.springframework.data/spring-data-jpa/1.9.4.RELEASE/80b83510e67aa085b7d91d2d096d90133ec995de/spring-data-jpa-1.9.4.RELEASE.jar!/org/springframework/data/jpa/provider/PersistenceProvider$4.class], URL [jar:file:/C:/Users/netoz/.gradle/caches/modules-2/files-2.1/org.springframework.data/spring-data-jpa/1.9.4.RELEASE/80b83510e67aa085b7d91d2d096d90133ec995de/spring-data-jpa-1.9.4.RELEASE.jar!/org/springframework/data/jpa/provider/PersistenceProvider$EclipseLinkScrollableResultsIterator.class], URL [jar:file:/C:/Users/netoz/.gradle/caches/modules-2/files-2.1/org.springframework.data/spring-data-jpa/1.9.4.RELEASE/80b83510e67aa085b7d91d2d096d90133ec995de/spring-data-jpa-1.9.4.RELEASE.jar!/org/springframework/data/jpa/provider/PersistenceProvider$3.class], URL [jar:file:/C:/Users/netoz/.gradle/caches/modules-2/files-2.1/org.springframework.data/spring-data-jpa/1.9.4.RELEASE/80b83510e67aa085b7d91d2d096d90133ec995de/spring-data-jpa-1.9.4.RELEASE.jar!/org/springframework/data/jpa/provider/QueryExtractor.class], URL [jar:file:/C:/Users/netoz/.gradle/caches/modules-2/files-2.1/org.springframework.data/spring-data-jpa/1.9.4.RELEASE/80b83510e67aa085b7d91d2d096d90133ec995de/spring-data-jpa-1.9.4.RELEASE.jar!/org/springframework/data/jpa/provider/PersistenceProvider.class], URL [jar:file:/C:/Users/netoz/.gradle/caches/modules-2/files-2.1/org.springframework.data/spring-data-jpa/1.9.4.RELEASE/80b83510e67aa085b7d91d2d096d90133ec995de/spring-data-jpa-1.9.4.RELEASE.jar!/org/springframework/data/jpa/provider/PersistenceProvider$1.class], URL [jar:file:/C:/Users/netoz/.gradle/caches/modules-2/files-2.1/org.springframework.data/spring-data-jpa/1.9.4.RELEASE/80b83510e67aa085b7d91d2d096d90133ec995de/spring-data-jpa-1.9.4.RELEASE.jar!/org/springframework/data/jpa/provider/PersistenceProvider$2.class], URL [jar:file:/C:/Users/netoz/.gradle/caches/modules-2/files-2.1/org.springframework.data/spring-data-jpa/1.9.4.RELEASE/80b83510e67aa085b7d91d2d096d90133ec995de/spring-data-jpa-1.9.4.RELEASE.jar!/org/springframework/data/jpa/provider/JpaClassUtils.class], URL [jar:file:/C:/Users/netoz/.gradle/caches/modules-2/files-2.1/org.springframework.data/spring-data-jpa/1.9.4.RELEASE/80b83510e67aa085b7d91d2d096d90133ec995de/spring-data-jpa-1.9.4.RELEASE.jar!/org/springframework/data/jpa/provider/PersistenceProvider$HibernateScrollableResultsIterator.class], URL [jar:file:/C:/Users/netoz/.gradle/caches/modules-2/files-2.1/org.springframework.data/spring-data-jpa/1.9.4.RELEASE/80b83510e67aa085b7d91d2d096d90133ec995de/spring-data-jpa-1.9.4.RELEASE.jar!/org/springframework/data/jpa/provider/PersistenceProvider$OpenJpaResultStreamingIterator.class], URL [jar:file:/C:/Users/netoz/.gradle/caches/modules-2/files-2.1/org.springframework.data/spring-data-jpa/1.9.4.RELEASE/80b83510e67aa085b7d91d2d096d90133ec995de/spring-data-jpa-1.9.4.RELEASE.jar!/org/springframework/data/jpa/provider/PersistenceProvider$Constants.class], URL [jar:file:/C:/Users/netoz/.gradle/caches/modules-2/files-2.1/org.springframework.data/spring-data-jpa/1.9.4.RELEASE/80b83510e67aa085b7d91d2d096d90133ec995de/spring-data-jpa-1.9.4.RELEASE.jar!/org/springframework/data/jpa/provider/ProxyIdAccessor.class], URL [jar:file:/C:/Users/netoz/.gradle/caches/modules-2/files-2.1/org.springframework.data/spring-data-jpa/1.9.4.RELEASE/80b83510e67aa085b7d91d2d096d90133ec995de/spring-data-jpa-1.9.4.RELEASE.jar!/org/springframework/data/jpa/support/ClasspathScanningPersistenceUnitPostProcessor.class], URL [jar:file:/C:/Users/netoz/.gradle/caches/modules-2/files-2.1/org.springframework.data/spring-data-jpa/1.9.4.RELEASE/80b83510e67aa085b7d91d2d096d90133ec995de/spring-data-jpa-1.9.4.RELEASE.jar!/org/springframework/data/jpa/support/MergingPersistenceUnitManager.class], URL [jar:file:/C:/Users/netoz/.gradle/caches/modules-2/files-2.1/org.springframework.data/spring-data-commons/1.11.4.RELEASE/c2b1fd4dbf7dff772d6124bb35892759e8bf088e/spring-data-commons-1.11.4.RELEASE.jar!/org/springframework/data/history/AnnotationRevisionMetadata.class], URL [jar:file:/C:/Users/netoz/.gradle/caches/modules-2/files-2.1/org.springframework.data/spring-data-commons/1.11.4.RELEASE/c2b1fd4dbf7dff772d6124bb35892759e8bf088e/spring-data-commons-1.11.4.RELEASE.jar!/org/springframework/data/history/Revisions.class], URL [jar:file:/C:/Users/netoz/.gradle/caches/modules-2/files-2.1/org.springframework.data/spring-data-commons/1.11.4.RELEASE/c2b1fd4dbf7dff772d6124bb35892759e8bf088e/spring-data-commons-1.11.4.RELEASE.jar!/org/springframework/data/history/RevisionMetadata.class], URL [jar:file:/C:/Users/netoz/.gradle/caches/modules-2/files-2.1/org.springframework.data/spring-data-commons/1.11.4.RELEASE/c2b1fd4dbf7dff772d6124bb35892759e8bf088e/spring-data-commons-1.11.4.RELEASE.jar!/org/springframework/data/history/Revision.class], URL [jar:file:/C:/Users/netoz/.gradle/caches/modules-2/files-2.1/org.springframework.data/spring-data-commons/1.11.4.RELEASE/c2b1fd4dbf7dff772d6124bb35892759e8bf088e/spring-data-commons-1.11.4.RELEASE.jar!/org/springframework/data/mapping/model/SimpleTypeHolder.class], URL [jar:file:/C:/Users/netoz/.gradle/caches/modules-2/files-2.1/org.springframework.data/spring-data-commons/1.11.4.RELEASE/c2b1fd4dbf7dff772d6124bb35892759e8bf088e/spring-data-commons-1.11.4.RELEASE.jar!/org/springframework/data/mapping/model/SpELExpressionEvaluator.class], URL [jar:file:/C:/Users/netoz/.gradle/caches/modules-2/files-2.1/org.springframework.data/spring-data-commons/1.11.4.RELEASE/c2b1fd4dbf7dff772d6124bb35892759e8bf088e/spring-data-commons-1.11.4.RELEASE.jar!/org/springframework/data/mapping/model/CamelCaseAbbreviatingFieldNamingStrategy.class], URL [jar:file:/C:/Users/netoz/.gradle/caches/modules-2/files-2.1/org.springframework.data/spring-data-commons/1.11.4.RELEASE/c2b1fd4dbf7dff772d6124bb35892759e8bf088e/spring-data-commons-1.11.4.RELEASE.jar!/org/springframework/data/mapping/model/MutablePersistentEntity.class], URL [jar:file:/C:/Users/netoz/.gradle/caches/modules-2/files-2.1/org.springframework.data/spring-data-commons/1.11.4.RELEASE/c2b1fd4dbf7dff772d6124bb35892759e8bf088e/spring-data-commons-1.11.4.RELEASE.jar!/org/springframework/data/mapping/model/AnnotationBasedPersistentProperty.class], URL [jar:file:/C:/Users/netoz/.gradle/caches/modules-2/files-2.1/org.springframework.data/spring-data-commons/1.11.4.RELEASE/c2b1fd4dbf7dff772d6124bb35892759e8bf088e/spring-data-commons-1.11.4.RELEASE.jar!/org/springframework/data/mapping/model/MappingInstantiationException.class], URL [jar:file:/C:/Users/netoz/.gradle/caches/modules-2/files-2.1/org.springframework.data/spring-data-commons/1.11.4.RELEASE/c2b1fd4dbf7dff772d6124bb35892759e8bf088e/spring-data-commons-1.11.4.RELEASE.jar!/org/springframework/data/mapping/model/DefaultSpELExpressionEvaluator.class], URL [jar:file:/C:/Users/netoz/.gradle/caches/modules-2/files-2.1/org.springframework.data/spring-data-commons/1.11.4.RELEASE/c2b1fd4dbf7dff772d6124bb35892759e8bf088e/spring-data-commons-1.11.4.RELEASE.jar!/org/springframework/data/mapping/model/BeanWrapper.class], URL [jar:file:/C:/Users/netoz/.gradle/caches/modules-2/files-2.1/org.springframework.data/spring-data-commons/1.11.4.RELEASE/c2b1fd4dbf7dff772d6124bb35892759e8bf088e/spring-data-commons-1.11.4.RELEASE.jar!/org/springframework/data/mapping/model/PropertyNameFieldNamingStrategy.class], URL [jar:file:/C:/Users/netoz/.gradle/caches/modules-2/files-2.1/org.springframework.data/spring-data-commons/1.11.4.RELEASE/c2b1fd4dbf7dff772d6124bb35892759e8bf088e/spring-data-commons-1.11.4.RELEASE.jar!/org/springframework/data/mapping/model/PersistentEntityParameterValueProvider.class], URL [jar:file:/C:/Users/netoz/.gradle/caches/modules-2/files-2.1/org.springframework.data/spring-data-commons/1.11.4.RELEASE/c2b1fd4dbf7dff772d6124bb35892759e8bf088e/spring-data-commons-1.11.4.RELEASE.jar!/org/springframework/data/mapping/model/PropertyValueProvider.class], URL [jar:file:/C:/Users/netoz/.gradle/caches/modules-2/files-2.1/org.springframework.data/spring-data-commons/1.11.4.RELEASE/c2b1fd4dbf7dff772d6124bb35892759e8bf088e/spring-data-commons-1.11.4.RELEASE.jar!/org/springframework/data/mapping/model/BasicPersistentEntity.class], URL [jar:file:/C:/Users/netoz/.gradle/caches/modules-2/files-2.1/org.springframework.data/spring-data-commons/1.11.4.RELEASE/c2b1fd4dbf7dff772d6124bb35892759e8bf088e/spring-data-commons-1.11.4.RELEASE.jar!/org/springframework/data/mapping/model/ConvertingPropertyAccessor.class], URL [jar:file:/C:/Users/netoz/.gradle/caches/modules-2/files-2.1/org.springframework.data/spring-data-commons/1.11.4.RELEASE/c2b1fd4dbf7dff772d6124bb35892759e8bf088e/spring-data-commons-1.11.4.RELEASE.jar!/org/springframework/data/mapping/model/BasicPersistentEntity$AssociationComparator.class], URL [jar:file:/C:/Users/netoz/.gradle/caches/modules-2/files-2.1/org.springframework.data/spring-data-commons/1.11.4.RELEASE/c2b1fd4dbf7dff772d6124bb35892759e8bf088e/spring-data-commons-1.11.4.RELEASE.jar!/org/springframework/data/mapping/model/AbstractPersistentProperty.class], URL [jar:file:/C:/Users/netoz/.gradle/caches/modules-2/files-2.1/org.springframework.data/spring-data-commons/1.11.4.RELEASE/c2b1fd4dbf7dff772d6124bb35892759e8bf088e/spring-data-commons-1.11.4.RELEASE.jar!/org/springframework/data/mapping/model/SpELExpressionParameterValueProvider.class], URL [jar:file:/C:/Users/netoz/.gradle/caches/modules-2/files-2.1/org.springframework.data/spring-data-commons/1.11.4.RELEASE/c2b1fd4dbf7dff772d6124bb35892759e8bf088e/spring-data-commons-1.11.4.RELEASE.jar!/org/springframework/data/mapping/model/BasicPersistentEntity$NullReturningIdentifierAccessor.class], URL [jar:file:/C:/Users/netoz/.gradle/caches/modules-2/files-2.1/org.springframework.data/spring-data-commons/1.11.4.RELEASE/c2b1fd4dbf7dff772d6124bb35892759e8bf088e/spring-data-commons-1.11.4.RELEASE.jar!/org/springframework/data/mapping/model/IllegalMappingException.class], URL [jar:file:/C:/Users/netoz/.gradle/caches/modules-2/files-2.1/org.springframework.data/spring-data-commons/1.11.4.RELEASE/c2b1fd4dbf7dff772d6124bb35892759e8bf088e/spring-data-commons-1.11.4.RELEASE.jar!/org/springframework/data/mapping/model/SnakeCaseFieldNamingStrategy.class], URL [jar:file:/C:/Users/netoz/.gradle/caches/modules-2/files-2.1/org.springframework.data/spring-data-commons/1.11.4.RELEASE/c2b1fd4dbf7dff772d6124bb35892759e8bf088e/spring-data-commons-1.11.4.RELEASE.jar!/org/springframework/data/mapping/model/PreferredConstructorDiscoverer.class], URL [jar:file:/C:/Users/netoz/.gradle/caches/modules-2/files-2.1/org.springframework.data/spring-data-commons/1.11.4.RELEASE/c2b1fd4dbf7dff772d6124bb35892759e8bf088e/spring-data-commons-1.11.4.RELEASE.jar!/org/springframework/data/mapping/model/CamelCaseSplittingFieldNamingStrategy.class], URL [jar:file:/C:/Users/netoz/.gradle/caches/modules-2/files-2.1/org.springframework.data/spring-data-commons/1.11.4.RELEASE/c2b1fd4dbf7dff772d6124bb35892759e8bf088e/spring-data-commons-1.11.4.RELEASE.jar!/org/springframework/data/mapping/model/IdPropertyIdentifierAccessor.class], URL [jar:file:/C:/Users/netoz/.gradle/caches/modules-2/files-2.1/org.springframework.data/spring-data-commons/1.11.4.RELEASE/c2b1fd4dbf7dff772d6124bb35892759e8bf088e/spring-data-commons-1.11.4.RELEASE.jar!/org/springframework/data/mapping/model/SpELContext.class], URL [jar:file:/C:/Users/netoz/.gradle/caches/modules-2/files-2.1/org.springframework.data/spring-data-commons/1.11.4.RELEASE/c2b1fd4dbf7dff772d6124bb35892759e8bf088e/spring-data-commons-1.11.4.RELEASE.jar!/org/springframework/data/mapping/model/MappingException.class], URL [jar:file:/C:/Users/netoz/.gradle/caches/modules-2/files-2.1/org.springframework.data/spring-data-commons/1.11.4.RELEASE/c2b1fd4dbf7dff772d6124bb35892759e8bf088e/spring-data-commons-1.11.4.RELEASE.jar!/org/springframework/data/mapping/model/ParameterValueProvider.class], URL [jar:file:/C:/Users/netoz/.gradle/caches/modules-2/files-2.1/org.springframework.data/spring-data-commons/1.11.4.RELEASE/c2b1fd4dbf7dff772d6124bb35892759e8bf088e/spring-data-commons-1.11.4.RELEASE.jar!/org/springframework/data/mapping/model/FieldNamingStrategy.class], URL [jar:file:/C:/Users/netoz/.gradle/caches/modules-2/files-2.1/org.springframework.data/spring-data-commons/1.11.4.RELEASE/c2b1fd4dbf7dff772d6124bb35892759e8bf088e/spring-data-commons-1.11.4.RELEASE.jar!/org/springframework/data/mapping/PropertyPath$1.class], URL [jar:file:/C:/Users/netoz/.gradle/caches/modules-2/files-2.1/org.springframework.data/spring-data-commons/1.11.4.RELEASE/c2b1fd4dbf7dff772d6124bb35892759e8bf088e/spring-data-commons-1.11.4.RELEASE.jar!/org/springframework/data/mapping/context/AbstractMappingContext$PersistentPropertyFilter.class], URL [jar:file:/C:/Users/netoz/.gradle/caches/modules-2/files-2.1/org.springframework.data/spring-data-commons/1.11.4.RELEASE/c2b1fd4dbf7dff772d6124bb35892759e8bf088e/spring-data-commons-1.11.4.RELEASE.jar!/org/springframework/data/mapping/context/MappingContextEvent.class], URL [jar:file:/C:/Users/netoz/.gradle/caches/modules-2/files-2.1/org.springframework.data/spring-data-commons/1.11.4.RELEASE/c2b1fd4dbf7dff772d6124bb35892759e8bf088e/spring-data-commons-1.11.4.RELEASE.jar!/org/springframework/data/mapping/context/PersistentPropertyPath.class], URL [jar:file:/C:/Users/netoz/.gradle/caches/modules-2/files-2.1/org.springframework.data/spring-data-commons/1.11.4.RELEASE/c2b1fd4dbf7dff772d6124bb35892759e8bf088e/spring-data-commons-1.11.4.RELEASE.jar!/org/springframework/data/mapping/context/MappingContextIsNewStrategyFactory.class], URL [jar:file:/C:/Users/netoz/.gradle/caches/modules-2/files-2.1/org.springframework.data/spring-data-commons/1.11.4.RELEASE/c2b1fd4dbf7dff772d6124bb35892759e8bf088e/spring-data-commons-1.11.4.RELEASE.jar!/org/springframework/data/mapping/context/MappingContextIsNewStrategyFactory$PropertyIsNullOrZeroNumberIsNewStrategy.class], URL [jar:file:/C:/Users/netoz/.gradle/caches/modules-2/files-2.1/org.springframework.data/spring-data-commons/1.11.4.RELEASE/c2b1fd4dbf7dff772d6124bb35892759e8bf088e/spring-data-commons-1.11.4.RELEASE.jar!/org/springframework/data/mapping/context/MappingContextIsNewStrategyFactory$PropertyIsNullIsNewStrategy.class], URL [jar:file:/C:/Users/netoz/.gradle/caches/modules-2/files-2.1/org.springframework.data/spring-data-commons/1.11.4.RELEASE/c2b1fd4dbf7dff772d6124bb35892759e8bf088e/spring-data-commons-1.11.4.RELEASE.jar!/org/springframework/data/mapping/context/DefaultPersistentPropertyPath$PropertyNameConverter.class], URL [jar:file:/C:/Users/netoz/.gradle/caches/modules-2/files-2.1/org.springframework.data/spring-data-commons/1.11.4.RELEASE/c2b1fd4dbf7dff772d6124bb35892759e8bf088e/spring-data-commons-1.11.4.RELEASE.jar!/org/springframework/data/mapping/context/AbstractMappingContext$PersistentPropertyCreator.class], URL [jar:file:/C:/Users/netoz/.gradle/caches/modules-2/files-2.1/org.springframework.data/spring-data-commons/1.11.4.RELEASE/c2b1fd4dbf7dff772d6124bb35892759e8bf088e/spring-data-commons-1.11.4.RELEASE.jar!/org/springframework/data/mapping/context/AbstractMappingContext.class], URL [jar:file:/C:/Users/netoz/.gradle/caches/modules-2/files-2.1/org.springframework.data/spring-data-commons/1.11.4.RELEASE/c2b1fd4dbf7dff772d6124bb35892759e8bf088e/spring-data-commons-1.11.4.RELEASE.jar!/org/springframework/data/mapping/context/InvalidPersistentPropertyPath.class], URL [jar:file:/C:/Users/netoz/.gradle/caches/modules-2/files-2.1/org.springframework.data/spring-data-commons/1.11.4.RELEASE/c2b1fd4dbf7dff772d6124bb35892759e8bf088e/spring-data-commons-1.11.4.RELEASE.jar!/org/springframework/data/mapping/context/AbstractMappingContext$1.class], URL [jar:file:/C:/Users/netoz/.gradle/caches/modules-2/files-2.1/org.springframework.data/spring-data-commons/1.11.4.RELEASE/c2b1fd4dbf7dff772d6124bb35892759e8bf088e/spring-data-commons-1.11.4.RELEASE.jar!/org/springframework/data/mapping/context/MappingContextIsNewStrategyFactory$PersistentPropertyInspectingIsNewStrategy.class], URL [jar:file:/C:/Users/netoz/.gradle/caches/modules-2/files-2.1/org.springframework.data/spring-data-commons/1.11.4.RELEASE/c2b1fd4dbf7dff772d6124bb35892759e8bf088e/spring-data-commons-1.11.4.RELEASE.jar!/org/springframework/data/mapping/context/MappingContext.class], URL [jar:file:/C:/Users/netoz/.gradle/caches/modules-2/files-2.1/org.springframework.data/spring-data-commons/1.11.4.RELEASE/c2b1fd4dbf7dff772d6124bb35892759e8bf088e/spring-data-commons-1.11.4.RELEASE.jar!/org/springframework/data/mapping/context/AbstractMappingContext$PersistentPropertyFilter$PropertyMatch.class], URL [jar:file:/C:/Users/netoz/.gradle/caches/modules-2/files-2.1/org.springframework.data/spring-data-commons/1.11.4.RELEASE/c2b1fd4dbf7dff772d6124bb35892759e8bf088e/spring-data-commons-1.11.4.RELEASE.jar!/org/springframework/data/mapping/context/DefaultPersistentPropertyPath.class], URL [jar:file:/C:/Users/netoz/.gradle/caches/modules-2/files-2.1/org.springframework.data/spring-data-commons/1.11.4.RELEASE/c2b1fd4dbf7dff772d6124bb35892759e8bf088e/spring-data-commons-1.11.4.RELEASE.jar!/org/springframework/data/mapping/context/PersistentEntities.class], URL [jar:file:/C:/Users/netoz/.gradle/caches/modules-2/files-2.1/org.springframework.data/spring-data-commons/1.11.4.RELEASE/c2b1fd4dbf7dff772d6124bb35892759e8bf088e/spring-data-commons-1.11.4.RELEASE.jar!/org/springframework/data/mapping/PersistentProperty.class], URL [jar:file:/C:/Users/netoz/.gradle/caches/modules-2/files-2.1/org.springframework.data/spring-data-commons/1.11.4.RELEASE/c2b1fd4dbf7dff772d6124bb35892759e8bf088e/spring-data-commons-1.11.4.RELEASE.jar!/org/springframework/data/mapping/PreferredConstructor.class], URL [jar:file:/C:/Users/netoz/.gradle/caches/modules-2/files-2.1/org.springframework.data/spring-data-commons/1.11.4.RELEASE/c2b1fd4dbf7dff772d6124bb35892759e8bf088e/spring-data-commons-1.11.4.RELEASE.jar!/org/springframework/data/mapping/Association.class], URL [jar:file:/C:/Users/netoz/.gradle/caches/modules-2/files-2.1/org.springframework.data/spring-data-commons/1.11.4.RELEASE/c2b1fd4dbf7dff772d6124bb35892759e8bf088e/spring-data-commons-1.11.4.RELEASE.jar!/org/springframework/data/mapping/SimplePropertyHandler.class], URL [jar:file:/C:/Users/netoz/.gradle/caches/modules-2/files-2.1/org.springframework.data/spring-data-commons/1.11.4.RELEASE/c2b1fd4dbf7dff772d6124bb35892759e8bf088e/spring-data-commons-1.11.4.RELEASE.jar!/org/springframework/data/mapping/IdentifierAccessor.class], URL [jar:file:/C:/Users/netoz/.gradle/caches/modules-2/files-2.1/org.springframework.data/spring-data-commons/1.11.4.RELEASE/c2b1fd4dbf7dff772d6124bb35892759e8bf088e/spring-data-commons-1.11.4.RELEASE.jar!/org/springframework/data/mapping/PersistentPropertyAccessor.class], URL [jar:file:/C:/Users/netoz/.gradle/caches/modules-2/files-2.1/org.springframework.data/spring-data-commons/1.11.4.RELEASE/c2b1fd4dbf7dff772d6124bb35892759e8bf088e/spring-data-commons-1.11.4.RELEASE.jar!/org/springframework/data/mapping/PropertyPath.class], URL [jar:file:/C:/Users/netoz/.gradle/caches/modules-2/files-2.1/org.springframework.data/spring-data-commons/1.11.4.RELEASE/c2b1fd4dbf7dff772d6124bb35892759e8bf088e/spring-data-commons-1.11.4.RELEASE.jar!/org/springframework/data/mapping/PropertyHandler.class], URL [jar:file:/C:/Users/netoz/.gradle/caches/modules-2/files-2.1/org.springframework.data/spring-data-commons/1.11.4.RELEASE/c2b1fd4dbf7dff772d6124bb35892759e8bf088e/spring-data-commons-1.11.4.RELEASE.jar!/org/springframework/data/mapping/PropertyReferenceException.class], URL [jar:file:/C:/Users/netoz/.gradle/caches/modules-2/files-2.1/org.springframework.data/spring-data-commons/1.11.4.RELEASE/c2b1fd4dbf7dff772d6124bb35892759e8bf088e/spring-data-commons-1.11.4.RELEASE.jar!/org/springframework/data/mapping/AssociationHandler.class], URL [jar:file:/C:/Users/netoz/.gradle/caches/modules-2/files-2.1/org.springframework.data/spring-data-commons/1.11.4.RELEASE/c2b1fd4dbf7dff772d6124bb35892759e8bf088e/spring-data-commons-1.11.4.RELEASE.jar!/org/springframework/data/mapping/PersistentEntity.class], URL [jar:file:/C:/Users/netoz/.gradle/caches/modules-2/files-2.1/org.springframework.data/spring-data-commons/1.11.4.RELEASE/c2b1fd4dbf7dff772d6124bb35892759e8bf088e/spring-data-commons-1.11.4.RELEASE.jar!/org/springframework/data/mapping/PreferredConstructor$Parameter.class], URL [jar:file:/C:/Users/netoz/.gradle/caches/modules-2/files-2.1/org.springframework.data/spring-data-commons/1.11.4.RELEASE/c2b1fd4dbf7dff772d6124bb35892759e8bf088e/spring-data-commons-1.11.4.RELEASE.jar!/org/springframework/data/mapping/SimpleAssociationHandler.class], URL [jar:file:/C:/Users/netoz/.gradle/caches/modules-2/files-2.1/org.springframework.data/spring-data-commons/1.11.4.RELEASE/c2b1fd4dbf7dff772d6124bb35892759e8bf088e/spring-data-commons-1.11.4.RELEASE.jar!/org/springframework/data/geo/GeoModule$DistanceMixin.class], URL [jar:file:/C:/Users/netoz/.gradle/caches/modules-2/files-2.1/org.springframework.data/spring-data-commons/1.11.4.RELEASE/c2b1fd4dbf7dff772d6124bb35892759e8bf088e/spring-data-commons-1.11.4.RELEASE.jar!/org/springframework/data/geo/GeoPage.class], URL [jar:file:/C:/Users/netoz/.gradle/caches/modules-2/files-2.1/org.springframework.data/spring-data-commons/1.11.4.RELEASE/c2b1fd4dbf7dff772d6124bb35892759e8bf088e/spring-data-commons-1.11.4.RELEASE.jar!/org/springframework/data/geo/CustomMetric.class], URL [jar:file:/C:/Users/netoz/.gradle/caches/modules-2/files-2.1/org.springframework.data/spring-data-commons/1.11.4.RELEASE/c2b1fd4dbf7dff772d6124bb35892759e8bf088e/spring-data-commons-1.11.4.RELEASE.jar!/org/springframework/data/geo/GeoModule.class], URL [jar:file:/C:/Users/netoz/.gradle/caches/modules-2/files-2.1/org.springframework.data/spring-data-commons/1.11.4.RELEASE/c2b1fd4dbf7dff772d6124bb35892759e8bf088e/spring-data-commons-1.11.4.RELEASE.jar!/org/springframework/data/geo/GeoModule$PointMixin.class], URL [jar:file:/C:/Users/netoz/.gradle/caches/modules-2/files-2.1/org.springframework.data/spring-data-commons/1.11.4.RELEASE/c2b1fd4dbf7dff772d6124bb35892759e8bf088e/spring-data-commons-1.11.4.RELEASE.jar!/org/springframework/data/geo/GeoResults.class], URL [jar:file:/C:/Users/netoz/.gradle/caches/modules-2/files-2.1/org.springframework.data/spring-data-commons/1.11.4.RELEASE/c2b1fd4dbf7dff772d6124bb35892759e8bf088e/spring-data-commons-1.11.4.RELEASE.jar!/org/springframework/data/geo/Distance.class], URL [jar:file:/C:/Users/netoz/.gradle/caches/modules-2/files-2.1/org.springframework.data/spring-data-commons/1.11.4.RELEASE/c2b1fd4dbf7dff772d6124bb35892759e8bf088e/spring-data-commons-1.11.4.RELEASE.jar!/org/springframework/data/geo/GeoModule$CircleMixin.class], URL [jar:file:/C:/Users/netoz/.gradle/caches/modules-2/files-2.1/org.springframework.data/spring-data-commons/1.11.4.RELEASE/c2b1fd4dbf7dff772d6124bb35892759e8bf088e/spring-data-commons-1.11.4.RELEASE.jar!/org/springframework/data/geo/Circle.class], URL [jar:file:/C:/Users/netoz/.gradle/caches/modules-2/files-2.1/org.springframework.data/spring-data-commons/1.11.4.RELEASE/c2b1fd4dbf7dff772d6124bb35892759e8bf088e/spring-data-commons-1.11.4.RELEASE.jar!/org/springframework/data/geo/GeoModule$PolygonMixin.class], URL [jar:file:/C:/Users/netoz/.gradle/caches/modules-2/files-2.1/org.springframework.data/spring-data-commons/1.11.4.RELEASE/c2b1fd4dbf7dff772d6124bb35892759e8bf088e/spring-data-commons-1.11.4.RELEASE.jar!/org/springframework/data/geo/Polygon.class], URL [jar:file:/C:/Users/netoz/.gradle/caches/modules-2/files-2.1/org.springframework.data/spring-data-commons/1.11.4.RELEASE/c2b1fd4dbf7dff772d6124bb35892759e8bf088e/spring-data-commons-1.11.4.RELEASE.jar!/org/springframework/data/geo/Metrics.class], URL [jar:file:/C:/Users/netoz/.gradle/caches/modules-2/files-2.1/org.springframework.data/spring-data-commons/1.11.4.RELEASE/c2b1fd4dbf7dff772d6124bb35892759e8bf088e/spring-data-commons-1.11.4.RELEASE.jar!/org/springframework/data/geo/Point.class], URL [jar:file:/C:/Users/netoz/.gradle/caches/modules-2/files-2.1/org.springframework.data/spring-data-commons/1.11.4.RELEASE/c2b1fd4dbf7dff772d6124bb35892759e8bf088e/spring-data-commons-1.11.4.RELEASE.jar!/org/springframework/data/geo/Box.class], URL [jar:file:/C:/Users/netoz/.gradle/caches/modules-2/files-2.1/org.springframework.data/spring-data-commons/1.11.4.RELEASE/c2b1fd4dbf7dff772d6124bb35892759e8bf088e/spring-data-commons-1.11.4.RELEASE.jar!/org/springframework/data/geo/format/PointFormatter.class], URL [jar:file:/C:/Users/netoz/.gradle/caches/modules-2/files-2.1/org.springframework.data/spring-data-commons/1.11.4.RELEASE/c2b1fd4dbf7dff772d6124bb35892759e8bf088e/spring-data-commons-1.11.4.RELEASE.jar!/org/springframework/data/geo/format/DistanceFormatter.class], URL [jar:file:/C:/Users/netoz/.gradle/caches/modules-2/files-2.1/org.springframework.data/spring-data-commons/1.11.4.RELEASE/c2b1fd4dbf7dff772d6124bb35892759e8bf088e/spring-data-commons-1.11.4.RELEASE.jar!/org/springframework/data/geo/Metric.class], URL [jar:file:/C:/Users/netoz/.gradle/caches/modules-2/files-2.1/org.springframework.data/spring-data-commons/1.11.4.RELEASE/c2b1fd4dbf7dff772d6124bb35892759e8bf088e/spring-data-commons-1.11.4.RELEASE.jar!/org/springframework/data/geo/GeoResult.class], URL [jar:file:/C:/Users/netoz/.gradle/caches/modules-2/files-2.1/org.springframework.data/spring-data-commons/1.11.4.RELEASE/c2b1fd4dbf7dff772d6124bb35892759e8bf088e/spring-data-commons-1.11.4.RELEASE.jar!/org/springframework/data/geo/GeoModule$BoxMixin.class], URL [jar:file:/C:/Users/netoz/.gradle/caches/modules-2/files-2.1/org.springframework.data/spring-data-commons/1.11.4.RELEASE/c2b1fd4dbf7dff772d6124bb35892759e8bf088e/spring-data-commons-1.11.4.RELEASE.jar!/org/springframework/data/geo/Shape.class], URL [jar:file:/C:/Users/netoz/.gradle/caches/modules-2/files-2.1/org.springframework.data/spring-data-commons/1.11.4.RELEASE/c2b1fd4dbf7dff772d6124bb35892759e8bf088e/spring-data-commons-1.11.4.RELEASE.jar!/org/springframework/data/web/MapDataBinder$MapPropertyAccessor$PropertyTraversingMapAccessor.class], URL [jar:file:/C:/Users/netoz/.gradle/caches/modules-2/files-2.1/org.springframework.data/spring-data-commons/1.11.4.RELEASE/c2b1fd4dbf7dff772d6124bb35892759e8bf088e/spring-data-commons-1.11.4.RELEASE.jar!/org/springframework/data/web/PageableDefault.class], URL [jar:file:/C:/Users/netoz/.gradle/caches/modules-2/files-2.1/org.springframework.data/spring-data-commons/1.11.4.RELEASE/c2b1fd4dbf7dff772d6124bb35892759e8bf088e/spring-data-commons-1.11.4.RELEASE.jar!/org/springframework/data/web/MapDataBinder.class], URL [jar:file:/C:/Users/netoz/.gradle/caches/modules-2/files-2.1/org.springframework.data/spring-data-commons/1.11.4.RELEASE/c2b1fd4dbf7dff772d6124bb35892759e8bf088e/spring-data-commons-1.11.4.RELEASE.jar!/org/springframework/data/web/PageableHandlerMethodArgumentResolver.class], URL [jar:file:/C:/Users/netoz/.gradle/caches/modules-2/files-2.1/org.springframework.data/spring-data-commons/1.11.4.RELEASE/c2b1fd4dbf7dff772d6124bb35892759e8bf088e/spring-data-commons-1.11.4.RELEASE.jar!/org/springframework/data/web/SpringDataAnnotationUtils.class], URL [jar:file:/C:/Users/netoz/.gradle/caches/modules-2/files-2.1/org.springframework.data/spring-data-commons/1.11.4.RELEASE/c2b1fd4dbf7dff772d6124bb35892759e8bf088e/spring-data-commons-1.11.4.RELEASE.jar!/org/springframework/data/web/ProxyingHandlerMethodArgumentResolver.class], URL [jar:file:/C:/Users/netoz/.gradle/caches/modules-2/files-2.1/org.springframework.data/spring-data-commons/1.11.4.RELEASE/c2b1fd4dbf7dff772d6124bb35892759e8bf088e/spring-data-commons-1.11.4.RELEASE.jar!/org/springframework/data/web/querydsl/QuerydslPredicateArgumentResolver.class], URL [jar:file:/C:/Users/netoz/.gradle/caches/modules-2/files-2.1/org.springframework.data/spring-data-commons/1.11.4.RELEASE/c2b1fd4dbf7dff772d6124bb35892759e8bf088e/spring-data-commons-1.11.4.RELEASE.jar!/org/springframework/data/web/PagedResourcesAssemblerArgumentResolver.class], URL [jar:file:/C:/Users/netoz/.gradle/caches/modules-2/files-2.1/org.springframework.data/spring-data-commons/1.11.4.RELEASE/c2b1fd4dbf7dff772d6124bb35892759e8bf088e/spring-data-commons-1.11.4.RELEASE.jar!/org/springframework/data/web/SortHandlerMethodArgumentResolver.class], URL [jar:file:/C:/Users/netoz/.gradle/caches/modules-2/files-2.1/org.springframework.data/spring-data-commons/1.11.4.RELEASE/c2b1fd4dbf7dff772d6124bb35892759e8bf088e/spring-data-commons-1.11.4.RELEASE.jar!/org/springframework/data/web/PagedResourcesAssembler$SimplePagedResourceAssembler.class], URL [jar:file:/C:/Users/netoz/.gradle/caches/modules-2/files-2.1/org.springframework.data/spring-data-commons/1.11.4.RELEASE/c2b1fd4dbf7dff772d6124bb35892759e8bf088e/spring-data-commons-1.11.4.RELEASE.jar!/org/springframework/data/web/MapDataBinder$MapPropertyAccessor.class], URL [jar:file:/C:/Users/netoz/.gradle/caches/modules-2/files-2.1/org.springframework.data/spring-data-commons/1.11.4.RELEASE/c2b1fd4dbf7dff772d6124bb35892759e8bf088e/spring-data-commons-1.11.4.RELEASE.jar!/org/springframework/data/web/SortDefault.class], URL [jar:file:/C:/Users/netoz/.gradle/caches/modules-2/files-2.1/org.springframework.data/spring-data-commons/1.11.4.RELEASE/c2b1fd4dbf7dff772d6124bb35892759e8bf088e/spring-data-commons-1.11.4.RELEASE.jar!/org/springframework/data/web/HateoasPageableHandlerMethodArgumentResolver.class], URL [jar:file:/C:/Users/netoz/.gradle/caches/modules-2/files-2.1/org.springframework.data/spring-data-commons/1.11.4.RELEASE/c2b1fd4dbf7dff772d6124bb35892759e8bf088e/spring-data-commons-1.11.4.RELEASE.jar!/org/springframework/data/web/HateoasSortHandlerMethodArgumentResolver.class], URL [jar:file:/C:/Users/netoz/.gradle/caches/modules-2/files-2.1/org.springframework.data/spring-data-commons/1.11.4.RELEASE/c2b1fd4dbf7dff772d6124bb35892759e8bf088e/spring-data-commons-1.11.4.RELEASE.jar!/org/springframework/data/web/config/SpringDataWebConfiguration.class], URL [jar:file:/C:/Users/netoz/.gradle/caches/modules-2/files-2.1/org.springframework.data/spring-data-commons/1.11.4.RELEASE/c2b1fd4dbf7dff772d6124bb35892759e8bf088e/spring-data-commons-1.11.4.RELEASE.jar!/org/springframework/data/web/config/EnableSpringDataWebSupport$SpringDataWebConfigurationImportSelector.class], URL [jar:file:/C:/Users/netoz/.gradle/caches/modules-2/files-2.1/org.springframework.data/spring-data-commons/1.11.4.RELEASE/c2b1fd4dbf7dff772d6124bb35892759e8bf088e/spring-data-commons-1.11.4.RELEASE.jar!/org/springframework/data/web/config/SpringDataJacksonConfiguration.class], URL [jar:file:/C:/Users/netoz/.gradle/caches/modules-2/files-2.1/org.springframework.data/spring-data-commons/1.11.4.RELEASE/c2b1fd4dbf7dff772d6124bb35892759e8bf088e/spring-data-commons-1.11.4.RELEASE.jar!/org/springframework/data/web/config/EnableSpringDataWebSupport$QuerydslActivator.class], URL [jar:file:/C:/Users/netoz/.gradle/caches/modules-2/files-2.1/org.springframework.data/spring-data-commons/1.11.4.RELEASE/c2b1fd4dbf7dff772d6124bb35892759e8bf088e/spring-data-commons-1.11.4.RELEASE.jar!/org/springframework/data/web/config/EnableSpringDataWebSupport.class], URL [jar:file:/C:/Users/netoz/.gradle/caches/modules-2/files-2.1/org.springframework.data/spring-data-commons/1.11.4.RELEASE/c2b1fd4dbf7dff772d6124bb35892759e8bf088e/spring-data-commons-1.11.4.RELEASE.jar!/org/springframework/data/web/config/HateoasAwareSpringDataWebConfiguration.class], URL [jar:file:/C:/Users/netoz/.gradle/caches/modules-2/files-2.1/org.springframework.data/spring-data-commons/1.11.4.RELEASE/c2b1fd4dbf7dff772d6124bb35892759e8bf088e/spring-data-commons-1.11.4.RELEASE.jar!/org/springframework/data/web/config/QuerydslWebConfiguration.class], URL [jar:file:/C:/Users/netoz/.gradle/caches/modules-2/files-2.1/org.springframework.data/spring-data-commons/1.11.4.RELEASE/c2b1fd4dbf7dff772d6124bb35892759e8bf088e/spring-data-commons-1.11.4.RELEASE.jar!/org/springframework/data/web/config/SpringDataWebConfigurationMixin.class], URL [jar:file:/C:/Users/netoz/.gradle/caches/modules-2/files-2.1/org.springframework.data/spring-data-commons/1.11.4.RELEASE/c2b1fd4dbf7dff772d6124bb35892759e8bf088e/spring-data-commons-1.11.4.RELEASE.jar!/org/springframework/data/web/SortDefault$SortDefaults.class], URL [jar:file:/C:/Users/netoz/.gradle/caches/modules-2/files-2.1/org.springframework.data/spring-data-commons/1.11.4.RELEASE/c2b1fd4dbf7dff772d6124bb35892759e8bf088e/spring-data-commons-1.11.4.RELEASE.jar!/org/springframework/data/web/PagedResourcesAssembler.class], URL [jar:file:/C:/Users/netoz/.gradle/caches/modules-2/files-2.1/org.springframework.data/spring-data-commons/1.11.4.RELEASE/c2b1fd4dbf7dff772d6124bb35892759e8bf088e/spring-data-commons-1.11.4.RELEASE.jar!/org/springframework/data/web/SortHandlerMethodArgumentResolver$ExpressionBuilder.class], URL [jar:file:/C:/Users/netoz/.gradle/caches/modules-2/files-2.1/org.springframework.data/spring-data-commons/1.11.4.RELEASE/c2b1fd4dbf7dff772d6124bb35892759e8bf088e/spring-data-commons-1.11.4.RELEASE.jar!/org/springframework/data/web/PagedResourcesAssembler$1.class], URL [jar:file:/C:/Users/netoz/.gradle/caches/modules-2/files-2.1/org.springframework.data/spring-data-commons/1.11.4.RELEASE/c2b1fd4dbf7dff772d6124bb35892759e8bf088e/spring-data-commons-1.11.4.RELEASE.jar!/org/springframework/data/web/MethodParameterAwarePagedResourcesAssembler.class], URL [jar:file:/C:/Users/netoz/.gradle/caches/modules-2/files-2.1/org.springframework.data/spring-data-commons/1.11.4.RELEASE/c2b1fd4dbf7dff772d6124bb35892759e8bf088e/spring-data-commons-1.11.4.RELEASE.jar!/org/springframework/data/util/ReflectionUtils$DescribedFieldFilter.class], URL [jar:file:/C:/Users/netoz/.gradle/caches/modules-2/files-2.1/org.springframework.data/spring-data-commons/1.11.4.RELEASE/c2b1fd4dbf7dff772d6124bb35892759e8bf088e/spring-data-commons-1.11.4.RELEASE.jar!/org/springframework/data/util/TypeVariableTypeInformation.class], URL [jar:file:/C:/Users/netoz/.gradle/caches/modules-2/files-2.1/org.springframework.data/spring-data-commons/1.11.4.RELEASE/c2b1fd4dbf7dff772d6124bb35892759e8bf088e/spring-data-commons-1.11.4.RELEASE.jar!/org/springframework/data/util/StreamUtils.class], URL [jar:file:/C:/Users/netoz/.gradle/caches/modules-2/files-2.1/org.springframework.data/spring-data-commons/1.11.4.RELEASE/c2b1fd4dbf7dff772d6124bb35892759e8bf088e/spring-data-commons-1.11.4.RELEASE.jar!/org/springframework/data/util/TypeDiscoverer$SyntheticParamterizedType.class], URL [jar:file:/C:/Users/netoz/.gradle/caches/modules-2/files-2.1/org.springframework.data/spring-data-commons/1.11.4.RELEASE/c2b1fd4dbf7dff772d6124bb35892759e8bf088e/spring-data-commons-1.11.4.RELEASE.jar!/org/springframework/data/util/AnnotatedTypeScanner.class], URL [jar:file:/C:/Users/netoz/.gradle/caches/modules-2/files-2.1/org.springframework.data/spring-data-commons/1.11.4.RELEASE/c2b1fd4dbf7dff772d6124bb35892759e8bf088e/spring-data-commons-1.11.4.RELEASE.jar!/org/springframework/data/util/GenericArrayTypeInformation.class], URL [jar:file:/C:/Users/netoz/.gradle/caches/modules-2/files-2.1/org.springframework.data/spring-data-commons/1.11.4.RELEASE/c2b1fd4dbf7dff772d6124bb35892759e8bf088e/spring-data-commons-1.11.4.RELEASE.jar!/org/springframework/data/util/ReflectionUtils$1.class], URL [jar:file:/C:/Users/netoz/.gradle/caches/modules-2/files-2.1/org.springframework.data/spring-data-commons/1.11.4.RELEASE/c2b1fd4dbf7dff772d6124bb35892759e8bf088e/spring-data-commons-1.11.4.RELEASE.jar!/org/springframework/data/util/StreamUtils$CloseableIteratorDisposingRunnable.class], URL [jar:file:/C:/Users/netoz/.gradle/caches/modules-2/files-2.1/org.springframework.data/spring-data-commons/1.11.4.RELEASE/c2b1fd4dbf7dff772d6124bb35892759e8bf088e/spring-data-commons-1.11.4.RELEASE.jar!/org/springframework/data/util/ParsingUtils.class], URL [jar:file:/C:/Users/netoz/.gradle/caches/modules-2/files-2.1/org.springframework.data/spring-data-commons/1.11.4.RELEASE/c2b1fd4dbf7dff772d6124bb35892759e8bf088e/spring-data-commons-1.11.4.RELEASE.jar!/org/springframework/data/util/ParentTypeAwareTypeInformation.class], URL [jar:file:/C:/Users/netoz/.gradle/caches/modules-2/files-2.1/org.springframework.data/spring-data-commons/1.11.4.RELEASE/c2b1fd4dbf7dff772d6124bb35892759e8bf088e/spring-data-commons-1.11.4.RELEASE.jar!/org/springframework/data/util/AnnotationDetectionMethodCallback.class], URL [jar:file:/C:/Users/netoz/.gradle/caches/modules-2/files-2.1/org.springframework.data/spring-data-commons/1.11.4.RELEASE/c2b1fd4dbf7dff772d6124bb35892759e8bf088e/spring-data-commons-1.11.4.RELEASE.jar!/org/springframework/data/util/ParameterizedTypeInformation.class], URL [jar:file:/C:/Users/netoz/.gradle/caches/modules-2/files-2.1/org.springframework.data/spring-data-commons/1.11.4.RELEASE/c2b1fd4dbf7dff772d6124bb35892759e8bf088e/spring-data-commons-1.11.4.RELEASE.jar!/org/springframework/data/util/CacheValue.class], URL [jar:file:/C:/Users/netoz/.gradle/caches/modules-2/files-2.1/org.springframework.data/spring-data-commons/1.11.4.RELEASE/c2b1fd4dbf7dff772d6124bb35892759e8bf088e/spring-data-commons-1.11.4.RELEASE.jar!/org/springframework/data/util/TypeInformation.class], URL [jar:file:/C:/Users/netoz/.gradle/caches/modules-2/files-2.1/org.springframework.data/spring-data-commons/1.11.4.RELEASE/c2b1fd4dbf7dff772d6124bb35892759e8bf088e/spring-data-commons-1.11.4.RELEASE.jar!/org/springframework/data/util/ClassTypeInformation.class], URL [jar:file:/C:/Users/netoz/.gradle/caches/modules-2/files-2.1/org.springframework.data/spring-data-commons/1.11.4.RELEASE/c2b1fd4dbf7dff772d6124bb35892759e8bf088e/spring-data-commons-1.11.4.RELEASE.jar!/org/springframework/data/util/AnnotatedTypeScanner$InterfaceAwareScanner.class], URL [jar:file:/C:/Users/netoz/.gradle/caches/modules-2/files-2.1/org.springframework.data/spring-data-commons/1.11.4.RELEASE/c2b1fd4dbf7dff772d6124bb35892759e8bf088e/spring-data-commons-1.11.4.RELEASE.jar!/org/springframework/data/util/DirectFieldAccessFallbackBeanWrapper.class], URL [jar:file:/C:/Users/netoz/.gradle/caches/modules-2/files-2.1/org.springframework.data/spring-data-commons/1.11.4.RELEASE/c2b1fd4dbf7dff772d6124bb35892759e8bf088e/spring-data-commons-1.11.4.RELEASE.jar!/org/springframework/data/util/TypeDiscoverer.class], URL [jar:file:/C:/Users/netoz/.gradle/caches/modules-2/files-2.1/org.springframework.data/spring-data-commons/1.11.4.RELEASE/c2b1fd4dbf7dff772d6124bb35892759e8bf088e/spring-data-commons-1.11.4.RELEASE.jar!/org/springframework/data/util/AnnotationDetectionFieldCallback.class], URL [jar:file:/C:/Users/netoz/.gradle/caches/modules-2/files-2.1/org.springframework.data/spring-data-commons/1.11.4.RELEASE/c2b1fd4dbf7dff772d6124bb35892759e8bf088e/spring-data-commons-1.11.4.RELEASE.jar!/org/springframework/data/util/Version.class], URL [jar:file:/C:/Users/netoz/.gradle/caches/modules-2/files-2.1/org.springframework.data/spring-data-commons/1.11.4.RELEASE/c2b1fd4dbf7dff772d6124bb35892759e8bf088e/spring-data-commons-1.11.4.RELEASE.jar!/org/springframework/data/util/ReflectionUtils$AnnotationFieldFilter.class], URL [jar:file:/C:/Users/netoz/.gradle/caches/modules-2/files-2.1/org.springframework.data/spring-data-commons/1.11.4.RELEASE/c2b1fd4dbf7dff772d6124bb35892759e8bf088e/spring-data-commons-1.11.4.RELEASE.jar!/org/springframework/data/util/CloseableIterator.class], URL [jar:file:/C:/Users/netoz/.gradle/caches/modules-2/files-2.1/org.springframework.data/spring-data-commons/1.11.4.RELEASE/c2b1fd4dbf7dff772d6124bb35892759e8bf088e/spring-data-commons-1.11.4.RELEASE.jar!/org/springframework/data/util/ReflectionUtils.class], URL [jar:file:/C:/Users/netoz/.gradle/caches/modules-2/files-2.1/org.springframework.data/spring-data-commons/1.11.4.RELEASE/c2b1fd4dbf7dff772d6124bb35892759e8bf088e/spring-data-commons-1.11.4.RELEASE.jar!/org/springframework/data/convert/ConfigurableTypeInformationMapper.class], URL [jar:file:/C:/Users/netoz/.gradle/caches/modules-2/files-2.1/org.springframework.data/spring-data-commons/1.11.4.RELEASE/c2b1fd4dbf7dff772d6124bb35892759e8bf088e/spring-data-commons-1.11.4.RELEASE.jar!/org/springframework/data/convert/ThreeTenBackPortConverters.class], URL [jar:file:/C:/Users/netoz/.gradle/caches/modules-2/files-2.1/org.springframework.data/spring-data-commons/1.11.4.RELEASE/c2b1fd4dbf7dff772d6124bb35892759e8bf088e/spring-data-commons-1.11.4.RELEASE.jar!/org/springframework/data/convert/ClassGeneratingEntityInstantiator$ObjectInstantiatorClassGenerator$1.class], URL [jar:file:/C:/Users/netoz/.gradle/caches/modules-2/files-2.1/org.springframework.data/spring-data-commons/1.11.4.RELEASE/c2b1fd4dbf7dff772d6124bb35892759e8bf088e/spring-data-commons-1.11.4.RELEASE.jar!/org/springframework/data/convert/WritingConverter.class], URL [jar:file:/C:/Users/netoz/.gradle/caches/modules-2/files-2.1/org.springframework.data/spring-data-commons/1.11.4.RELEASE/c2b1fd4dbf7dff772d6124bb35892759e8bf088e/spring-data-commons-1.11.4.RELEASE.jar!/org/springframework/data/convert/Jsr310Converters$LocalDateTimeToDateConverter.class], URL [jar:file:/C:/Users/netoz/.gradle/caches/modules-2/files-2.1/org.springframework.data/spring-data-commons/1.11.4.RELEASE/c2b1fd4dbf7dff772d6124bb35892759e8bf088e/spring-data-commons-1.11.4.RELEASE.jar!/org/springframework/data/convert/Jsr310Converters$InstantToDateConverter.class], URL [jar:file:/C:/Users/netoz/.gradle/caches/modules-2/files-2.1/org.springframework.data/spring-data-commons/1.11.4.RELEASE/c2b1fd4dbf7dff772d6124bb35892759e8bf088e/spring-data-commons-1.11.4.RELEASE.jar!/org/springframework/data/convert/ReflectionEntityInstantiator.class], URL [jar:file:/C:/Users/netoz/.gradle/caches/modules-2/files-2.1/org.springframework.data/spring-data-commons/1.11.4.RELEASE/c2b1fd4dbf7dff772d6124bb35892759e8bf088e/spring-data-commons-1.11.4.RELEASE.jar!/org/springframework/data/convert/TypeInformationMapper.class], URL [jar:file:/C:/Users/netoz/.gradle/caches/modules-2/files-2.1/org.springframework.data/spring-data-commons/1.11.4.RELEASE/c2b1fd4dbf7dff772d6124bb35892759e8bf088e/spring-data-commons-1.11.4.RELEASE.jar!/org/springframework/data/convert/BytecodeGeneratingEntityInstantiator.class], URL [jar:file:/C:/Users/netoz/.gradle/caches/modules-2/files-2.1/org.springframework.data/spring-data-commons/1.11.4.RELEASE/c2b1fd4dbf7dff772d6124bb35892759e8bf088e/spring-data-commons-1.11.4.RELEASE.jar!/org/springframework/data/convert/BytecodeGeneratingEntityInstantiator$ObjectInstantiator.class], URL [jar:file:/C:/Users/netoz/.gradle/caches/modules-2/files-2.1/org.springframework.data/spring-data-commons/1.11.4.RELEASE/c2b1fd4dbf7dff772d6124bb35892759e8bf088e/spring-data-commons-1.11.4.RELEASE.jar!/org/springframework/data/convert/ThreeTenBackPortConverters$LocalTimeToDateConverter.class], URL [jar:file:/C:/Users/netoz/.gradle/caches/modules-2/files-2.1/org.springframework.data/spring-data-commons/1.11.4.RELEASE/c2b1fd4dbf7dff772d6124bb35892759e8bf088e/spring-data-commons-1.11.4.RELEASE.jar!/org/springframework/data/convert/TypeAliasAccessor.class], URL [jar:file:/C:/Users/netoz/.gradle/caches/modules-2/files-2.1/org.springframework.data/spring-data-commons/1.11.4.RELEASE/c2b1fd4dbf7dff772d6124bb35892759e8bf088e/spring-data-commons-1.11.4.RELEASE.jar!/org/springframework/data/convert/Jsr310Converters$LocalDateToDateConverter.class], URL [jar:file:/C:/Users/netoz/.gradle/caches/modules-2/files-2.1/org.springframework.data/spring-data-commons/1.11.4.RELEASE/c2b1fd4dbf7dff772d6124bb35892759e8bf088e/spring-data-commons-1.11.4.RELEASE.jar!/org/springframework/data/convert/DefaultTypeMapper.class], URL [jar:file:/C:/Users/netoz/.gradle/caches/modules-2/files-2.1/org.springframework.data/spring-data-commons/1.11.4.RELEASE/c2b1fd4dbf7dff772d6124bb35892759e8bf088e/spring-data-commons-1.11.4.RELEASE.jar!/org/springframework/data/convert/EntityReader.class], URL [jar:file:/C:/Users/netoz/.gradle/caches/modules-2/files-2.1/org.springframework.data/spring-data-commons/1.11.4.RELEASE/c2b1fd4dbf7dff772d6124bb35892759e8bf088e/spring-data-commons-1.11.4.RELEASE.jar!/org/springframework/data/convert/MappingContextTypeInformationMapper.class], URL [jar:file:/C:/Users/netoz/.gradle/caches/modules-2/files-2.1/org.springframework.data/spring-data-commons/1.11.4.RELEASE/c2b1fd4dbf7dff772d6124bb35892759e8bf088e/spring-data-commons-1.11.4.RELEASE.jar!/org/springframework/data/convert/JodaTimeConverters$LocalDateTimeToDateConverter.class], URL [jar:file:/C:/Users/netoz/.gradle/caches/modules-2/files-2.1/org.springframework.data/spring-data-commons/1.11.4.RELEASE/c2b1fd4dbf7dff772d6124bb35892759e8bf088e/spring-data-commons-1.11.4.RELEASE.jar!/org/springframework/data/convert/TypeMapper.class], URL [jar:file:/C:/Users/netoz/.gradle/caches/modules-2/files-2.1/org.springframework.data/spring-data-commons/1.11.4.RELEASE/c2b1fd4dbf7dff772d6124bb35892759e8bf088e/spring-data-commons-1.11.4.RELEASE.jar!/org/springframework/data/convert/ThreeTenBackPortConverters$DateToLocalDateConverter.class], URL [jar:file:/C:/Users/netoz/.gradle/caches/modules-2/files-2.1/org.springframework.data/spring-data-commons/1.11.4.RELEASE/c2b1fd4dbf7dff772d6124bb35892759e8bf088e/spring-data-commons-1.11.4.RELEASE.jar!/org/springframework/data/convert/Jsr310Converters$DateToLocalDateConverter.class], URL [jar:file:/C:/Users/netoz/.gradle/caches/modules-2/files-2.1/org.springframework.data/spring-data-commons/1.11.4.RELEASE/c2b1fd4dbf7dff772d6124bb35892759e8bf088e/spring-data-commons-1.11.4.RELEASE.jar!/org/springframework/data/convert/SimpleTypeInformationMapper.class], URL [jar:file:/C:/Users/netoz/.gradle/caches/modules-2/files-2.1/org.springframework.data/spring-data-commons/1.11.4.RELEASE/c2b1fd4dbf7dff772d6124bb35892759e8bf088e/spring-data-commons-1.11.4.RELEASE.jar!/org/springframework/data/convert/JodaTimeConverters$DateToDateMidnightConverter.class], URL [jar:file:/C:/Users/netoz/.gradle/caches/modules-2/files-2.1/org.springframework.data/spring-data-commons/1.11.4.RELEASE/c2b1fd4dbf7dff772d6124bb35892759e8bf088e/spring-data-commons-1.11.4.RELEASE.jar!/org/springframework/data/convert/JodaTimeConverters$DateToLocalDateTimeConverter.class], URL [jar:file:/C:/Users/netoz/.gradle/caches/modules-2/files-2.1/org.springframework.data/spring-data-commons/1.11.4.RELEASE/c2b1fd4dbf7dff772d6124bb35892759e8bf088e/spring-data-commons-1.11.4.RELEASE.jar!/org/springframework/data/convert/ThreeTenBackPortConverters$DateToLocalDateTimeConverter.class], URL [jar:file:/C:/Users/netoz/.gradle/caches/modules-2/files-2.1/org.springframework.data/spring-data-commons/1.11.4.RELEASE/c2b1fd4dbf7dff772d6124bb35892759e8bf088e/spring-data-commons-1.11.4.RELEASE.jar!/org/springframework/data/convert/JodaTimeConverters$DateToLocalDateConverter.class], URL [jar:file:/C:/Users/netoz/.gradle/caches/modules-2/files-2.1/org.springframework.data/spring-data-commons/1.11.4.RELEASE/c2b1fd4dbf7dff772d6124bb35892759e8bf088e/spring-data-commons-1.11.4.RELEASE.jar!/org/springframework/data/convert/EntityConverter.class], URL [jar:file:/C:/Users/netoz/.gradle/caches/modules-2/files-2.1/org.springframework.data/spring-data-commons/1.11.4.RELEASE/c2b1fd4dbf7dff772d6124bb35892759e8bf088e/spring-data-commons-1.11.4.RELEASE.jar!/org/springframework/data/convert/EntityInstantiators.class], URL [jar:file:/C:/Users/netoz/.gradle/caches/modules-2/files-2.1/org.springframework.data/spring-data-commons/1.11.4.RELEASE/c2b1fd4dbf7dff772d6124bb35892759e8bf088e/spring-data-commons-1.11.4.RELEASE.jar!/org/springframework/data/convert/ClassGeneratingEntityInstantiator$EntityInstantiatorAdapter.class], URL [jar:file:/C:/Users/netoz/.gradle/caches/modules-2/files-2.1/org.springframework.data/spring-data-commons/1.11.4.RELEASE/c2b1fd4dbf7dff772d6124bb35892759e8bf088e/spring-data-commons-1.11.4.RELEASE.jar!/org/springframework/data/convert/ThreeTenBackPortConverters$LocalDateTimeToDateConverter.class], URL [jar:file:/C:/Users/netoz/.gradle/caches/modules-2/files-2.1/org.springframework.data/spring-data-commons/1.11.4.RELEASE/c2b1fd4dbf7dff772d6124bb35892759e8bf088e/spring-data-commons-1.11.4.RELEASE.jar!/org/springframework/data/convert/Jsr310Converters$DateToLocalDateTimeConverter.class], URL [jar:file:/C:/Users/netoz/.gradle/caches/modules-2/files-2.1/org.springframework.data/spring-data-commons/1.11.4.RELEASE/c2b1fd4dbf7dff772d6124bb35892759e8bf088e/spring-data-commons-1.11.4.RELEASE.jar!/org/springframework/data/convert/JodaTimeConverters$DateMidnightToDateConverter.class], URL [jar:file:/C:/Users/netoz/.gradle/caches/modules-2/files-2.1/org.springframework.data/spring-data-commons/1.11.4.RELEASE/c2b1fd4dbf7dff772d6124bb35892759e8bf088e/spring-data-commons-1.11.4.RELEASE.jar!/org/springframework/data/convert/ClassGeneratingEntityInstantiator$ObjectInstantiatorClassGenerator$ByteArrayClassLoader.class], URL [jar:file:/C:/Users/netoz/.gradle/caches/modules-2/files-2.1/org.springframework.data/spring-data-commons/1.11.4.RELEASE/c2b1fd4dbf7dff772d6124bb35892759e8bf088e/spring-data-commons-1.11.4.RELEASE.jar!/org/springframework/data/convert/JodaTimeConverters$LocalDateToDateConverter.class], URL [jar:file:/C:/Users/netoz/.gradle/caches/modules-2/files-2.1/org.springframework.data/spring-data-commons/1.11.4.RELEASE/c2b1fd4dbf7dff772d6124bb35892759e8bf088e/spring-data-commons-1.11.4.RELEASE.jar!/org/springframework/data/convert/Jsr310Converters$DateToInstantConverter.class], URL [jar:file:/C:/Users/netoz/.gradle/caches/modules-2/files-2.1/org.springframework.data/spring-data-commons/1.11.4.RELEASE/c2b1fd4dbf7dff772d6124bb35892759e8bf088e/spring-data-commons-1.11.4.RELEASE.jar!/org/springframework/data/convert/ClassGeneratingEntityInstantiator$1.class], URL [jar:file:/C:/Users/netoz/.gradle/caches/modules-2/files-2.1/org.springframework.data/spring-data-commons/1.11.4.RELEASE/c2b1fd4dbf7dff772d6124bb35892759e8bf088e/spring-data-commons-1.11.4.RELEASE.jar!/org/springframework/data/convert/ReadingConverter.class], URL [jar:file:/C:/Users/netoz/.gradle/caches/modules-2/files-2.1/org.springframework.data/spring-data-commons/1.11.4.RELEASE/c2b1fd4dbf7dff772d6124bb35892759e8bf088e/spring-data-commons-1.11.4.RELEASE.jar!/org/springframework/data/convert/ClassGeneratingEntityInstantiator$ObjectInstantiatorClassGenerator.class], URL [jar:file:/C:/Users/netoz/.gradle/caches/modules-2/files-2.1/org.springframework.data/spring-data-commons/1.11.4.RELEASE/c2b1fd4dbf7dff772d6124bb35892759e8bf088e/spring-data-commons-1.11.4.RELEASE.jar!/org/springframework/data/convert/ThreeTenBackPortConverters$LocalDateToDateConverter.class], URL [jar:file:/C:/Users/netoz/.gradle/caches/modules-2/files-2.1/org.springframework.data/spring-data-commons/1.11.4.RELEASE/c2b1fd4dbf7dff772d6124bb35892759e8bf088e/spring-data-commons-1.11.4.RELEASE.jar!/org/springframework/data/convert/Jsr310Converters$LocalTimeToDateConverter.class], URL [jar:file:/C:/Users/netoz/.gradle/caches/modules-2/files-2.1/org.springframework.data/spring-data-commons/1.11.4.RELEASE/c2b1fd4dbf7dff772d6124bb35892759e8bf088e/spring-data-commons-1.11.4.RELEASE.jar!/org/springframework/data/convert/JodaTimeConverters.class], URL [jar:file:/C:/Users/netoz/.gradle/caches/modules-2/files-2.1/org.springframework.data/spring-data-commons/1.11.4.RELEASE/c2b1fd4dbf7dff772d6124bb35892759e8bf088e/spring-data-commons-1.11.4.RELEASE.jar!/org/springframework/data/convert/ThreeTenBackPortConverters$DateToInstantConverter.class], URL [jar:file:/C:/Users/netoz/.gradle/caches/modules-2/files-2.1/org.springframework.data/spring-data-commons/1.11.4.RELEASE/c2b1fd4dbf7dff772d6124bb35892759e8bf088e/spring-data-commons-1.11.4.RELEASE.jar!/org/springframework/data/convert/ClassGeneratingEntityInstantiator.class], URL [jar:file:/C:/Users/netoz/.gradle/caches/modules-2/files-2.1/org.springframework.data/spring-data-commons/1.11.4.RELEASE/c2b1fd4dbf7dff772d6124bb35892759e8bf088e/spring-data-commons-1.11.4.RELEASE.jar!/org/springframework/data/convert/EntityWriter.class], URL [jar:file:/C:/Users/netoz/.gradle/caches/modules-2/files-2.1/org.springframework.data/spring-data-commons/1.11.4.RELEASE/c2b1fd4dbf7dff772d6124bb35892759e8bf088e/spring-data-commons-1.11.4.RELEASE.jar!/org/springframework/data/convert/JodaTimeConverters$DateTimeToDateConverter.class], URL [jar:file:/C:/Users/netoz/.gradle/caches/modules-2/files-2.1/org.springframework.data/spring-data-commons/1.11.4.RELEASE/c2b1fd4dbf7dff772d6124bb35892759e8bf088e/spring-data-commons-1.11.4.RELEASE.jar!/org/springframework/data/convert/JodaTimeConverters$DateToDateTimeConverter.class], URL [jar:file:/C:/Users/netoz/.gradle/caches/modules-2/files-2.1/org.springframework.data/spring-data-commons/1.11.4.RELEASE/c2b1fd4dbf7dff772d6124bb35892759e8bf088e/spring-data-commons-1.11.4.RELEASE.jar!/org/springframework/data/convert/ThreeTenBackPortConverters$InstantToDateConverter.class], URL [jar:file:/C:/Users/netoz/.gradle/caches/modules-2/files-2.1/org.springframework.data/spring-data-commons/1.11.4.RELEASE/c2b1fd4dbf7dff772d6124bb35892759e8bf088e/spring-data-commons-1.11.4.RELEASE.jar!/org/springframework/data/convert/Jsr310Converters$DateToLocalTimeConverter.class], URL [jar:file:/C:/Users/netoz/.gradle/caches/modules-2/files-2.1/org.springframework.data/spring-data-commons/1.11.4.RELEASE/c2b1fd4dbf7dff772d6124bb35892759e8bf088e/spring-data-commons-1.11.4.RELEASE.jar!/org/springframework/data/convert/Jsr310Converters.class], URL [jar:file:/C:/Users/netoz/.gradle/caches/modules-2/files-2.1/org.springframework.data/spring-data-commons/1.11.4.RELEASE/c2b1fd4dbf7dff772d6124bb35892759e8bf088e/spring-data-commons-1.11.4.RELEASE.jar!/org/springframework/data/convert/ClassGeneratingEntityInstantiator$ObjectInstantiator.class], URL [jar:file:/C:/Users/netoz/.gradle/caches/modules-2/files-2.1/org.springframework.data/spring-data-commons/1.11.4.RELEASE/c2b1fd4dbf7dff772d6124bb35892759e8bf088e/spring-data-commons-1.11.4.RELEASE.jar!/org/springframework/data/convert/EntityInstantiator.class], URL [jar:file:/C:/Users/netoz/.gradle/caches/modules-2/files-2.1/org.springframework.data/spring-data-commons/1.11.4.RELEASE/c2b1fd4dbf7dff772d6124bb35892759e8bf088e/spring-data-commons-1.11.4.RELEASE.jar!/org/springframework/data/convert/ThreeTenBackPortConverters$DateToLocalTimeConverter.class], URL [jar:file:/C:/Users/netoz/.gradle/caches/modules-2/files-2.1/org.springframework.data/spring-data-commons/1.11.4.RELEASE/c2b1fd4dbf7dff772d6124bb35892759e8bf088e/spring-data-commons-1.11.4.RELEASE.jar!/org/springframework/data/crossstore/ChangeSetBacked.class], URL [jar:file:/C:/Users/netoz/.gradle/caches/modules-2/files-2.1/org.springframework.data/spring-data-commons/1.11.4.RELEASE/c2b1fd4dbf7dff772d6124bb35892759e8bf088e/spring-data-commons-1.11.4.RELEASE.jar!/org/springframework/data/crossstore/ChangeSet.class], URL [jar:file:/C:/Users/netoz/.gradle/caches/modules-2/files-2.1/org.springframework.data/spring-data-commons/1.11.4.RELEASE/c2b1fd4dbf7dff772d6124bb35892759e8bf088e/spring-data-commons-1.11.4.RELEASE.jar!/org/springframework/data/crossstore/HashMapChangeSet.class], URL [jar:file:/C:/Users/netoz/.gradle/caches/modules-2/files-2.1/org.springframework.data/spring-data-commons/1.11.4.RELEASE/c2b1fd4dbf7dff772d6124bb35892759e8bf088e/spring-data-commons-1.11.4.RELEASE.jar!/org/springframework/data/crossstore/ChangeSetBackedTransactionSynchronization.class], URL [jar:file:/C:/Users/netoz/.gradle/caches/modules-2/files-2.1/org.springframework.data/spring-data-commons/1.11.4.RELEASE/c2b1fd4dbf7dff772d6124bb35892759e8bf088e/spring-data-commons-1.11.4.RELEASE.jar!/org/springframework/data/crossstore/ChangeSetPersister.class], URL [jar:file:/C:/Users/netoz/.gradle/caches/modules-2/files-2.1/org.springframework.data/spring-data-commons/1.11.4.RELEASE/c2b1fd4dbf7dff772d6124bb35892759e8bf088e/spring-data-commons-1.11.4.RELEASE.jar!/org/springframework/data/crossstore/ChangeSetPersister$NotFoundException.class], URL [jar:file:/C:/Users/netoz/.gradle/caches/modules-2/files-2.1/org.springframework.data/spring-data-commons/1.11.4.RELEASE/c2b1fd4dbf7dff772d6124bb35892759e8bf088e/spring-data-commons-1.11.4.RELEASE.jar!/org/springframework/data/repository/history/support/RevisionEntityInformation.class], URL [jar:file:/C:/Users/netoz/.gradle/caches/modules-2/files-2.1/org.springframework.data/spring-data-commons/1.11.4.RELEASE/c2b1fd4dbf7dff772d6124bb35892759e8bf088e/spring-data-commons-1.11.4.RELEASE.jar!/org/springframework/data/repository/history/RevisionRepository.class], URL [jar:file:/C:/Users/netoz/.gradle/caches/modules-2/files-2.1/org.springframework.data/spring-data-commons/1.11.4.RELEASE/c2b1fd4dbf7dff772d6124bb35892759e8bf088e/spring-data-commons-1.11.4.RELEASE.jar!/org/springframework/data/repository/RepositoryDefinition.class], URL [jar:file:/C:/Users/netoz/.gradle/caches/modules-2/files-2.1/org.springframework.data/spring-data-commons/1.11.4.RELEASE/c2b1fd4dbf7dff772d6124bb35892759e8bf088e/spring-data-commons-1.11.4.RELEASE.jar!/org/springframework/data/repository/NoRepositoryBean.class], URL [jar:file:/C:/Users/netoz/.gradle/caches/modules-2/files-2.1/org.springframework.data/spring-data-commons/1.11.4.RELEASE/c2b1fd4dbf7dff772d6124bb35892759e8bf088e/spring-data-commons-1.11.4.RELEASE.jar!/org/springframework/data/repository/CrudRepository.class], URL [jar:file:/C:/Users/netoz/.gradle/caches/modules-2/files-2.1/org.springframework.data/spring-data-commons/1.11.4.RELEASE/c2b1fd4dbf7dff772d6124bb35892759e8bf088e/spring-data-commons-1.11.4.RELEASE.jar!/org/springframework/data/repository/PagingAndSortingRepository.class], URL [jar:file:/C:/Users/netoz/.gradle/caches/modules-2/files-2.1/org.springframework.data/spring-data-commons/1.11.4.RELEASE/c2b1fd4dbf7dff772d6124bb35892759e8bf088e/spring-data-commons-1.11.4.RELEASE.jar!/org/springframework/data/repository/query/ParameterAccessor.class], URL [jar:file:/C:/Users/netoz/.gradle/caches/modules-2/files-2.1/org.springframework.data/spring-data-commons/1.11.4.RELEASE/c2b1fd4dbf7dff772d6124bb35892759e8bf088e/spring-data-commons-1.11.4.RELEASE.jar!/org/springframework/data/repository/query/EvaluationContextExtensionInformation.class], URL [jar:file:/C:/Users/netoz/.gradle/caches/modules-2/files-2.1/org.springframework.data/spring-data-commons/1.11.4.RELEASE/c2b1fd4dbf7dff772d6124bb35892759e8bf088e/spring-data-commons-1.11.4.RELEASE.jar!/org/springframework/data/repository/query/parser/PartTree$Subject.class], URL [jar:file:/C:/Users/netoz/.gradle/caches/modules-2/files-2.1/org.springframework.data/spring-data-commons/1.11.4.RELEASE/c2b1fd4dbf7dff772d6124bb35892759e8bf088e/spring-data-commons-1.11.4.RELEASE.jar!/org/springframework/data/repository/query/parser/Part$IgnoreCaseType.class], URL [jar:file:/C:/Users/netoz/.gradle/caches/modules-2/files-2.1/org.springframework.data/spring-data-commons/1.11.4.RELEASE/c2b1fd4dbf7dff772d6124bb35892759e8bf088e/spring-data-commons-1.11.4.RELEASE.jar!/org/springframework/data/repository/query/parser/Part$Type.class], URL [jar:file:/C:/Users/netoz/.gradle/caches/modules-2/files-2.1/org.springframework.data/spring-data-commons/1.11.4.RELEASE/c2b1fd4dbf7dff772d6124bb35892759e8bf088e/spring-data-commons-1.11.4.RELEASE.jar!/org/springframework/data/repository/query/parser/Part.class], URL [jar:file:/C:/Users/netoz/.gradle/caches/modules-2/files-2.1/org.springframework.data/spring-data-commons/1.11.4.RELEASE/c2b1fd4dbf7dff772d6124bb35892759e8bf088e/spring-data-commons-1.11.4.RELEASE.jar!/org/springframework/data/repository/query/parser/AbstractQueryCreator.class], URL [jar:file:/C:/Users/netoz/.gradle/caches/modules-2/files-2.1/org.springframework.data/spring-data-commons/1.11.4.RELEASE/c2b1fd4dbf7dff772d6124bb35892759e8bf088e/spring-data-commons-1.11.4.RELEASE.jar!/org/springframework/data/repository/query/parser/PartTree.class], URL [jar:file:/C:/Users/netoz/.gradle/caches/modules-2/files-2.1/org.springframework.data/spring-data-commons/1.11.4.RELEASE/c2b1fd4dbf7dff772d6124bb35892759e8bf088e/spring-data-commons-1.11.4.RELEASE.jar!/org/springframework/data/repository/query/parser/PartTree$Predicate.class], URL [jar:file:/C:/Users/netoz/.gradle/caches/modules-2/files-2.1/org.springframework.data/spring-data-commons/1.11.4.RELEASE/c2b1fd4dbf7dff772d6124bb35892759e8bf088e/spring-data-commons-1.11.4.RELEASE.jar!/org/springframework/data/repository/query/parser/OrderBySource.class], URL [jar:file:/C:/Users/netoz/.gradle/caches/modules-2/files-2.1/org.springframework.data/spring-data-commons/1.11.4.RELEASE/c2b1fd4dbf7dff772d6124bb35892759e8bf088e/spring-data-commons-1.11.4.RELEASE.jar!/org/springframework/data/repository/query/parser/PartTree$OrPart.class], URL [jar:file:/C:/Users/netoz/.gradle/caches/modules-2/files-2.1/org.springframework.data/spring-data-commons/1.11.4.RELEASE/c2b1fd4dbf7dff772d6124bb35892759e8bf088e/spring-data-commons-1.11.4.RELEASE.jar!/org/springframework/data/repository/query/ExtensionAwareEvaluationContextProvider$EvaluationContextExtensionAdapter.class], URL [jar:file:/C:/Users/netoz/.gradle/caches/modules-2/files-2.1/org.springframework.data/spring-data-commons/1.11.4.RELEASE/c2b1fd4dbf7dff772d6124bb35892759e8bf088e/spring-data-commons-1.11.4.RELEASE.jar!/org/springframework/data/repository/query/QueryLookupStrategy$Key.class], URL [jar:file:/C:/Users/netoz/.gradle/caches/modules-2/files-2.1/org.springframework.data/spring-data-commons/1.11.4.RELEASE/c2b1fd4dbf7dff772d6124bb35892759e8bf088e/spring-data-commons-1.11.4.RELEASE.jar!/org/springframework/data/repository/query/EvaluationContextExtensionInformation$RootObjectInformation$1.class], URL [jar:file:/C:/Users/netoz/.gradle/caches/modules-2/files-2.1/org.springframework.data/spring-data-commons/1.11.4.RELEASE/c2b1fd4dbf7dff772d6124bb35892759e8bf088e/spring-data-commons-1.11.4.RELEASE.jar!/org/springframework/data/repository/query/DefaultParameters.class], URL [jar:file:/C:/Users/netoz/.gradle/caches/modules-2/files-2.1/org.springframework.data/spring-data-commons/1.11.4.RELEASE/c2b1fd4dbf7dff772d6124bb35892759e8bf088e/spring-data-commons-1.11.4.RELEASE.jar!/org/springframework/data/repository/query/EvaluationContextExtensionInformation$ExtensionTypeInformation.class], URL [jar:file:/C:/Users/netoz/.gradle/caches/modules-2/files-2.1/org.springframework.data/spring-data-commons/1.11.4.RELEASE/c2b1fd4dbf7dff772d6124bb35892759e8bf088e/spring-data-commons-1.11.4.RELEASE.jar!/org/springframework/data/repository/query/EvaluationContextExtensionInformation$1.class], URL [jar:file:/C:/Users/netoz/.gradle/caches/modules-2/files-2.1/org.springframework.data/spring-data-commons/1.11.4.RELEASE/c2b1fd4dbf7dff772d6124bb35892759e8bf088e/spring-data-commons-1.11.4.RELEASE.jar!/org/springframework/data/repository/query/Parameter.class], URL [jar:file:/C:/Users/netoz/.gradle/caches/modules-2/files-2.1/org.springframework.data/spring-data-commons/1.11.4.RELEASE/c2b1fd4dbf7dff772d6124bb35892759e8bf088e/spring-data-commons-1.11.4.RELEASE.jar!/org/springframework/data/repository/query/QueryMethod.class], URL [jar:file:/C:/Users/netoz/.gradle/caches/modules-2/files-2.1/org.springframework.data/spring-data-commons/1.11.4.RELEASE/c2b1fd4dbf7dff772d6124bb35892759e8bf088e/spring-data-commons-1.11.4.RELEASE.jar!/org/springframework/data/repository/query/Param.class], URL [jar:file:/C:/Users/netoz/.gradle/caches/modules-2/files-2.1/org.springframework.data/spring-data-commons/1.11.4.RELEASE/c2b1fd4dbf7dff772d6124bb35892759e8bf088e/spring-data-commons-1.11.4.RELEASE.jar!/org/springframework/data/repository/query/ParametersParameterAccessor$BindableParameterIterator.class], URL [jar:file:/C:/Users/netoz/.gradle/caches/modules-2/files-2.1/org.springframework.data/spring-data-commons/1.11.4.RELEASE/c2b1fd4dbf7dff772d6124bb35892759e8bf088e/spring-data-commons-1.11.4.RELEASE.jar!/org/springframework/data/repository/query/ParametersParameterAccessor.class], URL [jar:file:/C:/Users/netoz/.gradle/caches/modules-2/files-2.1/org.springframework.data/spring-data-commons/1.11.4.RELEASE/c2b1fd4dbf7dff772d6124bb35892759e8bf088e/spring-data-commons-1.11.4.RELEASE.jar!/org/springframework/data/repository/query/EvaluationContextExtensionInformation$ExtensionTypeInformation$1.class], URL [jar:file:/C:/Users/netoz/.gradle/caches/modules-2/files-2.1/org.springframework.data/spring-data-commons/1.11.4.RELEASE/c2b1fd4dbf7dff772d6124bb35892759e8bf088e/spring-data-commons-1.11.4.RELEASE.jar!/org/springframework/data/repository/query/spi/EvaluationContextExtension.class], URL [jar:file:/C:/Users/netoz/.gradle/caches/modules-2/files-2.1/org.springframework.data/spring-data-commons/1.11.4.RELEASE/c2b1fd4dbf7dff772d6124bb35892759e8bf088e/spring-data-commons-1.11.4.RELEASE.jar!/org/springframework/data/repository/query/spi/Function.class], URL [jar:file:/C:/Users/netoz/.gradle/caches/modules-2/files-2.1/org.springframework.data/spring-data-commons/1.11.4.RELEASE/c2b1fd4dbf7dff772d6124bb35892759e8bf088e/spring-data-commons-1.11.4.RELEASE.jar!/org/springframework/data/repository/query/spi/EvaluationContextExtensionSupport.class], URL [jar:file:/C:/Users/netoz/.gradle/caches/modules-2/files-2.1/org.springframework.data/spring-data-commons/1.11.4.RELEASE/c2b1fd4dbf7dff772d6124bb35892759e8bf088e/spring-data-commons-1.11.4.RELEASE.jar!/org/springframework/data/repository/query/EvaluationContextExtensionInformation$ExtensionTypeInformation$PublicMethodAndFieldFilter.class], URL [jar:file:/C:/Users/netoz/.gradle/caches/modules-2/files-2.1/org.springframework.data/spring-data-commons/1.11.4.RELEASE/c2b1fd4dbf7dff772d6124bb35892759e8bf088e/spring-data-commons-1.11.4.RELEASE.jar!/org/springframework/data/repository/query/ExtensionAwareEvaluationContextProvider.class], URL [jar:file:/C:/Users/netoz/.gradle/caches/modules-2/files-2.1/org.springframework.data/spring-data-commons/1.11.4.RELEASE/c2b1fd4dbf7dff772d6124bb35892759e8bf088e/spring-data-commons-1.11.4.RELEASE.jar!/org/springframework/data/repository/query/EvaluationContextProvider.class], URL [jar:file:/C:/Users/netoz/.gradle/caches/modules-2/files-2.1/org.springframework.data/spring-data-commons/1.11.4.RELEASE/c2b1fd4dbf7dff772d6124bb35892759e8bf088e/spring-data-commons-1.11.4.RELEASE.jar!/org/springframework/data/repository/query/QueryLookupStrategy.class], URL [jar:file:/C:/Users/netoz/.gradle/caches/modules-2/files-2.1/org.springframework.data/spring-data-commons/1.11.4.RELEASE/c2b1fd4dbf7dff772d6124bb35892759e8bf088e/spring-data-commons-1.11.4.RELEASE.jar!/org/springframework/data/repository/query/ParameterOutOfBoundsException.class], URL [jar:file:/C:/Users/netoz/.gradle/caches/modules-2/files-2.1/org.springframework.data/spring-data-commons/1.11.4.RELEASE/c2b1fd4dbf7dff772d6124bb35892759e8bf088e/spring-data-commons-1.11.4.RELEASE.jar!/org/springframework/data/repository/query/RepositoryQuery.class], URL [jar:file:/C:/Users/netoz/.gradle/caches/modules-2/files-2.1/org.springframework.data/spring-data-commons/1.11.4.RELEASE/c2b1fd4dbf7dff772d6124bb35892759e8bf088e/spring-data-commons-1.11.4.RELEASE.jar!/org/springframework/data/repository/query/EvaluationContextExtensionInformation$RootObjectInformation$2.class], URL [jar:file:/C:/Users/netoz/.gradle/caches/modules-2/files-2.1/org.springframework.data/spring-data-commons/1.11.4.RELEASE/c2b1fd4dbf7dff772d6124bb35892759e8bf088e/spring-data-commons-1.11.4.RELEASE.jar!/org/springframework/data/repository/query/QueryCreationException.class], URL [jar:file:/C:/Users/netoz/.gradle/caches/modules-2/files-2.1/org.springframework.data/spring-data-commons/1.11.4.RELEASE/c2b1fd4dbf7dff772d6124bb35892759e8bf088e/spring-data-commons-1.11.4.RELEASE.jar!/org/springframework/data/repository/query/EvaluationContextExtensionInformation$RootObjectInformation.class], URL [jar:file:/C:/Users/netoz/.gradle/caches/modules-2/files-2.1/org.springframework.data/spring-data-commons/1.11.4.RELEASE/c2b1fd4dbf7dff772d6124bb35892759e8bf088e/spring-data-commons-1.11.4.RELEASE.jar!/org/springframework/data/repository/query/ExtensionAwareEvaluationContextProvider$ExtensionAwarePropertyAccessor.class], URL [jar:file:/C:/Users/netoz/.gradle/caches/modules-2/files-2.1/org.springframework.data/spring-data-commons/1.11.4.RELEASE/c2b1fd4dbf7dff772d6124bb35892759e8bf088e/spring-data-commons-1.11.4.RELEASE.jar!/org/springframework/data/repository/query/Parameters.class], URL [jar:file:/C:/Users/netoz/.gradle/caches/modules-2/files-2.1/org.springframework.data/spring-data-commons/1.11.4.RELEASE/c2b1fd4dbf7dff772d6124bb35892759e8bf088e/spring-data-commons-1.11.4.RELEASE.jar!/org/springframework/data/repository/query/ExtensionAwareEvaluationContextProvider$FunctionMethodExecutor.class], URL [jar:file:/C:/Users/netoz/.gradle/caches/modules-2/files-2.1/org.springframework.data/spring-data-commons/1.11.4.RELEASE/c2b1fd4dbf7dff772d6124bb35892759e8bf088e/spring-data-commons-1.11.4.RELEASE.jar!/org/springframework/data/repository/query/DefaultEvaluationContextProvider.class], URL [jar:file:/C:/Users/netoz/.gradle/caches/modules-2/files-2.1/org.springframework.data/spring-data-commons/1.11.4.RELEASE/c2b1fd4dbf7dff772d6124bb35892759e8bf088e/spring-data-commons-1.11.4.RELEASE.jar!/org/springframework/data/repository/query/QueryMethod$1.class], URL [jar:file:/C:/Users/netoz/.gradle/caches/modules-2/files-2.1/org.springframework.data/spring-data-commons/1.11.4.RELEASE/c2b1fd4dbf7dff772d6124bb35892759e8bf088e/spring-data-commons-1.11.4.RELEASE.jar!/org/springframework/data/repository/util/QueryExecutionConverters$NullableWrapperToGuavaOptionalConverter.class], URL [jar:file:/C:/Users/netoz/.gradle/caches/modules-2/files-2.1/org.springframework.data/spring-data-commons/1.11.4.RELEASE/c2b1fd4dbf7dff772d6124bb35892759e8bf088e/spring-data-commons-1.11.4.RELEASE.jar!/org/springframework/data/repository/util/ClassUtils.class], URL [jar:file:/C:/Users/netoz/.gradle/caches/modules-2/files-2.1/org.springframework.data/spring-data-commons/1.11.4.RELEASE/c2b1fd4dbf7dff772d6124bb35892759e8bf088e/spring-data-commons-1.11.4.RELEASE.jar!/org/springframework/data/repository/util/QueryExecutionConverters$NullableWrapperToCompletableFutureConverter.class], URL [jar:file:/C:/Users/netoz/.gradle/caches/modules-2/files-2.1/org.springframework.data/spring-data-commons/1.11.4.RELEASE/c2b1fd4dbf7dff772d6124bb35892759e8bf088e/spring-data-commons-1.11.4.RELEASE.jar!/org/springframework/data/repository/util/NullableWrapper.class], URL [jar:file:/C:/Users/netoz/.gradle/caches/modules-2/files-2.1/org.springframework.data/spring-data-commons/1.11.4.RELEASE/c2b1fd4dbf7dff772d6124bb35892759e8bf088e/spring-data-commons-1.11.4.RELEASE.jar!/org/springframework/data/repository/util/QueryExecutionConverters$AbstractWrapperTypeConverter.class], URL [jar:file:/C:/Users/netoz/.gradle/caches/modules-2/files-2.1/org.springframework.data/spring-data-commons/1.11.4.RELEASE/c2b1fd4dbf7dff772d6124bb35892759e8bf088e/spring-data-commons-1.11.4.RELEASE.jar!/org/springframework/data/repository/util/QueryExecutionConverters$NullableWrapperToFutureConverter.class], URL [jar:file:/C:/Users/netoz/.gradle/caches/modules-2/files-2.1/org.springframework.data/spring-data-commons/1.11.4.RELEASE/c2b1fd4dbf7dff772d6124bb35892759e8bf088e/spring-data-commons-1.11.4.RELEASE.jar!/org/springframework/data/repository/util/TxUtils.class], URL [jar:file:/C:/Users/netoz/.gradle/caches/modules-2/files-2.1/org.springframework.data/spring-data-commons/1.11.4.RELEASE/c2b1fd4dbf7dff772d6124bb35892759e8bf088e/spring-data-commons-1.11.4.RELEASE.jar!/org/springframework/data/repository/util/QueryExecutionConverters.class], URL [jar:file:/C:/Users/netoz/.gradle/caches/modules-2/files-2.1/org.springframework.data/spring-data-commons/1.11.4.RELEASE/c2b1fd4dbf7dff772d6124bb35892759e8bf088e/spring-data-commons-1.11.4.RELEASE.jar!/org/springframework/data/repository/util/QueryExecutionConverters$NullableWrapperToJdk8OptionalConverter.class], URL [jar:file:/C:/Users/netoz/.gradle/caches/modules-2/files-2.1/org.springframework.data/spring-data-commons/1.11.4.RELEASE/c2b1fd4dbf7dff772d6124bb35892759e8bf088e/spring-data-commons-1.11.4.RELEASE.jar!/org/springframework/data/repository/init/RepositoryPopulator.class], URL [jar:file:/C:/Users/netoz/.gradle/caches/modules-2/files-2.1/org.springframework.data/spring-data-commons/1.11.4.RELEASE/c2b1fd4dbf7dff772d6124bb35892759e8bf088e/spring-data-commons-1.11.4.RELEASE.jar!/org/springframework/data/repository/init/ResourceReaderRepositoryPopulator.class], URL [jar:file:/C:/Users/netoz/.gradle/caches/modules-2/files-2.1/org.springframework.data/spring-data-commons/1.11.4.RELEASE/c2b1fd4dbf7dff772d6124bb35892759e8bf088e/spring-data-commons-1.11.4.RELEASE.jar!/org/springframework/data/repository/init/Jackson2RepositoryPopulatorFactoryBean.class], URL [jar:file:/C:/Users/netoz/.gradle/caches/modules-2/files-2.1/org.springframework.data/spring-data-commons/1.11.4.RELEASE/c2b1fd4dbf7dff772d6124bb35892759e8bf088e/spring-data-commons-1.11.4.RELEASE.jar!/org/springframework/data/repository/init/UnmarshallerRepositoryPopulatorFactoryBean.class], URL [jar:file:/C:/Users/netoz/.gradle/caches/modules-2/files-2.1/org.springframework.data/spring-data-commons/1.11.4.RELEASE/c2b1fd4dbf7dff772d6124bb35892759e8bf088e/spring-data-commons-1.11.4.RELEASE.jar!/org/springframework/data/repository/init/UnmarshallingResourceReader.class], URL [jar:file:/C:/Users/netoz/.gradle/caches/modules-2/files-2.1/org.springframework.data/spring-data-commons/1.11.4.RELEASE/c2b1fd4dbf7dff772d6124bb35892759e8bf088e/spring-data-commons-1.11.4.RELEASE.jar!/org/springframework/data/repository/init/Jackson2ResourceReader.class], URL [jar:file:/C:/Users/netoz/.gradle/caches/modules-2/files-2.1/org.springframework.data/spring-data-commons/1.11.4.RELEASE/c2b1fd4dbf7dff772d6124bb35892759e8bf088e/spring-data-commons-1.11.4.RELEASE.jar!/org/springframework/data/repository/init/ResourceReader$Type.class], URL [jar:file:/C:/Users/netoz/.gradle/caches/modules-2/files-2.1/org.springframework.data/spring-data-commons/1.11.4.RELEASE/c2b1fd4dbf7dff772d6124bb35892759e8bf088e/spring-data-commons-1.11.4.RELEASE.jar!/org/springframework/data/repository/init/RepositoriesPopulatedEvent.class], URL [jar:file:/C:/Users/netoz/.gradle/caches/modules-2/files-2.1/org.springframework.data/spring-data-commons/1.11.4.RELEASE/c2b1fd4dbf7dff772d6124bb35892759e8bf088e/spring-data-commons-1.11.4.RELEASE.jar!/org/springframework/data/repository/init/AbstractRepositoryPopulatorFactoryBean.class], URL [jar:file:/C:/Users/netoz/.gradle/caches/modules-2/files-2.1/org.springframework.data/spring-data-commons/1.11.4.RELEASE/c2b1fd4dbf7dff772d6124bb35892759e8bf088e/spring-data-commons-1.11.4.RELEASE.jar!/org/springframework/data/repository/init/ResourceReader.class], URL [jar:file:/C:/Users/netoz/.gradle/caches/modules-2/files-2.1/org.springframework.data/spring-data-commons/1.11.4.RELEASE/c2b1fd4dbf7dff772d6124bb35892759e8bf088e/spring-data-commons-1.11.4.RELEASE.jar!/org/springframework/data/repository/Repository.class], URL [jar:file:/C:/Users/netoz/.gradle/caches/modules-2/files-2.1/org.springframework.data/spring-data-commons/1.11.4.RELEASE/c2b1fd4dbf7dff772d6124bb35892759e8bf088e/spring-data-commons-1.11.4.RELEASE.jar!/org/springframework/data/repository/cdi/CdiRepositoryExtensionSupport$AnyAnnotationLiteral.class], URL [jar:file:/C:/Users/netoz/.gradle/caches/modules-2/files-2.1/org.springframework.data/spring-data-commons/1.11.4.RELEASE/c2b1fd4dbf7dff772d6124bb35892759e8bf088e/spring-data-commons-1.11.4.RELEASE.jar!/org/springframework/data/repository/cdi/CdiRepositoryBean$DefaultCdiRepositoryConfiguration.class], URL [jar:file:/C:/Users/netoz/.gradle/caches/modules-2/files-2.1/org.springframework.data/spring-data-commons/1.11.4.RELEASE/c2b1fd4dbf7dff772d6124bb35892759e8bf088e/spring-data-commons-1.11.4.RELEASE.jar!/org/springframework/data/repository/cdi/Eager.class], URL [jar:file:/C:/Users/netoz/.gradle/caches/modules-2/files-2.1/org.springframework.data/spring-data-commons/1.11.4.RELEASE/c2b1fd4dbf7dff772d6124bb35892759e8bf088e/spring-data-commons-1.11.4.RELEASE.jar!/org/springframework/data/repository/cdi/CdiRepositoryExtensionSupport.class], URL [jar:file:/C:/Users/netoz/.gradle/caches/modules-2/files-2.1/org.springframework.data/spring-data-commons/1.11.4.RELEASE/c2b1fd4dbf7dff772d6124bb35892759e8bf088e/spring-data-commons-1.11.4.RELEASE.jar!/org/springframework/data/repository/cdi/CdiRepositoryConfiguration.class], URL [jar:file:/C:/Users/netoz/.gradle/caches/modules-2/files-2.1/org.springframework.data/spring-data-commons/1.11.4.RELEASE/c2b1fd4dbf7dff772d6124bb35892759e8bf088e/spring-data-commons-1.11.4.RELEASE.jar!/org/springframework/data/repository/cdi/CdiRepositoryBean.class], URL [jar:file:/C:/Users/netoz/.gradle/caches/modules-2/files-2.1/org.springframework.data/spring-data-commons/1.11.4.RELEASE/c2b1fd4dbf7dff772d6124bb35892759e8bf088e/spring-data-commons-1.11.4.RELEASE.jar!/org/springframework/data/repository/cdi/CdiRepositoryExtensionSupport$DefaultAnnotationLiteral.class], URL [jar:file:/C:/Users/netoz/.gradle/caches/modules-2/files-2.1/org.springframework.data/spring-data-commons/1.11.4.RELEASE/c2b1fd4dbf7dff772d6124bb35892759e8bf088e/spring-data-commons-1.11.4.RELEASE.jar!/org/springframework/data/repository/config/RepositoryBeanDefinitionRegistrarSupport.class], URL [jar:file:/C:/Users/netoz/.gradle/caches/modules-2/files-2.1/org.springframework.data/spring-data-commons/1.11.4.RELEASE/c2b1fd4dbf7dff772d6124bb35892759e8bf088e/spring-data-commons-1.11.4.RELEASE.jar!/org/springframework/data/repository/config/RepositoryComponentProvider.class], URL [jar:file:/C:/Users/netoz/.gradle/caches/modules-2/files-2.1/org.springframework.data/spring-data-commons/1.11.4.RELEASE/c2b1fd4dbf7dff772d6124bb35892759e8bf088e/spring-data-commons-1.11.4.RELEASE.jar!/org/springframework/data/repository/config/ResourceReaderRepositoryPopulatorBeanDefinitionParser.class], URL [jar:file:/C:/Users/netoz/.gradle/caches/modules-2/files-2.1/org.springframework.data/spring-data-commons/1.11.4.RELEASE/c2b1fd4dbf7dff772d6124bb35892759e8bf088e/spring-data-commons-1.11.4.RELEASE.jar!/org/springframework/data/repository/config/RepositoryConfiguration.class], URL [jar:file:/C:/Users/netoz/.gradle/caches/modules-2/files-2.1/org.springframework.data/spring-data-commons/1.11.4.RELEASE/c2b1fd4dbf7dff772d6124bb35892759e8bf088e/spring-data-commons-1.11.4.RELEASE.jar!/org/springframework/data/repository/config/DefaultRepositoryConfiguration.class], URL [jar:file:/C:/Users/netoz/.gradle/caches/modules-2/files-2.1/org.springframework.data/spring-data-commons/1.11.4.RELEASE/c2b1fd4dbf7dff772d6124bb35892759e8bf088e/spring-data-commons-1.11.4.RELEASE.jar!/org/springframework/data/repository/config/XmlRepositoryConfigurationSource.class], URL [jar:file:/C:/Users/netoz/.gradle/caches/modules-2/files-2.1/org.springframework.data/spring-data-commons/1.11.4.RELEASE/c2b1fd4dbf7dff772d6124bb35892759e8bf088e/spring-data-commons-1.11.4.RELEASE.jar!/org/springframework/data/repository/config/RepositoryNameSpaceHandler.class], URL [jar:file:/C:/Users/netoz/.gradle/caches/modules-2/files-2.1/org.springframework.data/spring-data-commons/1.11.4.RELEASE/c2b1fd4dbf7dff772d6124bb35892759e8bf088e/spring-data-commons-1.11.4.RELEASE.jar!/org/springframework/data/repository/config/NamedQueriesBeanDefinitionParser.class], URL [jar:file:/C:/Users/netoz/.gradle/caches/modules-2/files-2.1/org.springframework.data/spring-data-commons/1.11.4.RELEASE/c2b1fd4dbf7dff772d6124bb35892759e8bf088e/spring-data-commons-1.11.4.RELEASE.jar!/org/springframework/data/repository/config/RepositoryComponentProvider$InterfaceTypeFilter.class], URL [jar:file:/C:/Users/netoz/.gradle/caches/modules-2/files-2.1/org.springframework.data/spring-data-commons/1.11.4.RELEASE/c2b1fd4dbf7dff772d6124bb35892759e8bf088e/spring-data-commons-1.11.4.RELEASE.jar!/org/springframework/data/repository/config/RepositoryBeanDefinitionParser.class], URL [jar:file:/C:/Users/netoz/.gradle/caches/modules-2/files-2.1/org.springframework.data/spring-data-commons/1.11.4.RELEASE/c2b1fd4dbf7dff772d6124bb35892759e8bf088e/spring-data-commons-1.11.4.RELEASE.jar!/org/springframework/data/repository/config/NamedQueriesBeanDefinitionBuilder.class], URL [jar:file:/C:/Users/netoz/.gradle/caches/modules-2/files-2.1/org.springframework.data/spring-data-commons/1.11.4.RELEASE/c2b1fd4dbf7dff772d6124bb35892759e8bf088e/spring-data-commons-1.11.4.RELEASE.jar!/org/springframework/data/repository/config/RepositoryConfigurationSourceSupport.class], URL [jar:file:/C:/Users/netoz/.gradle/caches/modules-2/files-2.1/org.springframework.data/spring-data-commons/1.11.4.RELEASE/c2b1fd4dbf7dff772d6124bb35892759e8bf088e/spring-data-commons-1.11.4.RELEASE.jar!/org/springframework/data/repository/config/RepositoryConfigurationUtils.class], URL [jar:file:/C:/Users/netoz/.gradle/caches/modules-2/files-2.1/org.springframework.data/spring-data-commons/1.11.4.RELEASE/c2b1fd4dbf7dff772d6124bb35892759e8bf088e/spring-data-commons-1.11.4.RELEASE.jar!/org/springframework/data/repository/config/RepositoryConfigurationExtension.class], URL [jar:file:/C:/Users/netoz/.gradle/caches/modules-2/files-2.1/org.springframework.data/spring-data-commons/1.11.4.RELEASE/c2b1fd4dbf7dff772d6124bb35892759e8bf088e/spring-data-commons-1.11.4.RELEASE.jar!/org/springframework/data/repository/config/RepositoryConfigurationDelegate.class], URL [jar:file:/C:/Users/netoz/.gradle/caches/modules-2/files-2.1/org.springframework.data/spring-data-commons/1.11.4.RELEASE/c2b1fd4dbf7dff772d6124bb35892759e8bf088e/spring-data-commons-1.11.4.RELEASE.jar!/org/springframework/data/repository/config/RepositoryConfigurationSource.class], URL [jar:file:/C:/Users/netoz/.gradle/caches/modules-2/files-2.1/org.springframework.data/spring-data-commons/1.11.4.RELEASE/c2b1fd4dbf7dff772d6124bb35892759e8bf088e/spring-data-commons-1.11.4.RELEASE.jar!/org/springframework/data/repository/config/DefaultRepositoryBaseClass.class], URL [jar:file:/C:/Users/netoz/.gradle/caches/modules-2/files-2.1/org.springframework.data/spring-data-commons/1.11.4.RELEASE/c2b1fd4dbf7dff772d6124bb35892759e8bf088e/spring-data-commons-1.11.4.RELEASE.jar!/org/springframework/data/repository/config/RepositoryBeanNameGenerator.class], URL [jar:file:/C:/Users/netoz/.gradle/caches/modules-2/files-2.1/org.springframework.data/spring-data-commons/1.11.4.RELEASE/c2b1fd4dbf7dff772d6124bb35892759e8bf088e/spring-data-commons-1.11.4.RELEASE.jar!/org/springframework/data/repository/config/AnnotationRepositoryConfigurationSource$1.class], URL [jar:file:/C:/Users/netoz/.gradle/caches/modules-2/files-2.1/org.springframework.data/spring-data-commons/1.11.4.RELEASE/c2b1fd4dbf7dff772d6124bb35892759e8bf088e/spring-data-commons-1.11.4.RELEASE.jar!/org/springframework/data/repository/config/AnnotationRepositoryConfigurationSource.class], URL [jar:file:/C:/Users/netoz/.gradle/caches/modules-2/files-2.1/org.springframework.data/spring-data-commons/1.11.4.RELEASE/c2b1fd4dbf7dff772d6124bb35892759e8bf088e/spring-data-commons-1.11.4.RELEASE.jar!/org/springframework/data/repository/config/RepositoryBeanDefinitionBuilder.class], URL [jar:file:/C:/Users/netoz/.gradle/caches/modules-2/files-2.1/org.springframework.data/spring-data-commons/1.11.4.RELEASE/c2b1fd4dbf7dff772d6124bb35892759e8bf088e/spring-data-commons-1.11.4.RELEASE.jar!/org/springframework/data/repository/config/CustomRepositoryImplementationDetector.class], URL [jar:file:/C:/Users/netoz/.gradle/caches/modules-2/files-2.1/org.springframework.data/spring-data-commons/1.11.4.RELEASE/c2b1fd4dbf7dff772d6124bb35892759e8bf088e/spring-data-commons-1.11.4.RELEASE.jar!/org/springframework/data/repository/config/RepositoryComponentProvider$AllTypeFilter.class], URL [jar:file:/C:/Users/netoz/.gradle/caches/modules-2/files-2.1/org.springframework.data/spring-data-commons/1.11.4.RELEASE/c2b1fd4dbf7dff772d6124bb35892759e8bf088e/spring-data-commons-1.11.4.RELEASE.jar!/org/springframework/data/repository/config/RepositoryConfigurationDelegate$LenientAssignableTypeFilter.class], URL [jar:file:/C:/Users/netoz/.gradle/caches/modules-2/files-2.1/org.springframework.data/spring-data-commons/1.11.4.RELEASE/c2b1fd4dbf7dff772d6124bb35892759e8bf088e/spring-data-commons-1.11.4.RELEASE.jar!/org/springframework/data/repository/config/RepositoryConfigurationExtensionSupport.class], URL [jar:file:/C:/Users/netoz/.gradle/caches/modules-2/files-2.1/org.springframework.data/spring-data-commons/1.11.4.RELEASE/c2b1fd4dbf7dff772d6124bb35892759e8bf088e/spring-data-commons-1.11.4.RELEASE.jar!/org/springframework/data/repository/support/DomainClassConverter$ConversionMatchAbbreviationException.class], URL [jar:file:/C:/Users/netoz/.gradle/caches/modules-2/files-2.1/org.springframework.data/spring-data-commons/1.11.4.RELEASE/c2b1fd4dbf7dff772d6124bb35892759e8bf088e/spring-data-commons-1.11.4.RELEASE.jar!/org/springframework/data/repository/support/DomainClassConverter$ToIdConverter.class], URL [jar:file:/C:/Users/netoz/.gradle/caches/modules-2/files-2.1/org.springframework.data/spring-data-commons/1.11.4.RELEASE/c2b1fd4dbf7dff772d6124bb35892759e8bf088e/spring-data-commons-1.11.4.RELEASE.jar!/org/springframework/data/repository/support/Repositories$EmptyRepositoryFactoryInformation.class], URL [jar:file:/C:/Users/netoz/.gradle/caches/modules-2/files-2.1/org.springframework.data/spring-data-commons/1.11.4.RELEASE/c2b1fd4dbf7dff772d6124bb35892759e8bf088e/spring-data-commons-1.11.4.RELEASE.jar!/org/springframework/data/repository/support/PagingAndSortingRepositoryInvoker.class], URL [jar:file:/C:/Users/netoz/.gradle/caches/modules-2/files-2.1/org.springframework.data/spring-data-commons/1.11.4.RELEASE/c2b1fd4dbf7dff772d6124bb35892759e8bf088e/spring-data-commons-1.11.4.RELEASE.jar!/org/springframework/data/repository/support/QueryMethodParameterConversionException.class], URL [jar:file:/C:/Users/netoz/.gradle/caches/modules-2/files-2.1/org.springframework.data/spring-data-commons/1.11.4.RELEASE/c2b1fd4dbf7dff772d6124bb35892759e8bf088e/spring-data-commons-1.11.4.RELEASE.jar!/org/springframework/data/repository/support/MethodParameters.class], URL [jar:file:/C:/Users/netoz/.gradle/caches/modules-2/files-2.1/org.springframework.data/spring-data-commons/1.11.4.RELEASE/c2b1fd4dbf7dff772d6124bb35892759e8bf088e/spring-data-commons-1.11.4.RELEASE.jar!/org/springframework/data/repository/support/RepositoryInvoker.class], URL [jar:file:/C:/Users/netoz/.gradle/caches/modules-2/files-2.1/org.springframework.data/spring-data-commons/1.11.4.RELEASE/c2b1fd4dbf7dff772d6124bb35892759e8bf088e/spring-data-commons-1.11.4.RELEASE.jar!/org/springframework/data/repository/support/RepositoryInvokerFactory.class], URL [jar:file:/C:/Users/netoz/.gradle/caches/modules-2/files-2.1/org.springframework.data/spring-data-commons/1.11.4.RELEASE/c2b1fd4dbf7dff772d6124bb35892759e8bf088e/spring-data-commons-1.11.4.RELEASE.jar!/org/springframework/data/repository/support/DomainClassPropertyEditorRegistrar.class], URL [jar:file:/C:/Users/netoz/.gradle/caches/modules-2/files-2.1/org.springframework.data/spring-data-commons/1.11.4.RELEASE/c2b1fd4dbf7dff772d6124bb35892759e8bf088e/spring-data-commons-1.11.4.RELEASE.jar!/org/springframework/data/repository/support/AnnotationAttribute.class], URL [jar:file:/C:/Users/netoz/.gradle/caches/modules-2/files-2.1/org.springframework.data/spring-data-commons/1.11.4.RELEASE/c2b1fd4dbf7dff772d6124bb35892759e8bf088e/spring-data-commons-1.11.4.RELEASE.jar!/org/springframework/data/repository/support/DefaultRepositoryInvokerFactory.class], URL [jar:file:/C:/Users/netoz/.gradle/caches/modules-2/files-2.1/org.springframework.data/spring-data-commons/1.11.4.RELEASE/c2b1fd4dbf7dff772d6124bb35892759e8bf088e/spring-data-commons-1.11.4.RELEASE.jar!/org/springframework/data/repository/support/MethodParameters$AnnotationNamingMethodParameter.class], URL [jar:file:/C:/Users/netoz/.gradle/caches/modules-2/files-2.1/org.springframework.data/spring-data-commons/1.11.4.RELEASE/c2b1fd4dbf7dff772d6124bb35892759e8bf088e/spring-data-commons-1.11.4.RELEASE.jar!/org/springframework/data/repository/support/CrudRepositoryInvoker.class], URL [jar:file:/C:/Users/netoz/.gradle/caches/modules-2/files-2.1/org.springframework.data/spring-data-commons/1.11.4.RELEASE/c2b1fd4dbf7dff772d6124bb35892759e8bf088e/spring-data-commons-1.11.4.RELEASE.jar!/org/springframework/data/repository/support/Repositories.class], URL [jar:file:/C:/Users/netoz/.gradle/caches/modules-2/files-2.1/org.springframework.data/spring-data-commons/1.11.4.RELEASE/c2b1fd4dbf7dff772d6124bb35892759e8bf088e/spring-data-commons-1.11.4.RELEASE.jar!/org/springframework/data/repository/support/DomainClassConverter$ToEntityConverter.class], URL [jar:file:/C:/Users/netoz/.gradle/caches/modules-2/files-2.1/org.springframework.data/spring-data-commons/1.11.4.RELEASE/c2b1fd4dbf7dff772d6124bb35892759e8bf088e/spring-data-commons-1.11.4.RELEASE.jar!/org/springframework/data/repository/support/ReflectionRepositoryInvoker.class], URL [jar:file:/C:/Users/netoz/.gradle/caches/modules-2/files-2.1/org.springframework.data/spring-data-commons/1.11.4.RELEASE/c2b1fd4dbf7dff772d6124bb35892759e8bf088e/spring-data-commons-1.11.4.RELEASE.jar!/org/springframework/data/repository/support/DomainClassPropertyEditor.class], URL [jar:file:/C:/Users/netoz/.gradle/caches/modules-2/files-2.1/org.springframework.data/spring-data-commons/1.11.4.RELEASE/c2b1fd4dbf7dff772d6124bb35892759e8bf088e/spring-data-commons-1.11.4.RELEASE.jar!/org/springframework/data/repository/support/DomainClassConverter.class], URL [jar:file:/C:/Users/netoz/.gradle/caches/modules-2/files-2.1/org.springframework.data/spring-data-commons/1.11.4.RELEASE/c2b1fd4dbf7dff772d6124bb35892759e8bf088e/spring-data-commons-1.11.4.RELEASE.jar!/org/springframework/data/repository/support/DomainClassConverter$1.class], URL [jar:file:/C:/Users/netoz/.gradle/caches/modules-2/files-2.1/org.springframework.data/spring-data-commons/1.11.4.RELEASE/c2b1fd4dbf7dff772d6124bb35892759e8bf088e/spring-data-commons-1.11.4.RELEASE.jar!/org/springframework/data/repository/support/RepositoryInvocationInformation.class], URL [jar:file:/C:/Users/netoz/.gradle/caches/modules-2/files-2.1/org.springframework.data/spring-data-commons/1.11.4.RELEASE/c2b1fd4dbf7dff772d6124bb35892759e8bf088e/spring-data-commons-1.11.4.RELEASE.jar!/org/springframework/data/repository/core/NamedQueries.class], URL [jar:file:/C:/Users/netoz/.gradle/caches/modules-2/files-2.1/org.springframework.data/spring-data-commons/1.11.4.RELEASE/c2b1fd4dbf7dff772d6124bb35892759e8bf088e/spring-data-commons-1.11.4.RELEASE.jar!/org/springframework/data/repository/core/RepositoryInformation.class], URL [jar:file:/C:/Users/netoz/.gradle/caches/modules-2/files-2.1/org.springframework.data/spring-data-commons/1.11.4.RELEASE/c2b1fd4dbf7dff772d6124bb35892759e8bf088e/spring-data-commons-1.11.4.RELEASE.jar!/org/springframework/data/repository/core/EntityMetadata.class], URL [jar:file:/C:/Users/netoz/.gradle/caches/modules-2/files-2.1/org.springframework.data/spring-data-commons/1.11.4.RELEASE/c2b1fd4dbf7dff772d6124bb35892759e8bf088e/spring-data-commons-1.11.4.RELEASE.jar!/org/springframework/data/repository/core/EntityInformation.class], URL [jar:file:/C:/Users/netoz/.gradle/caches/modules-2/files-2.1/org.springframework.data/spring-data-commons/1.11.4.RELEASE/c2b1fd4dbf7dff772d6124bb35892759e8bf088e/spring-data-commons-1.11.4.RELEASE.jar!/org/springframework/data/repository/core/support/DefaultCrudMethods.class], URL [jar:file:/C:/Users/netoz/.gradle/caches/modules-2/files-2.1/org.springframework.data/spring-data-commons/1.11.4.RELEASE/c2b1fd4dbf7dff772d6124bb35892759e8bf088e/spring-data-commons-1.11.4.RELEASE.jar!/org/springframework/data/repository/core/support/TransactionalRepositoryProxyPostProcessor$AbstractFallbackTransactionAttributeSource.class], URL [jar:file:/C:/Users/netoz/.gradle/caches/modules-2/files-2.1/org.springframework.data/spring-data-commons/1.11.4.RELEASE/c2b1fd4dbf7dff772d6124bb35892759e8bf088e/spring-data-commons-1.11.4.RELEASE.jar!/org/springframework/data/repository/core/support/PersistentEntityInformation.class], URL [jar:file:/C:/Users/netoz/.gradle/caches/modules-2/files-2.1/org.springframework.data/spring-data-commons/1.11.4.RELEASE/c2b1fd4dbf7dff772d6124bb35892759e8bf088e/spring-data-commons-1.11.4.RELEASE.jar!/org/springframework/data/repository/core/support/RepositoryFactorySupport$QueryExecutorMethodInterceptor.class], URL [jar:file:/C:/Users/netoz/.gradle/caches/modules-2/files-2.1/org.springframework.data/spring-data-commons/1.11.4.RELEASE/c2b1fd4dbf7dff772d6124bb35892759e8bf088e/spring-data-commons-1.11.4.RELEASE.jar!/org/springframework/data/repository/core/support/DefaultRepositoryMetadata.class], URL [jar:file:/C:/Users/netoz/.gradle/caches/modules-2/files-2.1/org.springframework.data/spring-data-commons/1.11.4.RELEASE/c2b1fd4dbf7dff772d6124bb35892759e8bf088e/spring-data-commons-1.11.4.RELEASE.jar!/org/springframework/data/repository/core/support/QueryExecutionResultHandler.class], URL [jar:file:/C:/Users/netoz/.gradle/caches/modules-2/files-2.1/org.springframework.data/spring-data-commons/1.11.4.RELEASE/c2b1fd4dbf7dff772d6124bb35892759e8bf088e/spring-data-commons-1.11.4.RELEASE.jar!/org/springframework/data/repository/core/support/ReflectionEntityInformation.class], URL [jar:file:/C:/Users/netoz/.gradle/caches/modules-2/files-2.1/org.springframework.data/spring-data-commons/1.11.4.RELEASE/c2b1fd4dbf7dff772d6124bb35892759e8bf088e/spring-data-commons-1.11.4.RELEASE.jar!/org/springframework/data/repository/core/support/RepositoryFactorySupport$1.class], URL [jar:file:/C:/Users/netoz/.gradle/caches/modules-2/files-2.1/org.springframework.data/spring-data-commons/1.11.4.RELEASE/c2b1fd4dbf7dff772d6124bb35892759e8bf088e/spring-data-commons-1.11.4.RELEASE.jar!/org/springframework/data/repository/core/support/RepositoryFactorySupport$QueryCollectingQueryCreationListener.class], URL [jar:file:/C:/Users/netoz/.gradle/caches/modules-2/files-2.1/org.springframework.data/spring-data-commons/1.11.4.RELEASE/c2b1fd4dbf7dff772d6124bb35892759e8bf088e/spring-data-commons-1.11.4.RELEASE.jar!/org/springframework/data/repository/core/support/QueryCreationListener.class], URL [jar:file:/C:/Users/netoz/.gradle/caches/modules-2/files-2.1/org.springframework.data/spring-data-commons/1.11.4.RELEASE/c2b1fd4dbf7dff772d6124bb35892759e8bf088e/spring-data-commons-1.11.4.RELEASE.jar!/org/springframework/data/repository/core/support/PropertiesBasedNamedQueries.class], URL [jar:file:/C:/Users/netoz/.gradle/caches/modules-2/files-2.1/org.springframework.data/spring-data-commons/1.11.4.RELEASE/c2b1fd4dbf7dff772d6124bb35892759e8bf088e/spring-data-commons-1.11.4.RELEASE.jar!/org/springframework/data/repository/core/support/TransactionalRepositoryProxyPostProcessor$AbstractFallbackTransactionAttributeSource$DefaultCacheKey.class], URL [jar:file:/C:/Users/netoz/.gradle/caches/modules-2/files-2.1/org.springframework.data/spring-data-commons/1.11.4.RELEASE/c2b1fd4dbf7dff772d6124bb35892759e8bf088e/spring-data-commons-1.11.4.RELEASE.jar!/org/springframework/data/repository/core/support/AbstractRepositoryMetadata.class], URL [jar:file:/C:/Users/netoz/.gradle/caches/modules-2/files-2.1/org.springframework.data/spring-data-commons/1.11.4.RELEASE/c2b1fd4dbf7dff772d6124bb35892759e8bf088e/spring-data-commons-1.11.4.RELEASE.jar!/org/springframework/data/repository/core/support/DefaultRepositoryInformation.class], URL [jar:file:/C:/Users/netoz/.gradle/caches/modules-2/files-2.1/org.springframework.data/spring-data-commons/1.11.4.RELEASE/c2b1fd4dbf7dff772d6124bb35892759e8bf088e/spring-data-commons-1.11.4.RELEASE.jar!/org/springframework/data/repository/core/support/TransactionalRepositoryProxyPostProcessor$CustomAnnotationTransactionAttributeSource.class], URL [jar:file:/C:/Users/netoz/.gradle/caches/modules-2/files-2.1/org.springframework.data/spring-data-commons/1.11.4.RELEASE/c2b1fd4dbf7dff772d6124bb35892759e8bf088e/spring-data-commons-1.11.4.RELEASE.jar!/org/springframework/data/repository/core/support/RepositoryFactorySupport.class], URL [jar:file:/C:/Users/netoz/.gradle/caches/modules-2/files-2.1/org.springframework.data/spring-data-commons/1.11.4.RELEASE/c2b1fd4dbf7dff772d6124bb35892759e8bf088e/spring-data-commons-1.11.4.RELEASE.jar!/org/springframework/data/repository/core/support/RepositoryInterfaceAwareBeanPostProcessor.class], URL [jar:file:/C:/Users/netoz/.gradle/caches/modules-2/files-2.1/org.springframework.data/spring-data-commons/1.11.4.RELEASE/c2b1fd4dbf7dff772d6124bb35892759e8bf088e/spring-data-commons-1.11.4.RELEASE.jar!/org/springframework/data/repository/core/support/PersistableEntityInformation.class], URL [jar:file:/C:/Users/netoz/.gradle/caches/modules-2/files-2.1/org.springframework.data/spring-data-commons/1.11.4.RELEASE/c2b1fd4dbf7dff772d6124bb35892759e8bf088e/spring-data-commons-1.11.4.RELEASE.jar!/org/springframework/data/repository/core/support/PersistenceExceptionTranslationRepositoryProxyPostProcessor.class], URL [jar:file:/C:/Users/netoz/.gradle/caches/modules-2/files-2.1/org.springframework.data/spring-data-commons/1.11.4.RELEASE/c2b1fd4dbf7dff772d6124bb35892759e8bf088e/spring-data-commons-1.11.4.RELEASE.jar!/org/springframework/data/repository/core/support/TransactionalRepositoryFactoryBeanSupport.class], URL [jar:file:/C:/Users/netoz/.gradle/caches/modules-2/files-2.1/org.springframework.data/spring-data-commons/1.11.4.RELEASE/c2b1fd4dbf7dff772d6124bb35892759e8bf088e/spring-data-commons-1.11.4.RELEASE.jar!/org/springframework/data/repository/core/support/RepositoryFactoryBeanSupport.class], URL [jar:file:/C:/Users/netoz/.gradle/caches/modules-2/files-2.1/org.springframework.data/spring-data-commons/1.11.4.RELEASE/c2b1fd4dbf7dff772d6124bb35892759e8bf088e/spring-data-commons-1.11.4.RELEASE.jar!/org/springframework/data/repository/core/support/RepositoryFactorySupport$RepositoryInformationCacheKey.class], URL [jar:file:/C:/Users/netoz/.gradle/caches/modules-2/files-2.1/org.springframework.data/spring-data-commons/1.11.4.RELEASE/c2b1fd4dbf7dff772d6124bb35892759e8bf088e/spring-data-commons-1.11.4.RELEASE.jar!/org/springframework/data/repository/core/support/DelegatingEntityInformation.class], URL [jar:file:/C:/Users/netoz/.gradle/caches/modules-2/files-2.1/org.springframework.data/spring-data-commons/1.11.4.RELEASE/c2b1fd4dbf7dff772d6124bb35892759e8bf088e/spring-data-commons-1.11.4.RELEASE.jar!/org/springframework/data/repository/core/support/ReflectionEntityInformation$1.class], URL [jar:file:/C:/Users/netoz/.gradle/caches/modules-2/files-2.1/org.springframework.data/spring-data-commons/1.11.4.RELEASE/c2b1fd4dbf7dff772d6124bb35892759e8bf088e/spring-data-commons-1.11.4.RELEASE.jar!/org/springframework/data/repository/core/support/RepositoryFactoryInformation.class], URL [jar:file:/C:/Users/netoz/.gradle/caches/modules-2/files-2.1/org.springframework.data/spring-data-commons/1.11.4.RELEASE/c2b1fd4dbf7dff772d6124bb35892759e8bf088e/spring-data-commons-1.11.4.RELEASE.jar!/org/springframework/data/repository/core/support/RepositoryProxyPostProcessor.class], URL [jar:file:/C:/Users/netoz/.gradle/caches/modules-2/files-2.1/org.springframework.data/spring-data-commons/1.11.4.RELEASE/c2b1fd4dbf7dff772d6124bb35892759e8bf088e/spring-data-commons-1.11.4.RELEASE.jar!/org/springframework/data/repository/core/support/AbstractEntityInformation.class], URL [jar:file:/C:/Users/netoz/.gradle/caches/modules-2/files-2.1/org.springframework.data/spring-data-commons/1.11.4.RELEASE/c2b1fd4dbf7dff772d6124bb35892759e8bf088e/spring-data-commons-1.11.4.RELEASE.jar!/org/springframework/data/repository/core/support/AnnotationRepositoryMetadata.class], URL [jar:file:/C:/Users/netoz/.gradle/caches/modules-2/files-2.1/org.springframework.data/spring-data-commons/1.11.4.RELEASE/c2b1fd4dbf7dff772d6124bb35892759e8bf088e/spring-data-commons-1.11.4.RELEASE.jar!/org/springframework/data/repository/core/support/TransactionalRepositoryProxyPostProcessor.class], URL [jar:file:/C:/Users/netoz/.gradle/caches/modules-2/files-2.1/org.springframework.data/spring-data-commons/1.11.4.RELEASE/c2b1fd4dbf7dff772d6124bb35892759e8bf088e/spring-data-commons-1.11.4.RELEASE.jar!/org/springframework/data/repository/core/CrudMethods.class], URL [jar:file:/C:/Users/netoz/.gradle/caches/modules-2/files-2.1/org.springframework.data/spring-data-commons/1.11.4.RELEASE/c2b1fd4dbf7dff772d6124bb35892759e8bf088e/spring-data-commons-1.11.4.RELEASE.jar!/org/springframework/data/repository/core/RepositoryMetadata.class], URL [jar:file:/C:/Users/netoz/.gradle/caches/modules-2/files-2.1/org.springframework.data/spring-data-commons/1.11.4.RELEASE/c2b1fd4dbf7dff772d6124bb35892759e8bf088e/spring-data-commons-1.11.4.RELEASE.jar!/org/springframework/data/querydsl/EntityPathResolver.class], URL [jar:file:/C:/Users/netoz/.gradle/caches/modules-2/files-2.1/org.springframework.data/spring-data-commons/1.11.4.RELEASE/c2b1fd4dbf7dff772d6124bb35892759e8bf088e/spring-data-commons-1.11.4.RELEASE.jar!/org/springframework/data/querydsl/SimpleEntityPathResolver.class], URL [jar:file:/C:/Users/netoz/.gradle/caches/modules-2/files-2.1/org.springframework.data/spring-data-commons/1.11.4.RELEASE/c2b1fd4dbf7dff772d6124bb35892759e8bf088e/spring-data-commons-1.11.4.RELEASE.jar!/org/springframework/data/querydsl/QueryDslUtils.class], URL [jar:file:/C:/Users/netoz/.gradle/caches/modules-2/files-2.1/org.springframework.data/spring-data-commons/1.11.4.RELEASE/c2b1fd4dbf7dff772d6124bb35892759e8bf088e/spring-data-commons-1.11.4.RELEASE.jar!/org/springframework/data/querydsl/QueryDslPredicateExecutor.class], URL [jar:file:/C:/Users/netoz/.gradle/caches/modules-2/files-2.1/org.springframework.data/spring-data-commons/1.11.4.RELEASE/c2b1fd4dbf7dff772d6124bb35892759e8bf088e/spring-data-commons-1.11.4.RELEASE.jar!/org/springframework/data/querydsl/binding/QuerydslBindings$PathBinder.class], URL [jar:file:/C:/Users/netoz/.gradle/caches/modules-2/files-2.1/org.springframework.data/spring-data-commons/1.11.4.RELEASE/c2b1fd4dbf7dff772d6124bb35892759e8bf088e/spring-data-commons-1.11.4.RELEASE.jar!/org/springframework/data/querydsl/binding/MultiValueBinding.class], URL [jar:file:/C:/Users/netoz/.gradle/caches/modules-2/files-2.1/org.springframework.data/spring-data-commons/1.11.4.RELEASE/c2b1fd4dbf7dff772d6124bb35892759e8bf088e/spring-data-commons-1.11.4.RELEASE.jar!/org/springframework/data/querydsl/binding/QuerydslBinderCustomizer.class], URL [jar:file:/C:/Users/netoz/.gradle/caches/modules-2/files-2.1/org.springframework.data/spring-data-commons/1.11.4.RELEASE/c2b1fd4dbf7dff772d6124bb35892759e8bf088e/spring-data-commons-1.11.4.RELEASE.jar!/org/springframework/data/querydsl/binding/QuerydslDefaultBinding.class], URL [jar:file:/C:/Users/netoz/.gradle/caches/modules-2/files-2.1/org.springframework.data/spring-data-commons/1.11.4.RELEASE/c2b1fd4dbf7dff772d6124bb35892759e8bf088e/spring-data-commons-1.11.4.RELEASE.jar!/org/springframework/data/querydsl/binding/QuerydslBindings$1.class], URL [jar:file:/C:/Users/netoz/.gradle/caches/modules-2/files-2.1/org.springframework.data/spring-data-commons/1.11.4.RELEASE/c2b1fd4dbf7dff772d6124bb35892759e8bf088e/spring-data-commons-1.11.4.RELEASE.jar!/org/springframework/data/querydsl/binding/QuerydslBindings.class], URL [jar:file:/C:/Users/netoz/.gradle/caches/modules-2/files-2.1/org.springframework.data/spring-data-commons/1.11.4.RELEASE/c2b1fd4dbf7dff772d6124bb35892759e8bf088e/spring-data-commons-1.11.4.RELEASE.jar!/org/springframework/data/querydsl/binding/QuerydslPredicate.class], URL [jar:file:/C:/Users/netoz/.gradle/caches/modules-2/files-2.1/org.springframework.data/spring-data-commons/1.11.4.RELEASE/c2b1fd4dbf7dff772d6124bb35892759e8bf088e/spring-data-commons-1.11.4.RELEASE.jar!/org/springframework/data/querydsl/binding/QuerydslPredicateBuilder.class], URL [jar:file:/C:/Users/netoz/.gradle/caches/modules-2/files-2.1/org.springframework.data/spring-data-commons/1.11.4.RELEASE/c2b1fd4dbf7dff772d6124bb35892759e8bf088e/spring-data-commons-1.11.4.RELEASE.jar!/org/springframework/data/querydsl/binding/QuerydslBindingsFactory$NoOpCustomizer.class], URL [jar:file:/C:/Users/netoz/.gradle/caches/modules-2/files-2.1/org.springframework.data/spring-data-commons/1.11.4.RELEASE/c2b1fd4dbf7dff772d6124bb35892759e8bf088e/spring-data-commons-1.11.4.RELEASE.jar!/org/springframework/data/querydsl/binding/SingleValueBinding.class], URL [jar:file:/C:/Users/netoz/.gradle/caches/modules-2/files-2.1/org.springframework.data/spring-data-commons/1.11.4.RELEASE/c2b1fd4dbf7dff772d6124bb35892759e8bf088e/spring-data-commons-1.11.4.RELEASE.jar!/org/springframework/data/querydsl/binding/QuerydslBindings$PathAndBinding.class], URL [jar:file:/C:/Users/netoz/.gradle/caches/modules-2/files-2.1/org.springframework.data/spring-data-commons/1.11.4.RELEASE/c2b1fd4dbf7dff772d6124bb35892759e8bf088e/spring-data-commons-1.11.4.RELEASE.jar!/org/springframework/data/querydsl/binding/QuerydslBindings$MultiValueBindingAdapter.class], URL [jar:file:/C:/Users/netoz/.gradle/caches/modules-2/files-2.1/org.springframework.data/spring-data-commons/1.11.4.RELEASE/c2b1fd4dbf7dff772d6124bb35892759e8bf088e/spring-data-commons-1.11.4.RELEASE.jar!/org/springframework/data/querydsl/binding/QuerydslBindingsFactory.class], URL [jar:file:/C:/Users/netoz/.gradle/caches/modules-2/files-2.1/org.springframework.data/spring-data-commons/1.11.4.RELEASE/c2b1fd4dbf7dff772d6124bb35892759e8bf088e/spring-data-commons-1.11.4.RELEASE.jar!/org/springframework/data/querydsl/binding/QuerydslBindings$TypeBinder.class], URL [jar:file:/C:/Users/netoz/.gradle/caches/modules-2/files-2.1/org.springframework.data/spring-data-commons/1.11.4.RELEASE/c2b1fd4dbf7dff772d6124bb35892759e8bf088e/spring-data-commons-1.11.4.RELEASE.jar!/org/springframework/data/querydsl/QSort.class], URL [jar:file:/C:/Users/netoz/.gradle/caches/modules-2/files-2.1/org.springframework.data/spring-data-commons/1.11.4.RELEASE/c2b1fd4dbf7dff772d6124bb35892759e8bf088e/spring-data-commons-1.11.4.RELEASE.jar!/org/springframework/data/querydsl/QPageRequest.class], URL [jar:file:/C:/Users/netoz/.gradle/caches/modules-2/files-2.1/org.springframework.data/spring-data-commons/1.11.4.RELEASE/c2b1fd4dbf7dff772d6124bb35892759e8bf088e/spring-data-commons-1.11.4.RELEASE.jar!/org/springframework/data/querydsl/QuerydslRepositoryInvokerAdapter.class], URL [jar:file:/C:/Users/netoz/.gradle/caches/modules-2/files-2.1/org.springframework.data/spring-data-commons/1.11.4.RELEASE/c2b1fd4dbf7dff772d6124bb35892759e8bf088e/spring-data-commons-1.11.4.RELEASE.jar!/org/springframework/data/annotation/Persistent.class], URL [jar:file:/C:/Users/netoz/.gradle/caches/modules-2/files-2.1/org.springframework.data/spring-data-commons/1.11.4.RELEASE/c2b1fd4dbf7dff772d6124bb35892759e8bf088e/spring-data-commons-1.11.4.RELEASE.jar!/org/springframework/data/annotation/ReadOnlyProperty.class], URL [jar:file:/C:/Users/netoz/.gradle/caches/modules-2/files-2.1/org.springframework.data/spring-data-commons/1.11.4.RELEASE/c2b1fd4dbf7dff772d6124bb35892759e8bf088e/spring-data-commons-1.11.4.RELEASE.jar!/org/springframework/data/annotation/Transient.class], URL [jar:file:/C:/Users/netoz/.gradle/caches/modules-2/files-2.1/org.springframework.data/spring-data-commons/1.11.4.RELEASE/c2b1fd4dbf7dff772d6124bb35892759e8bf088e/spring-data-commons-1.11.4.RELEASE.jar!/org/springframework/data/annotation/AccessType.class], URL [jar:file:/C:/Users/netoz/.gradle/caches/modules-2/files-2.1/org.springframework.data/spring-data-commons/1.11.4.RELEASE/c2b1fd4dbf7dff772d6124bb35892759e8bf088e/spring-data-commons-1.11.4.RELEASE.jar!/org/springframework/data/annotation/Id.class], URL [jar:file:/C:/Users/netoz/.gradle/caches/modules-2/files-2.1/org.springframework.data/spring-data-commons/1.11.4.RELEASE/c2b1fd4dbf7dff772d6124bb35892759e8bf088e/spring-data-commons-1.11.4.RELEASE.jar!/org/springframework/data/annotation/CreatedDate.class], URL [jar:file:/C:/Users/netoz/.gradle/caches/modules-2/files-2.1/org.springframework.data/spring-data-commons/1.11.4.RELEASE/c2b1fd4dbf7dff772d6124bb35892759e8bf088e/spring-data-commons-1.11.4.RELEASE.jar!/org/springframework/data/annotation/CreatedBy.class], URL [jar:file:/C:/Users/netoz/.gradle/caches/modules-2/files-2.1/org.springframework.data/spring-data-commons/1.11.4.RELEASE/c2b1fd4dbf7dff772d6124bb35892759e8bf088e/spring-data-commons-1.11.4.RELEASE.jar!/org/springframework/data/annotation/PersistenceConstructor.class], URL [jar:file:/C:/Users/netoz/.gradle/caches/modules-2/files-2.1/org.springframework.data/spring-data-commons/1.11.4.RELEASE/c2b1fd4dbf7dff772d6124bb35892759e8bf088e/spring-data-commons-1.11.4.RELEASE.jar!/org/springframework/data/annotation/LastModifiedDate.class], URL [jar:file:/C:/Users/netoz/.gradle/caches/modules-2/files-2.1/org.springframework.data/spring-data-commons/1.11.4.RELEASE/c2b1fd4dbf7dff772d6124bb35892759e8bf088e/spring-data-commons-1.11.4.RELEASE.jar!/org/springframework/data/annotation/AccessType$Type.class], URL [jar:file:/C:/Users/netoz/.gradle/caches/modules-2/files-2.1/org.springframework.data/spring-data-commons/1.11.4.RELEASE/c2b1fd4dbf7dff772d6124bb35892759e8bf088e/spring-data-commons-1.11.4.RELEASE.jar!/org/springframework/data/annotation/LastModifiedBy.class], URL [jar:file:/C:/Users/netoz/.gradle/caches/modules-2/files-2.1/org.springframework.data/spring-data-commons/1.11.4.RELEASE/c2b1fd4dbf7dff772d6124bb35892759e8bf088e/spring-data-commons-1.11.4.RELEASE.jar!/org/springframework/data/annotation/TypeAlias.class], URL [jar:file:/C:/Users/netoz/.gradle/caches/modules-2/files-2.1/org.springframework.data/spring-data-commons/1.11.4.RELEASE/c2b1fd4dbf7dff772d6124bb35892759e8bf088e/spring-data-commons-1.11.4.RELEASE.jar!/org/springframework/data/annotation/Version.class], URL [jar:file:/C:/Users/netoz/.gradle/caches/modules-2/files-2.1/org.springframework.data/spring-data-commons/1.11.4.RELEASE/c2b1fd4dbf7dff772d6124bb35892759e8bf088e/spring-data-commons-1.11.4.RELEASE.jar!/org/springframework/data/annotation/Reference.class], URL [jar:file:/C:/Users/netoz/.gradle/caches/modules-2/files-2.1/org.springframework.data/spring-data-commons/1.11.4.RELEASE/c2b1fd4dbf7dff772d6124bb35892759e8bf088e/spring-data-commons-1.11.4.RELEASE.jar!/org/springframework/data/annotation/QueryAnnotation.class], URL [jar:file:/C:/Users/netoz/.gradle/caches/modules-2/files-2.1/org.springframework.data/spring-data-commons/1.11.4.RELEASE/c2b1fd4dbf7dff772d6124bb35892759e8bf088e/spring-data-commons-1.11.4.RELEASE.jar!/org/springframework/data/domain/Persistable.class], URL [jar:file:/C:/Users/netoz/.gradle/caches/modules-2/files-2.1/org.springframework.data/spring-data-commons/1.11.4.RELEASE/c2b1fd4dbf7dff772d6124bb35892759e8bf088e/spring-data-commons-1.11.4.RELEASE.jar!/org/springframework/data/domain/AuditorAware.class], URL [jar:file:/C:/Users/netoz/.gradle/caches/modules-2/files-2.1/org.springframework.data/spring-data-commons/1.11.4.RELEASE/c2b1fd4dbf7dff772d6124bb35892759e8bf088e/spring-data-commons-1.11.4.RELEASE.jar!/org/springframework/data/domain/Sort.class], URL [jar:file:/C:/Users/netoz/.gradle/caches/modules-2/files-2.1/org.springframework.data/spring-data-commons/1.11.4.RELEASE/c2b1fd4dbf7dff772d6124bb35892759e8bf088e/spring-data-commons-1.11.4.RELEASE.jar!/org/springframework/data/domain/Sort$NullHandling.class], URL [jar:file:/C:/Users/netoz/.gradle/caches/modules-2/files-2.1/org.springframework.data/spring-data-commons/1.11.4.RELEASE/c2b1fd4dbf7dff772d6124bb35892759e8bf088e/spring-data-commons-1.11.4.RELEASE.jar!/org/springframework/data/domain/SliceImpl.class], URL [jar:file:/C:/Users/netoz/.gradle/caches/modules-2/files-2.1/org.springframework.data/spring-data-commons/1.11.4.RELEASE/c2b1fd4dbf7dff772d6124bb35892759e8bf088e/spring-data-commons-1.11.4.RELEASE.jar!/org/springframework/data/domain/Page.class], URL [jar:file:/C:/Users/netoz/.gradle/caches/modules-2/files-2.1/org.springframework.data/spring-data-commons/1.11.4.RELEASE/c2b1fd4dbf7dff772d6124bb35892759e8bf088e/spring-data-commons-1.11.4.RELEASE.jar!/org/springframework/data/domain/Pageable.class], URL [jar:file:/C:/Users/netoz/.gradle/caches/modules-2/files-2.1/org.springframework.data/spring-data-commons/1.11.4.RELEASE/c2b1fd4dbf7dff772d6124bb35892759e8bf088e/spring-data-commons-1.11.4.RELEASE.jar!/org/springframework/data/domain/PageImpl.class], URL [jar:file:/C:/Users/netoz/.gradle/caches/modules-2/files-2.1/org.springframework.data/spring-data-commons/1.11.4.RELEASE/c2b1fd4dbf7dff772d6124bb35892759e8bf088e/spring-data-commons-1.11.4.RELEASE.jar!/org/springframework/data/domain/Chunk.class], URL [jar:file:/C:/Users/netoz/.gradle/caches/modules-2/files-2.1/org.springframework.data/spring-data-commons/1.11.4.RELEASE/c2b1fd4dbf7dff772d6124bb35892759e8bf088e/spring-data-commons-1.11.4.RELEASE.jar!/org/springframework/data/domain/PageRequest.class], URL [jar:file:/C:/Users/netoz/.gradle/caches/modules-2/files-2.1/org.springframework.data/spring-data-commons/1.11.4.RELEASE/c2b1fd4dbf7dff772d6124bb35892759e8bf088e/spring-data-commons-1.11.4.RELEASE.jar!/org/springframework/data/domain/Sort$Direction.class], URL [jar:file:/C:/Users/netoz/.gradle/caches/modules-2/files-2.1/org.springframework.data/spring-data-commons/1.11.4.RELEASE/c2b1fd4dbf7dff772d6124bb35892759e8bf088e/spring-data-commons-1.11.4.RELEASE.jar!/org/springframework/data/domain/Range.class], URL [jar:file:/C:/Users/netoz/.gradle/caches/modules-2/files-2.1/org.springframework.data/spring-data-commons/1.11.4.RELEASE/c2b1fd4dbf7dff772d6124bb35892759e8bf088e/spring-data-commons-1.11.4.RELEASE.jar!/org/springframework/data/domain/jaxb/SpringDataJaxb$OrderDto.class], URL [jar:file:/C:/Users/netoz/.gradle/caches/modules-2/files-2.1/org.springframework.data/spring-data-commons/1.11.4.RELEASE/c2b1fd4dbf7dff772d6124bb35892759e8bf088e/spring-data-commons-1.11.4.RELEASE.jar!/org/springframework/data/domain/jaxb/PageAdapter.class], URL [jar:file:/C:/Users/netoz/.gradle/caches/modules-2/files-2.1/org.springframework.data/spring-data-commons/1.11.4.RELEASE/c2b1fd4dbf7dff772d6124bb35892759e8bf088e/spring-data-commons-1.11.4.RELEASE.jar!/org/springframework/data/domain/jaxb/OrderAdapter.class], URL [jar:file:/C:/Users/netoz/.gradle/caches/modules-2/files-2.1/org.springframework.data/spring-data-commons/1.11.4.RELEASE/c2b1fd4dbf7dff772d6124bb35892759e8bf088e/spring-data-commons-1.11.4.RELEASE.jar!/org/springframework/data/domain/jaxb/SpringDataJaxb$SortDto.class], URL [jar:file:/C:/Users/netoz/.gradle/caches/modules-2/files-2.1/org.springframework.data/spring-data-commons/1.11.4.RELEASE/c2b1fd4dbf7dff772d6124bb35892759e8bf088e/spring-data-commons-1.11.4.RELEASE.jar!/org/springframework/data/domain/jaxb/SpringDataJaxb$PageRequestDto.class], URL [jar:file:/C:/Users/netoz/.gradle/caches/modules-2/files-2.1/org.springframework.data/spring-data-commons/1.11.4.RELEASE/c2b1fd4dbf7dff772d6124bb35892759e8bf088e/spring-data-commons-1.11.4.RELEASE.jar!/org/springframework/data/domain/jaxb/SpringDataJaxb$PageDto.class], URL [jar:file:/C:/Users/netoz/.gradle/caches/modules-2/files-2.1/org.springframework.data/spring-data-commons/1.11.4.RELEASE/c2b1fd4dbf7dff772d6124bb35892759e8bf088e/spring-data-commons-1.11.4.RELEASE.jar!/org/springframework/data/domain/jaxb/SpringDataJaxb.class], URL [jar:file:/C:/Users/netoz/.gradle/caches/modules-2/files-2.1/org.springframework.data/spring-data-commons/1.11.4.RELEASE/c2b1fd4dbf7dff772d6124bb35892759e8bf088e/spring-data-commons-1.11.4.RELEASE.jar!/org/springframework/data/domain/jaxb/PageableAdapter.class], URL [jar:file:/C:/Users/netoz/.gradle/caches/modules-2/files-2.1/org.springframework.data/spring-data-commons/1.11.4.RELEASE/c2b1fd4dbf7dff772d6124bb35892759e8bf088e/spring-data-commons-1.11.4.RELEASE.jar!/org/springframework/data/domain/jaxb/SortAdapter.class], URL [jar:file:/C:/Users/netoz/.gradle/caches/modules-2/files-2.1/org.springframework.data/spring-data-commons/1.11.4.RELEASE/c2b1fd4dbf7dff772d6124bb35892759e8bf088e/spring-data-commons-1.11.4.RELEASE.jar!/org/springframework/data/domain/jaxb/package-info.class], URL [jar:file:/C:/Users/netoz/.gradle/caches/modules-2/files-2.1/org.springframework.data/spring-data-commons/1.11.4.RELEASE/c2b1fd4dbf7dff772d6124bb35892759e8bf088e/spring-data-commons-1.11.4.RELEASE.jar!/org/springframework/data/domain/Sort$Order.class], URL [jar:file:/C:/Users/netoz/.gradle/caches/modules-2/files-2.1/org.springframework.data/spring-data-commons/1.11.4.RELEASE/c2b1fd4dbf7dff772d6124bb35892759e8bf088e/spring-data-commons-1.11.4.RELEASE.jar!/org/springframework/data/domain/Slice.class], URL [jar:file:/C:/Users/netoz/.gradle/caches/modules-2/files-2.1/org.springframework.data/spring-data-commons/1.11.4.RELEASE/c2b1fd4dbf7dff772d6124bb35892759e8bf088e/spring-data-commons-1.11.4.RELEASE.jar!/org/springframework/data/domain/Auditable.class], URL [jar:file:/C:/Users/netoz/.gradle/caches/modules-2/files-2.1/org.springframework.data/spring-data-commons/1.11.4.RELEASE/c2b1fd4dbf7dff772d6124bb35892759e8bf088e/spring-data-commons-1.11.4.RELEASE.jar!/org/springframework/data/domain/AbstractPageRequest.class], URL [jar:file:/C:/Users/netoz/.gradle/caches/modules-2/files-2.1/org.springframework.data/spring-data-commons/1.11.4.RELEASE/c2b1fd4dbf7dff772d6124bb35892759e8bf088e/spring-data-commons-1.11.4.RELEASE.jar!/org/springframework/data/config/TypeFilterParser$1.class], URL [jar:file:/C:/Users/netoz/.gradle/caches/modules-2/files-2.1/org.springframework.data/spring-data-commons/1.11.4.RELEASE/c2b1fd4dbf7dff772d6124bb35892759e8bf088e/spring-data-commons-1.11.4.RELEASE.jar!/org/springframework/data/config/BeanComponentDefinitionBuilder.class], URL [jar:file:/C:/Users/netoz/.gradle/caches/modules-2/files-2.1/org.springframework.data/spring-data-commons/1.11.4.RELEASE/c2b1fd4dbf7dff772d6124bb35892759e8bf088e/spring-data-commons-1.11.4.RELEASE.jar!/org/springframework/data/config/TypeFilterParser$FilterType$2.class], URL [jar:file:/C:/Users/netoz/.gradle/caches/modules-2/files-2.1/org.springframework.data/spring-data-commons/1.11.4.RELEASE/c2b1fd4dbf7dff772d6124bb35892759e8bf088e/spring-data-commons-1.11.4.RELEASE.jar!/org/springframework/data/config/TypeFilterParser$FilterType$1.class], URL [jar:file:/C:/Users/netoz/.gradle/caches/modules-2/files-2.1/org.springframework.data/spring-data-commons/1.11.4.RELEASE/c2b1fd4dbf7dff772d6124bb35892759e8bf088e/spring-data-commons-1.11.4.RELEASE.jar!/org/springframework/data/config/TypeFilterParser$FilterType.class], URL [jar:file:/C:/Users/netoz/.gradle/caches/modules-2/files-2.1/org.springframework.data/spring-data-commons/1.11.4.RELEASE/c2b1fd4dbf7dff772d6124bb35892759e8bf088e/spring-data-commons-1.11.4.RELEASE.jar!/org/springframework/data/config/ParsingUtils.class], URL [jar:file:/C:/Users/netoz/.gradle/caches/modules-2/files-2.1/org.springframework.data/spring-data-commons/1.11.4.RELEASE/c2b1fd4dbf7dff772d6124bb35892759e8bf088e/spring-data-commons-1.11.4.RELEASE.jar!/org/springframework/data/config/TypeFilterParser$Type.class], URL [jar:file:/C:/Users/netoz/.gradle/caches/modules-2/files-2.1/org.springframework.data/spring-data-commons/1.11.4.RELEASE/c2b1fd4dbf7dff772d6124bb35892759e8bf088e/spring-data-commons-1.11.4.RELEASE.jar!/org/springframework/data/config/TypeFilterParser$FilterType$3.class], URL [jar:file:/C:/Users/netoz/.gradle/caches/modules-2/files-2.1/org.springframework.data/spring-data-commons/1.11.4.RELEASE/c2b1fd4dbf7dff772d6124bb35892759e8bf088e/spring-data-commons-1.11.4.RELEASE.jar!/org/springframework/data/config/TypeFilterParser$FilterType$5.class], URL [jar:file:/C:/Users/netoz/.gradle/caches/modules-2/files-2.1/org.springframework.data/spring-data-commons/1.11.4.RELEASE/c2b1fd4dbf7dff772d6124bb35892759e8bf088e/spring-data-commons-1.11.4.RELEASE.jar!/org/springframework/data/config/TypeFilterParser.class], URL [jar:file:/C:/Users/netoz/.gradle/caches/modules-2/files-2.1/org.springframework.data/spring-data-commons/1.11.4.RELEASE/c2b1fd4dbf7dff772d6124bb35892759e8bf088e/spring-data-commons-1.11.4.RELEASE.jar!/org/springframework/data/config/TypeFilterParser$FilterType$4.class], URL [jar:file:/C:/Users/netoz/.gradle/caches/modules-2/files-2.1/org.springframework.data/spring-data-commons/1.11.4.RELEASE/c2b1fd4dbf7dff772d6124bb35892759e8bf088e/spring-data-commons-1.11.4.RELEASE.jar!/org/springframework/data/auditing/CurrentDateTimeProvider.class], URL [jar:file:/C:/Users/netoz/.gradle/caches/modules-2/files-2.1/org.springframework.data/spring-data-commons/1.11.4.RELEASE/c2b1fd4dbf7dff772d6124bb35892759e8bf088e/spring-data-commons-1.11.4.RELEASE.jar!/org/springframework/data/auditing/MappingAuditableBeanWrapperFactory.class], URL [jar:file:/C:/Users/netoz/.gradle/caches/modules-2/files-2.1/org.springframework.data/spring-data-commons/1.11.4.RELEASE/c2b1fd4dbf7dff772d6124bb35892759e8bf088e/spring-data-commons-1.11.4.RELEASE.jar!/org/springframework/data/auditing/AuditingHandler.class], URL [jar:file:/C:/Users/netoz/.gradle/caches/modules-2/files-2.1/org.springframework.data/spring-data-commons/1.11.4.RELEASE/c2b1fd4dbf7dff772d6124bb35892759e8bf088e/spring-data-commons-1.11.4.RELEASE.jar!/org/springframework/data/auditing/MappingAuditableBeanWrapperFactory$MappingAuditingMetadata.class], URL [jar:file:/C:/Users/netoz/.gradle/caches/modules-2/files-2.1/org.springframework.data/spring-data-commons/1.11.4.RELEASE/c2b1fd4dbf7dff772d6124bb35892759e8bf088e/spring-data-commons-1.11.4.RELEASE.jar!/org/springframework/data/auditing/AnnotationAuditingMetadata.class], URL [jar:file:/C:/Users/netoz/.gradle/caches/modules-2/files-2.1/org.springframework.data/spring-data-commons/1.11.4.RELEASE/c2b1fd4dbf7dff772d6124bb35892759e8bf088e/spring-data-commons-1.11.4.RELEASE.jar!/org/springframework/data/auditing/MappingAuditableBeanWrapperFactory$MappingMetadataAuditableBeanWrapper.class], URL [jar:file:/C:/Users/netoz/.gradle/caches/modules-2/files-2.1/org.springframework.data/spring-data-commons/1.11.4.RELEASE/c2b1fd4dbf7dff772d6124bb35892759e8bf088e/spring-data-commons-1.11.4.RELEASE.jar!/org/springframework/data/auditing/DefaultAuditableBeanWrapperFactory.class], URL [jar:file:/C:/Users/netoz/.gradle/caches/modules-2/files-2.1/org.springframework.data/spring-data-commons/1.11.4.RELEASE/c2b1fd4dbf7dff772d6124bb35892759e8bf088e/spring-data-commons-1.11.4.RELEASE.jar!/org/springframework/data/auditing/DateTimeProvider.class], URL [jar:file:/C:/Users/netoz/.gradle/caches/modules-2/files-2.1/org.springframework.data/spring-data-commons/1.11.4.RELEASE/c2b1fd4dbf7dff772d6124bb35892759e8bf088e/spring-data-commons-1.11.4.RELEASE.jar!/org/springframework/data/auditing/DefaultAuditableBeanWrapperFactory$AuditableInterfaceBeanWrapper.class], URL [jar:file:/C:/Users/netoz/.gradle/caches/modules-2/files-2.1/org.springframework.data/spring-data-commons/1.11.4.RELEASE/c2b1fd4dbf7dff772d6124bb35892759e8bf088e/spring-data-commons-1.11.4.RELEASE.jar!/org/springframework/data/auditing/AuditableBeanWrapper.class], URL [jar:file:/C:/Users/netoz/.gradle/caches/modules-2/files-2.1/org.springframework.data/spring-data-commons/1.11.4.RELEASE/c2b1fd4dbf7dff772d6124bb35892759e8bf088e/spring-data-commons-1.11.4.RELEASE.jar!/org/springframework/data/auditing/DefaultAuditableBeanWrapperFactory$CalendarToDateTimeConverter.class], URL [jar:file:/C:/Users/netoz/.gradle/caches/modules-2/files-2.1/org.springframework.data/spring-data-commons/1.11.4.RELEASE/c2b1fd4dbf7dff772d6124bb35892759e8bf088e/spring-data-commons-1.11.4.RELEASE.jar!/org/springframework/data/auditing/AuditableBeanWrapperFactory.class], URL [jar:file:/C:/Users/netoz/.gradle/caches/modules-2/files-2.1/org.springframework.data/spring-data-commons/1.11.4.RELEASE/c2b1fd4dbf7dff772d6124bb35892759e8bf088e/spring-data-commons-1.11.4.RELEASE.jar!/org/springframework/data/auditing/DefaultAuditableBeanWrapperFactory$CalendarToLocalDateTimeConverter.class], URL [jar:file:/C:/Users/netoz/.gradle/caches/modules-2/files-2.1/org.springframework.data/spring-data-commons/1.11.4.RELEASE/c2b1fd4dbf7dff772d6124bb35892759e8bf088e/spring-data-commons-1.11.4.RELEASE.jar!/org/springframework/data/auditing/DefaultAuditableBeanWrapperFactory$DateConvertingAuditableBeanWrapper.class], URL [jar:file:/C:/Users/netoz/.gradle/caches/modules-2/files-2.1/org.springframework.data/spring-data-commons/1.11.4.RELEASE/c2b1fd4dbf7dff772d6124bb35892759e8bf088e/spring-data-commons-1.11.4.RELEASE.jar!/org/springframework/data/auditing/DefaultAuditableBeanWrapperFactory$ReflectionAuditingBeanWrapper.class], URL [jar:file:/C:/Users/netoz/.gradle/caches/modules-2/files-2.1/org.springframework.data/spring-data-commons/1.11.4.RELEASE/c2b1fd4dbf7dff772d6124bb35892759e8bf088e/spring-data-commons-1.11.4.RELEASE.jar!/org/springframework/data/auditing/config/IsNewAwareAuditingHandlerBeanDefinitionParser.class], URL [jar:file:/C:/Users/netoz/.gradle/caches/modules-2/files-2.1/org.springframework.data/spring-data-commons/1.11.4.RELEASE/c2b1fd4dbf7dff772d6124bb35892759e8bf088e/spring-data-commons-1.11.4.RELEASE.jar!/org/springframework/data/auditing/config/AuditingConfiguration.class], URL [jar:file:/C:/Users/netoz/.gradle/caches/modules-2/files-2.1/org.springframework.data/spring-data-commons/1.11.4.RELEASE/c2b1fd4dbf7dff772d6124bb35892759e8bf088e/spring-data-commons-1.11.4.RELEASE.jar!/org/springframework/data/auditing/config/AuditingHandlerBeanDefinitionParser.class], URL [jar:file:/C:/Users/netoz/.gradle/caches/modules-2/files-2.1/org.springframework.data/spring-data-commons/1.11.4.RELEASE/c2b1fd4dbf7dff772d6124bb35892759e8bf088e/spring-data-commons-1.11.4.RELEASE.jar!/org/springframework/data/auditing/config/AuditingBeanDefinitionRegistrarSupport.class], URL [jar:file:/C:/Users/netoz/.gradle/caches/modules-2/files-2.1/org.springframework.data/spring-data-commons/1.11.4.RELEASE/c2b1fd4dbf7dff772d6124bb35892759e8bf088e/spring-data-commons-1.11.4.RELEASE.jar!/org/springframework/data/auditing/config/AnnotationAuditingConfiguration.class], URL [jar:file:/C:/Users/netoz/.gradle/caches/modules-2/files-2.1/org.springframework.data/spring-data-commons/1.11.4.RELEASE/c2b1fd4dbf7dff772d6124bb35892759e8bf088e/spring-data-commons-1.11.4.RELEASE.jar!/org/springframework/data/auditing/IsNewAwareAuditingHandler.class], URL [jar:file:/C:/Users/netoz/.gradle/caches/modules-2/files-2.1/org.springframework.data/spring-data-commons/1.11.4.RELEASE/c2b1fd4dbf7dff772d6124bb35892759e8bf088e/spring-data-commons-1.11.4.RELEASE.jar!/org/springframework/data/authentication/UserCredentials.class], URL [jar:file:/C:/Users/netoz/.gradle/caches/modules-2/files-2.1/org.springframework.data/spring-data-commons/1.11.4.RELEASE/c2b1fd4dbf7dff772d6124bb35892759e8bf088e/spring-data-commons-1.11.4.RELEASE.jar!/org/springframework/data/support/PersistableIsNewStrategy.class], URL [jar:file:/C:/Users/netoz/.gradle/caches/modules-2/files-2.1/org.springframework.data/spring-data-commons/1.11.4.RELEASE/c2b1fd4dbf7dff772d6124bb35892759e8bf088e/spring-data-commons-1.11.4.RELEASE.jar!/org/springframework/data/support/CachingIsNewStrategyFactory.class], URL [jar:file:/C:/Users/netoz/.gradle/caches/modules-2/files-2.1/org.springframework.data/spring-data-commons/1.11.4.RELEASE/c2b1fd4dbf7dff772d6124bb35892759e8bf088e/spring-data-commons-1.11.4.RELEASE.jar!/org/springframework/data/support/IsNewStrategy.class], URL [jar:file:/C:/Users/netoz/.gradle/caches/modules-2/files-2.1/org.springframework.data/spring-data-commons/1.11.4.RELEASE/c2b1fd4dbf7dff772d6124bb35892759e8bf088e/spring-data-commons-1.11.4.RELEASE.jar!/org/springframework/data/support/IsNewStrategyFactorySupport.class], URL [jar:file:/C:/Users/netoz/.gradle/caches/modules-2/files-2.1/org.springframework.data/spring-data-commons/1.11.4.RELEASE/c2b1fd4dbf7dff772d6124bb35892759e8bf088e/spring-data-commons-1.11.4.RELEASE.jar!/org/springframework/data/support/IsNewStrategyFactory.class], URL [jar:file:/C:/Users/netoz/.gradle/caches/modules-2/files-2.1/org.springframework.data/spring-data-commons/1.11.4.RELEASE/c2b1fd4dbf7dff772d6124bb35892759e8bf088e/spring-data-commons-1.11.4.RELEASE.jar!/org/springframework/data/projection/DefaultMethodInvokingMethodInterceptor.class], URL [jar:file:/C:/Users/netoz/.gradle/caches/modules-2/files-2.1/org.springframework.data/spring-data-commons/1.11.4.RELEASE/c2b1fd4dbf7dff772d6124bb35892759e8bf088e/spring-data-commons-1.11.4.RELEASE.jar!/org/springframework/data/projection/ProjectingMethodInterceptor.class], URL [jar:file:/C:/Users/netoz/.gradle/caches/modules-2/files-2.1/org.springframework.data/spring-data-commons/1.11.4.RELEASE/c2b1fd4dbf7dff772d6124bb35892759e8bf088e/spring-data-commons-1.11.4.RELEASE.jar!/org/springframework/data/projection/TargetAware.class], URL [jar:file:/C:/Users/netoz/.gradle/caches/modules-2/files-2.1/org.springframework.data/spring-data-commons/1.11.4.RELEASE/c2b1fd4dbf7dff772d6124bb35892759e8bf088e/spring-data-commons-1.11.4.RELEASE.jar!/org/springframework/data/projection/SpelEvaluatingMethodInterceptor$TargetWrapper.class], URL [jar:file:/C:/Users/netoz/.gradle/caches/modules-2/files-2.1/org.springframework.data/spring-data-commons/1.11.4.RELEASE/c2b1fd4dbf7dff772d6124bb35892759e8bf088e/spring-data-commons-1.11.4.RELEASE.jar!/org/springframework/data/projection/SpelEvaluatingMethodInterceptor.class], URL [jar:file:/C:/Users/netoz/.gradle/caches/modules-2/files-2.1/org.springframework.data/spring-data-commons/1.11.4.RELEASE/c2b1fd4dbf7dff772d6124bb35892759e8bf088e/spring-data-commons-1.11.4.RELEASE.jar!/org/springframework/data/projection/MapAccessingMethodInterceptor.class], URL [jar:file:/C:/Users/netoz/.gradle/caches/modules-2/files-2.1/org.springframework.data/spring-data-commons/1.11.4.RELEASE/c2b1fd4dbf7dff772d6124bb35892759e8bf088e/spring-data-commons-1.11.4.RELEASE.jar!/org/springframework/data/projection/SpelAwareProxyProjectionFactory.class], URL [jar:file:/C:/Users/netoz/.gradle/caches/modules-2/files-2.1/org.springframework.data/spring-data-commons/1.11.4.RELEASE/c2b1fd4dbf7dff772d6124bb35892759e8bf088e/spring-data-commons-1.11.4.RELEASE.jar!/org/springframework/data/projection/ProxyProjectionFactory.class], URL [jar:file:/C:/Users/netoz/.gradle/caches/modules-2/files-2.1/org.springframework.data/spring-data-commons/1.11.4.RELEASE/c2b1fd4dbf7dff772d6124bb35892759e8bf088e/spring-data-commons-1.11.4.RELEASE.jar!/org/springframework/data/projection/ProjectionFactory.class], URL [jar:file:/C:/Users/netoz/.gradle/caches/modules-2/files-2.1/org.springframework.data/spring-data-commons/1.11.4.RELEASE/c2b1fd4dbf7dff772d6124bb35892759e8bf088e/spring-data-commons-1.11.4.RELEASE.jar!/org/springframework/data/projection/PropertyAccessingMethodInterceptor.class], URL [jar:file:/C:/Users/netoz/.gradle/caches/modules-2/files-2.1/org.springframework.data/spring-data-commons/1.11.4.RELEASE/c2b1fd4dbf7dff772d6124bb35892759e8bf088e/spring-data-commons-1.11.4.RELEASE.jar!/org/springframework/data/projection/ProxyProjectionFactory$TargetAwareMethodInterceptor.class], URL [jar:file:/C:/Users/netoz/.gradle/caches/modules-2/files-2.1/org.springframework.data/spring-data-commons/1.11.4.RELEASE/c2b1fd4dbf7dff772d6124bb35892759e8bf088e/spring-data-commons-1.11.4.RELEASE.jar!/org/springframework/data/projection/MapAccessingMethodInterceptor$Accessor.class], URL [jar:file:/C:/Users/netoz/.gradle/caches/modules-2/files-2.1/org.springframework.data/spring-data-commons/1.11.4.RELEASE/c2b1fd4dbf7dff772d6124bb35892759e8bf088e/spring-data-commons-1.11.4.RELEASE.jar!/org/springframework/data/transaction/MultiTransactionStatus$SavePoints.class], URL [jar:file:/C:/Users/netoz/.gradle/caches/modules-2/files-2.1/org.springframework.data/spring-data-commons/1.11.4.RELEASE/c2b1fd4dbf7dff772d6124bb35892759e8bf088e/spring-data-commons-1.11.4.RELEASE.jar!/org/springframework/data/transaction/ChainedTransactionManager.class], URL [jar:file:/C:/Users/netoz/.gradle/caches/modules-2/files-2.1/org.springframework.data/spring-data-commons/1.11.4.RELEASE/c2b1fd4dbf7dff772d6124bb35892759e8bf088e/spring-data-commons-1.11.4.RELEASE.jar!/org/springframework/data/transaction/SpringTransactionSynchronizationManager.class], URL [jar:file:/C:/Users/netoz/.gradle/caches/modules-2/files-2.1/org.springframework.data/spring-data-commons/1.11.4.RELEASE/c2b1fd4dbf7dff772d6124bb35892759e8bf088e/spring-data-commons-1.11.4.RELEASE.jar!/org/springframework/data/transaction/MultiTransactionStatus$1.class], URL [jar:file:/C:/Users/netoz/.gradle/caches/modules-2/files-2.1/org.springframework.data/spring-data-commons/1.11.4.RELEASE/c2b1fd4dbf7dff772d6124bb35892759e8bf088e/spring-data-commons-1.11.4.RELEASE.jar!/org/springframework/data/transaction/MultiTransactionStatus.class], URL [jar:file:/C:/Users/netoz/.gradle/caches/modules-2/files-2.1/org.springframework.data/spring-data-commons/1.11.4.RELEASE/c2b1fd4dbf7dff772d6124bb35892759e8bf088e/spring-data-commons-1.11.4.RELEASE.jar!/org/springframework/data/transaction/SynchronizationManager.class]]
[DEBUG] Identified candidate component class: URL [jar:file:/C:/Users/netoz/.gradle/caches/modules-2/files-2.1/org.springframework.data/spring-data-commons/1.11.4.RELEASE/c2b1fd4dbf7dff772d6124bb35892759e8bf088e/spring-data-commons-1.11.4.RELEASE.jar!/org/springframework/data/web/config/SpringDataJacksonConfiguration.class]
[DEBUG] Returning cached instance of singleton bean 'autoConfigurationReport'
[DEBUG] Returning cached instance of singleton bean 'autoConfigurationReport'
[DEBUG] Returning cached instance of singleton bean 'autoConfigurationReport'
[DEBUG] Returning cached instance of singleton bean 'autoConfigurationReport'
[DEBUG] Returning cached instance of singleton bean 'autoConfigurationReport'
[DEBUG] Returning cached instance of singleton bean 'autoConfigurationReport'
[DEBUG] Returning cached instance of singleton bean 'autoConfigurationReport'
[DEBUG] Returning cached instance of singleton bean 'autoConfigurationReport'
[DEBUG] Returning cached instance of singleton bean 'autoConfigurationReport'
[DEBUG] Returning cached instance of singleton bean 'autoConfigurationReport'
[DEBUG] Returning cached instance of singleton bean 'autoConfigurationReport'
[DEBUG] Returning cached instance of singleton bean 'autoConfigurationReport'
[DEBUG] Returning cached instance of singleton bean 'autoConfigurationReport'
[DEBUG] Returning cached instance of singleton bean 'autoConfigurationReport'
[DEBUG] Returning cached instance of singleton bean 'autoConfigurationReport'
[DEBUG] Returning cached instance of singleton bean 'autoConfigurationReport'
[DEBUG] Returning cached instance of singleton bean 'autoConfigurationReport'
[DEBUG] Returning cached instance of singleton bean 'autoConfigurationReport'
[DEBUG] Returning cached instance of singleton bean 'autoConfigurationReport'
[DEBUG] Returning cached instance of singleton bean 'autoConfigurationReport'
[DEBUG] Returning cached instance of singleton bean 'autoConfigurationReport'
[DEBUG] Returning cached instance of singleton bean 'autoConfigurationReport'
[DEBUG] Returning cached instance of singleton bean 'autoConfigurationReport'
[DEBUG] Returning cached instance of singleton bean 'autoConfigurationReport'
[DEBUG] Returning cached instance of singleton bean 'autoConfigurationReport'
[DEBUG] Returning cached instance of singleton bean 'autoConfigurationReport'
[DEBUG] Returning cached instance of singleton bean 'autoConfigurationReport'
[DEBUG] Returning cached instance of singleton bean 'autoConfigurationReport'
[DEBUG] Returning cached instance of singleton bean 'autoConfigurationReport'
[DEBUG] Returning cached instance of singleton bean 'autoConfigurationReport'
[DEBUG] Returning cached instance of singleton bean 'autoConfigurationReport'
[DEBUG] Returning cached instance of singleton bean 'autoConfigurationReport'
[DEBUG] Returning cached instance of singleton bean 'autoConfigurationReport'
[DEBUG] Returning cached instance of singleton bean 'autoConfigurationReport'
[DEBUG] Returning cached instance of singleton bean 'autoConfigurationReport'
[DEBUG] Returning cached instance of singleton bean 'autoConfigurationReport'
[DEBUG] Returning cached instance of singleton bean 'autoConfigurationReport'
[DEBUG] Returning cached instance of singleton bean 'autoConfigurationReport'
[DEBUG] Returning cached instance of singleton bean 'autoConfigurationReport'
[DEBUG] Returning cached instance of singleton bean 'autoConfigurationReport'
[DEBUG] Returning cached instance of singleton bean 'autoConfigurationReport'
[DEBUG] Returning cached instance of singleton bean 'autoConfigurationReport'
[DEBUG] Returning cached instance of singleton bean 'autoConfigurationReport'
[DEBUG] Returning cached instance of singleton bean 'autoConfigurationReport'
[DEBUG] Returning cached instance of singleton bean 'autoConfigurationReport'
[DEBUG] Returning cached instance of singleton bean 'autoConfigurationReport'
[DEBUG] Returning cached instance of singleton bean 'autoConfigurationReport'
[DEBUG] Returning cached instance of singleton bean 'autoConfigurationReport'
[DEBUG] Returning cached instance of singleton bean 'autoConfigurationReport'
[DEBUG] Returning cached instance of singleton bean 'autoConfigurationReport'
[DEBUG] Returning cached instance of singleton bean 'autoConfigurationReport'
[DEBUG] Returning cached instance of singleton bean 'autoConfigurationReport'
[DEBUG] Returning cached instance of singleton bean 'autoConfigurationReport'
[DEBUG] Returning cached instance of singleton bean 'autoConfigurationReport'
[DEBUG] Returning cached instance of singleton bean 'autoConfigurationReport'
[DEBUG] Returning cached instance of singleton bean 'autoConfigurationReport'
[DEBUG] Returning cached instance of singleton bean 'autoConfigurationReport'
[DEBUG] Registered bean definition for imported class 'org.springframework.security.config.annotation.authentication.configuration.AuthenticationConfiguration'
[DEBUG] Registering bean definition for @Bean method org.springframework.security.config.annotation.authentication.configuration.AuthenticationConfiguration.authenticationManagerBuilder()
[DEBUG] Registering bean definition for @Bean method org.springframework.security.config.annotation.authentication.configuration.AuthenticationConfiguration.enableGlobalAuthenticationAutowiredConfigurer()
[DEBUG] Registered bean definition for imported class 'org.springframework.security.config.annotation.web.configuration.WebSecurityConfiguration'
[DEBUG] Registering bean definition for @Bean method org.springframework.security.config.annotation.web.configuration.WebSecurityConfiguration.delegatingApplicationListener()
[DEBUG] Registering bean definition for @Bean method org.springframework.security.config.annotation.web.configuration.WebSecurityConfiguration.webSecurityExpressionHandler()
[DEBUG] Registering bean definition for @Bean method org.springframework.security.config.annotation.web.configuration.WebSecurityConfiguration.springSecurityFilterChain()
[DEBUG] Registering bean definition for @Bean method org.springframework.security.config.annotation.web.configuration.WebSecurityConfiguration.privilegeEvaluator()
[DEBUG] Registering bean definition for @Bean method org.springframework.security.config.annotation.web.configuration.WebSecurityConfiguration.autowiredWebSecurityConfigurersIgnoreParents()
[DEBUG] Registered bean definition for imported class 'org.springframework.security.config.annotation.configuration.ObjectPostProcessorConfiguration'
[DEBUG] Registering bean definition for @Bean method org.springframework.security.config.annotation.configuration.ObjectPostProcessorConfiguration.objectPostProcessor()
[DEBUG] Registered bean definition for imported class 'org.springframework.security.config.annotation.web.configuration.WebMvcSecurityConfiguration'
[DEBUG] Registering bean definition for @Bean method org.springframework.security.config.annotation.web.configuration.WebMvcSecurityConfiguration.requestDataValueProcessor()
[DEBUG] Registering bean definition for @Bean method social.edu.uacm.WebSecurityConfig.authProvider()
[DEBUG] Registered bean definition for imported class 'org.springframework.boot.autoconfigure.PropertyPlaceholderAutoConfiguration'
[DEBUG] Creating shared instance of singleton bean 'org.springframework.boot.autoconfigure.condition.BeanTypeRegistry'
[DEBUG] Creating instance of bean 'org.springframework.boot.autoconfigure.condition.BeanTypeRegistry'
[DEBUG] Eagerly caching bean 'org.springframework.boot.autoconfigure.condition.BeanTypeRegistry' to allow for resolving potential circular references
[DEBUG] Finished creating instance of bean 'org.springframework.boot.autoconfigure.condition.BeanTypeRegistry'
[DEBUG] Returning cached instance of singleton bean 'autoConfigurationReport'
[DEBUG] Registering bean definition for @Bean method org.springframework.boot.autoconfigure.PropertyPlaceholderAutoConfiguration.propertySourcesPlaceholderConfigurer()
[DEBUG] Returning cached instance of singleton bean 'autoConfigurationReport'
[DEBUG] Returning cached instance of singleton bean 'autoConfigurationReport'
[DEBUG] Returning cached instance of singleton bean 'autoConfigurationReport'
[DEBUG] Registered bean definition for imported class 'org.springframework.boot.autoconfigure.websocket.WebSocketAutoConfiguration$TomcatWebSocketConfiguration'
[DEBUG] Returning cached instance of singleton bean 'autoConfigurationReport'
[DEBUG] Returning cached instance of singleton bean 'autoConfigurationReport'
[DEBUG] Registering bean definition for @Bean method org.springframework.boot.autoconfigure.websocket.WebSocketAutoConfiguration$TomcatWebSocketConfiguration.websocketContainerCustomizer()
[DEBUG] Registered bean definition for imported class 'org.springframework.boot.autoconfigure.websocket.WebSocketAutoConfiguration'
[DEBUG] Returning cached instance of singleton bean 'autoConfigurationReport'
[DEBUG] Returning cached instance of singleton bean 'autoConfigurationReport'
[DEBUG] Returning cached instance of singleton bean 'org.springframework.boot.autoconfigure.condition.BeanTypeRegistry'
[DEBUG] Returning cached instance of singleton bean 'autoConfigurationReport'
[DEBUG] Registered bean definition for imported class 'org.springframework.boot.autoconfigure.web.EmbeddedServletContainerAutoConfiguration$EmbeddedTomcat'
[DEBUG] Registering bean definition for @Bean method org.springframework.boot.autoconfigure.web.EmbeddedServletContainerAutoConfiguration$EmbeddedTomcat.tomcatEmbeddedServletContainerFactory()
[DEBUG] Registered bean definition for imported class 'org.springframework.boot.autoconfigure.web.EmbeddedServletContainerAutoConfiguration'
[DEBUG] Returning cached instance of singleton bean 'autoConfigurationReport'
[DEBUG] Returning cached instance of singleton bean 'autoConfigurationReport'
[DEBUG] Returning cached instance of singleton bean 'autoConfigurationReport'
[DEBUG] Returning cached instance of singleton bean 'autoConfigurationReport'
[DEBUG] Registered bean definition for imported class 'org.springframework.boot.autoconfigure.web.DispatcherServletAutoConfiguration$DispatcherServletConfiguration'
[DEBUG] Registering bean definition for @Bean method org.springframework.boot.autoconfigure.web.DispatcherServletAutoConfiguration$DispatcherServletConfiguration.dispatcherServlet()
[DEBUG] Registering bean definition for @Bean method org.springframework.boot.autoconfigure.web.DispatcherServletAutoConfiguration$DispatcherServletConfiguration.dispatcherServletRegistration()
[DEBUG] Returning cached instance of singleton bean 'org.springframework.boot.autoconfigure.condition.BeanTypeRegistry'
[DEBUG] Returning cached instance of singleton bean 'autoConfigurationReport'
[DEBUG] Registered bean definition for imported class 'org.springframework.boot.autoconfigure.web.DispatcherServletAutoConfiguration'
[DEBUG] Returning cached instance of singleton bean 'autoConfigurationReport'
[DEBUG] Returning cached instance of singleton bean 'autoConfigurationReport'
[DEBUG] Registered bean definition for imported class 'org.springframework.boot.autoconfigure.web.ErrorMvcAutoConfiguration'
[DEBUG] Returning cached instance of singleton bean 'org.springframework.boot.autoconfigure.condition.BeanTypeRegistry'
[DEBUG] Returning cached instance of singleton bean 'autoConfigurationReport'
[DEBUG] Registering bean definition for @Bean method org.springframework.boot.autoconfigure.web.ErrorMvcAutoConfiguration.errorAttributes()
[DEBUG] Returning cached instance of singleton bean 'org.springframework.boot.autoconfigure.condition.BeanTypeRegistry'
[DEBUG] Returning cached instance of singleton bean 'autoConfigurationReport'
[DEBUG] Registering bean definition for @Bean method org.springframework.boot.autoconfigure.web.ErrorMvcAutoConfiguration.basicErrorController()
[DEBUG] Registering bean definition for @Bean method org.springframework.boot.autoconfigure.web.ErrorMvcAutoConfiguration.errorPageCustomizer()
[DEBUG] Registering bean definition for @Bean method org.springframework.boot.autoconfigure.web.ErrorMvcAutoConfiguration.preserveErrorControllerTargetClassPostProcessor()
[DEBUG] Returning cached instance of singleton bean 'autoConfigurationReport'
[DEBUG] Returning cached instance of singleton bean 'autoConfigurationReport'
[DEBUG] Returning cached instance of singleton bean 'org.springframework.boot.autoconfigure.condition.BeanTypeRegistry'
[DEBUG] Returning cached instance of singleton bean 'autoConfigurationReport'
[DEBUG] Registered bean definition for imported class 'org.springframework.boot.autoconfigure.web.WebMvcAutoConfiguration$EnableWebMvcConfiguration'
[DEBUG] Registering bean definition for @Bean method org.springframework.boot.autoconfigure.web.WebMvcAutoConfiguration$EnableWebMvcConfiguration.requestMappingHandlerAdapter()
[DEBUG] Registering bean definition for @Bean method org.springframework.boot.autoconfigure.web.WebMvcAutoConfiguration$EnableWebMvcConfiguration.requestMappingHandlerMapping()
[DEBUG] Registering bean definition for @Bean method org.springframework.boot.autoconfigure.web.WebMvcAutoConfiguration$EnableWebMvcConfiguration.mvcContentNegotiationManager()
[DEBUG] Registering bean definition for @Bean method org.springframework.boot.autoconfigure.web.WebMvcAutoConfiguration$EnableWebMvcConfiguration.viewControllerHandlerMapping()
[DEBUG] Registering bean definition for @Bean method org.springframework.boot.autoconfigure.web.WebMvcAutoConfiguration$EnableWebMvcConfiguration.beanNameHandlerMapping()
[DEBUG] Registering bean definition for @Bean method org.springframework.boot.autoconfigure.web.WebMvcAutoConfiguration$EnableWebMvcConfiguration.resourceHandlerMapping()
[DEBUG] Registering bean definition for @Bean method org.springframework.boot.autoconfigure.web.WebMvcAutoConfiguration$EnableWebMvcConfiguration.mvcResourceUrlProvider()
[DEBUG] Registering bean definition for @Bean method org.springframework.boot.autoconfigure.web.WebMvcAutoConfiguration$EnableWebMvcConfiguration.defaultServletHandlerMapping()
[DEBUG] Registering bean definition for @Bean method org.springframework.boot.autoconfigure.web.WebMvcAutoConfiguration$EnableWebMvcConfiguration.mvcConversionService()
[DEBUG] Registering bean definition for @Bean method org.springframework.boot.autoconfigure.web.WebMvcAutoConfiguration$EnableWebMvcConfiguration.mvcValidator()
[DEBUG] Registering bean definition for @Bean method org.springframework.boot.autoconfigure.web.WebMvcAutoConfiguration$EnableWebMvcConfiguration.mvcPathMatcher()
[DEBUG] Registering bean definition for @Bean method org.springframework.boot.autoconfigure.web.WebMvcAutoConfiguration$EnableWebMvcConfiguration.mvcUrlPathHelper()
[DEBUG] Registering bean definition for @Bean method org.springframework.boot.autoconfigure.web.WebMvcAutoConfiguration$EnableWebMvcConfiguration.mvcUriComponentsContributor()
[DEBUG] Registering bean definition for @Bean method org.springframework.boot.autoconfigure.web.WebMvcAutoConfiguration$EnableWebMvcConfiguration.httpRequestHandlerAdapter()
[DEBUG] Registering bean definition for @Bean method org.springframework.boot.autoconfigure.web.WebMvcAutoConfiguration$EnableWebMvcConfiguration.simpleControllerHandlerAdapter()
[DEBUG] Registering bean definition for @Bean method org.springframework.boot.autoconfigure.web.WebMvcAutoConfiguration$EnableWebMvcConfiguration.handlerExceptionResolver()
[DEBUG] Registering bean definition for @Bean method org.springframework.boot.autoconfigure.web.WebMvcAutoConfiguration$EnableWebMvcConfiguration.mvcViewResolver()
[DEBUG] Returning cached instance of singleton bean 'autoConfigurationReport'
[DEBUG] Registered bean definition for imported class 'org.springframework.boot.autoconfigure.web.WebMvcAutoConfiguration$WebMvcAutoConfigurationAdapter$FaviconConfiguration'
[DEBUG] Registering bean definition for @Bean method org.springframework.boot.autoconfigure.web.WebMvcAutoConfiguration$WebMvcAutoConfigurationAdapter$FaviconConfiguration.faviconHandlerMapping()
[DEBUG] Registering bean definition for @Bean method org.springframework.boot.autoconfigure.web.WebMvcAutoConfiguration$WebMvcAutoConfigurationAdapter$FaviconConfiguration.faviconRequestHandler()
[DEBUG] Registered bean definition for imported class 'org.springframework.boot.autoconfigure.web.WebMvcAutoConfiguration$WebMvcAutoConfigurationAdapter'
[DEBUG] Returning cached instance of singleton bean 'org.springframework.boot.autoconfigure.condition.BeanTypeRegistry'
[DEBUG] Returning cached instance of singleton bean 'autoConfigurationReport'
[DEBUG] Registering bean definition for @Bean method org.springframework.boot.autoconfigure.web.WebMvcAutoConfiguration$WebMvcAutoConfigurationAdapter.defaultViewResolver()
[DEBUG] Returning cached instance of singleton bean 'org.springframework.boot.autoconfigure.condition.BeanTypeRegistry'
[DEBUG] Returning cached instance of singleton bean 'org.springframework.boot.autoconfigure.condition.BeanTypeRegistry'
[DEBUG] Returning cached instance of singleton bean 'autoConfigurationReport'
[DEBUG] Registering bean definition for @Bean method org.springframework.boot.autoconfigure.web.WebMvcAutoConfiguration$WebMvcAutoConfigurationAdapter.requestContextFilter()
[DEBUG] Returning cached instance of singleton bean 'org.springframework.boot.autoconfigure.condition.BeanTypeRegistry'
[DEBUG] Returning cached instance of singleton bean 'autoConfigurationReport'
[DEBUG] Returning cached instance of singleton bean 'org.springframework.boot.autoconfigure.condition.BeanTypeRegistry'
[DEBUG] Returning cached instance of singleton bean 'org.springframework.boot.autoconfigure.condition.BeanTypeRegistry'
[DEBUG] Returning cached instance of singleton bean 'autoConfigurationReport'
[DEBUG] Returning cached instance of singleton bean 'org.springframework.boot.autoconfigure.condition.BeanTypeRegistry'
[DEBUG] Returning cached instance of singleton bean 'org.springframework.boot.autoconfigure.condition.BeanTypeRegistry'
[DEBUG] Returning cached instance of singleton bean 'autoConfigurationReport'
[DEBUG] Registering bean definition for @Bean method org.springframework.boot.autoconfigure.web.WebMvcAutoConfiguration$WebMvcAutoConfigurationAdapter.viewResolver()
[DEBUG] Returning cached instance of singleton bean 'org.springframework.boot.autoconfigure.condition.BeanTypeRegistry'
[DEBUG] Returning cached instance of singleton bean 'autoConfigurationReport'
[DEBUG] Returning cached instance of singleton bean 'autoConfigurationReport'
[DEBUG] Returning cached instance of singleton bean 'autoConfigurationReport'
[DEBUG] Registered bean definition for imported class 'org.springframework.boot.autoconfigure.web.WebMvcAutoConfiguration'
[DEBUG] Returning cached instance of singleton bean 'org.springframework.boot.autoconfigure.condition.BeanTypeRegistry'
[DEBUG] Returning cached instance of singleton bean 'autoConfigurationReport'
[DEBUG] Registering bean definition for @Bean method org.springframework.boot.autoconfigure.web.WebMvcAutoConfiguration.hiddenHttpMethodFilter()
[DEBUG] Returning cached instance of singleton bean 'org.springframework.boot.autoconfigure.condition.BeanTypeRegistry'
[DEBUG] Returning cached instance of singleton bean 'autoConfigurationReport'
[DEBUG] Registering bean definition for @Bean method org.springframework.boot.autoconfigure.web.WebMvcAutoConfiguration.httpPutFormContentFilter()
[DEBUG] Returning cached instance of singleton bean 'autoConfigurationReport'
[DEBUG] Returning cached instance of singleton bean 'autoConfigurationReport'
[DEBUG] Returning cached instance of singleton bean 'autoConfigurationReport'
[DEBUG] Registered bean definition for imported class 'org.springframework.boot.autoconfigure.aop.AopAutoConfiguration$JdkDynamicAutoProxyConfiguration'
[DEBUG] Registered bean definition for imported class 'org.springframework.boot.autoconfigure.aop.AopAutoConfiguration'
[DEBUG] Returning cached instance of singleton bean 'autoConfigurationReport'
[DEBUG] Returning cached instance of singleton bean 'autoConfigurationReport'
[DEBUG] Registered bean definition for imported class 'org.springframework.boot.autoconfigure.transaction.jta.JtaAutoConfiguration'
[DEBUG] Returning cached instance of singleton bean 'autoConfigurationReport'
[DEBUG] Returning cached instance of singleton bean 'org.springframework.boot.autoconfigure.condition.BeanTypeRegistry'
[DEBUG] Returning cached instance of singleton bean 'autoConfigurationReport'
[DEBUG] Returning cached instance of singleton bean 'autoConfigurationReport'
[DEBUG] Returning cached instance of singleton bean 'autoConfigurationReport'
[DEBUG] Registered bean definition for imported class 'org.springframework.boot.autoconfigure.jdbc.DataSourceAutoConfiguration$JdbcTemplateConfiguration'
[DEBUG] Returning cached instance of singleton bean 'org.springframework.boot.autoconfigure.condition.BeanTypeRegistry'
[DEBUG] Returning cached instance of singleton bean 'autoConfigurationReport'
[DEBUG] Registering bean definition for @Bean method org.springframework.boot.autoconfigure.jdbc.DataSourceAutoConfiguration$JdbcTemplateConfiguration.jdbcTemplate()
[DEBUG] Returning cached instance of singleton bean 'org.springframework.boot.autoconfigure.condition.BeanTypeRegistry'
[DEBUG] Returning cached instance of singleton bean 'autoConfigurationReport'
[DEBUG] Registering bean definition for @Bean method org.springframework.boot.autoconfigure.jdbc.DataSourceAutoConfiguration$JdbcTemplateConfiguration.namedParameterJdbcTemplate()
[DEBUG] Returning cached instance of singleton bean 'autoConfigurationReport'
[DEBUG] Returning cached instance of singleton bean 'org.springframework.boot.autoconfigure.condition.BeanTypeRegistry'
[DEBUG] Returning cached instance of singleton bean 'org.springframework.boot.autoconfigure.condition.BeanTypeRegistry'
[DEBUG] Returning cached instance of singleton bean 'autoConfigurationReport'
[DEBUG] Registered bean definition for imported class 'org.springframework.boot.autoconfigure.jdbc.DataSourceAutoConfiguration$NonEmbeddedConfiguration'
[DEBUG] Registering bean definition for @Bean method org.springframework.boot.autoconfigure.jdbc.DataSourceAutoConfiguration$NonEmbeddedConfiguration.dataSource()
[DEBUG] Returning cached instance of singleton bean 'org.springframework.boot.autoconfigure.condition.BeanTypeRegistry'
[DEBUG] Returning cached instance of singleton bean 'autoConfigurationReport'
[DEBUG] Registered bean definition for imported class 'org.springframework.boot.autoconfigure.jdbc.DataSourceAutoConfiguration$DataSourceInitializerConfiguration'
[DEBUG] Registering bean definition for @Bean method org.springframework.boot.autoconfigure.jdbc.DataSourceAutoConfiguration$DataSourceInitializerConfiguration.dataSourceInitializer()
[DEBUG] Returning cached instance of singleton bean 'autoConfigurationReport'
[DEBUG] Registered bean definition for imported class 'org.springframework.boot.autoconfigure.jdbc.metadata.DataSourcePoolMetadataProvidersConfiguration$TomcatDataSourcePoolMetadataProviderConfiguration'
[DEBUG] Registering bean definition for @Bean method org.springframework.boot.autoconfigure.jdbc.metadata.DataSourcePoolMetadataProvidersConfiguration$TomcatDataSourcePoolMetadataProviderConfiguration.tomcatPoolDataSourceMetadataProvider()
[DEBUG] Registered bean definition for imported class 'org.springframework.boot.autoconfigure.jdbc.metadata.DataSourcePoolMetadataProvidersConfiguration'
[DEBUG] Registered bean definition for imported class 'org.springframework.boot.autoconfigure.jdbc.DataSourceAutoConfiguration'
[DEBUG] Returning cached instance of singleton bean 'autoConfigurationReport'
[DEBUG] Returning cached instance of singleton bean 'org.springframework.boot.autoconfigure.condition.BeanTypeRegistry'
[DEBUG] Returning cached instance of singleton bean 'autoConfigurationReport'
[DEBUG] Returning cached instance of singleton bean 'autoConfigurationReport'
[DEBUG] Returning cached instance of singleton bean 'autoConfigurationReport'
[DEBUG] Returning cached instance of singleton bean 'autoConfigurationReport'
[DEBUG] Returning cached instance of singleton bean 'autoConfigurationReport'
[DEBUG] Returning cached instance of singleton bean 'org.springframework.boot.autoconfigure.condition.BeanTypeRegistry'
[DEBUG] Returning cached instance of singleton bean 'org.springframework.boot.autoconfigure.condition.BeanTypeRegistry'
[DEBUG] Returning cached instance of singleton bean 'autoConfigurationReport'
[DEBUG] Returning cached instance of singleton bean 'autoConfigurationReport'
[DEBUG] Registered bean definition for imported class 'org.springframework.boot.autoconfigure.orm.jpa.JpaBaseConfiguration$JpaWebConfiguration$JpaWebMvcConfiguration'
[DEBUG] Registering bean definition for @Bean method org.springframework.boot.autoconfigure.orm.jpa.JpaBaseConfiguration$JpaWebConfiguration$JpaWebMvcConfiguration.openEntityManagerInViewInterceptor()
[DEBUG] Registered bean definition for imported class 'org.springframework.boot.autoconfigure.orm.jpa.JpaBaseConfiguration$JpaWebConfiguration'
[DEBUG] Registered bean definition for imported class 'org.springframework.boot.autoconfigure.orm.jpa.HibernateJpaAutoConfiguration'
[DEBUG] Returning cached instance of singleton bean 'org.springframework.boot.autoconfigure.condition.BeanTypeRegistry'
[DEBUG] Returning cached instance of singleton bean 'autoConfigurationReport'
[DEBUG] Registering bean definition for @Bean method org.springframework.boot.autoconfigure.orm.jpa.HibernateJpaAutoConfiguration.transactionManager()
[DEBUG] Returning cached instance of singleton bean 'org.springframework.boot.autoconfigure.condition.BeanTypeRegistry'
[DEBUG] Returning cached instance of singleton bean 'autoConfigurationReport'
[DEBUG] Registering bean definition for @Bean method org.springframework.boot.autoconfigure.orm.jpa.HibernateJpaAutoConfiguration.jpaVendorAdapter()
[DEBUG] Returning cached instance of singleton bean 'org.springframework.boot.autoconfigure.condition.BeanTypeRegistry'
[DEBUG] Returning cached instance of singleton bean 'autoConfigurationReport'
[DEBUG] Registering bean definition for @Bean method org.springframework.boot.autoconfigure.orm.jpa.HibernateJpaAutoConfiguration.entityManagerFactoryBuilder()
[DEBUG] Returning cached instance of singleton bean 'org.springframework.boot.autoconfigure.condition.BeanTypeRegistry'
[DEBUG] Returning cached instance of singleton bean 'org.springframework.boot.autoconfigure.condition.BeanTypeRegistry'
[DEBUG] Returning cached instance of singleton bean 'autoConfigurationReport'
[DEBUG] Registering bean definition for @Bean method org.springframework.boot.autoconfigure.orm.jpa.HibernateJpaAutoConfiguration.entityManagerFactory()
[DEBUG] Registered bean definition for imported class 'org.springframework.boot.autoconfigure.context.ConfigurationPropertiesAutoConfiguration'
[DEBUG] Returning cached instance of singleton bean 'autoConfigurationReport'
[DEBUG] Registered bean definition for imported class 'org.springframework.boot.autoconfigure.dao.PersistenceExceptionTranslationAutoConfiguration'
[DEBUG] Returning cached instance of singleton bean 'org.springframework.boot.autoconfigure.condition.BeanTypeRegistry'
[DEBUG] Returning cached instance of singleton bean 'autoConfigurationReport'
[DEBUG] Returning cached instance of singleton bean 'autoConfigurationReport'
[DEBUG] Registering bean definition for @Bean method org.springframework.boot.autoconfigure.dao.PersistenceExceptionTranslationAutoConfiguration.persistenceExceptionTranslationPostProcessor()
[DEBUG] Returning cached instance of singleton bean 'autoConfigurationReport'
[DEBUG] Returning cached instance of singleton bean 'org.springframework.boot.autoconfigure.condition.BeanTypeRegistry'
[DEBUG] Returning cached instance of singleton bean 'org.springframework.boot.autoconfigure.condition.BeanTypeRegistry'
[DEBUG] Returning cached instance of singleton bean 'org.springframework.boot.autoconfigure.condition.BeanTypeRegistry'
[DEBUG] Returning cached instance of singleton bean 'autoConfigurationReport'
[DEBUG] Returning cached instance of singleton bean 'org.springframework.boot.autoconfigure.condition.BeanTypeRegistry'
[DEBUG] Returning cached instance of singleton bean 'org.springframework.boot.autoconfigure.condition.BeanTypeRegistry'
[DEBUG] Returning cached instance of singleton bean 'org.springframework.boot.autoconfigure.condition.BeanTypeRegistry'
[DEBUG] Returning cached instance of singleton bean 'autoConfigurationReport'
[DEBUG] Returning cached instance of singleton bean 'autoConfigurationReport'
[DEBUG] Registered bean definition for imported class 'org.springframework.boot.autoconfigure.data.jpa.JpaRepositoriesAutoConfiguration'
[DEBUG] Adding [systemProperties] PropertySource with lowest search precedence
[DEBUG] Adding [systemEnvironment] PropertySource with lowest search precedence
[DEBUG] Initialized StandardEnvironment with PropertySources [systemProperties,systemEnvironment]
[DEBUG] Resolved classpath location [org/springframework/data/] to resources [URL [jar:file:/C:/Users/netoz/.gradle/caches/modules-2/files-2.1/org.springframework.data/spring-data-jpa/1.9.4.RELEASE/80b83510e67aa085b7d91d2d096d90133ec995de/spring-data-jpa-1.9.4.RELEASE.jar!/org/springframework/data/], URL [jar:file:/C:/Users/netoz/.gradle/caches/modules-2/files-2.1/org.springframework.data/spring-data-commons/1.11.4.RELEASE/c2b1fd4dbf7dff772d6124bb35892759e8bf088e/spring-data-commons-1.11.4.RELEASE.jar!/org/springframework/data/]]
[DEBUG] Looking for matching resources in jar file [file:/C:/Users/netoz/.gradle/caches/modules-2/files-2.1/org.springframework.data/spring-data-jpa/1.9.4.RELEASE/80b83510e67aa085b7d91d2d096d90133ec995de/spring-data-jpa-1.9.4.RELEASE.jar]
[DEBUG] Looking for matching resources in jar file [file:/C:/Users/netoz/.gradle/caches/modules-2/files-2.1/org.springframework.data/spring-data-commons/1.11.4.RELEASE/c2b1fd4dbf7dff772d6124bb35892759e8bf088e/spring-data-commons-1.11.4.RELEASE.jar]
[DEBUG] Resolved location pattern [classpath*:org/springframework/data/**/repository/support/**/*.class] to resources [URL [jar:file:/C:/Users/netoz/.gradle/caches/modules-2/files-2.1/org.springframework.data/spring-data-jpa/1.9.4.RELEASE/80b83510e67aa085b7d91d2d096d90133ec995de/spring-data-jpa-1.9.4.RELEASE.jar!/org/springframework/data/jpa/repository/support/Querydsl$1.class], URL [jar:file:/C:/Users/netoz/.gradle/caches/modules-2/files-2.1/org.springframework.data/spring-data-jpa/1.9.4.RELEASE/80b83510e67aa085b7d91d2d096d90133ec995de/spring-data-jpa-1.9.4.RELEASE.jar!/org/springframework/data/jpa/repository/support/CrudMethodMetadataPostProcessor$ThreadBoundTargetSource.class], URL [jar:file:/C:/Users/netoz/.gradle/caches/modules-2/files-2.1/org.springframework.data/spring-data-jpa/1.9.4.RELEASE/80b83510e67aa085b7d91d2d096d90133ec995de/spring-data-jpa-1.9.4.RELEASE.jar!/org/springframework/data/jpa/repository/support/JpaPersistableEntityInformation.class], URL [jar:file:/C:/Users/netoz/.gradle/caches/modules-2/files-2.1/org.springframework.data/spring-data-jpa/1.9.4.RELEASE/80b83510e67aa085b7d91d2d096d90133ec995de/spring-data-jpa-1.9.4.RELEASE.jar!/org/springframework/data/jpa/repository/support/CrudMethodMetadataPostProcessor.class], URL [jar:file:/C:/Users/netoz/.gradle/caches/modules-2/files-2.1/org.springframework.data/spring-data-jpa/1.9.4.RELEASE/80b83510e67aa085b7d91d2d096d90133ec995de/spring-data-jpa-1.9.4.RELEASE.jar!/org/springframework/data/jpa/repository/support/CrudMethodMetadataPostProcessor$1.class], URL [jar:file:/C:/Users/netoz/.gradle/caches/modules-2/files-2.1/org.springframework.data/spring-data-jpa/1.9.4.RELEASE/80b83510e67aa085b7d91d2d096d90133ec995de/spring-data-jpa-1.9.4.RELEASE.jar!/org/springframework/data/jpa/repository/support/JpaEntityInformation.class], URL [jar:file:/C:/Users/netoz/.gradle/caches/modules-2/files-2.1/org.springframework.data/spring-data-jpa/1.9.4.RELEASE/80b83510e67aa085b7d91d2d096d90133ec995de/spring-data-jpa-1.9.4.RELEASE.jar!/org/springframework/data/jpa/repository/support/JpaMetamodelEntityInformation.class], URL [jar:file:/C:/Users/netoz/.gradle/caches/modules-2/files-2.1/org.springframework.data/spring-data-jpa/1.9.4.RELEASE/80b83510e67aa085b7d91d2d096d90133ec995de/spring-data-jpa-1.9.4.RELEASE.jar!/org/springframework/data/jpa/repository/support/JpaMetamodelEntityInformation$IdMetadata.class], URL [jar:file:/C:/Users/netoz/.gradle/caches/modules-2/files-2.1/org.springframework.data/spring-data-jpa/1.9.4.RELEASE/80b83510e67aa085b7d91d2d096d90133ec995de/spring-data-jpa-1.9.4.RELEASE.jar!/org/springframework/data/jpa/repository/support/JpaEntityInformationSupport.class], URL [jar:file:/C:/Users/netoz/.gradle/caches/modules-2/files-2.1/org.springframework.data/spring-data-jpa/1.9.4.RELEASE/80b83510e67aa085b7d91d2d096d90133ec995de/spring-data-jpa-1.9.4.RELEASE.jar!/org/springframework/data/jpa/repository/support/QueryDslRepositorySupport.class], URL [jar:file:/C:/Users/netoz/.gradle/caches/modules-2/files-2.1/org.springframework.data/spring-data-jpa/1.9.4.RELEASE/80b83510e67aa085b7d91d2d096d90133ec995de/spring-data-jpa-1.9.4.RELEASE.jar!/org/springframework/data/jpa/repository/support/JpaRepositoryFactory.class], URL [jar:file:/C:/Users/netoz/.gradle/caches/modules-2/files-2.1/org.springframework.data/spring-data-jpa/1.9.4.RELEASE/80b83510e67aa085b7d91d2d096d90133ec995de/spring-data-jpa-1.9.4.RELEASE.jar!/org/springframework/data/jpa/repository/support/CrudMethodMetadataPostProcessor$DefaultCrudMethodMetadata.class], URL [jar:file:/C:/Users/netoz/.gradle/caches/modules-2/files-2.1/org.springframework.data/spring-data-jpa/1.9.4.RELEASE/80b83510e67aa085b7d91d2d096d90133ec995de/spring-data-jpa-1.9.4.RELEASE.jar!/org/springframework/data/jpa/repository/support/SimpleJpaRepository.class], URL [jar:file:/C:/Users/netoz/.gradle/caches/modules-2/files-2.1/org.springframework.data/spring-data-jpa/1.9.4.RELEASE/80b83510e67aa085b7d91d2d096d90133ec995de/spring-data-jpa-1.9.4.RELEASE.jar!/org/springframework/data/jpa/repository/support/Querydsl.class], URL [jar:file:/C:/Users/netoz/.gradle/caches/modules-2/files-2.1/org.springframework.data/spring-data-jpa/1.9.4.RELEASE/80b83510e67aa085b7d91d2d096d90133ec995de/spring-data-jpa-1.9.4.RELEASE.jar!/org/springframework/data/jpa/repository/support/CrudMethodMetadata.class], URL [jar:file:/C:/Users/netoz/.gradle/caches/modules-2/files-2.1/org.springframework.data/spring-data-jpa/1.9.4.RELEASE/80b83510e67aa085b7d91d2d096d90133ec995de/spring-data-jpa-1.9.4.RELEASE.jar!/org/springframework/data/jpa/repository/support/CrudMethodMetadataPostProcessor$CrudMethodMetadataPopulatingMethodInterceptor.class], URL [jar:file:/C:/Users/netoz/.gradle/caches/modules-2/files-2.1/org.springframework.data/spring-data-jpa/1.9.4.RELEASE/80b83510e67aa085b7d91d2d096d90133ec995de/spring-data-jpa-1.9.4.RELEASE.jar!/org/springframework/data/jpa/repository/support/EntityManagerBeanDefinitionRegistrarPostProcessor.class], URL [jar:file:/C:/Users/netoz/.gradle/caches/modules-2/files-2.1/org.springframework.data/spring-data-jpa/1.9.4.RELEASE/80b83510e67aa085b7d91d2d096d90133ec995de/spring-data-jpa-1.9.4.RELEASE.jar!/org/springframework/data/jpa/repository/support/JpaMetamodelEntityInformation$IdentifierDerivingDirectFieldAccessFallbackBeanWrapper.class], URL [jar:file:/C:/Users/netoz/.gradle/caches/modules-2/files-2.1/org.springframework.data/spring-data-jpa/1.9.4.RELEASE/80b83510e67aa085b7d91d2d096d90133ec995de/spring-data-jpa-1.9.4.RELEASE.jar!/org/springframework/data/jpa/repository/support/QueryDslJpaRepository.class], URL [jar:file:/C:/Users/netoz/.gradle/caches/modules-2/files-2.1/org.springframework.data/spring-data-jpa/1.9.4.RELEASE/80b83510e67aa085b7d91d2d096d90133ec995de/spring-data-jpa-1.9.4.RELEASE.jar!/org/springframework/data/jpa/repository/support/JpaRepositoryFactoryBean.class], URL [jar:file:/C:/Users/netoz/.gradle/caches/modules-2/files-2.1/org.springframework.data/spring-data-jpa/1.9.4.RELEASE/80b83510e67aa085b7d91d2d096d90133ec995de/spring-data-jpa-1.9.4.RELEASE.jar!/org/springframework/data/jpa/repository/support/DefaultJpaContext.class], URL [jar:file:/C:/Users/netoz/.gradle/caches/modules-2/files-2.1/org.springframework.data/spring-data-jpa/1.9.4.RELEASE/80b83510e67aa085b7d91d2d096d90133ec995de/spring-data-jpa-1.9.4.RELEASE.jar!/org/springframework/data/jpa/repository/support/SimpleJpaRepository$ByIdsSpecification.class], URL [jar:file:/C:/Users/netoz/.gradle/caches/modules-2/files-2.1/org.springframework.data/spring-data-commons/1.11.4.RELEASE/c2b1fd4dbf7dff772d6124bb35892759e8bf088e/spring-data-commons-1.11.4.RELEASE.jar!/org/springframework/data/repository/support/DomainClassConverter$ConversionMatchAbbreviationException.class], URL [jar:file:/C:/Users/netoz/.gradle/caches/modules-2/files-2.1/org.springframework.data/spring-data-commons/1.11.4.RELEASE/c2b1fd4dbf7dff772d6124bb35892759e8bf088e/spring-data-commons-1.11.4.RELEASE.jar!/org/springframework/data/repository/support/DomainClassConverter$ToIdConverter.class], URL [jar:file:/C:/Users/netoz/.gradle/caches/modules-2/files-2.1/org.springframework.data/spring-data-commons/1.11.4.RELEASE/c2b1fd4dbf7dff772d6124bb35892759e8bf088e/spring-data-commons-1.11.4.RELEASE.jar!/org/springframework/data/repository/support/Repositories$EmptyRepositoryFactoryInformation.class], URL [jar:file:/C:/Users/netoz/.gradle/caches/modules-2/files-2.1/org.springframework.data/spring-data-commons/1.11.4.RELEASE/c2b1fd4dbf7dff772d6124bb35892759e8bf088e/spring-data-commons-1.11.4.RELEASE.jar!/org/springframework/data/repository/support/PagingAndSortingRepositoryInvoker.class], URL [jar:file:/C:/Users/netoz/.gradle/caches/modules-2/files-2.1/org.springframework.data/spring-data-commons/1.11.4.RELEASE/c2b1fd4dbf7dff772d6124bb35892759e8bf088e/spring-data-commons-1.11.4.RELEASE.jar!/org/springframework/data/repository/support/QueryMethodParameterConversionException.class], URL [jar:file:/C:/Users/netoz/.gradle/caches/modules-2/files-2.1/org.springframework.data/spring-data-commons/1.11.4.RELEASE/c2b1fd4dbf7dff772d6124bb35892759e8bf088e/spring-data-commons-1.11.4.RELEASE.jar!/org/springframework/data/repository/support/MethodParameters.class], URL [jar:file:/C:/Users/netoz/.gradle/caches/modules-2/files-2.1/org.springframework.data/spring-data-commons/1.11.4.RELEASE/c2b1fd4dbf7dff772d6124bb35892759e8bf088e/spring-data-commons-1.11.4.RELEASE.jar!/org/springframework/data/repository/support/RepositoryInvoker.class], URL [jar:file:/C:/Users/netoz/.gradle/caches/modules-2/files-2.1/org.springframework.data/spring-data-commons/1.11.4.RELEASE/c2b1fd4dbf7dff772d6124bb35892759e8bf088e/spring-data-commons-1.11.4.RELEASE.jar!/org/springframework/data/repository/support/RepositoryInvokerFactory.class], URL [jar:file:/C:/Users/netoz/.gradle/caches/modules-2/files-2.1/org.springframework.data/spring-data-commons/1.11.4.RELEASE/c2b1fd4dbf7dff772d6124bb35892759e8bf088e/spring-data-commons-1.11.4.RELEASE.jar!/org/springframework/data/repository/support/DomainClassPropertyEditorRegistrar.class], URL [jar:file:/C:/Users/netoz/.gradle/caches/modules-2/files-2.1/org.springframework.data/spring-data-commons/1.11.4.RELEASE/c2b1fd4dbf7dff772d6124bb35892759e8bf088e/spring-data-commons-1.11.4.RELEASE.jar!/org/springframework/data/repository/support/AnnotationAttribute.class], URL [jar:file:/C:/Users/netoz/.gradle/caches/modules-2/files-2.1/org.springframework.data/spring-data-commons/1.11.4.RELEASE/c2b1fd4dbf7dff772d6124bb35892759e8bf088e/spring-data-commons-1.11.4.RELEASE.jar!/org/springframework/data/repository/support/DefaultRepositoryInvokerFactory.class], URL [jar:file:/C:/Users/netoz/.gradle/caches/modules-2/files-2.1/org.springframework.data/spring-data-commons/1.11.4.RELEASE/c2b1fd4dbf7dff772d6124bb35892759e8bf088e/spring-data-commons-1.11.4.RELEASE.jar!/org/springframework/data/repository/support/MethodParameters$AnnotationNamingMethodParameter.class], URL [jar:file:/C:/Users/netoz/.gradle/caches/modules-2/files-2.1/org.springframework.data/spring-data-commons/1.11.4.RELEASE/c2b1fd4dbf7dff772d6124bb35892759e8bf088e/spring-data-commons-1.11.4.RELEASE.jar!/org/springframework/data/repository/support/CrudRepositoryInvoker.class], URL [jar:file:/C:/Users/netoz/.gradle/caches/modules-2/files-2.1/org.springframework.data/spring-data-commons/1.11.4.RELEASE/c2b1fd4dbf7dff772d6124bb35892759e8bf088e/spring-data-commons-1.11.4.RELEASE.jar!/org/springframework/data/repository/support/Repositories.class], URL [jar:file:/C:/Users/netoz/.gradle/caches/modules-2/files-2.1/org.springframework.data/spring-data-commons/1.11.4.RELEASE/c2b1fd4dbf7dff772d6124bb35892759e8bf088e/spring-data-commons-1.11.4.RELEASE.jar!/org/springframework/data/repository/support/DomainClassConverter$ToEntityConverter.class], URL [jar:file:/C:/Users/netoz/.gradle/caches/modules-2/files-2.1/org.springframework.data/spring-data-commons/1.11.4.RELEASE/c2b1fd4dbf7dff772d6124bb35892759e8bf088e/spring-data-commons-1.11.4.RELEASE.jar!/org/springframework/data/repository/support/ReflectionRepositoryInvoker.class], URL [jar:file:/C:/Users/netoz/.gradle/caches/modules-2/files-2.1/org.springframework.data/spring-data-commons/1.11.4.RELEASE/c2b1fd4dbf7dff772d6124bb35892759e8bf088e/spring-data-commons-1.11.4.RELEASE.jar!/org/springframework/data/repository/support/DomainClassPropertyEditor.class], URL [jar:file:/C:/Users/netoz/.gradle/caches/modules-2/files-2.1/org.springframework.data/spring-data-commons/1.11.4.RELEASE/c2b1fd4dbf7dff772d6124bb35892759e8bf088e/spring-data-commons-1.11.4.RELEASE.jar!/org/springframework/data/repository/support/DomainClassConverter.class], URL [jar:file:/C:/Users/netoz/.gradle/caches/modules-2/files-2.1/org.springframework.data/spring-data-commons/1.11.4.RELEASE/c2b1fd4dbf7dff772d6124bb35892759e8bf088e/spring-data-commons-1.11.4.RELEASE.jar!/org/springframework/data/repository/support/DomainClassConverter$1.class], URL [jar:file:/C:/Users/netoz/.gradle/caches/modules-2/files-2.1/org.springframework.data/spring-data-commons/1.11.4.RELEASE/c2b1fd4dbf7dff772d6124bb35892759e8bf088e/spring-data-commons-1.11.4.RELEASE.jar!/org/springframework/data/repository/support/RepositoryInvocationInformation.class]]
[DEBUG] Identified candidate component class: URL [jar:file:/C:/Users/netoz/.gradle/caches/modules-2/files-2.1/org.springframework.data/spring-data-jpa/1.9.4.RELEASE/80b83510e67aa085b7d91d2d096d90133ec995de/spring-data-jpa-1.9.4.RELEASE.jar!/org/springframework/data/jpa/repository/support/JpaRepositoryFactory.class]
[DEBUG] Adding [systemProperties] PropertySource with lowest search precedence
[DEBUG] Adding [systemEnvironment] PropertySource with lowest search precedence
[DEBUG] Initialized StandardEnvironment with PropertySources [systemProperties,systemEnvironment]
[DEBUG] Creating shared instance of singleton bean 'org.springframework.boot.autoconfigure.AutoConfigurationPackages'
[DEBUG] Creating instance of bean 'org.springframework.boot.autoconfigure.AutoConfigurationPackages'
[DEBUG] Eagerly caching bean 'org.springframework.boot.autoconfigure.AutoConfigurationPackages' to allow for resolving potential circular references
[DEBUG] Finished creating instance of bean 'org.springframework.boot.autoconfigure.AutoConfigurationPackages'
[DEBUG] @EnableAutoConfiguration was declared on a class in the package 'social.edu.uacm'. Automatic @Repository and @Entity scanning is enabled.
[DEBUG] Resolved classpath location [social/edu/uacm/] to resources [URL [file:/C:/Users/netoz/Documents/workspace-sts-3.7.3.RELEASE/Social-UACM/build/instrumented_classes/social/edu/uacm/], URL [file:/C:/Users/netoz/Documents/workspace-sts-3.7.3.RELEASE/Social-UACM/build/classes/test/social/edu/uacm/], URL [file:/C:/Users/netoz/Documents/workspace-sts-3.7.3.RELEASE/Social-UACM/build/classes/main/social/edu/uacm/]]
[DEBUG] Looking for matching resources in directory tree [C:\Users\netoz\Documents\workspace-sts-3.7.3.RELEASE\Social-UACM\build\instrumented_classes\social\edu\uacm]
[DEBUG] Searching directory [C:\Users\netoz\Documents\workspace-sts-3.7.3.RELEASE\Social-UACM\build\instrumented_classes\social\edu\uacm] for files matching pattern [C:/Users/netoz/Documents/workspace-sts-3.7.3.RELEASE/Social-UACM/build/instrumented_classes/social/edu/uacm/**/*.class]
[DEBUG] Searching directory [C:\Users\netoz\Documents\workspace-sts-3.7.3.RELEASE\Social-UACM\build\instrumented_classes\social\edu\uacm\controller] for files matching pattern [C:/Users/netoz/Documents/workspace-sts-3.7.3.RELEASE/Social-UACM/build/instrumented_classes/social/edu/uacm/**/*.class]
[DEBUG] Searching directory [C:\Users\netoz\Documents\workspace-sts-3.7.3.RELEASE\Social-UACM\build\instrumented_classes\social\edu\uacm\dao] for files matching pattern [C:/Users/netoz/Documents/workspace-sts-3.7.3.RELEASE/Social-UACM/build/instrumented_classes/social/edu/uacm/**/*.class]
[DEBUG] Searching directory [C:\Users\netoz\Documents\workspace-sts-3.7.3.RELEASE\Social-UACM\build\instrumented_classes\social\edu\uacm\dao\impl] for files matching pattern [C:/Users/netoz/Documents/workspace-sts-3.7.3.RELEASE/Social-UACM/build/instrumented_classes/social/edu/uacm/**/*.class]
[DEBUG] Searching directory [C:\Users\netoz\Documents\workspace-sts-3.7.3.RELEASE\Social-UACM\build\instrumented_classes\social\edu\uacm\domain] for files matching pattern [C:/Users/netoz/Documents/workspace-sts-3.7.3.RELEASE/Social-UACM/build/instrumented_classes/social/edu/uacm/**/*.class]
[DEBUG] Searching directory [C:\Users\netoz\Documents\workspace-sts-3.7.3.RELEASE\Social-UACM\build\instrumented_classes\social\edu\uacm\service] for files matching pattern [C:/Users/netoz/Documents/workspace-sts-3.7.3.RELEASE/Social-UACM/build/instrumented_classes/social/edu/uacm/**/*.class]
[DEBUG] Searching directory [C:\Users\netoz\Documents\workspace-sts-3.7.3.RELEASE\Social-UACM\build\instrumented_classes\social\edu\uacm\service\impl] for files matching pattern [C:/Users/netoz/Documents/workspace-sts-3.7.3.RELEASE/Social-UACM/build/instrumented_classes/social/edu/uacm/**/*.class]
[DEBUG] Searching directory [C:\Users\netoz\Documents\workspace-sts-3.7.3.RELEASE\Social-UACM\build\instrumented_classes\social\edu\uacm\util] for files matching pattern [C:/Users/netoz/Documents/workspace-sts-3.7.3.RELEASE/Social-UACM/build/instrumented_classes/social/edu/uacm/**/*.class]
[DEBUG] Looking for matching resources in directory tree [C:\Users\netoz\Documents\workspace-sts-3.7.3.RELEASE\Social-UACM\build\classes\test\social\edu\uacm]
[DEBUG] Searching directory [C:\Users\netoz\Documents\workspace-sts-3.7.3.RELEASE\Social-UACM\build\classes\test\social\edu\uacm] for files matching pattern [C:/Users/netoz/Documents/workspace-sts-3.7.3.RELEASE/Social-UACM/build/classes/test/social/edu/uacm/**/*.class]
[DEBUG] Searching directory [C:\Users\netoz\Documents\workspace-sts-3.7.3.RELEASE\Social-UACM\build\classes\test\social\edu\uacm\test] for files matching pattern [C:/Users/netoz/Documents/workspace-sts-3.7.3.RELEASE/Social-UACM/build/classes/test/social/edu/uacm/**/*.class]
[DEBUG] Looking for matching resources in directory tree [C:\Users\netoz\Documents\workspace-sts-3.7.3.RELEASE\Social-UACM\build\classes\main\social\edu\uacm]
[DEBUG] Searching directory [C:\Users\netoz\Documents\workspace-sts-3.7.3.RELEASE\Social-UACM\build\classes\main\social\edu\uacm] for files matching pattern [C:/Users/netoz/Documents/workspace-sts-3.7.3.RELEASE/Social-UACM/build/classes/main/social/edu/uacm/**/*.class]
[DEBUG] Searching directory [C:\Users\netoz\Documents\workspace-sts-3.7.3.RELEASE\Social-UACM\build\classes\main\social\edu\uacm\controller] for files matching pattern [C:/Users/netoz/Documents/workspace-sts-3.7.3.RELEASE/Social-UACM/build/classes/main/social/edu/uacm/**/*.class]
[DEBUG] Searching directory [C:\Users\netoz\Documents\workspace-sts-3.7.3.RELEASE\Social-UACM\build\classes\main\social\edu\uacm\dao] for files matching pattern [C:/Users/netoz/Documents/workspace-sts-3.7.3.RELEASE/Social-UACM/build/classes/main/social/edu/uacm/**/*.class]
[DEBUG] Searching directory [C:\Users\netoz\Documents\workspace-sts-3.7.3.RELEASE\Social-UACM\build\classes\main\social\edu\uacm\dao\impl] for files matching pattern [C:/Users/netoz/Documents/workspace-sts-3.7.3.RELEASE/Social-UACM/build/classes/main/social/edu/uacm/**/*.class]
[DEBUG] Searching directory [C:\Users\netoz\Documents\workspace-sts-3.7.3.RELEASE\Social-UACM\build\classes\main\social\edu\uacm\domain] for files matching pattern [C:/Users/netoz/Documents/workspace-sts-3.7.3.RELEASE/Social-UACM/build/classes/main/social/edu/uacm/**/*.class]
[DEBUG] Searching directory [C:\Users\netoz\Documents\workspace-sts-3.7.3.RELEASE\Social-UACM\build\classes\main\social\edu\uacm\service] for files matching pattern [C:/Users/netoz/Documents/workspace-sts-3.7.3.RELEASE/Social-UACM/build/classes/main/social/edu/uacm/**/*.class]
[DEBUG] Searching directory [C:\Users\netoz\Documents\workspace-sts-3.7.3.RELEASE\Social-UACM\build\classes\main\social\edu\uacm\service\impl] for files matching pattern [C:/Users/netoz/Documents/workspace-sts-3.7.3.RELEASE/Social-UACM/build/classes/main/social/edu/uacm/**/*.class]
[DEBUG] Searching directory [C:\Users\netoz\Documents\workspace-sts-3.7.3.RELEASE\Social-UACM\build\classes\main\social\edu\uacm\util] for files matching pattern [C:/Users/netoz/Documents/workspace-sts-3.7.3.RELEASE/Social-UACM/build/classes/main/social/edu/uacm/**/*.class]
[DEBUG] Resolved location pattern [classpath*:social/edu/uacm/**/*.class] to resources [file [C:\Users\netoz\Documents\workspace-sts-3.7.3.RELEASE\Social-UACM\build\instrumented_classes\social\edu\uacm\Application.class], file [C:\Users\netoz\Documents\workspace-sts-3.7.3.RELEASE\Social-UACM\build\instrumented_classes\social\edu\uacm\controller\PeticionController.class], file [C:\Users\netoz\Documents\workspace-sts-3.7.3.RELEASE\Social-UACM\build\instrumented_classes\social\edu\uacm\dao\AlumnoDao.class], file [C:\Users\netoz\Documents\workspace-sts-3.7.3.RELEASE\Social-UACM\build\instrumented_classes\social\edu\uacm\dao\impl\AlumnoDaoImpl$1.class], file [C:\Users\netoz\Documents\workspace-sts-3.7.3.RELEASE\Social-UACM\build\instrumented_classes\social\edu\uacm\dao\impl\AlumnoDaoImpl.class], file [C:\Users\netoz\Documents\workspace-sts-3.7.3.RELEASE\Social-UACM\build\instrumented_classes\social\edu\uacm\domain\Alumno.class], file [C:\Users\netoz\Documents\workspace-sts-3.7.3.RELEASE\Social-UACM\build\instrumented_classes\social\edu\uacm\domain\AlumnoRepositorio.class], file [C:\Users\netoz\Documents\workspace-sts-3.7.3.RELEASE\Social-UACM\build\instrumented_classes\social\edu\uacm\domain\AlumnoRepository.class], file [C:\Users\netoz\Documents\workspace-sts-3.7.3.RELEASE\Social-UACM\build\instrumented_classes\social\edu\uacm\domain\Documento.class], file [C:\Users\netoz\Documents\workspace-sts-3.7.3.RELEASE\Social-UACM\build\instrumented_classes\social\edu\uacm\domain\DocumentoRepository.class], file [C:\Users\netoz\Documents\workspace-sts-3.7.3.RELEASE\Social-UACM\build\instrumented_classes\social\edu\uacm\MvcConfig.class], file [C:\Users\netoz\Documents\workspace-sts-3.7.3.RELEASE\Social-UACM\build\instrumented_classes\social\edu\uacm\service\impl\MyUserDetailsServiceImpl.class], file [C:\Users\netoz\Documents\workspace-sts-3.7.3.RELEASE\Social-UACM\build\instrumented_classes\social\edu\uacm\service\impl\PeticionServiceImpl.class], file [C:\Users\netoz\Documents\workspace-sts-3.7.3.RELEASE\Social-UACM\build\instrumented_classes\social\edu\uacm\service\MyUserDetailsService.class], file [C:\Users\netoz\Documents\workspace-sts-3.7.3.RELEASE\Social-UACM\build\instrumented_classes\social\edu\uacm\service\PeticionService.class], file [C:\Users\netoz\Documents\workspace-sts-3.7.3.RELEASE\Social-UACM\build\instrumented_classes\social\edu\uacm\util\MySimpleUrlAuthenticationSuccessHandler.class], file [C:\Users\netoz\Documents\workspace-sts-3.7.3.RELEASE\Social-UACM\build\instrumented_classes\social\edu\uacm\WebSecurityConfig.class], file [C:\Users\netoz\Documents\workspace-sts-3.7.3.RELEASE\Social-UACM\build\classes\test\social\edu\uacm\test\AlumnoTest.class], file [C:\Users\netoz\Documents\workspace-sts-3.7.3.RELEASE\Social-UACM\build\classes\test\social\edu\uacm\test\DocumentoTest.class], file [C:\Users\netoz\Documents\workspace-sts-3.7.3.RELEASE\Social-UACM\build\classes\main\social\edu\uacm\Application.class], file [C:\Users\netoz\Documents\workspace-sts-3.7.3.RELEASE\Social-UACM\build\classes\main\social\edu\uacm\controller\PeticionController.class], file [C:\Users\netoz\Documents\workspace-sts-3.7.3.RELEASE\Social-UACM\build\classes\main\social\edu\uacm\dao\AlumnoDao.class], file [C:\Users\netoz\Documents\workspace-sts-3.7.3.RELEASE\Social-UACM\build\classes\main\social\edu\uacm\dao\impl\AlumnoDaoImpl$1.class], file [C:\Users\netoz\Documents\workspace-sts-3.7.3.RELEASE\Social-UACM\build\classes\main\social\edu\uacm\dao\impl\AlumnoDaoImpl.class], file [C:\Users\netoz\Documents\workspace-sts-3.7.3.RELEASE\Social-UACM\build\classes\main\social\edu\uacm\domain\Alumno.class], file [C:\Users\netoz\Documents\workspace-sts-3.7.3.RELEASE\Social-UACM\build\classes\main\social\edu\uacm\domain\AlumnoRepositorio.class], file [C:\Users\netoz\Documents\workspace-sts-3.7.3.RELEASE\Social-UACM\build\classes\main\social\edu\uacm\domain\AlumnoRepository.class], file [C:\Users\netoz\Documents\workspace-sts-3.7.3.RELEASE\Social-UACM\build\classes\main\social\edu\uacm\domain\Documento.class], file [C:\Users\netoz\Documents\workspace-sts-3.7.3.RELEASE\Social-UACM\build\classes\main\social\edu\uacm\domain\DocumentoRepository.class], file [C:\Users\netoz\Documents\workspace-sts-3.7.3.RELEASE\Social-UACM\build\classes\main\social\edu\uacm\MvcConfig.class], file [C:\Users\netoz\Documents\workspace-sts-3.7.3.RELEASE\Social-UACM\build\classes\main\social\edu\uacm\service\impl\MyUserDetailsServiceImpl.class], file [C:\Users\netoz\Documents\workspace-sts-3.7.3.RELEASE\Social-UACM\build\classes\main\social\edu\uacm\service\impl\PeticionServiceImpl.class], file [C:\Users\netoz\Documents\workspace-sts-3.7.3.RELEASE\Social-UACM\build\classes\main\social\edu\uacm\service\MyUserDetailsService.class], file [C:\Users\netoz\Documents\workspace-sts-3.7.3.RELEASE\Social-UACM\build\classes\main\social\edu\uacm\service\PeticionService.class], file [C:\Users\netoz\Documents\workspace-sts-3.7.3.RELEASE\Social-UACM\build\classes\main\social\edu\uacm\util\MySimpleUrlAuthenticationSuccessHandler.class], file [C:\Users\netoz\Documents\workspace-sts-3.7.3.RELEASE\Social-UACM\build\classes\main\social\edu\uacm\WebSecurityConfig.class]]
[DEBUG] Identified candidate component class: file [C:\Users\netoz\Documents\workspace-sts-3.7.3.RELEASE\Social-UACM\build\instrumented_classes\social\edu\uacm\domain\AlumnoRepository.class]
[DEBUG] Identified candidate component class: file [C:\Users\netoz\Documents\workspace-sts-3.7.3.RELEASE\Social-UACM\build\instrumented_classes\social\edu\uacm\domain\DocumentoRepository.class]
[DEBUG] Identified candidate component class: file [C:\Users\netoz\Documents\workspace-sts-3.7.3.RELEASE\Social-UACM\build\classes\main\social\edu\uacm\domain\AlumnoRepository.class]
[DEBUG] Identified candidate component class: file [C:\Users\netoz\Documents\workspace-sts-3.7.3.RELEASE\Social-UACM\build\classes\main\social\edu\uacm\domain\DocumentoRepository.class]
[DEBUG] Returning cached instance of singleton bean 'org.springframework.boot.autoconfigure.AutoConfigurationPackages'
[DEBUG] Adding [systemProperties] PropertySource with lowest search precedence
[DEBUG] Adding [systemEnvironment] PropertySource with lowest search precedence
[DEBUG] Initialized StandardEnvironment with PropertySources [systemProperties,systemEnvironment]
[DEBUG] Resolved classpath location [social/edu/uacm/] to resources [URL [file:/C:/Users/netoz/Documents/workspace-sts-3.7.3.RELEASE/Social-UACM/build/instrumented_classes/social/edu/uacm/], URL [file:/C:/Users/netoz/Documents/workspace-sts-3.7.3.RELEASE/Social-UACM/build/classes/test/social/edu/uacm/], URL [file:/C:/Users/netoz/Documents/workspace-sts-3.7.3.RELEASE/Social-UACM/build/classes/main/social/edu/uacm/]]
[DEBUG] Looking for matching resources in directory tree [C:\Users\netoz\Documents\workspace-sts-3.7.3.RELEASE\Social-UACM\build\instrumented_classes\social\edu\uacm]
[DEBUG] Searching directory [C:\Users\netoz\Documents\workspace-sts-3.7.3.RELEASE\Social-UACM\build\instrumented_classes\social\edu\uacm] for files matching pattern [C:/Users/netoz/Documents/workspace-sts-3.7.3.RELEASE/Social-UACM/build/instrumented_classes/social/edu/uacm/**/*AlumnoRepositoryImpl.class]
[DEBUG] Searching directory [C:\Users\netoz\Documents\workspace-sts-3.7.3.RELEASE\Social-UACM\build\instrumented_classes\social\edu\uacm\controller] for files matching pattern [C:/Users/netoz/Documents/workspace-sts-3.7.3.RELEASE/Social-UACM/build/instrumented_classes/social/edu/uacm/**/*AlumnoRepositoryImpl.class]
[DEBUG] Searching directory [C:\Users\netoz\Documents\workspace-sts-3.7.3.RELEASE\Social-UACM\build\instrumented_classes\social\edu\uacm\dao] for files matching pattern [C:/Users/netoz/Documents/workspace-sts-3.7.3.RELEASE/Social-UACM/build/instrumented_classes/social/edu/uacm/**/*AlumnoRepositoryImpl.class]
[DEBUG] Searching directory [C:\Users\netoz\Documents\workspace-sts-3.7.3.RELEASE\Social-UACM\build\instrumented_classes\social\edu\uacm\dao\impl] for files matching pattern [C:/Users/netoz/Documents/workspace-sts-3.7.3.RELEASE/Social-UACM/build/instrumented_classes/social/edu/uacm/**/*AlumnoRepositoryImpl.class]
[DEBUG] Searching directory [C:\Users\netoz\Documents\workspace-sts-3.7.3.RELEASE\Social-UACM\build\instrumented_classes\social\edu\uacm\domain] for files matching pattern [C:/Users/netoz/Documents/workspace-sts-3.7.3.RELEASE/Social-UACM/build/instrumented_classes/social/edu/uacm/**/*AlumnoRepositoryImpl.class]
[DEBUG] Searching directory [C:\Users\netoz\Documents\workspace-sts-3.7.3.RELEASE\Social-UACM\build\instrumented_classes\social\edu\uacm\service] for files matching pattern [C:/Users/netoz/Documents/workspace-sts-3.7.3.RELEASE/Social-UACM/build/instrumented_classes/social/edu/uacm/**/*AlumnoRepositoryImpl.class]
[DEBUG] Searching directory [C:\Users\netoz\Documents\workspace-sts-3.7.3.RELEASE\Social-UACM\build\instrumented_classes\social\edu\uacm\service\impl] for files matching pattern [C:/Users/netoz/Documents/workspace-sts-3.7.3.RELEASE/Social-UACM/build/instrumented_classes/social/edu/uacm/**/*AlumnoRepositoryImpl.class]
[DEBUG] Searching directory [C:\Users\netoz\Documents\workspace-sts-3.7.3.RELEASE\Social-UACM\build\instrumented_classes\social\edu\uacm\util] for files matching pattern [C:/Users/netoz/Documents/workspace-sts-3.7.3.RELEASE/Social-UACM/build/instrumented_classes/social/edu/uacm/**/*AlumnoRepositoryImpl.class]
[DEBUG] Looking for matching resources in directory tree [C:\Users\netoz\Documents\workspace-sts-3.7.3.RELEASE\Social-UACM\build\classes\test\social\edu\uacm]
[DEBUG] Searching directory [C:\Users\netoz\Documents\workspace-sts-3.7.3.RELEASE\Social-UACM\build\classes\test\social\edu\uacm] for files matching pattern [C:/Users/netoz/Documents/workspace-sts-3.7.3.RELEASE/Social-UACM/build/classes/test/social/edu/uacm/**/*AlumnoRepositoryImpl.class]
[DEBUG] Searching directory [C:\Users\netoz\Documents\workspace-sts-3.7.3.RELEASE\Social-UACM\build\classes\test\social\edu\uacm\test] for files matching pattern [C:/Users/netoz/Documents/workspace-sts-3.7.3.RELEASE/Social-UACM/build/classes/test/social/edu/uacm/**/*AlumnoRepositoryImpl.class]
[DEBUG] Looking for matching resources in directory tree [C:\Users\netoz\Documents\workspace-sts-3.7.3.RELEASE\Social-UACM\build\classes\main\social\edu\uacm]
[DEBUG] Searching directory [C:\Users\netoz\Documents\workspace-sts-3.7.3.RELEASE\Social-UACM\build\classes\main\social\edu\uacm] for files matching pattern [C:/Users/netoz/Documents/workspace-sts-3.7.3.RELEASE/Social-UACM/build/classes/main/social/edu/uacm/**/*AlumnoRepositoryImpl.class]
[DEBUG] Searching directory [C:\Users\netoz\Documents\workspace-sts-3.7.3.RELEASE\Social-UACM\build\classes\main\social\edu\uacm\controller] for files matching pattern [C:/Users/netoz/Documents/workspace-sts-3.7.3.RELEASE/Social-UACM/build/classes/main/social/edu/uacm/**/*AlumnoRepositoryImpl.class]
[DEBUG] Searching directory [C:\Users\netoz\Documents\workspace-sts-3.7.3.RELEASE\Social-UACM\build\classes\main\social\edu\uacm\dao] for files matching pattern [C:/Users/netoz/Documents/workspace-sts-3.7.3.RELEASE/Social-UACM/build/classes/main/social/edu/uacm/**/*AlumnoRepositoryImpl.class]
[DEBUG] Searching directory [C:\Users\netoz\Documents\workspace-sts-3.7.3.RELEASE\Social-UACM\build\classes\main\social\edu\uacm\dao\impl] for files matching pattern [C:/Users/netoz/Documents/workspace-sts-3.7.3.RELEASE/Social-UACM/build/classes/main/social/edu/uacm/**/*AlumnoRepositoryImpl.class]
[DEBUG] Searching directory [C:\Users\netoz\Documents\workspace-sts-3.7.3.RELEASE\Social-UACM\build\classes\main\social\edu\uacm\domain] for files matching pattern [C:/Users/netoz/Documents/workspace-sts-3.7.3.RELEASE/Social-UACM/build/classes/main/social/edu/uacm/**/*AlumnoRepositoryImpl.class]
[DEBUG] Searching directory [C:\Users\netoz\Documents\workspace-sts-3.7.3.RELEASE\Social-UACM\build\classes\main\social\edu\uacm\service] for files matching pattern [C:/Users/netoz/Documents/workspace-sts-3.7.3.RELEASE/Social-UACM/build/classes/main/social/edu/uacm/**/*AlumnoRepositoryImpl.class]
[DEBUG] Searching directory [C:\Users\netoz\Documents\workspace-sts-3.7.3.RELEASE\Social-UACM\build\classes\main\social\edu\uacm\service\impl] for files matching pattern [C:/Users/netoz/Documents/workspace-sts-3.7.3.RELEASE/Social-UACM/build/classes/main/social/edu/uacm/**/*AlumnoRepositoryImpl.class]
[DEBUG] Searching directory [C:\Users\netoz\Documents\workspace-sts-3.7.3.RELEASE\Social-UACM\build\classes\main\social\edu\uacm\util] for files matching pattern [C:/Users/netoz/Documents/workspace-sts-3.7.3.RELEASE/Social-UACM/build/classes/main/social/edu/uacm/**/*AlumnoRepositoryImpl.class]
[DEBUG] Resolved location pattern [classpath*:social/edu/uacm/**/*AlumnoRepositoryImpl.class] to resources []
[DEBUG] Spring Data JPA - Registering repository: alumnoRepository - Interface: social.edu.uacm.domain.AlumnoRepository - Factory: org.springframework.data.jpa.repository.support.JpaRepositoryFactoryBean
[DEBUG] Returning cached instance of singleton bean 'org.springframework.boot.autoconfigure.AutoConfigurationPackages'
[DEBUG] Adding [systemProperties] PropertySource with lowest search precedence
[DEBUG] Adding [systemEnvironment] PropertySource with lowest search precedence
[DEBUG] Initialized StandardEnvironment with PropertySources [systemProperties,systemEnvironment]
[DEBUG] Resolved classpath location [social/edu/uacm/] to resources [URL [file:/C:/Users/netoz/Documents/workspace-sts-3.7.3.RELEASE/Social-UACM/build/instrumented_classes/social/edu/uacm/], URL [file:/C:/Users/netoz/Documents/workspace-sts-3.7.3.RELEASE/Social-UACM/build/classes/test/social/edu/uacm/], URL [file:/C:/Users/netoz/Documents/workspace-sts-3.7.3.RELEASE/Social-UACM/build/classes/main/social/edu/uacm/]]
[DEBUG] Looking for matching resources in directory tree [C:\Users\netoz\Documents\workspace-sts-3.7.3.RELEASE\Social-UACM\build\instrumented_classes\social\edu\uacm]
[DEBUG] Searching directory [C:\Users\netoz\Documents\workspace-sts-3.7.3.RELEASE\Social-UACM\build\instrumented_classes\social\edu\uacm] for files matching pattern [C:/Users/netoz/Documents/workspace-sts-3.7.3.RELEASE/Social-UACM/build/instrumented_classes/social/edu/uacm/**/*DocumentoRepositoryImpl.class]
[DEBUG] Searching directory [C:\Users\netoz\Documents\workspace-sts-3.7.3.RELEASE\Social-UACM\build\instrumented_classes\social\edu\uacm\controller] for files matching pattern [C:/Users/netoz/Documents/workspace-sts-3.7.3.RELEASE/Social-UACM/build/instrumented_classes/social/edu/uacm/**/*DocumentoRepositoryImpl.class]
[DEBUG] Searching directory [C:\Users\netoz\Documents\workspace-sts-3.7.3.RELEASE\Social-UACM\build\instrumented_classes\social\edu\uacm\dao] for files matching pattern [C:/Users/netoz/Documents/workspace-sts-3.7.3.RELEASE/Social-UACM/build/instrumented_classes/social/edu/uacm/**/*DocumentoRepositoryImpl.class]
[DEBUG] Searching directory [C:\Users\netoz\Documents\workspace-sts-3.7.3.RELEASE\Social-UACM\build\instrumented_classes\social\edu\uacm\dao\impl] for files matching pattern [C:/Users/netoz/Documents/workspace-sts-3.7.3.RELEASE/Social-UACM/build/instrumented_classes/social/edu/uacm/**/*DocumentoRepositoryImpl.class]
[DEBUG] Searching directory [C:\Users\netoz\Documents\workspace-sts-3.7.3.RELEASE\Social-UACM\build\instrumented_classes\social\edu\uacm\domain] for files matching pattern [C:/Users/netoz/Documents/workspace-sts-3.7.3.RELEASE/Social-UACM/build/instrumented_classes/social/edu/uacm/**/*DocumentoRepositoryImpl.class]
[DEBUG] Searching directory [C:\Users\netoz\Documents\workspace-sts-3.7.3.RELEASE\Social-UACM\build\instrumented_classes\social\edu\uacm\service] for files matching pattern [C:/Users/netoz/Documents/workspace-sts-3.7.3.RELEASE/Social-UACM/build/instrumented_classes/social/edu/uacm/**/*DocumentoRepositoryImpl.class]
[DEBUG] Searching directory [C:\Users\netoz\Documents\workspace-sts-3.7.3.RELEASE\Social-UACM\build\instrumented_classes\social\edu\uacm\service\impl] for files matching pattern [C:/Users/netoz/Documents/workspace-sts-3.7.3.RELEASE/Social-UACM/build/instrumented_classes/social/edu/uacm/**/*DocumentoRepositoryImpl.class]
[DEBUG] Searching directory [C:\Users\netoz\Documents\workspace-sts-3.7.3.RELEASE\Social-UACM\build\instrumented_classes\social\edu\uacm\util] for files matching pattern [C:/Users/netoz/Documents/workspace-sts-3.7.3.RELEASE/Social-UACM/build/instrumented_classes/social/edu/uacm/**/*DocumentoRepositoryImpl.class]
[DEBUG] Looking for matching resources in directory tree [C:\Users\netoz\Documents\workspace-sts-3.7.3.RELEASE\Social-UACM\build\classes\test\social\edu\uacm]
[DEBUG] Searching directory [C:\Users\netoz\Documents\workspace-sts-3.7.3.RELEASE\Social-UACM\build\classes\test\social\edu\uacm] for files matching pattern [C:/Users/netoz/Documents/workspace-sts-3.7.3.RELEASE/Social-UACM/build/classes/test/social/edu/uacm/**/*DocumentoRepositoryImpl.class]
[DEBUG] Searching directory [C:\Users\netoz\Documents\workspace-sts-3.7.3.RELEASE\Social-UACM\build\classes\test\social\edu\uacm\test] for files matching pattern [C:/Users/netoz/Documents/workspace-sts-3.7.3.RELEASE/Social-UACM/build/classes/test/social/edu/uacm/**/*DocumentoRepositoryImpl.class]
[DEBUG] Looking for matching resources in directory tree [C:\Users\netoz\Documents\workspace-sts-3.7.3.RELEASE\Social-UACM\build\classes\main\social\edu\uacm]
[DEBUG] Searching directory [C:\Users\netoz\Documents\workspace-sts-3.7.3.RELEASE\Social-UACM\build\classes\main\social\edu\uacm] for files matching pattern [C:/Users/netoz/Documents/workspace-sts-3.7.3.RELEASE/Social-UACM/build/classes/main/social/edu/uacm/**/*DocumentoRepositoryImpl.class]
[DEBUG] Searching directory [C:\Users\netoz\Documents\workspace-sts-3.7.3.RELEASE\Social-UACM\build\classes\main\social\edu\uacm\controller] for files matching pattern [C:/Users/netoz/Documents/workspace-sts-3.7.3.RELEASE/Social-UACM/build/classes/main/social/edu/uacm/**/*DocumentoRepositoryImpl.class]
[DEBUG] Searching directory [C:\Users\netoz\Documents\workspace-sts-3.7.3.RELEASE\Social-UACM\build\classes\main\social\edu\uacm\dao] for files matching pattern [C:/Users/netoz/Documents/workspace-sts-3.7.3.RELEASE/Social-UACM/build/classes/main/social/edu/uacm/**/*DocumentoRepositoryImpl.class]
[DEBUG] Searching directory [C:\Users\netoz\Documents\workspace-sts-3.7.3.RELEASE\Social-UACM\build\classes\main\social\edu\uacm\dao\impl] for files matching pattern [C:/Users/netoz/Documents/workspace-sts-3.7.3.RELEASE/Social-UACM/build/classes/main/social/edu/uacm/**/*DocumentoRepositoryImpl.class]
[DEBUG] Searching directory [C:\Users\netoz\Documents\workspace-sts-3.7.3.RELEASE\Social-UACM\build\classes\main\social\edu\uacm\domain] for files matching pattern [C:/Users/netoz/Documents/workspace-sts-3.7.3.RELEASE/Social-UACM/build/classes/main/social/edu/uacm/**/*DocumentoRepositoryImpl.class]
[DEBUG] Searching directory [C:\Users\netoz\Documents\workspace-sts-3.7.3.RELEASE\Social-UACM\build\classes\main\social\edu\uacm\service] for files matching pattern [C:/Users/netoz/Documents/workspace-sts-3.7.3.RELEASE/Social-UACM/build/classes/main/social/edu/uacm/**/*DocumentoRepositoryImpl.class]
[DEBUG] Searching directory [C:\Users\netoz\Documents\workspace-sts-3.7.3.RELEASE\Social-UACM\build\classes\main\social\edu\uacm\service\impl] for files matching pattern [C:/Users/netoz/Documents/workspace-sts-3.7.3.RELEASE/Social-UACM/build/classes/main/social/edu/uacm/**/*DocumentoRepositoryImpl.class]
[DEBUG] Searching directory [C:\Users\netoz\Documents\workspace-sts-3.7.3.RELEASE\Social-UACM\build\classes\main\social\edu\uacm\util] for files matching pattern [C:/Users/netoz/Documents/workspace-sts-3.7.3.RELEASE/Social-UACM/build/classes/main/social/edu/uacm/**/*DocumentoRepositoryImpl.class]
[DEBUG] Resolved location pattern [classpath*:social/edu/uacm/**/*DocumentoRepositoryImpl.class] to resources []
[DEBUG] Spring Data JPA - Registering repository: documentoRepository - Interface: social.edu.uacm.domain.DocumentoRepository - Factory: org.springframework.data.jpa.repository.support.JpaRepositoryFactoryBean
[DEBUG] Returning cached instance of singleton bean 'autoConfigurationReport'
[DEBUG] Returning cached instance of singleton bean 'autoConfigurationReport'
[DEBUG] Registered bean definition for imported class 'org.springframework.boot.autoconfigure.jackson.JacksonAutoConfiguration$JacksonObjectMapperBuilderConfiguration'
[DEBUG] Returning cached instance of singleton bean 'org.springframework.boot.autoconfigure.condition.BeanTypeRegistry'
[DEBUG] Returning cached instance of singleton bean 'autoConfigurationReport'
[DEBUG] Registering bean definition for @Bean method org.springframework.boot.autoconfigure.jackson.JacksonAutoConfiguration$JacksonObjectMapperBuilderConfiguration.jacksonObjectMapperBuilder()
[DEBUG] Returning cached instance of singleton bean 'autoConfigurationReport'
[DEBUG] Registered bean definition for imported class 'org.springframework.boot.autoconfigure.jackson.JacksonAutoConfiguration$JacksonObjectMapperConfiguration'
[DEBUG] Returning cached instance of singleton bean 'org.springframework.boot.autoconfigure.condition.BeanTypeRegistry'
[DEBUG] Returning cached instance of singleton bean 'autoConfigurationReport'
[DEBUG] Registering bean definition for @Bean method org.springframework.boot.autoconfigure.jackson.JacksonAutoConfiguration$JacksonObjectMapperConfiguration.jacksonObjectMapper()
[DEBUG] Registered bean definition for imported class 'org.springframework.boot.autoconfigure.jackson.JacksonAutoConfiguration'
[DEBUG] Returning cached instance of singleton bean 'autoConfigurationReport'
[DEBUG] Returning cached instance of singleton bean 'autoConfigurationReport'
[DEBUG] Registered bean definition for imported class 'org.springframework.boot.autoconfigure.web.HttpMessageConvertersAutoConfiguration$StringHttpMessageConverterConfiguration'
[DEBUG] Returning cached instance of singleton bean 'org.springframework.boot.autoconfigure.condition.BeanTypeRegistry'
[DEBUG] Returning cached instance of singleton bean 'autoConfigurationReport'
[DEBUG] Registering bean definition for @Bean method org.springframework.boot.autoconfigure.web.HttpMessageConvertersAutoConfiguration$StringHttpMessageConverterConfiguration.stringHttpMessageConverter()
[DEBUG] Returning cached instance of singleton bean 'autoConfigurationReport'
[DEBUG] Returning cached instance of singleton bean 'org.springframework.boot.autoconfigure.condition.BeanTypeRegistry'
[DEBUG] Returning cached instance of singleton bean 'autoConfigurationReport'
[DEBUG] Returning cached instance of singleton bean 'autoConfigurationReport'
[DEBUG] Registered bean definition for imported class 'org.springframework.boot.autoconfigure.web.JacksonHttpMessageConvertersConfiguration$MappingJackson2HttpMessageConverterConfiguration'
[DEBUG] Returning cached instance of singleton bean 'org.springframework.boot.autoconfigure.condition.BeanTypeRegistry'
[DEBUG] Returning cached instance of singleton bean 'autoConfigurationReport'
[DEBUG] Registering bean definition for @Bean method org.springframework.boot.autoconfigure.web.JacksonHttpMessageConvertersConfiguration$MappingJackson2HttpMessageConverterConfiguration.mappingJackson2HttpMessageConverter()
[DEBUG] Registered bean definition for imported class 'org.springframework.boot.autoconfigure.web.JacksonHttpMessageConvertersConfiguration'
[DEBUG] Registered bean definition for imported class 'org.springframework.boot.autoconfigure.web.HttpMessageConvertersAutoConfiguration'
[DEBUG] Returning cached instance of singleton bean 'org.springframework.boot.autoconfigure.condition.BeanTypeRegistry'
[DEBUG] Returning cached instance of singleton bean 'autoConfigurationReport'
[DEBUG] Registering bean definition for @Bean method org.springframework.boot.autoconfigure.web.HttpMessageConvertersAutoConfiguration.messageConverters()
[DEBUG] Returning cached instance of singleton bean 'autoConfigurationReport'
[DEBUG] Returning cached instance of singleton bean 'autoConfigurationReport'
[DEBUG] Returning cached instance of singleton bean 'org.springframework.boot.autoconfigure.condition.BeanTypeRegistry'
[DEBUG] Returning cached instance of singleton bean 'autoConfigurationReport'
[DEBUG] Registered bean definition for imported class 'org.springframework.data.web.config.SpringDataWebConfiguration'
[DEBUG] Registering bean definition for @Bean method org.springframework.data.web.config.SpringDataWebConfiguration.pageableResolver()
[DEBUG] Registering bean definition for @Bean method org.springframework.data.web.config.SpringDataWebConfiguration.sortResolver()
[DEBUG] Registered bean definition for imported class 'org.springframework.data.web.config.SpringDataJacksonConfiguration'
[DEBUG] Registering bean definition for @Bean method org.springframework.data.web.config.SpringDataJacksonConfiguration.jacksonGeoModule()
[DEBUG] Registered bean definition for imported class 'org.springframework.boot.autoconfigure.data.web.SpringDataWebAutoConfiguration'
[DEBUG] Returning cached instance of singleton bean 'autoConfigurationReport'
[DEBUG] Returning cached instance of singleton bean 'autoConfigurationReport'
[DEBUG] Returning cached instance of singleton bean 'autoConfigurationReport'
[DEBUG] Returning cached instance of singleton bean 'org.springframework.boot.autoconfigure.condition.BeanTypeRegistry'
[DEBUG] Returning cached instance of singleton bean 'autoConfigurationReport'
[DEBUG] Returning cached instance of singleton bean 'org.springframework.boot.autoconfigure.condition.BeanTypeRegistry'
[DEBUG] Returning cached instance of singleton bean 'org.springframework.boot.autoconfigure.condition.BeanTypeRegistry'
[DEBUG] Returning cached instance of singleton bean 'autoConfigurationReport'
[DEBUG] Returning cached instance of singleton bean 'org.springframework.boot.autoconfigure.condition.BeanTypeRegistry'
[DEBUG] Returning cached instance of singleton bean 'org.springframework.boot.autoconfigure.condition.BeanTypeRegistry'
[DEBUG] Returning cached instance of singleton bean 'autoConfigurationReport'
[DEBUG] Registered bean definition for imported class 'org.springframework.boot.autoconfigure.security.AuthenticationManagerConfiguration$AuthenticationManagerConfigurationListener'
[DEBUG] Registered bean definition for imported class 'org.springframework.boot.autoconfigure.security.AuthenticationManagerConfiguration'
[DEBUG] Registering bean definition for @Bean method org.springframework.boot.autoconfigure.security.AuthenticationManagerConfiguration.authenticationManager()
[DEBUG] Registering bean definition for @Bean method org.springframework.boot.autoconfigure.security.AuthenticationManagerConfiguration.springBootAuthenticationConfigurerAdapter()
[DEBUG] Returning cached instance of singleton bean 'autoConfigurationReport'
[DEBUG] Registered bean definition for imported class 'org.springframework.boot.autoconfigure.security.BootGlobalAuthenticationConfiguration'
[DEBUG] Registering bean definition for @Bean method org.springframework.boot.autoconfigure.security.BootGlobalAuthenticationConfiguration.bootGlobalAuthenticationConfigurationAdapter()
[DEBUG] Registered bean definition for imported class 'org.springframework.boot.autoconfigure.security.SecurityAutoConfiguration'
[DEBUG] Returning cached instance of singleton bean 'org.springframework.boot.autoconfigure.condition.BeanTypeRegistry'
[DEBUG] Returning cached instance of singleton bean 'autoConfigurationReport'
[DEBUG] Registering bean definition for @Bean method org.springframework.boot.autoconfigure.security.SecurityAutoConfiguration.authenticationEventPublisher()
[DEBUG] Returning cached instance of singleton bean 'org.springframework.boot.autoconfigure.condition.BeanTypeRegistry'
[DEBUG] Returning cached instance of singleton bean 'autoConfigurationReport'
[DEBUG] Registering bean definition for @Bean method org.springframework.boot.autoconfigure.security.SecurityAutoConfiguration.securityProperties()
[DEBUG] Returning cached instance of singleton bean 'autoConfigurationReport'
[DEBUG] Returning cached instance of singleton bean 'org.springframework.boot.autoconfigure.condition.BeanTypeRegistry'
[DEBUG] Returning cached instance of singleton bean 'autoConfigurationReport'
[DEBUG] Registered bean definition for imported class 'org.springframework.transaction.annotation.ProxyTransactionManagementConfiguration'
[DEBUG] Registering bean definition for @Bean method org.springframework.transaction.annotation.ProxyTransactionManagementConfiguration.org.springframework.transaction.config.internalTransactionAdvisor()
[DEBUG] Registering bean definition for @Bean method org.springframework.transaction.annotation.ProxyTransactionManagementConfiguration.transactionAttributeSource()
[DEBUG] Registering bean definition for @Bean method org.springframework.transaction.annotation.ProxyTransactionManagementConfiguration.transactionInterceptor()
[DEBUG] Registering bean definition for @Bean method org.springframework.transaction.annotation.ProxyTransactionManagementConfiguration.org.springframework.transaction.config.internalTransactionalEventListenerFactory()
[DEBUG] Registered bean definition for imported class 'org.springframework.boot.autoconfigure.jdbc.DataSourceTransactionManagerAutoConfiguration$TransactionManagementConfiguration'
[DEBUG] Registered bean definition for imported class 'org.springframework.boot.autoconfigure.jdbc.DataSourceTransactionManagerAutoConfiguration'
[DEBUG] Returning cached instance of singleton bean 'org.springframework.boot.autoconfigure.condition.BeanTypeRegistry'
[DEBUG] Returning cached instance of singleton bean 'org.springframework.boot.autoconfigure.condition.BeanTypeRegistry'
[DEBUG] Returning cached instance of singleton bean 'autoConfigurationReport'
[DEBUG] Returning cached instance of singleton bean 'autoConfigurationReport'
[DEBUG] Returning cached instance of singleton bean 'autoConfigurationReport'
[DEBUG] Registered bean definition for imported class 'org.springframework.boot.autoconfigure.thymeleaf.ThymeleafAutoConfiguration$ThymeleafResourceHandlingConfig'
[DEBUG] Returning cached instance of singleton bean 'org.springframework.boot.autoconfigure.condition.BeanTypeRegistry'
[DEBUG] Returning cached instance of singleton bean 'autoConfigurationReport'
[DEBUG] Searching for key 'java.runtime.name' in [systemProperties]
[DEBUG] Found key 'java.runtime.name' in [systemProperties] with type [String] and value 'Java(TM) SE Runtime Environment'
[DEBUG] Searching for key 'sun.boot.library.path' in [systemProperties]
[DEBUG] Found key 'sun.boot.library.path' in [systemProperties] with type [String] and value 'C:\Program Files\Java\jdk1.8.0_91\jre\bin'
[DEBUG] Searching for key 'java.vm.version' in [systemProperties]
[DEBUG] Found key 'java.vm.version' in [systemProperties] with type [String] and value '25.91-b14'
[DEBUG] Searching for key 'java.vm.vendor' in [systemProperties]
[DEBUG] Found key 'java.vm.vendor' in [systemProperties] with type [String] and value 'Oracle Corporation'
[DEBUG] Searching for key 'java.vendor.url' in [systemProperties]
[DEBUG] Found key 'java.vendor.url' in [systemProperties] with type [String] and value 'http://java.oracle.com/'
[DEBUG] Searching for key 'path.separator' in [systemProperties]
[DEBUG] Found key 'path.separator' in [systemProperties] with type [String] and value ';'
[DEBUG] Searching for key 'java.vm.name' in [systemProperties]
[DEBUG] Found key 'java.vm.name' in [systemProperties] with type [String] and value 'Java HotSpot(TM) 64-Bit Server VM'
[DEBUG] Searching for key 'file.encoding.pkg' in [systemProperties]
[DEBUG] Found key 'file.encoding.pkg' in [systemProperties] with type [String] and value 'sun.io'
[DEBUG] Searching for key 'user.script' in [systemProperties]
[DEBUG] Found key 'user.script' in [systemProperties] with type [String] and value ''
[DEBUG] Searching for key 'sun.java.launcher' in [systemProperties]
[DEBUG] Found key 'sun.java.launcher' in [systemProperties] with type [String] and value 'SUN_STANDARD'
[DEBUG] Searching for key 'user.country' in [systemProperties]
[DEBUG] Found key 'user.country' in [systemProperties] with type [String] and value 'MX'
[DEBUG] Searching for key 'sun.os.patch.level' in [systemProperties]
[DEBUG] Found key 'sun.os.patch.level' in [systemProperties] with type [String] and value ''
[DEBUG] Searching for key 'PID' in [systemProperties]
[DEBUG] Found key 'PID' in [systemProperties] with type [String] and value '12896'
[DEBUG] Searching for key 'java.vm.specification.name' in [systemProperties]
[DEBUG] Found key 'java.vm.specification.name' in [systemProperties] with type [String] and value 'Java Virtual Machine Specification'
[DEBUG] Searching for key 'user.dir' in [systemProperties]
[DEBUG] Found key 'user.dir' in [systemProperties] with type [String] and value 'C:\Users\netoz\Documents\workspace-sts-3.7.3.RELEASE\Social-UACM'
[DEBUG] Searching for key 'java.runtime.version' in [systemProperties]
[DEBUG] Found key 'java.runtime.version' in [systemProperties] with type [String] and value '1.8.0_91-b14'
[DEBUG] Searching for key 'java.awt.graphicsenv' in [systemProperties]
[DEBUG] Found key 'java.awt.graphicsenv' in [systemProperties] with type [String] and value 'sun.awt.Win32GraphicsEnvironment'
[DEBUG] Searching for key 'org.jboss.logging.provider' in [systemProperties]
[DEBUG] Found key 'org.jboss.logging.provider' in [systemProperties] with type [String] and value 'slf4j'
[DEBUG] Searching for key 'java.endorsed.dirs' in [systemProperties]
[DEBUG] Found key 'java.endorsed.dirs' in [systemProperties] with type [String] and value 'C:\Program Files\Java\jdk1.8.0_91\jre\lib\endorsed'
[DEBUG] Searching for key 'os.arch' in [systemProperties]
[DEBUG] Found key 'os.arch' in [systemProperties] with type [String] and value 'amd64'
[DEBUG] Searching for key 'java.io.tmpdir' in [systemProperties]
[DEBUG] Found key 'java.io.tmpdir' in [systemProperties] with type [String] and value 'C:\Users\netoz\AppData\Local\Temp\'
[DEBUG] Searching for key 'line.separator' in [systemProperties]
[DEBUG] Found key 'line.separator' in [systemProperties] with type [String] and value '
'
[DEBUG] Searching for key 'java.vm.specification.vendor' in [systemProperties]
[DEBUG] Found key 'java.vm.specification.vendor' in [systemProperties] with type [String] and value 'Oracle Corporation'
[DEBUG] Searching for key 'user.variant' in [systemProperties]
[DEBUG] Found key 'user.variant' in [systemProperties] with type [String] and value ''
[DEBUG] Searching for key 'os.name' in [systemProperties]
[DEBUG] Found key 'os.name' in [systemProperties] with type [String] and value 'Windows 10'
[DEBUG] Searching for key 'net.sourceforge.cobertura.datafile' in [systemProperties]
[DEBUG] Found key 'net.sourceforge.cobertura.datafile' in [systemProperties] with type [String] and value 'C:\Users\netoz\Documents\workspace-sts-3.7.3.RELEASE\Social-UACM\build\cobertura\cobertura.ser'
[DEBUG] Searching for key 'sun.jnu.encoding' in [systemProperties]
[DEBUG] Found key 'sun.jnu.encoding' in [systemProperties] with type [String] and value 'Cp1252'
[DEBUG] Searching for key 'spring.beaninfo.ignore' in [systemProperties]
[DEBUG] Found key 'spring.beaninfo.ignore' in [systemProperties] with type [String] and value 'true'
[DEBUG] Searching for key 'java.library.path' in [systemProperties]
[DEBUG] Found key 'java.library.path' in [systemProperties] with type [String] and value 'C:\Program Files\Java\jdk1.8.0_91\bin;C:\windows\Sun\Java\bin;C:\windows\system32;C:\windows;C:\ProgramData\Oracle\Java\javapath;C:\Program Files (x86)\Intel\TXE Components\TCS\;C:\Program Files\Intel\TXE Components\TCS\;C:\windows\system32;C:\windows;C:\windows\System32\Wbem;C:\windows\System32\WindowsPowerShell\v1.0\;C:\Program Files\Intel\TXE Components\DAL\;C:\Program Files (x86)\Intel\TXE Components\DAL\;C:\Program Files\Intel\TXE Components\IPT\;C:\Program Files (x86)\Intel\TXE Components\IPT\;C:\Program Files\Java\jre1.8.0_91\bin;C:\gradle-2.12\bin;C:\Program Files (x86)\MySQL\MySQL Fabric 1.5 & MySQL Utilities 1.5\;C:\Program Files (x86)\MySQL\MySQL Fabric 1.5 & MySQL Utilities 1.5\Doctrine extensions for PHP\;C:\Program Files (x86)\Windows Live\Shared;C:\windows\system32\config\systemprofile\.dnx\bin;C:\Program Files\Microsoft DNX\Dnvm\;C:\Program Files\Microsoft SQL Server\130\Tools\Binn\;C:\JMeter\bin;C:\Program Files\Java\jre1.8.0_91\bin;C:\Program Files (x86)\Windows Kits\10\Windows Performance Toolkit\;C:\Program Files (x86)\nodejs\;C:\Program Files\Git\cmd;C:\Users\netoz\AppData\Roaming\npm;.'
[DEBUG] Searching for key 'java.specification.name' in [systemProperties]
[DEBUG] Found key 'java.specification.name' in [systemProperties] with type [String] and value 'Java Platform API Specification'
[DEBUG] Searching for key 'java.class.version' in [systemProperties]
[DEBUG] Found key 'java.class.version' in [systemProperties] with type [String] and value '52.0'
[DEBUG] Searching for key 'sun.management.compiler' in [systemProperties]
[DEBUG] Found key 'sun.management.compiler' in [systemProperties] with type [String] and value 'HotSpot 64-Bit Tiered Compilers'
[DEBUG] Searching for key 'os.version' in [systemProperties]
[DEBUG] Found key 'os.version' in [systemProperties] with type [String] and value '10.0'
[DEBUG] Searching for key 'user.home' in [systemProperties]
[DEBUG] Found key 'user.home' in [systemProperties] with type [String] and value 'C:\Users\netoz'
[DEBUG] Searching for key 'user.timezone' in [systemProperties]
[DEBUG] Found key 'user.timezone' in [systemProperties] with type [String] and value 'America/Mexico_City'
[DEBUG] Searching for key 'java.awt.printerjob' in [systemProperties]
[DEBUG] Found key 'java.awt.printerjob' in [systemProperties] with type [String] and value 'sun.awt.windows.WPrinterJob'
[DEBUG] Searching for key 'file.encoding' in [systemProperties]
[DEBUG] Found key 'file.encoding' in [systemProperties] with type [String] and value 'windows-1252'
[DEBUG] Searching for key 'java.specification.version' in [systemProperties]
[DEBUG] Found key 'java.specification.version' in [systemProperties] with type [String] and value '1.8'
[DEBUG] Searching for key 'java.class.path' in [systemProperties]
[DEBUG] Found key 'java.class.path' in [systemProperties] with type [String] and value 'C:\Users\netoz\Documents\workspace-sts-3.7.3.RELEASE\Social-UACM\build\instrumented_classes;C:\Users\netoz\Documents\workspace-sts-3.7.3.RELEASE\Social-UACM\build\classes\test;C:\Users\netoz\Documents\workspace-sts-3.7.3.RELEASE\Social-UACM\build\resources\test;C:\Users\netoz\Documents\workspace-sts-3.7.3.RELEASE\Social-UACM\build\classes\main;C:\Users\netoz\Documents\workspace-sts-3.7.3.RELEASE\Social-UACM\build\resources\main;C:\Users\netoz\.gradle\caches\modules-2\files-2.1\org.springframework.boot\spring-boot-starter-web\1.3.3.RELEASE\f1ee2657f50844d8682b30a1f40aebff3ad60cce\spring-boot-starter-web-1.3.3.RELEASE.jar;C:\Users\netoz\.gradle\caches\modules-2\files-2.1\org.springframework.boot\spring-boot-starter-test\1.3.3.RELEASE\f440856dcf4c3018c9005fa229e7509f28927a73\spring-boot-starter-test-1.3.3.RELEASE.jar;C:\Users\netoz\.gradle\caches\modules-2\files-2.1\org.springframework.boot\spring-boot-starter-data-jpa\1.3.3.RELEASE\c1f8f3102650e54259d69c519b45b64fbf5cd25b\spring-boot-starter-data-jpa-1.3.3.RELEASE.jar;C:\Users\netoz\.gradle\caches\modules-2\files-2.1\mysql\mysql-connector-java\5.1.31\95baa522c5ae4dbff61e8ebd1b2578665d6853a0\mysql-connector-java-5.1.31.jar;C:\Users\netoz\.gradle\caches\modules-2\files-2.1\org.thymeleaf\thymeleaf-spring4\2.1.4.RELEASE\e5677e7daedfd05e001945abf4295305ac23826b\thymeleaf-spring4-2.1.4.RELEASE.jar;C:\Users\netoz\.gradle\caches\modules-2\files-2.1\org.springframework.boot\spring-boot-starter-security\1.3.3.RELEASE\bb649df7b53ab5dc09780d63067400a240e3f366\spring-boot-starter-security-1.3.3.RELEASE.jar;C:\Users\netoz\.gradle\caches\modules-2\files-2.1\junit\junit\4.12\2973d150c0dc1fefe998f834810d68f278ea58ec\junit-4.12.jar;C:\Users\netoz\.gradle\caches\modules-2\files-2.1\org.springframework.boot\spring-boot-starter\1.3.3.RELEASE\e4a71ce6ae8e42a7535dd9f1a39f91d36c538f28\spring-boot-starter-1.3.3.RELEASE.jar;C:\Users\netoz\.gradle\caches\modules-2\files-2.1\org.springframework.boot\spring-boot-starter-tomcat\1.3.3.RELEASE\541468d85cc2c94d2b538b0fa07c018847bb9b78\spring-boot-starter-tomcat-1.3.3.RELEASE.jar;C:\Users\netoz\.gradle\caches\modules-2\files-2.1\org.springframework.boot\spring-boot-starter-validation\1.3.3.RELEASE\df2d5a437fa3093b8da99216c355189fe7b5e64\spring-boot-starter-validation-1.3.3.RELEASE.jar;C:\Users\netoz\.gradle\caches\modules-2\files-2.1\com.fasterxml.jackson.core\jackson-databind\2.6.5\d50be1723a09befd903887099ff2014ea9020333\jackson-databind-2.6.5.jar;C:\Users\netoz\.gradle\caches\modules-2\files-2.1\org.springframework\spring-web\4.2.5.RELEASE\49cd2430884b77172aa81e3fc33ef668ea1dab30\spring-web-4.2.5.RELEASE.jar;C:\Users\netoz\.gradle\caches\modules-2\files-2.1\org.springframework\spring-webmvc\4.2.5.RELEASE\cf463cce3e4453eb4b9a69de2dcdfd60c3c57e0\spring-webmvc-4.2.5.RELEASE.jar;C:\Users\netoz\.gradle\caches\modules-2\files-2.1\org.mockito\mockito-core\1.10.19\e8546f5bef4e061d8dd73895b4e8f40e3fe6effe\mockito-core-1.10.19.jar;C:\Users\netoz\.gradle\caches\modules-2\files-2.1\org.hamcrest\hamcrest-core\1.3\42a25dc3219429f0e5d060061f71acb49bf010a0\hamcrest-core-1.3.jar;C:\Users\netoz\.gradle\caches\modules-2\files-2.1\org.hamcrest\hamcrest-library\1.3\4785a3c21320980282f9f33d0d1264a69040538f\hamcrest-library-1.3.jar;C:\Users\netoz\.gradle\caches\modules-2\files-2.1\org.springframework\spring-core\4.2.5.RELEASE\251207b29f0f38f61e3495a2f7fb053cf1bfe8c\spring-core-4.2.5.RELEASE.jar;C:\Users\netoz\.gradle\caches\modules-2\files-2.1\org.springframework\spring-test\4.2.5.RELEASE\60bd0ac25869d515717284b77644d0416d3a38c5\spring-test-4.2.5.RELEASE.jar;C:\Users\netoz\.gradle\caches\modules-2\files-2.1\org.springframework.boot\spring-boot-starter-aop\1.3.3.RELEASE\f80c290f6a3dccb8255a594795a20048c63460da\spring-boot-starter-aop-1.3.3.RELEASE.jar;C:\Users\netoz\.gradle\caches\modules-2\files-2.1\org.springframework.boot\spring-boot-starter-jdbc\1.3.3.RELEASE\f10ffeca4c879f1f66f30989cc0f133258934246\spring-boot-starter-jdbc-1.3.3.RELEASE.jar;C:\Users\netoz\.gradle\caches\modules-2\files-2.1\org.hibernate\hibernate-entitymanager\4.3.11.Final\27a119fcc2b91c50e5285dd11158fac2c38c9d1b\hibernate-entitymanager-4.3.11.Final.jar;C:\Users\netoz\.gradle\caches\modules-2\files-2.1\javax.transaction\javax.transaction-api\1.2\d81aff979d603edd90dcd8db2abc1f4ce6479e3e\javax.transaction-api-1.2.jar;C:\Users\netoz\.gradle\caches\modules-2\files-2.1\org.springframework.data\spring-data-jpa\1.9.4.RELEASE\80b83510e67aa085b7d91d2d096d90133ec995de\spring-data-jpa-1.9.4.RELEASE.jar;C:\Users\netoz\.gradle\caches\modules-2\files-2.1\org.springframework\spring-aspects\4.2.5.RELEASE\ed09517441a276db2a7e0e7b60a390c52b8093af\spring-aspects-4.2.5.RELEASE.jar;C:\Users\netoz\.gradle\caches\modules-2\files-2.1\org.thymeleaf\thymeleaf\2.1.4.RELEASE\a730d892f3c57ba3d24af2ca657b42d81398a85a\thymeleaf-2.1.4.RELEASE.jar;C:\Users\netoz\.gradle\caches\modules-2\files-2.1\org.slf4j\slf4j-api\1.7.16\3a6274f658487d5bfff9af3862beff6da1e7fd52\slf4j-api-1.7.16.jar;C:\Users\netoz\.gradle\caches\modules-2\files-2.1\org.springframework\spring-aop\4.2.5.RELEASE\858d6c70909b3ce7e07b59fc936f8ccfcd81c0aa\spring-aop-4.2.5.RELEASE.jar;C:\Users\netoz\.gradle\caches\modules-2\files-2.1\org.springframework.security\spring-security-config\4.0.3.RELEASE\31c0a4d0159f1b668d9512f57fb46aac29949b08\spring-security-config-4.0.3.RELEASE.jar;C:\Users\netoz\.gradle\caches\modules-2\files-2.1\org.springframework.security\spring-security-web\4.0.3.RELEASE\5f0233d94ca53ac8710780b43791f633f970480a\spring-security-web-4.0.3.RELEASE.jar;C:\Users\netoz\.gradle\caches\modules-2\files-2.1\org.springframework.boot\spring-boot\1.3.3.RELEASE\641cc375499d444e4efbc1801902260daa79758d\spring-boot-1.3.3.RELEASE.jar;C:\Users\netoz\.gradle\caches\modules-2\files-2.1\org.springframework.boot\spring-boot-autoconfigure\1.3.3.RELEASE\e7a4a25f74dac6b335ffabc43e3e8a6e3066340e\spring-boot-autoconfigure-1.3.3.RELEASE.jar;C:\Users\netoz\.gradle\caches\modules-2\files-2.1\org.springframework.boot\spring-boot-starter-logging\1.3.3.RELEASE\16b395c84f28b947f1c336aa461fda1e662bb3b6\spring-boot-starter-logging-1.3.3.RELEASE.jar;C:\Users\netoz\.gradle\caches\modules-2\files-2.1\org.yaml\snakeyaml\1.16\d64fb662c9e42789149f5078a62a22edda786c6a\snakeyaml-1.16.jar;C:\Users\netoz\.gradle\caches\modules-2\files-2.1\org.apache.tomcat.embed\tomcat-embed-core\8.0.32\734ead0c803525cc9c7f283438101734ca9aac01\tomcat-embed-core-8.0.32.jar;C:\Users\netoz\.gradle\caches\modules-2\files-2.1\org.apache.tomcat.embed\tomcat-embed-el\8.0.32\82adf8bd959fc046d55490e6f2ce67297c91d62b\tomcat-embed-el-8.0.32.jar;C:\Users\netoz\.gradle\caches\modules-2\files-2.1\org.apache.tomcat.embed\tomcat-embed-logging-juli\8.0.32\5e664b357710a6c43cad2191404c2a9d0b82cdb3\tomcat-embed-logging-juli-8.0.32.jar;C:\Users\netoz\.gradle\caches\modules-2\files-2.1\org.apache.tomcat.embed\tomcat-embed-websocket\8.0.32\237ca58dac66f438579750169e6cb297ac041c9d\tomcat-embed-websocket-8.0.32.jar;C:\Users\netoz\.gradle\caches\modules-2\files-2.1\org.hibernate\hibernate-validator\5.2.4.Final\fb18766b576aa6632bcfe9a20a023cbd52bf9769\hibernate-validator-5.2.4.Final.jar;C:\Users\netoz\.gradle\caches\modules-2\files-2.1\com.fasterxml.jackson.core\jackson-annotations\2.6.5\65137ebf85056473b40c311f889601646a7612ba\jackson-annotations-2.6.5.jar;C:\Users\netoz\.gradle\caches\modules-2\files-2.1\com.fasterxml.jackson.core\jackson-core\2.6.5\334369d7eff497f358b248c171dac0dd62c68f67\jackson-core-2.6.5.jar;C:\Users\netoz\.gradle\caches\modules-2\files-2.1\org.springframework\spring-beans\4.2.5.RELEASE\fa992ae40f6fc47117282164e0433b71da385e94\spring-beans-4.2.5.RELEASE.jar;C:\Users\netoz\.gradle\caches\modules-2\files-2.1\org.springframework\spring-context\4.2.5.RELEASE\a75e18322c7b362fe1daa26a245ae672ec0f3138\spring-context-4.2.5.RELEASE.jar;C:\Users\netoz\.gradle\caches\modules-2\files-2.1\org.springframework\spring-expression\4.2.5.RELEASE\a42bdfb833d0be6c18429aea3fb0fba81f85c6e8\spring-expression-4.2.5.RELEASE.jar;C:\Users\netoz\.gradle\caches\modules-2\files-2.1\org.objenesis\objenesis\2.1\87c0ea803b69252868d09308b4618f766f135a96\objenesis-2.1.jar;C:\Users\netoz\.gradle\caches\modules-2\files-2.1\org.aspectj\aspectjweaver\1.8.8\969c8d3d3d56db1e1c8721a03ef07d0c9ac3a2e4\aspectjweaver-1.8.8.jar;C:\Users\netoz\.gradle\caches\modules-2\files-2.1\org.apache.tomcat\tomcat-jdbc\8.0.32\55396c45fc8c34f31420a3b280fde4b1387b044d\tomcat-jdbc-8.0.32.jar;C:\Users\netoz\.gradle\caches\modules-2\files-2.1\org.springframework\spring-jdbc\4.2.5.RELEASE\205d2f1b902eac16a2ece772dc5ac6090b7e0b6f\spring-jdbc-4.2.5.RELEASE.jar;C:\Users\netoz\.gradle\caches\modules-2\files-2.1\org.jboss.logging\jboss-logging\3.3.0.Final\3616bb87707910296e2c195dc016287080bba5af\jboss-logging-3.3.0.Final.jar;C:\Users\netoz\.gradle\caches\modules-2\files-2.1\org.jboss.logging\jboss-logging-annotations\1.2.0.Beta1\2f437f37bb265d9f8f1392823dbca12d2bec06d6\jboss-logging-annotations-1.2.0.Beta1.jar;C:\Users\netoz\.gradle\caches\modules-2\files-2.1\org.hibernate\hibernate-core\4.3.11.Final\536ac0021240d97db99c7d2983067cef1a6f3af5\hibernate-core-4.3.11.Final.jar;C:\Users\netoz\.gradle\caches\modules-2\files-2.1\dom4j\dom4j\1.6.1\5d3ccc056b6f056dbf0dddfdf43894b9065a8f94\dom4j-1.6.1.jar;C:\Users\netoz\.gradle\caches\modules-2\files-2.1\org.hibernate.common\hibernate-commons-annotations\4.0.5.Final\2a581b9edb8168e45060d8bad8b7f46712d2c52c\hibernate-commons-annotations-4.0.5.Final.jar;C:\Users\netoz\.gradle\caches\modules-2\files-2.1\org.hibernate.javax.persistence\hibernate-jpa-2.1-api\1.0.0.Final\5e731d961297e5a07290bfaf3db1fbc8bbbf405a\hibernate-jpa-2.1-api-1.0.0.Final.jar;C:\Users\netoz\.gradle\caches\modules-2\files-2.1\org.javassist\javassist\3.18.1-GA\d9a09f7732226af26bf99f19e2cffe0ae219db5b\javassist-3.18.1-GA.jar;C:\Users\netoz\.gradle\caches\modules-2\files-2.1\org.springframework.data\spring-data-commons\1.11.4.RELEASE\c2b1fd4dbf7dff772d6124bb35892759e8bf088e\spring-data-commons-1.11.4.RELEASE.jar;C:\Users\netoz\.gradle\caches\modules-2\files-2.1\org.springframework\spring-orm\4.2.5.RELEASE\60625981b837ba93e603d3068d69c6397ecb3ad2\spring-orm-4.2.5.RELEASE.jar;C:\Users\netoz\.gradle\caches\modules-2\files-2.1\org.springframework\spring-tx\4.2.5.RELEASE\7395321fe937272d9b781a13985e04ab2dcd6210\spring-tx-4.2.5.RELEASE.jar;C:\Users\netoz\.gradle\caches\modules-2\files-2.1\org.slf4j\jcl-over-slf4j\1.7.16\34e48073884704ac987d3d1a1ab9b60e62028a9\jcl-over-slf4j-1.7.16.jar;C:\Users\netoz\.gradle\caches\modules-2\files-2.1\ognl\ognl\3.0.8\37e1aebfde7eb7baebc9ad4f85116ef9009c5fc5\ognl-3.0.8.jar;C:\Users\netoz\.gradle\caches\modules-2\files-2.1\org.unbescape\unbescape\1.1.0.RELEASE\ab0db4fe0a6fa89fb8da2a40008a4e63a7f3f5b9\unbescape-1.1.0.RELEASE.jar;C:\Users\netoz\.gradle\caches\modules-2\files-2.1\aopalliance\aopalliance\1.0\235ba8b489512805ac13a8f9ea77a1ca5ebe3e8\aopalliance-1.0.jar;C:\Users\netoz\.gradle\caches\modules-2\files-2.1\org.springframework.security\spring-security-core\4.0.3.RELEASE\9f420c5742ad063970c5d33f60680a1cee777aa5\spring-security-core-4.0.3.RELEASE.jar;C:\Users\netoz\.gradle\caches\modules-2\files-2.1\ch.qos.logback\logback-classic\1.1.5\92353eb144695bba80b31f7bec4f36d871f230ac\logback-classic-1.1.5.jar;C:\Users\netoz\.gradle\caches\modules-2\files-2.1\org.slf4j\jul-to-slf4j\1.7.16\2d5b546c5557dcbf08c3a381d7dc9bd275a602c1\jul-to-slf4j-1.7.16.jar;C:\Users\netoz\.gradle\caches\modules-2\files-2.1\org.slf4j\log4j-over-slf4j\1.7.16\c5922f37c8a5e4377cfb543c549f10e73d72ede0\log4j-over-slf4j-1.7.16.jar;C:\Users\netoz\.gradle\caches\modules-2\files-2.1\javax.validation\validation-api\1.1.0.Final\8613ae82954779d518631e05daa73a6a954817d5\validation-api-1.1.0.Final.jar;C:\Users\netoz\.gradle\caches\modules-2\files-2.1\com.fasterxml\classmate\1.1.0\dbbd699a1486ad0f2ed6f5af6cfed66acacb9056\classmate-1.1.0.jar;C:\Users\netoz\.gradle\caches\modules-2\files-2.1\org.apache.tomcat\tomcat-juli\8.0.32\71471069cea029dfdce0735337864c7d0a3d9992\tomcat-juli-8.0.32.jar;C:\Users\netoz\.gradle\caches\modules-2\files-2.1\antlr\antlr\2.7.7\83cd2cd674a217ade95a4bb83a8a14f351f48bd0\antlr-2.7.7.jar;C:\Users\netoz\.gradle\caches\modules-2\files-2.1\org.jboss\jandex\1.1.0.Final\e84a2122e76f0b6503be78094ddf2108057ac15f\jandex-1.1.0.Final.jar;C:\Users\netoz\.gradle\caches\modules-2\files-2.1\xml-apis\xml-apis\1.0.b2\3136ca936f64c9d68529f048c2618bd356bf85c9\xml-apis-1.0.b2.jar;C:\Users\netoz\.gradle\caches\modules-2\files-2.1\ch.qos.logback\logback-core\1.1.5\16722afde74444716e299bee1f60aec9f6d1f0dc\logback-core-1.1.5.jar;C:\Users\netoz\.gradle\caches\modules-2\files-2.1\net.sourceforge.cobertura\cobertura\2.1.1\eab984794b3f7d0d37736a9e5b7f790128f611b5\cobertura-2.1.1.jar;C:\Users\netoz\.gradle\caches\modules-2\files-2.1\org.ow2.asm\asm\5.0.1\2fd56467a018aafe6ec6a73ccba520be4a7e1565\asm-5.0.1.jar;C:\Users\netoz\.gradle\caches\modules-2\files-2.1\org.ow2.asm\asm-tree\5.0.1\1b1e6e9d869acd704056d0a4223071a511c619e6\asm-tree-5.0.1.jar;C:\Users\netoz\.gradle\caches\modules-2\files-2.1\org.ow2.asm\asm-commons\5.0.1\7b7147a390a93a14d2edfdcf3f7b0e87a0939c3e\asm-commons-5.0.1.jar;C:\Users\netoz\.gradle\caches\modules-2\files-2.1\org.ow2.asm\asm-util\5.0.1\7c8caddfbd0b2d7b844f8fcc75175b9cb9cf4724\asm-util-5.0.1.jar;C:\Users\netoz\.gradle\caches\modules-2\files-2.1\org.ow2.asm\asm-analysis\5.0.1\e286fbee48efacb4e7c175f7948d9d8b2ab52352\asm-analysis-5.0.1.jar;C:\Users\netoz\.gradle\caches\modules-2\files-2.1\oro\oro\2.0.8\5592374f834645c4ae250f4c9fbb314c9369d698\oro-2.0.8.jar;C:\Users\netoz\.gradle\caches\modules-2\files-2.1\jaxen\jaxen\1.1.6\3f8c36d9a0578e8e98f030c662b69888b1430ac0\jaxen-1.1.6.jar;C:\Users\netoz\.gradle\caches\modules-2\files-2.1\org.apache.ant\ant\1.8.3\77c746ecab048b9839c7a8e39e55fe8636c5b11\ant-1.8.3.jar;C:\Users\netoz\.gradle\caches\modules-2\files-2.1\org.apache.ant\ant-junit\1.8.3\9f77eec4e103241602fb0cdd97b3ec3237e0bd9\ant-junit-1.8.3.jar;C:\Users\netoz\.gradle\caches\modules-2\files-2.1\org.mortbay.jetty\servlet-api-2.5\6.1.14\5f07601ab7d7c85dd9e38a17c0e1b0edfbd4a191\servlet-api-2.5-6.1.14.jar;C:\Users\netoz\.gradle\caches\modules-2\files-2.1\org.mortbay.jetty\jetty\6.1.14\5ded67b609e59c27e82ff61b510773d28c9bef56\jetty-6.1.14.jar;C:\Users\netoz\.gradle\caches\modules-2\files-2.1\org.mortbay.jetty\jetty-util\6.1.14\1b707d5884e35c9b97114a24aa9ee94ca531fa21\jetty-util-6.1.14.jar;C:\Users\netoz\.gradle\caches\modules-2\files-2.1\org.apache.commons\commons-lang3\3.3.2\90a3822c38ec8c996e84c16a3477ef632cbc87a3\commons-lang3-3.3.2.jar;C:\Users\netoz\.gradle\caches\modules-2\files-2.1\org.apache.ant\ant-launcher\1.8.3\a22bcf9438c41828b04c13b052c4886606abac2\ant-launcher-1.8.3.jar'
[DEBUG] Searching for key 'user.name' in [systemProperties]
[DEBUG] Found key 'user.name' in [systemProperties] with type [String] and value 'netoz'
[DEBUG] Searching for key 'java.vm.specification.version' in [systemProperties]
[DEBUG] Found key 'java.vm.specification.version' in [systemProperties] with type [String] and value '1.8'
[DEBUG] Searching for key 'sun.java.command' in [systemProperties]
[DEBUG] Found key 'sun.java.command' in [systemProperties] with type [String] and value 'jarjar.org.gradle.process.internal.launcher.GradleWorkerMain 'Gradle Test Executor 1''
[DEBUG] Searching for key 'java.home' in [systemProperties]
[DEBUG] Found key 'java.home' in [systemProperties] with type [String] and value 'C:\Program Files\Java\jdk1.8.0_91\jre'
[DEBUG] Searching for key 'sun.arch.data.model' in [systemProperties]
[DEBUG] Found key 'sun.arch.data.model' in [systemProperties] with type [String] and value '64'
[DEBUG] Searching for key 'user.language' in [systemProperties]
[DEBUG] Found key 'user.language' in [systemProperties] with type [String] and value 'es'
[DEBUG] Searching for key 'java.specification.vendor' in [systemProperties]
[DEBUG] Found key 'java.specification.vendor' in [systemProperties] with type [String] and value 'Oracle Corporation'
[DEBUG] Searching for key 'awt.toolkit' in [systemProperties]
[DEBUG] Found key 'awt.toolkit' in [systemProperties] with type [String] and value 'sun.awt.windows.WToolkit'
[DEBUG] Searching for key 'java.vm.info' in [systemProperties]
[DEBUG] Found key 'java.vm.info' in [systemProperties] with type [String] and value 'mixed mode'
[DEBUG] Searching for key 'java.version' in [systemProperties]
[DEBUG] Found key 'java.version' in [systemProperties] with type [String] and value '1.8.0_91'
[DEBUG] Searching for key 'java.ext.dirs' in [systemProperties]
[DEBUG] Found key 'java.ext.dirs' in [systemProperties] with type [String] and value 'C:\Program Files\Java\jdk1.8.0_91\jre\lib\ext;C:\windows\Sun\Java\lib\ext'
[DEBUG] Searching for key 'sun.boot.class.path' in [systemProperties]
[DEBUG] Found key 'sun.boot.class.path' in [systemProperties] with type [String] and value 'C:\Program Files\Java\jdk1.8.0_91\jre\lib\resources.jar;C:\Program Files\Java\jdk1.8.0_91\jre\lib\rt.jar;C:\Program Files\Java\jdk1.8.0_91\jre\lib\sunrsasign.jar;C:\Program Files\Java\jdk1.8.0_91\jre\lib\jsse.jar;C:\Program Files\Java\jdk1.8.0_91\jre\lib\jce.jar;C:\Program Files\Java\jdk1.8.0_91\jre\lib\charsets.jar;C:\Program Files\Java\jdk1.8.0_91\jre\lib\jfr.jar;C:\Program Files\Java\jdk1.8.0_91\jre\classes'
[DEBUG] Searching for key 'java.awt.headless' in [systemProperties]
[DEBUG] Found key 'java.awt.headless' in [systemProperties] with type [String] and value 'true'
[DEBUG] Searching for key 'java.vendor' in [systemProperties]
[DEBUG] Found key 'java.vendor' in [systemProperties] with type [String] and value 'Oracle Corporation'
[DEBUG] Searching for key 'org.gradle.test.worker' in [systemProperties]
[DEBUG] Found key 'org.gradle.test.worker' in [systemProperties] with type [String] and value '1'
[DEBUG] Searching for key 'file.separator' in [systemProperties]
[DEBUG] Found key 'file.separator' in [systemProperties] with type [String] and value '\'
[DEBUG] Searching for key 'java.vendor.url.bug' in [systemProperties]
[DEBUG] Found key 'java.vendor.url.bug' in [systemProperties] with type [String] and value 'http://bugreport.sun.com/bugreport/'
[DEBUG] Searching for key 'sun.io.unicode.encoding' in [systemProperties]
[DEBUG] Found key 'sun.io.unicode.encoding' in [systemProperties] with type [String] and value 'UnicodeLittle'
[DEBUG] Searching for key 'sun.cpu.endian' in [systemProperties]
[DEBUG] Found key 'sun.cpu.endian' in [systemProperties] with type [String] and value 'little'
[DEBUG] Searching for key 'sun.desktop' in [systemProperties]
[DEBUG] Found key 'sun.desktop' in [systemProperties] with type [String] and value 'windows'
[DEBUG] Searching for key 'sun.cpu.isalist' in [systemProperties]
[DEBUG] Found key 'sun.cpu.isalist' in [systemProperties] with type [String] and value 'amd64'
[DEBUG] Searching for key 'USERDOMAIN_ROAMINGPROFILE' in [systemProperties]
[DEBUG] Searching for key 'USERDOMAIN_ROAMINGPROFILE' in [systemEnvironment]
[DEBUG] Found key 'USERDOMAIN_ROAMINGPROFILE' in [systemEnvironment] with type [String] and value 'LAPTOP-D29UP5SP'
[DEBUG] Searching for key 'PROCESSOR_LEVEL' in [systemProperties]
[DEBUG] Searching for key 'PROCESSOR_LEVEL' in [systemEnvironment]
[DEBUG] Found key 'PROCESSOR_LEVEL' in [systemEnvironment] with type [String] and value '6'
[DEBUG] Searching for key 'RegionCode' in [systemProperties]
[DEBUG] Searching for key 'RegionCode' in [systemEnvironment]
[DEBUG] Found key 'RegionCode' in [systemEnvironment] with type [String] and value 'LA'
[DEBUG] Searching for key 'VS140COMNTOOLS' in [systemProperties]
[DEBUG] Searching for key 'VS140COMNTOOLS' in [systemEnvironment]
[DEBUG] Found key 'VS140COMNTOOLS' in [systemEnvironment] with type [String] and value 'C:\Program Files (x86)\Microsoft Visual Studio 14.0\Common7\Tools\'
[DEBUG] Searching for key 'SESSIONNAME' in [systemProperties]
[DEBUG] Searching for key 'SESSIONNAME' in [systemEnvironment]
[DEBUG] Found key 'SESSIONNAME' in [systemEnvironment] with type [String] and value 'Console'
[DEBUG] Searching for key 'ALLUSERSPROFILE' in [systemProperties]
[DEBUG] Searching for key 'ALLUSERSPROFILE' in [systemEnvironment]
[DEBUG] Found key 'ALLUSERSPROFILE' in [systemEnvironment] with type [String] and value 'C:\ProgramData'
[DEBUG] Searching for key 'PROCESSOR_ARCHITECTURE' in [systemProperties]
[DEBUG] Searching for key 'PROCESSOR_ARCHITECTURE' in [systemEnvironment]
[DEBUG] Found key 'PROCESSOR_ARCHITECTURE' in [systemEnvironment] with type [String] and value 'AMD64'
[DEBUG] Searching for key 'PSModulePath' in [systemProperties]
[DEBUG] Searching for key 'PSModulePath' in [systemEnvironment]
[DEBUG] Found key 'PSModulePath' in [systemEnvironment] with type [String] and value 'C:\Program Files\WindowsPowerShell\Modules;C:\windows\system32\WindowsPowerShell\v1.0\Modules'
[DEBUG] Searching for key 'SystemDrive' in [systemProperties]
[DEBUG] Searching for key 'SystemDrive' in [systemEnvironment]
[DEBUG] Found key 'SystemDrive' in [systemEnvironment] with type [String] and value 'C:'
[DEBUG] Searching for key 'DIRNAME' in [systemProperties]
[DEBUG] Searching for key 'DIRNAME' in [systemEnvironment]
[DEBUG] Found key 'DIRNAME' in [systemEnvironment] with type [String] and value 'C:\gradle-2.12\bin\'
[DEBUG] Searching for key 'USERNAME' in [systemProperties]
[DEBUG] Searching for key 'USERNAME' in [systemEnvironment]
[DEBUG] Found key 'USERNAME' in [systemEnvironment] with type [String] and value 'netoz'
[DEBUG] Searching for key 'CMD_LINE_ARGS' in [systemProperties]
[DEBUG] Searching for key 'CMD_LINE_ARGS' in [systemEnvironment]
[DEBUG] Found key 'CMD_LINE_ARGS' in [systemEnvironment] with type [String] and value 'cobertura'
[DEBUG] Searching for key 'ProgramFiles(x86)' in [systemProperties]
[DEBUG] Searching for key 'ProgramFiles(x86)' in [systemEnvironment]
[DEBUG] Found key 'ProgramFiles(x86)' in [systemEnvironment] with type [String] and value 'C:\Program Files (x86)'
[DEBUG] Searching for key 'FPS_BROWSER_USER_PROFILE_STRING' in [systemProperties]
[DEBUG] Searching for key 'FPS_BROWSER_USER_PROFILE_STRING' in [systemEnvironment]
[DEBUG] Found key 'FPS_BROWSER_USER_PROFILE_STRING' in [systemEnvironment] with type [String] and value 'Default'
[DEBUG] Searching for key 'APP_HOME' in [systemProperties]
[DEBUG] Searching for key 'APP_HOME' in [systemEnvironment]
[DEBUG] Found key 'APP_HOME' in [systemEnvironment] with type [String] and value 'C:\gradle-2.12\bin\..'
[DEBUG] Searching for key 'PATHEXT' in [systemProperties]
[DEBUG] Searching for key 'PATHEXT' in [systemEnvironment]
[DEBUG] Found key 'PATHEXT' in [systemEnvironment] with type [String] and value '.COM;.EXE;.BAT;.CMD;.VBS;.VBE;.JS;.JSE;.WSF;.WSH;.MSC'
[DEBUG] Searching for key 'platformcode' in [systemProperties]
[DEBUG] Searching for key 'platformcode' in [systemEnvironment]
[DEBUG] Found key 'platformcode' in [systemEnvironment] with type [String] and value 'KV'
[DEBUG] Searching for key 'ProgramData' in [systemProperties]
[DEBUG] Searching for key 'ProgramData' in [systemEnvironment]
[DEBUG] Found key 'ProgramData' in [systemEnvironment] with type [String] and value 'C:\ProgramData'
[DEBUG] Searching for key 'ProgramW6432' in [systemProperties]
[DEBUG] Searching for key 'ProgramW6432' in [systemEnvironment]
[DEBUG] Found key 'ProgramW6432' in [systemEnvironment] with type [String] and value 'C:\Program Files'
[DEBUG] Searching for key 'HOMEPATH' in [systemProperties]
[DEBUG] Searching for key 'HOMEPATH' in [systemEnvironment]
[DEBUG] Found key 'HOMEPATH' in [systemEnvironment] with type [String] and value '\Users\netoz'
[DEBUG] Searching for key 'PROCESSOR_IDENTIFIER' in [systemProperties]
[DEBUG] Searching for key 'PROCESSOR_IDENTIFIER' in [systemEnvironment]
[DEBUG] Found key 'PROCESSOR_IDENTIFIER' in [systemEnvironment] with type [String] and value 'Intel64 Family 6 Model 76 Stepping 3, GenuineIntel'
[DEBUG] Searching for key 'ProgramFiles' in [systemProperties]
[DEBUG] Searching for key 'ProgramFiles' in [systemEnvironment]
[DEBUG] Found key 'ProgramFiles' in [systemEnvironment] with type [String] and value 'C:\Program Files'
[DEBUG] Searching for key 'PUBLIC' in [systemProperties]
[DEBUG] Searching for key 'PUBLIC' in [systemEnvironment]
[DEBUG] Found key 'PUBLIC' in [systemEnvironment] with type [String] and value 'C:\Users\Public'
[DEBUG] Searching for key 'windir' in [systemProperties]
[DEBUG] Searching for key 'windir' in [systemEnvironment]
[DEBUG] Found key 'windir' in [systemEnvironment] with type [String] and value 'C:\windows'
[DEBUG] Searching for key '=::' in [systemProperties]
[DEBUG] Searching for key '=::' in [systemEnvironment]
[DEBUG] Found key '=::' in [systemEnvironment] with type [String] and value '::\'
[DEBUG] Searching for key '_SKIP' in [systemProperties]
[DEBUG] Searching for key '_SKIP' in [systemEnvironment]
[DEBUG] Found key '_SKIP' in [systemEnvironment] with type [String] and value '2'
[DEBUG] Searching for key 'LOCALAPPDATA' in [systemProperties]
[DEBUG] Searching for key 'LOCALAPPDATA' in [systemEnvironment]
[DEBUG] Found key 'LOCALAPPDATA' in [systemEnvironment] with type [String] and value 'C:\Users\netoz\AppData\Local'
[DEBUG] Searching for key 'USERDOMAIN' in [systemProperties]
[DEBUG] Searching for key 'USERDOMAIN' in [systemEnvironment]
[DEBUG] Found key 'USERDOMAIN' in [systemEnvironment] with type [String] and value 'LAPTOP-D29UP5SP'
[DEBUG] Searching for key 'FPS_BROWSER_APP_PROFILE_STRING' in [systemProperties]
[DEBUG] Searching for key 'FPS_BROWSER_APP_PROFILE_STRING' in [systemEnvironment]
[DEBUG] Found key 'FPS_BROWSER_APP_PROFILE_STRING' in [systemEnvironment] with type [String] and value 'Internet Explorer'
[DEBUG] Searching for key 'LOGONSERVER' in [systemProperties]
[DEBUG] Searching for key 'LOGONSERVER' in [systemEnvironment]
[DEBUG] Found key 'LOGONSERVER' in [systemEnvironment] with type [String] and value '\\MicrosoftAccount'
[DEBUG] Searching for key 'JAVA_HOME' in [systemProperties]
[DEBUG] Searching for key 'JAVA_HOME' in [systemEnvironment]
[DEBUG] Found key 'JAVA_HOME' in [systemEnvironment] with type [String] and value 'C:\Program Files\Java\jre1.8.0_91'
[DEBUG] Searching for key 'PROMPT' in [systemProperties]
[DEBUG] Searching for key 'PROMPT' in [systemEnvironment]
[DEBUG] Found key 'PROMPT' in [systemEnvironment] with type [String] and value '$P$G'
[DEBUG] Searching for key 'VS120COMNTOOLS' in [systemProperties]
[DEBUG] Searching for key 'VS120COMNTOOLS' in [systemEnvironment]
[DEBUG] Found key 'VS120COMNTOOLS' in [systemEnvironment] with type [String] and value 'C:\Program Files (x86)\Microsoft Visual Studio 12.0\Common7\Tools\'
[DEBUG] Searching for key 'GRADLE_HOME' in [systemProperties]
[DEBUG] Searching for key 'GRADLE_HOME' in [systemEnvironment]
[DEBUG] Found key 'GRADLE_HOME' in [systemEnvironment] with type [String] and value 'C:\gradle-2.12'
[DEBUG] Searching for key '=C:' in [systemProperties]
[DEBUG] Searching for key '=C:' in [systemEnvironment]
[DEBUG] Found key '=C:' in [systemEnvironment] with type [String] and value 'C:\Users\netoz\Documents\workspace-sts-3.7.3.RELEASE\Social-UACM'
[DEBUG] Searching for key 'APPDATA' in [systemProperties]
[DEBUG] Searching for key 'APPDATA' in [systemEnvironment]
[DEBUG] Found key 'APPDATA' in [systemEnvironment] with type [String] and value 'C:\Users\netoz\AppData\Roaming'
[DEBUG] Searching for key 'JAVA_EXE' in [systemProperties]
[DEBUG] Searching for key 'JAVA_EXE' in [systemEnvironment]
[DEBUG] Found key 'JAVA_EXE' in [systemEnvironment] with type [String] and value 'C:\Program Files\Java\jre1.8.0_91/bin/java.exe'
[DEBUG] Searching for key 'CommonProgramFiles' in [systemProperties]
[DEBUG] Searching for key 'CommonProgramFiles' in [systemEnvironment]
[DEBUG] Found key 'CommonProgramFiles' in [systemEnvironment] with type [String] and value 'C:\Program Files\Common Files'
[DEBUG] Searching for key 'JMETER_HOME' in [systemProperties]
[DEBUG] Searching for key 'JMETER_HOME' in [systemEnvironment]
[DEBUG] Found key 'JMETER_HOME' in [systemEnvironment] with type [String] and value 'C:\JMeter'
[DEBUG] Searching for key 'Path' in [systemProperties]
[DEBUG] Searching for key 'Path' in [systemEnvironment]
[DEBUG] Found key 'Path' in [systemEnvironment] with type [String] and value 'C:\ProgramData\Oracle\Java\javapath;C:\Program Files (x86)\Intel\TXE Components\TCS\;C:\Program Files\Intel\TXE Components\TCS\;C:\windows\system32;C:\windows;C:\windows\System32\Wbem;C:\windows\System32\WindowsPowerShell\v1.0\;C:\Program Files\Intel\TXE Components\DAL\;C:\Program Files (x86)\Intel\TXE Components\DAL\;C:\Program Files\Intel\TXE Components\IPT\;C:\Program Files (x86)\Intel\TXE Components\IPT\;C:\Program Files\Java\jre1.8.0_91\bin;C:\gradle-2.12\bin;C:\Program Files (x86)\MySQL\MySQL Fabric 1.5 & MySQL Utilities 1.5\;C:\Program Files (x86)\MySQL\MySQL Fabric 1.5 & MySQL Utilities 1.5\Doctrine extensions for PHP\;C:\Program Files (x86)\Windows Live\Shared;C:\windows\system32\config\systemprofile\.dnx\bin;C:\Program Files\Microsoft DNX\Dnvm\;C:\Program Files\Microsoft SQL Server\130\Tools\Binn\;C:\JMeter\bin;C:\Program Files\Java\jre1.8.0_91\bin;C:\Program Files (x86)\Windows Kits\10\Windows Performance Toolkit\;C:\Program Files (x86)\nodejs\;C:\Program Files\Git\cmd;C:\Users\netoz\AppData\Roaming\npm'
[DEBUG] Searching for key 'OS' in [systemProperties]
[DEBUG] Searching for key 'OS' in [systemEnvironment]
[DEBUG] Found key 'OS' in [systemEnvironment] with type [String] and value 'Windows_NT'
[DEBUG] Searching for key 'COMPUTERNAME' in [systemProperties]
[DEBUG] Searching for key 'COMPUTERNAME' in [systemEnvironment]
[DEBUG] Found key 'COMPUTERNAME' in [systemEnvironment] with type [String] and value 'LAPTOP-D29UP5SP'
[DEBUG] Searching for key 'OnlineServices' in [systemProperties]
[DEBUG] Searching for key 'OnlineServices' in [systemEnvironment]
[DEBUG] Found key 'OnlineServices' in [systemEnvironment] with type [String] and value 'Online Services'
[DEBUG] Searching for key 'PROCESSOR_REVISION' in [systemProperties]
[DEBUG] Searching for key 'PROCESSOR_REVISION' in [systemEnvironment]
[DEBUG] Found key 'PROCESSOR_REVISION' in [systemEnvironment] with type [String] and value '4c03'
[DEBUG] Searching for key 'CLASSPATH' in [systemProperties]
[DEBUG] Searching for key 'CLASSPATH' in [systemEnvironment]
[DEBUG] Found key 'CLASSPATH' in [systemEnvironment] with type [String] and value 'C:\gradle-2.12\bin\..\lib\gradle-launcher-2.12.jar'
[DEBUG] Searching for key 'CommonProgramW6432' in [systemProperties]
[DEBUG] Searching for key 'CommonProgramW6432' in [systemEnvironment]
[DEBUG] Found key 'CommonProgramW6432' in [systemEnvironment] with type [String] and value 'C:\Program Files\Common Files'
[DEBUG] Searching for key 'ComSpec' in [systemProperties]
[DEBUG] Searching for key 'ComSpec' in [systemEnvironment]
[DEBUG] Found key 'ComSpec' in [systemEnvironment] with type [String] and value 'C:\windows\system32\cmd.exe'
[DEBUG] Searching for key 'APP_BASE_NAME' in [systemProperties]
[DEBUG] Searching for key 'APP_BASE_NAME' in [systemEnvironment]
[DEBUG] Found key 'APP_BASE_NAME' in [systemEnvironment] with type [String] and value 'gradle'
[DEBUG] Searching for key 'SystemRoot' in [systemProperties]
[DEBUG] Searching for key 'SystemRoot' in [systemEnvironment]
[DEBUG] Found key 'SystemRoot' in [systemEnvironment] with type [String] and value 'C:\windows'
[DEBUG] Searching for key 'TEMP' in [systemProperties]
[DEBUG] Searching for key 'TEMP' in [systemEnvironment]
[DEBUG] Found key 'TEMP' in [systemEnvironment] with type [String] and value 'C:\Users\netoz\AppData\Local\Temp'
[DEBUG] Searching for key 'HOMEDRIVE' in [systemProperties]
[DEBUG] Searching for key 'HOMEDRIVE' in [systemEnvironment]
[DEBUG] Found key 'HOMEDRIVE' in [systemEnvironment] with type [String] and value 'C:'
[DEBUG] Searching for key 'USERPROFILE' in [systemProperties]
[DEBUG] Searching for key 'USERPROFILE' in [systemEnvironment]
[DEBUG] Found key 'USERPROFILE' in [systemEnvironment] with type [String] and value 'C:\Users\netoz'
[DEBUG] Searching for key 'TMP' in [systemProperties]
[DEBUG] Searching for key 'TMP' in [systemEnvironment]
[DEBUG] Found key 'TMP' in [systemEnvironment] with type [String] and value 'C:\Users\netoz\AppData\Local\Temp'
[DEBUG] Searching for key 'VS110COMNTOOLS' in [systemProperties]
[DEBUG] Searching for key 'VS110COMNTOOLS' in [systemEnvironment]
[DEBUG] Found key 'VS110COMNTOOLS' in [systemEnvironment] with type [String] and value 'C:\Program Files (x86)\Microsoft Visual Studio 11.0\Common7\Tools\'
[DEBUG] Searching for key 'CommonProgramFiles(x86)' in [systemProperties]
[DEBUG] Searching for key 'CommonProgramFiles(x86)' in [systemEnvironment]
[DEBUG] Found key 'CommonProgramFiles(x86)' in [systemEnvironment] with type [String] and value 'C:\Program Files (x86)\Common Files'
[DEBUG] Searching for key 'NUMBER_OF_PROCESSORS' in [systemProperties]
[DEBUG] Searching for key 'NUMBER_OF_PROCESSORS' in [systemEnvironment]
[DEBUG] Found key 'NUMBER_OF_PROCESSORS' in [systemEnvironment] with type [String] and value '2'
[DEBUG] Searching for key 'spring.jmx.enabled' in [systemProperties]
[DEBUG] Searching for key 'spring.jmx.enabled' in [systemEnvironment]
[DEBUG] Searching for key 'spring.jmx.enabled' in [random]
[DEBUG] Searching for key 'spring.jmx.enabled' in [integrationTest]
[DEBUG] Found key 'spring.jmx.enabled' in [integrationTest] with type [String] and value 'false'
[DEBUG] Searching for key 'server.port' in [systemProperties]
[DEBUG] Searching for key 'server.port' in [systemEnvironment]
[DEBUG] Searching for key 'server.port' in [random]
[DEBUG] Searching for key 'server.port' in [integrationTest]
[DEBUG] Found key 'server.port' in [integrationTest] with type [String] and value '-1'
[DEBUG] Searching for key 'spring.datasource.url' in [systemProperties]
[DEBUG] Searching for key 'spring.datasource.url' in [systemEnvironment]
[DEBUG] Searching for key 'spring.datasource.url' in [random]
[DEBUG] Searching for key 'spring.datasource.url' in [integrationTest]
[DEBUG] Searching for key 'spring.datasource.url' in [applicationConfigurationProperties]
[DEBUG] Found key 'spring.datasource.url' in [applicationConfigurationProperties] with type [String] and value 'jdbc:mysql://localhost:3306/socialuacm'
[DEBUG] Searching for key 'spring.datasource.username' in [systemProperties]
[DEBUG] Searching for key 'spring.datasource.username' in [systemEnvironment]
[DEBUG] Searching for key 'spring.datasource.username' in [random]
[DEBUG] Searching for key 'spring.datasource.username' in [integrationTest]
[DEBUG] Searching for key 'spring.datasource.username' in [applicationConfigurationProperties]
[DEBUG] Found key 'spring.datasource.username' in [applicationConfigurationProperties] with type [String] and value 'root'
[DEBUG] Searching for key 'spring.jpa.hibernate.ddl-auto' in [systemProperties]
[DEBUG] Searching for key 'spring.jpa.hibernate.ddl-auto' in [systemEnvironment]
[DEBUG] Searching for key 'spring.jpa.hibernate.ddl-auto' in [random]
[DEBUG] Searching for key 'spring.jpa.hibernate.ddl-auto' in [integrationTest]
[DEBUG] Searching for key 'spring.jpa.hibernate.ddl-auto' in [applicationConfigurationProperties]
[DEBUG] Found key 'spring.jpa.hibernate.ddl-auto' in [applicationConfigurationProperties] with type [String] and value 'update'
[DEBUG] Searching for key 'spring.datasource.driver-class-name' in [systemProperties]
[DEBUG] Searching for key 'spring.datasource.driver-class-name' in [systemEnvironment]
[DEBUG] Searching for key 'spring.datasource.driver-class-name' in [random]
[DEBUG] Searching for key 'spring.datasource.driver-class-name' in [integrationTest]
[DEBUG] Searching for key 'spring.datasource.driver-class-name' in [applicationConfigurationProperties]
[DEBUG] Found key 'spring.datasource.driver-class-name' in [applicationConfigurationProperties] with type [String] and value 'com.mysql.jdbc.Driver'
[DEBUG] Searching for key 'spring.jpa.database' in [systemProperties]
[DEBUG] Searching for key 'spring.jpa.database' in [systemEnvironment]
[DEBUG] Searching for key 'spring.jpa.database' in [random]
[DEBUG] Searching for key 'spring.jpa.database' in [integrationTest]
[DEBUG] Searching for key 'spring.jpa.database' in [applicationConfigurationProperties]
[DEBUG] Found key 'spring.jpa.database' in [applicationConfigurationProperties] with type [String] and value 'MYSQL'
[DEBUG] Searching for key 'logging.level.edu.uacm' in [systemProperties]
[DEBUG] Searching for key 'logging.level.edu.uacm' in [systemEnvironment]
[DEBUG] Searching for key 'logging.level.edu.uacm' in [random]
[DEBUG] Searching for key 'logging.level.edu.uacm' in [integrationTest]
[DEBUG] Searching for key 'logging.level.edu.uacm' in [applicationConfigurationProperties]
[DEBUG] Found key 'logging.level.edu.uacm' in [applicationConfigurationProperties] with type [String] and value 'DEBUG'
[DEBUG] Searching for key 'spring.jpa.hibernate.naming-strategy' in [systemProperties]
[DEBUG] Searching for key 'spring.jpa.hibernate.naming-strategy' in [systemEnvironment]
[DEBUG] Searching for key 'spring.jpa.hibernate.naming-strategy' in [random]
[DEBUG] Searching for key 'spring.jpa.hibernate.naming-strategy' in [integrationTest]
[DEBUG] Searching for key 'spring.jpa.hibernate.naming-strategy' in [applicationConfigurationProperties]
[DEBUG] Found key 'spring.jpa.hibernate.naming-strategy' in [applicationConfigurationProperties] with type [String] and value 'org.hibernate.cfg.ImprovedNamingStrategy'
[DEBUG] Searching for key 'spring.datasource.password' in [systemProperties]
[DEBUG] Searching for key 'spring.datasource.password' in [systemEnvironment]
[DEBUG] Searching for key 'spring.datasource.password' in [random]
[DEBUG] Searching for key 'spring.datasource.password' in [integrationTest]
[DEBUG] Searching for key 'spring.datasource.password' in [applicationConfigurationProperties]
[DEBUG] Found key 'spring.datasource.password' in [applicationConfigurationProperties] with type [String] and value ''
[DEBUG] Searching for key 'spring.jpa.properties.hibernate.dialect' in [systemProperties]
[DEBUG] Searching for key 'spring.jpa.properties.hibernate.dialect' in [systemEnvironment]
[DEBUG] Searching for key 'spring.jpa.properties.hibernate.dialect' in [random]
[DEBUG] Searching for key 'spring.jpa.properties.hibernate.dialect' in [integrationTest]
[DEBUG] Searching for key 'spring.jpa.properties.hibernate.dialect' in [applicationConfigurationProperties]
[DEBUG] Found key 'spring.jpa.properties.hibernate.dialect' in [applicationConfigurationProperties] with type [String] and value 'org.hibernate.dialect.MySQL5Dialect'
[DEBUG] Searching for key 'spring.jpa.show-sql' in [systemProperties]
[DEBUG] Searching for key 'spring.jpa.show-sql' in [systemEnvironment]
[DEBUG] Searching for key 'spring.jpa.show-sql' in [random]
[DEBUG] Searching for key 'spring.jpa.show-sql' in [integrationTest]
[DEBUG] Searching for key 'spring.jpa.show-sql' in [applicationConfigurationProperties]
[DEBUG] Found key 'spring.jpa.show-sql' in [applicationConfigurationProperties] with type [String] and value 'true'
[DEBUG] Returning cached instance of singleton bean 'autoConfigurationReport'
[DEBUG] Returning cached instance of singleton bean 'autoConfigurationReport'
[DEBUG] Returning cached instance of singleton bean 'autoConfigurationReport'
[DEBUG] Registered bean definition for imported class 'org.springframework.boot.autoconfigure.thymeleaf.ThymeleafAutoConfiguration$ThymeleafViewResolverConfiguration'
[DEBUG] Returning cached instance of singleton bean 'autoConfigurationReport'
[DEBUG] Returning cached instance of singleton bean 'autoConfigurationReport'
[DEBUG] Registering bean definition for @Bean method org.springframework.boot.autoconfigure.thymeleaf.ThymeleafAutoConfiguration$ThymeleafViewResolverConfiguration.thymeleafViewResolver()
[DEBUG] Returning cached instance of singleton bean 'org.springframework.boot.autoconfigure.condition.BeanTypeRegistry'
[DEBUG] Returning cached instance of singleton bean 'autoConfigurationReport'
[DEBUG] Registered bean definition for imported class 'org.springframework.boot.autoconfigure.thymeleaf.ThymeleafAutoConfiguration$ThymeleafDefaultConfiguration'
[DEBUG] Registering bean definition for @Bean method org.springframework.boot.autoconfigure.thymeleaf.ThymeleafAutoConfiguration$ThymeleafDefaultConfiguration.templateEngine()
[DEBUG] Returning cached instance of singleton bean 'autoConfigurationReport'
[DEBUG] Registered bean definition for imported class 'org.springframework.boot.autoconfigure.thymeleaf.ThymeleafAutoConfiguration$DefaultTemplateResolverConfiguration'
[DEBUG] Registering bean definition for @Bean method org.springframework.boot.autoconfigure.thymeleaf.ThymeleafAutoConfiguration$DefaultTemplateResolverConfiguration.defaultTemplateResolver()
[DEBUG] Registering bean definition for @Bean method org.springframework.boot.autoconfigure.thymeleaf.ThymeleafAutoConfiguration$DefaultTemplateResolverConfiguration.thymeleafResourceResolver()
[DEBUG] Registered bean definition for imported class 'org.springframework.boot.autoconfigure.thymeleaf.ThymeleafAutoConfiguration'
[DEBUG] Returning cached instance of singleton bean 'autoConfigurationReport'
[DEBUG] Returning cached instance of singleton bean 'autoConfigurationReport'
[DEBUG] Registered bean definition for imported class 'org.springframework.boot.autoconfigure.security.SecurityFilterAutoConfiguration'
[DEBUG] Returning cached instance of singleton bean 'autoConfigurationReport'
[DEBUG] Registering bean definition for @Bean method org.springframework.boot.autoconfigure.security.SecurityFilterAutoConfiguration.securityFilterChainRegistration()
[DEBUG] Returning cached instance of singleton bean 'org.springframework.boot.autoconfigure.condition.BeanTypeRegistry'
[DEBUG] Returning cached instance of singleton bean 'autoConfigurationReport'
[DEBUG] Returning cached instance of singleton bean 'autoConfigurationReport'
[DEBUG] Returning cached instance of singleton bean 'org.springframework.boot.autoconfigure.condition.BeanTypeRegistry'
[DEBUG] Returning cached instance of singleton bean 'autoConfigurationReport'
[DEBUG] Registered bean definition for imported class 'org.springframework.boot.autoconfigure.transaction.TransactionAutoConfiguration'
[DEBUG] Returning cached instance of singleton bean 'org.springframework.boot.autoconfigure.condition.BeanTypeRegistry'
[DEBUG] Returning cached instance of singleton bean 'autoConfigurationReport'
[DEBUG] Registering bean definition for @Bean method org.springframework.boot.autoconfigure.transaction.TransactionAutoConfiguration.transactionTemplate()
[DEBUG] Returning cached instance of singleton bean 'autoConfigurationReport'
[DEBUG] Returning cached instance of singleton bean 'autoConfigurationReport'
[DEBUG] Registered bean definition for imported class 'org.springframework.boot.autoconfigure.web.HttpEncodingAutoConfiguration'
[DEBUG] Returning cached instance of singleton bean 'org.springframework.boot.autoconfigure.condition.BeanTypeRegistry'
[DEBUG] Returning cached instance of singleton bean 'autoConfigurationReport'
[DEBUG] Registering bean definition for @Bean method org.springframework.boot.autoconfigure.web.HttpEncodingAutoConfiguration.characterEncodingFilter()
[DEBUG] Returning cached instance of singleton bean 'autoConfigurationReport'
[DEBUG] Returning cached instance of singleton bean 'autoConfigurationReport'
[DEBUG] Registered bean definition for imported class 'org.springframework.boot.autoconfigure.web.MultipartAutoConfiguration'
[DEBUG] Returning cached instance of singleton bean 'org.springframework.boot.autoconfigure.condition.BeanTypeRegistry'
[DEBUG] Returning cached instance of singleton bean 'autoConfigurationReport'
[DEBUG] Registering bean definition for @Bean method org.springframework.boot.autoconfigure.web.MultipartAutoConfiguration.multipartConfigElement()
[DEBUG] Returning cached instance of singleton bean 'org.springframework.boot.autoconfigure.condition.BeanTypeRegistry'
[DEBUG] Returning cached instance of singleton bean 'autoConfigurationReport'
[DEBUG] Registering bean definition for @Bean method org.springframework.boot.autoconfigure.web.MultipartAutoConfiguration.multipartResolver()
[DEBUG] Returning cached instance of singleton bean 'autoConfigurationReport'
[DEBUG] Registered bean definition for imported class 'org.springframework.boot.autoconfigure.web.ServerPropertiesAutoConfiguration'
[DEBUG] Returning cached instance of singleton bean 'org.springframework.boot.autoconfigure.condition.BeanTypeRegistry'
[DEBUG] Returning cached instance of singleton bean 'autoConfigurationReport'
[DEBUG] Registering bean definition for @Bean method org.springframework.boot.autoconfigure.web.ServerPropertiesAutoConfiguration.serverProperties()
[DEBUG] Registering bean definition for @Bean method org.springframework.boot.autoconfigure.web.ServerPropertiesAutoConfiguration.duplicateServerPropertiesDetector()
[DEBUG] Successfully enhanced social.edu.uacm.Application; enhanced class name is: social.edu.uacm.Application$$EnhancerBySpringCGLIB$$cf5aa18b
[DEBUG] Replacing bean definition 'application' existing class 'social.edu.uacm.Application' with enhanced class 'social.edu.uacm.Application$$EnhancerBySpringCGLIB$$cf5aa18b'
[DEBUG] Successfully enhanced social.edu.uacm.MvcConfig; enhanced class name is: social.edu.uacm.MvcConfig$$EnhancerBySpringCGLIB$$cebbf837
[DEBUG] Replacing bean definition 'mvcConfig' existing class 'social.edu.uacm.MvcConfig' with enhanced class 'social.edu.uacm.MvcConfig$$EnhancerBySpringCGLIB$$cebbf837'
[DEBUG] Successfully enhanced social.edu.uacm.WebSecurityConfig; enhanced class name is: social.edu.uacm.WebSecurityConfig$$EnhancerBySpringCGLIB$$51f0b491
[DEBUG] Replacing bean definition 'webSecurityConfig' existing class 'social.edu.uacm.WebSecurityConfig' with enhanced class 'social.edu.uacm.WebSecurityConfig$$EnhancerBySpringCGLIB$$51f0b491'
[DEBUG] Successfully enhanced org.springframework.security.config.annotation.authentication.configuration.AuthenticationConfiguration; enhanced class name is: org.springframework.security.config.annotation.authentication.configuration.AuthenticationConfiguration$$EnhancerBySpringCGLIB$$df2f5a44
[DEBUG] Replacing bean definition 'org.springframework.security.config.annotation.authentication.configuration.AuthenticationConfiguration' existing class 'org.springframework.security.config.annotation.authentication.configuration.AuthenticationConfiguration' with enhanced class 'org.springframework.security.config.annotation.authentication.configuration.AuthenticationConfiguration$$EnhancerBySpringCGLIB$$df2f5a44'
[DEBUG] Successfully enhanced org.springframework.security.config.annotation.authentication.configuration.AuthenticationConfiguration; enhanced class name is: org.springframework.security.config.annotation.authentication.configuration.AuthenticationConfiguration$$EnhancerBySpringCGLIB$$df2f5a44
[DEBUG] Replacing bean definition 'enableGlobalAuthenticationAutowiredConfigurer' existing class 'org.springframework.security.config.annotation.authentication.configuration.AuthenticationConfiguration' with enhanced class 'org.springframework.security.config.annotation.authentication.configuration.AuthenticationConfiguration$$EnhancerBySpringCGLIB$$df2f5a44'
[DEBUG] Successfully enhanced org.springframework.security.config.annotation.web.configuration.WebSecurityConfiguration; enhanced class name is: org.springframework.security.config.annotation.web.configuration.WebSecurityConfiguration$$EnhancerBySpringCGLIB$$32fbbc08
[DEBUG] Replacing bean definition 'org.springframework.security.config.annotation.web.configuration.WebSecurityConfiguration' existing class 'org.springframework.security.config.annotation.web.configuration.WebSecurityConfiguration' with enhanced class 'org.springframework.security.config.annotation.web.configuration.WebSecurityConfiguration$$EnhancerBySpringCGLIB$$32fbbc08'
[DEBUG] Successfully enhanced org.springframework.security.config.annotation.web.configuration.WebSecurityConfiguration; enhanced class name is: org.springframework.security.config.annotation.web.configuration.WebSecurityConfiguration$$EnhancerBySpringCGLIB$$32fbbc08
[DEBUG] Replacing bean definition 'delegatingApplicationListener' existing class 'org.springframework.security.config.annotation.web.configuration.WebSecurityConfiguration' with enhanced class 'org.springframework.security.config.annotation.web.configuration.WebSecurityConfiguration$$EnhancerBySpringCGLIB$$32fbbc08'
[DEBUG] Successfully enhanced org.springframework.security.config.annotation.configuration.ObjectPostProcessorConfiguration; enhanced class name is: org.springframework.security.config.annotation.configuration.ObjectPostProcessorConfiguration$$EnhancerBySpringCGLIB$$47927a6f
[DEBUG] Replacing bean definition 'org.springframework.security.config.annotation.configuration.ObjectPostProcessorConfiguration' existing class 'org.springframework.security.config.annotation.configuration.ObjectPostProcessorConfiguration' with enhanced class 'org.springframework.security.config.annotation.configuration.ObjectPostProcessorConfiguration$$EnhancerBySpringCGLIB$$47927a6f'
[DEBUG] Successfully enhanced org.springframework.boot.autoconfigure.PropertyPlaceholderAutoConfiguration; enhanced class name is: org.springframework.boot.autoconfigure.PropertyPlaceholderAutoConfiguration$$EnhancerBySpringCGLIB$$6f6a52af
[DEBUG] Replacing bean definition 'org.springframework.boot.autoconfigure.PropertyPlaceholderAutoConfiguration' existing class 'org.springframework.boot.autoconfigure.PropertyPlaceholderAutoConfiguration' with enhanced class 'org.springframework.boot.autoconfigure.PropertyPlaceholderAutoConfiguration$$EnhancerBySpringCGLIB$$6f6a52af'
[DEBUG] Successfully enhanced org.springframework.boot.autoconfigure.PropertyPlaceholderAutoConfiguration; enhanced class name is: org.springframework.boot.autoconfigure.PropertyPlaceholderAutoConfiguration$$EnhancerBySpringCGLIB$$6f6a52af
[DEBUG] Replacing bean definition 'propertySourcesPlaceholderConfigurer' existing class 'org.springframework.boot.autoconfigure.PropertyPlaceholderAutoConfiguration' with enhanced class 'org.springframework.boot.autoconfigure.PropertyPlaceholderAutoConfiguration$$EnhancerBySpringCGLIB$$6f6a52af'
[DEBUG] Successfully enhanced org.springframework.boot.autoconfigure.websocket.WebSocketAutoConfiguration$TomcatWebSocketConfiguration; enhanced class name is: org.springframework.boot.autoconfigure.websocket.WebSocketAutoConfiguration$TomcatWebSocketConfiguration$$EnhancerBySpringCGLIB$$c32ae07e
[DEBUG] Replacing bean definition 'org.springframework.boot.autoconfigure.websocket.WebSocketAutoConfiguration$TomcatWebSocketConfiguration' existing class 'org.springframework.boot.autoconfigure.websocket.WebSocketAutoConfiguration$TomcatWebSocketConfiguration' with enhanced class 'org.springframework.boot.autoconfigure.websocket.WebSocketAutoConfiguration$TomcatWebSocketConfiguration$$EnhancerBySpringCGLIB$$c32ae07e'
[DEBUG] Successfully enhanced org.springframework.boot.autoconfigure.websocket.WebSocketAutoConfiguration; enhanced class name is: org.springframework.boot.autoconfigure.websocket.WebSocketAutoConfiguration$$EnhancerBySpringCGLIB$$45861acd
[DEBUG] Replacing bean definition 'org.springframework.boot.autoconfigure.websocket.WebSocketAutoConfiguration' existing class 'org.springframework.boot.autoconfigure.websocket.WebSocketAutoConfiguration' with enhanced class 'org.springframework.boot.autoconfigure.websocket.WebSocketAutoConfiguration$$EnhancerBySpringCGLIB$$45861acd'
[DEBUG] Successfully enhanced org.springframework.boot.autoconfigure.web.EmbeddedServletContainerAutoConfiguration$EmbeddedTomcat; enhanced class name is: org.springframework.boot.autoconfigure.web.EmbeddedServletContainerAutoConfiguration$EmbeddedTomcat$$EnhancerBySpringCGLIB$$b4fa4111
[DEBUG] Replacing bean definition 'org.springframework.boot.autoconfigure.web.EmbeddedServletContainerAutoConfiguration$EmbeddedTomcat' existing class 'org.springframework.boot.autoconfigure.web.EmbeddedServletContainerAutoConfiguration$EmbeddedTomcat' with enhanced class 'org.springframework.boot.autoconfigure.web.EmbeddedServletContainerAutoConfiguration$EmbeddedTomcat$$EnhancerBySpringCGLIB$$b4fa4111'
[DEBUG] Successfully enhanced org.springframework.boot.autoconfigure.web.EmbeddedServletContainerAutoConfiguration; enhanced class name is: org.springframework.boot.autoconfigure.web.EmbeddedServletContainerAutoConfiguration$$EnhancerBySpringCGLIB$$8288f9b5
[DEBUG] Replacing bean definition 'org.springframework.boot.autoconfigure.web.EmbeddedServletContainerAutoConfiguration' existing class 'org.springframework.boot.autoconfigure.web.EmbeddedServletContainerAutoConfiguration' with enhanced class 'org.springframework.boot.autoconfigure.web.EmbeddedServletContainerAutoConfiguration$$EnhancerBySpringCGLIB$$8288f9b5'
[DEBUG] Successfully enhanced org.springframework.boot.autoconfigure.web.DispatcherServletAutoConfiguration$DispatcherServletConfiguration; enhanced class name is: org.springframework.boot.autoconfigure.web.DispatcherServletAutoConfiguration$DispatcherServletConfiguration$$EnhancerBySpringCGLIB$$523b5e87
[DEBUG] Replacing bean definition 'org.springframework.boot.autoconfigure.web.DispatcherServletAutoConfiguration$DispatcherServletConfiguration' existing class 'org.springframework.boot.autoconfigure.web.DispatcherServletAutoConfiguration$DispatcherServletConfiguration' with enhanced class 'org.springframework.boot.autoconfigure.web.DispatcherServletAutoConfiguration$DispatcherServletConfiguration$$EnhancerBySpringCGLIB$$523b5e87'
[DEBUG] Successfully enhanced org.springframework.boot.autoconfigure.web.DispatcherServletAutoConfiguration; enhanced class name is: org.springframework.boot.autoconfigure.web.DispatcherServletAutoConfiguration$$EnhancerBySpringCGLIB$$251bb949
[DEBUG] Replacing bean definition 'org.springframework.boot.autoconfigure.web.DispatcherServletAutoConfiguration' existing class 'org.springframework.boot.autoconfigure.web.DispatcherServletAutoConfiguration' with enhanced class 'org.springframework.boot.autoconfigure.web.DispatcherServletAutoConfiguration$$EnhancerBySpringCGLIB$$251bb949'
[DEBUG] Successfully enhanced org.springframework.boot.autoconfigure.web.ErrorMvcAutoConfiguration; enhanced class name is: org.springframework.boot.autoconfigure.web.ErrorMvcAutoConfiguration$$EnhancerBySpringCGLIB$$d4e20ce9
[DEBUG] Replacing bean definition 'org.springframework.boot.autoconfigure.web.ErrorMvcAutoConfiguration' existing class 'org.springframework.boot.autoconfigure.web.ErrorMvcAutoConfiguration' with enhanced class 'org.springframework.boot.autoconfigure.web.ErrorMvcAutoConfiguration$$EnhancerBySpringCGLIB$$d4e20ce9'
[DEBUG] Successfully enhanced org.springframework.boot.autoconfigure.web.ErrorMvcAutoConfiguration; enhanced class name is: org.springframework.boot.autoconfigure.web.ErrorMvcAutoConfiguration$$EnhancerBySpringCGLIB$$d4e20ce9
[DEBUG] Replacing bean definition 'preserveErrorControllerTargetClassPostProcessor' existing class 'org.springframework.boot.autoconfigure.web.ErrorMvcAutoConfiguration' with enhanced class 'org.springframework.boot.autoconfigure.web.ErrorMvcAutoConfiguration$$EnhancerBySpringCGLIB$$d4e20ce9'
[DEBUG] Successfully enhanced org.springframework.boot.autoconfigure.web.WebMvcAutoConfiguration$EnableWebMvcConfiguration; enhanced class name is: org.springframework.boot.autoconfigure.web.WebMvcAutoConfiguration$EnableWebMvcConfiguration$$EnhancerBySpringCGLIB$$4447465e
[DEBUG] Replacing bean definition 'org.springframework.boot.autoconfigure.web.WebMvcAutoConfiguration$EnableWebMvcConfiguration' existing class 'org.springframework.boot.autoconfigure.web.WebMvcAutoConfiguration$EnableWebMvcConfiguration' with enhanced class 'org.springframework.boot.autoconfigure.web.WebMvcAutoConfiguration$EnableWebMvcConfiguration$$EnhancerBySpringCGLIB$$4447465e'
[DEBUG] Successfully enhanced org.springframework.boot.autoconfigure.web.WebMvcAutoConfiguration$WebMvcAutoConfigurationAdapter$FaviconConfiguration; enhanced class name is: org.springframework.boot.autoconfigure.web.WebMvcAutoConfiguration$WebMvcAutoConfigurationAdapter$FaviconConfiguration$$EnhancerBySpringCGLIB$$6567eee9
[DEBUG] Replacing bean definition 'org.springframework.boot.autoconfigure.web.WebMvcAutoConfiguration$WebMvcAutoConfigurationAdapter$FaviconConfiguration' existing class 'org.springframework.boot.autoconfigure.web.WebMvcAutoConfiguration$WebMvcAutoConfigurationAdapter$FaviconConfiguration' with enhanced class 'org.springframework.boot.autoconfigure.web.WebMvcAutoConfiguration$WebMvcAutoConfigurationAdapter$FaviconConfiguration$$EnhancerBySpringCGLIB$$6567eee9'
[DEBUG] Successfully enhanced org.springframework.boot.autoconfigure.web.WebMvcAutoConfiguration$WebMvcAutoConfigurationAdapter; enhanced class name is: org.springframework.boot.autoconfigure.web.WebMvcAutoConfiguration$WebMvcAutoConfigurationAdapter$$EnhancerBySpringCGLIB$$b58f4971
[DEBUG] Replacing bean definition 'org.springframework.boot.autoconfigure.web.WebMvcAutoConfiguration$WebMvcAutoConfigurationAdapter' existing class 'org.springframework.boot.autoconfigure.web.WebMvcAutoConfiguration$WebMvcAutoConfigurationAdapter' with enhanced class 'org.springframework.boot.autoconfigure.web.WebMvcAutoConfiguration$WebMvcAutoConfigurationAdapter$$EnhancerBySpringCGLIB$$b58f4971'
[DEBUG] Successfully enhanced org.springframework.boot.autoconfigure.web.WebMvcAutoConfiguration; enhanced class name is: org.springframework.boot.autoconfigure.web.WebMvcAutoConfiguration$$EnhancerBySpringCGLIB$$6149f2b5
[DEBUG] Replacing bean definition 'org.springframework.boot.autoconfigure.web.WebMvcAutoConfiguration' existing class 'org.springframework.boot.autoconfigure.web.WebMvcAutoConfiguration' with enhanced class 'org.springframework.boot.autoconfigure.web.WebMvcAutoConfiguration$$EnhancerBySpringCGLIB$$6149f2b5'
[DEBUG] Successfully enhanced org.springframework.boot.autoconfigure.aop.AopAutoConfiguration$JdkDynamicAutoProxyConfiguration; enhanced class name is: org.springframework.boot.autoconfigure.aop.AopAutoConfiguration$JdkDynamicAutoProxyConfiguration$$EnhancerBySpringCGLIB$$e1225ec6
[DEBUG] Replacing bean definition 'org.springframework.boot.autoconfigure.aop.AopAutoConfiguration$JdkDynamicAutoProxyConfiguration' existing class 'org.springframework.boot.autoconfigure.aop.AopAutoConfiguration$JdkDynamicAutoProxyConfiguration' with enhanced class 'org.springframework.boot.autoconfigure.aop.AopAutoConfiguration$JdkDynamicAutoProxyConfiguration$$EnhancerBySpringCGLIB$$e1225ec6'
[DEBUG] Successfully enhanced org.springframework.boot.autoconfigure.aop.AopAutoConfiguration; enhanced class name is: org.springframework.boot.autoconfigure.aop.AopAutoConfiguration$$EnhancerBySpringCGLIB$$ae06fff7
[DEBUG] Replacing bean definition 'org.springframework.boot.autoconfigure.aop.AopAutoConfiguration' existing class 'org.springframework.boot.autoconfigure.aop.AopAutoConfiguration' with enhanced class 'org.springframework.boot.autoconfigure.aop.AopAutoConfiguration$$EnhancerBySpringCGLIB$$ae06fff7'
[DEBUG] Successfully enhanced org.springframework.boot.autoconfigure.jdbc.DataSourceAutoConfiguration$JdbcTemplateConfiguration; enhanced class name is: org.springframework.boot.autoconfigure.jdbc.DataSourceAutoConfiguration$JdbcTemplateConfiguration$$EnhancerBySpringCGLIB$$2d7ccab2
[DEBUG] Replacing bean definition 'org.springframework.boot.autoconfigure.jdbc.DataSourceAutoConfiguration$JdbcTemplateConfiguration' existing class 'org.springframework.boot.autoconfigure.jdbc.DataSourceAutoConfiguration$JdbcTemplateConfiguration' with enhanced class 'org.springframework.boot.autoconfigure.jdbc.DataSourceAutoConfiguration$JdbcTemplateConfiguration$$EnhancerBySpringCGLIB$$2d7ccab2'
[DEBUG] Successfully enhanced org.springframework.boot.autoconfigure.jdbc.DataSourceAutoConfiguration$DataSourceInitializerConfiguration; enhanced class name is: org.springframework.boot.autoconfigure.jdbc.DataSourceAutoConfiguration$DataSourceInitializerConfiguration$$EnhancerBySpringCGLIB$$793542bc
[DEBUG] Replacing bean definition 'org.springframework.boot.autoconfigure.jdbc.DataSourceAutoConfiguration$DataSourceInitializerConfiguration' existing class 'org.springframework.boot.autoconfigure.jdbc.DataSourceAutoConfiguration$DataSourceInitializerConfiguration' with enhanced class 'org.springframework.boot.autoconfigure.jdbc.DataSourceAutoConfiguration$DataSourceInitializerConfiguration$$EnhancerBySpringCGLIB$$793542bc'
[DEBUG] Successfully enhanced org.springframework.boot.autoconfigure.jdbc.metadata.DataSourcePoolMetadataProvidersConfiguration$TomcatDataSourcePoolMetadataProviderConfiguration; enhanced class name is: org.springframework.boot.autoconfigure.jdbc.metadata.DataSourcePoolMetadataProvidersConfiguration$TomcatDataSourcePoolMetadataProviderConfiguration$$EnhancerBySpringCGLIB$$ed4cf1e3
[DEBUG] Replacing bean definition 'org.springframework.boot.autoconfigure.jdbc.metadata.DataSourcePoolMetadataProvidersConfiguration$TomcatDataSourcePoolMetadataProviderConfiguration' existing class 'org.springframework.boot.autoconfigure.jdbc.metadata.DataSourcePoolMetadataProvidersConfiguration$TomcatDataSourcePoolMetadataProviderConfiguration' with enhanced class 'org.springframework.boot.autoconfigure.jdbc.metadata.DataSourcePoolMetadataProvidersConfiguration$TomcatDataSourcePoolMetadataProviderConfiguration$$EnhancerBySpringCGLIB$$ed4cf1e3'
[DEBUG] Successfully enhanced org.springframework.boot.autoconfigure.jdbc.metadata.DataSourcePoolMetadataProvidersConfiguration; enhanced class name is: org.springframework.boot.autoconfigure.jdbc.metadata.DataSourcePoolMetadataProvidersConfiguration$$EnhancerBySpringCGLIB$$777e2596
[DEBUG] Replacing bean definition 'org.springframework.boot.autoconfigure.jdbc.metadata.DataSourcePoolMetadataProvidersConfiguration' existing class 'org.springframework.boot.autoconfigure.jdbc.metadata.DataSourcePoolMetadataProvidersConfiguration' with enhanced class 'org.springframework.boot.autoconfigure.jdbc.metadata.DataSourcePoolMetadataProvidersConfiguration$$EnhancerBySpringCGLIB$$777e2596'
[DEBUG] Successfully enhanced org.springframework.boot.autoconfigure.jdbc.DataSourceAutoConfiguration; enhanced class name is: org.springframework.boot.autoconfigure.jdbc.DataSourceAutoConfiguration$$EnhancerBySpringCGLIB$$ae33e8d5
[DEBUG] Replacing bean definition 'org.springframework.boot.autoconfigure.jdbc.DataSourceAutoConfiguration' existing class 'org.springframework.boot.autoconfigure.jdbc.DataSourceAutoConfiguration' with enhanced class 'org.springframework.boot.autoconfigure.jdbc.DataSourceAutoConfiguration$$EnhancerBySpringCGLIB$$ae33e8d5'
[DEBUG] Successfully enhanced org.springframework.boot.autoconfigure.orm.jpa.JpaBaseConfiguration$JpaWebConfiguration$JpaWebMvcConfiguration; enhanced class name is: org.springframework.boot.autoconfigure.orm.jpa.JpaBaseConfiguration$JpaWebConfiguration$JpaWebMvcConfiguration$$EnhancerBySpringCGLIB$$c8adff6d
[DEBUG] Replacing bean definition 'org.springframework.boot.autoconfigure.orm.jpa.JpaBaseConfiguration$JpaWebConfiguration$JpaWebMvcConfiguration' existing class 'org.springframework.boot.autoconfigure.orm.jpa.JpaBaseConfiguration$JpaWebConfiguration$JpaWebMvcConfiguration' with enhanced class 'org.springframework.boot.autoconfigure.orm.jpa.JpaBaseConfiguration$JpaWebConfiguration$JpaWebMvcConfiguration$$EnhancerBySpringCGLIB$$c8adff6d'
[DEBUG] Successfully enhanced org.springframework.boot.autoconfigure.orm.jpa.JpaBaseConfiguration$JpaWebConfiguration; enhanced class name is: org.springframework.boot.autoconfigure.orm.jpa.JpaBaseConfiguration$JpaWebConfiguration$$EnhancerBySpringCGLIB$$50200160
[DEBUG] Replacing bean definition 'org.springframework.boot.autoconfigure.orm.jpa.JpaBaseConfiguration$JpaWebConfiguration' existing class 'org.springframework.boot.autoconfigure.orm.jpa.JpaBaseConfiguration$JpaWebConfiguration' with enhanced class 'org.springframework.boot.autoconfigure.orm.jpa.JpaBaseConfiguration$JpaWebConfiguration$$EnhancerBySpringCGLIB$$50200160'
[DEBUG] Successfully enhanced org.springframework.boot.autoconfigure.orm.jpa.HibernateJpaAutoConfiguration; enhanced class name is: org.springframework.boot.autoconfigure.orm.jpa.HibernateJpaAutoConfiguration$$EnhancerBySpringCGLIB$$97d9195
[DEBUG] Replacing bean definition 'org.springframework.boot.autoconfigure.orm.jpa.HibernateJpaAutoConfiguration' existing class 'org.springframework.boot.autoconfigure.orm.jpa.HibernateJpaAutoConfiguration' with enhanced class 'org.springframework.boot.autoconfigure.orm.jpa.HibernateJpaAutoConfiguration$$EnhancerBySpringCGLIB$$97d9195'
[DEBUG] Successfully enhanced org.springframework.boot.autoconfigure.context.ConfigurationPropertiesAutoConfiguration; enhanced class name is: org.springframework.boot.autoconfigure.context.ConfigurationPropertiesAutoConfiguration$$EnhancerBySpringCGLIB$$e7c36b03
[DEBUG] Replacing bean definition 'org.springframework.boot.autoconfigure.context.ConfigurationPropertiesAutoConfiguration' existing class 'org.springframework.boot.autoconfigure.context.ConfigurationPropertiesAutoConfiguration' with enhanced class 'org.springframework.boot.autoconfigure.context.ConfigurationPropertiesAutoConfiguration$$EnhancerBySpringCGLIB$$e7c36b03'
[DEBUG] Successfully enhanced org.springframework.boot.autoconfigure.data.jpa.JpaRepositoriesAutoConfiguration; enhanced class name is: org.springframework.boot.autoconfigure.data.jpa.JpaRepositoriesAutoConfiguration$$EnhancerBySpringCGLIB$$1b9078a9
[DEBUG] Replacing bean definition 'org.springframework.boot.autoconfigure.data.jpa.JpaRepositoriesAutoConfiguration' existing class 'org.springframework.boot.autoconfigure.data.jpa.JpaRepositoriesAutoConfiguration' with enhanced class 'org.springframework.boot.autoconfigure.data.jpa.JpaRepositoriesAutoConfiguration$$EnhancerBySpringCGLIB$$1b9078a9'
[DEBUG] Successfully enhanced org.springframework.boot.autoconfigure.jackson.JacksonAutoConfiguration$JacksonObjectMapperBuilderConfiguration; enhanced class name is: org.springframework.boot.autoconfigure.jackson.JacksonAutoConfiguration$JacksonObjectMapperBuilderConfiguration$$EnhancerBySpringCGLIB$$d4b285df
[DEBUG] Replacing bean definition 'org.springframework.boot.autoconfigure.jackson.JacksonAutoConfiguration$JacksonObjectMapperBuilderConfiguration' existing class 'org.springframework.boot.autoconfigure.jackson.JacksonAutoConfiguration$JacksonObjectMapperBuilderConfiguration' with enhanced class 'org.springframework.boot.autoconfigure.jackson.JacksonAutoConfiguration$JacksonObjectMapperBuilderConfiguration$$EnhancerBySpringCGLIB$$d4b285df'
[DEBUG] Successfully enhanced org.springframework.boot.autoconfigure.jackson.JacksonAutoConfiguration$JacksonObjectMapperConfiguration; enhanced class name is: org.springframework.boot.autoconfigure.jackson.JacksonAutoConfiguration$JacksonObjectMapperConfiguration$$EnhancerBySpringCGLIB$$97e012e6
[DEBUG] Replacing bean definition 'org.springframework.boot.autoconfigure.jackson.JacksonAutoConfiguration$JacksonObjectMapperConfiguration' existing class 'org.springframework.boot.autoconfigure.jackson.JacksonAutoConfiguration$JacksonObjectMapperConfiguration' with enhanced class 'org.springframework.boot.autoconfigure.jackson.JacksonAutoConfiguration$JacksonObjectMapperConfiguration$$EnhancerBySpringCGLIB$$97e012e6'
[DEBUG] Successfully enhanced org.springframework.boot.autoconfigure.jackson.JacksonAutoConfiguration; enhanced class name is: org.springframework.boot.autoconfigure.jackson.JacksonAutoConfiguration$$EnhancerBySpringCGLIB$$bcf32a95
[DEBUG] Replacing bean definition 'org.springframework.boot.autoconfigure.jackson.JacksonAutoConfiguration' existing class 'org.springframework.boot.autoconfigure.jackson.JacksonAutoConfiguration' with enhanced class 'org.springframework.boot.autoconfigure.jackson.JacksonAutoConfiguration$$EnhancerBySpringCGLIB$$bcf32a95'
[DEBUG] Successfully enhanced org.springframework.boot.autoconfigure.web.HttpMessageConvertersAutoConfiguration$StringHttpMessageConverterConfiguration; enhanced class name is: org.springframework.boot.autoconfigure.web.HttpMessageConvertersAutoConfiguration$StringHttpMessageConverterConfiguration$$EnhancerBySpringCGLIB$$950e3a75
[DEBUG] Replacing bean definition 'org.springframework.boot.autoconfigure.web.HttpMessageConvertersAutoConfiguration$StringHttpMessageConverterConfiguration' existing class 'org.springframework.boot.autoconfigure.web.HttpMessageConvertersAutoConfiguration$StringHttpMessageConverterConfiguration' with enhanced class 'org.springframework.boot.autoconfigure.web.HttpMessageConvertersAutoConfiguration$StringHttpMessageConverterConfiguration$$EnhancerBySpringCGLIB$$950e3a75'
[DEBUG] Successfully enhanced org.springframework.boot.autoconfigure.web.JacksonHttpMessageConvertersConfiguration$MappingJackson2HttpMessageConverterConfiguration; enhanced class name is: org.springframework.boot.autoconfigure.web.JacksonHttpMessageConvertersConfiguration$MappingJackson2HttpMessageConverterConfiguration$$EnhancerBySpringCGLIB$$c49f2475
[DEBUG] Replacing bean definition 'org.springframework.boot.autoconfigure.web.JacksonHttpMessageConvertersConfiguration$MappingJackson2HttpMessageConverterConfiguration' existing class 'org.springframework.boot.autoconfigure.web.JacksonHttpMessageConvertersConfiguration$MappingJackson2HttpMessageConverterConfiguration' with enhanced class 'org.springframework.boot.autoconfigure.web.JacksonHttpMessageConvertersConfiguration$MappingJackson2HttpMessageConverterConfiguration$$EnhancerBySpringCGLIB$$c49f2475'
[DEBUG] Successfully enhanced org.springframework.boot.autoconfigure.web.JacksonHttpMessageConvertersConfiguration; enhanced class name is: org.springframework.boot.autoconfigure.web.JacksonHttpMessageConvertersConfiguration$$EnhancerBySpringCGLIB$$14fae62b
[DEBUG] Replacing bean definition 'org.springframework.boot.autoconfigure.web.JacksonHttpMessageConvertersConfiguration' existing class 'org.springframework.boot.autoconfigure.web.JacksonHttpMessageConvertersConfiguration' with enhanced class 'org.springframework.boot.autoconfigure.web.JacksonHttpMessageConvertersConfiguration$$EnhancerBySpringCGLIB$$14fae62b'
[DEBUG] Successfully enhanced org.springframework.boot.autoconfigure.web.HttpMessageConvertersAutoConfiguration; enhanced class name is: org.springframework.boot.autoconfigure.web.HttpMessageConvertersAutoConfiguration$$EnhancerBySpringCGLIB$$7a0503d5
[DEBUG] Replacing bean definition 'org.springframework.boot.autoconfigure.web.HttpMessageConvertersAutoConfiguration' existing class 'org.springframework.boot.autoconfigure.web.HttpMessageConvertersAutoConfiguration' with enhanced class 'org.springframework.boot.autoconfigure.web.HttpMessageConvertersAutoConfiguration$$EnhancerBySpringCGLIB$$7a0503d5'
[DEBUG] Successfully enhanced org.springframework.data.web.config.SpringDataWebConfiguration; enhanced class name is: org.springframework.data.web.config.SpringDataWebConfiguration$$EnhancerBySpringCGLIB$$de6a1168
[DEBUG] Replacing bean definition 'org.springframework.data.web.config.SpringDataWebConfiguration' existing class 'org.springframework.data.web.config.SpringDataWebConfiguration' with enhanced class 'org.springframework.data.web.config.SpringDataWebConfiguration$$EnhancerBySpringCGLIB$$de6a1168'
[DEBUG] Successfully enhanced org.springframework.data.web.config.SpringDataJacksonConfiguration; enhanced class name is: org.springframework.data.web.config.SpringDataJacksonConfiguration$$EnhancerBySpringCGLIB$$4be5bac9
[DEBUG] Replacing bean definition 'org.springframework.data.web.config.SpringDataJacksonConfiguration' existing class 'org.springframework.data.web.config.SpringDataJacksonConfiguration' with enhanced class 'org.springframework.data.web.config.SpringDataJacksonConfiguration$$EnhancerBySpringCGLIB$$4be5bac9'
[DEBUG] Successfully enhanced org.springframework.boot.autoconfigure.data.web.SpringDataWebAutoConfiguration; enhanced class name is: org.springframework.boot.autoconfigure.data.web.SpringDataWebAutoConfiguration$$EnhancerBySpringCGLIB$$5affb776
[DEBUG] Replacing bean definition 'org.springframework.boot.autoconfigure.data.web.SpringDataWebAutoConfiguration' existing class 'org.springframework.boot.autoconfigure.data.web.SpringDataWebAutoConfiguration' with enhanced class 'org.springframework.boot.autoconfigure.data.web.SpringDataWebAutoConfiguration$$EnhancerBySpringCGLIB$$5affb776'
[DEBUG] Successfully enhanced org.springframework.boot.autoconfigure.security.AuthenticationManagerConfiguration; enhanced class name is: org.springframework.boot.autoconfigure.security.AuthenticationManagerConfiguration$$EnhancerBySpringCGLIB$$8c45f19d
[DEBUG] Replacing bean definition 'org.springframework.boot.autoconfigure.security.AuthenticationManagerConfiguration' existing class 'org.springframework.boot.autoconfigure.security.AuthenticationManagerConfiguration' with enhanced class 'org.springframework.boot.autoconfigure.security.AuthenticationManagerConfiguration$$EnhancerBySpringCGLIB$$8c45f19d'
[DEBUG] Successfully enhanced org.springframework.boot.autoconfigure.security.AuthenticationManagerConfiguration; enhanced class name is: org.springframework.boot.autoconfigure.security.AuthenticationManagerConfiguration$$EnhancerBySpringCGLIB$$8c45f19d
[DEBUG] Replacing bean definition 'springBootAuthenticationConfigurerAdapter' existing class 'org.springframework.boot.autoconfigure.security.AuthenticationManagerConfiguration' with enhanced class 'org.springframework.boot.autoconfigure.security.AuthenticationManagerConfiguration$$EnhancerBySpringCGLIB$$8c45f19d'
[DEBUG] Successfully enhanced org.springframework.boot.autoconfigure.security.BootGlobalAuthenticationConfiguration; enhanced class name is: org.springframework.boot.autoconfigure.security.BootGlobalAuthenticationConfiguration$$EnhancerBySpringCGLIB$$b71f7d61
[DEBUG] Replacing bean definition 'org.springframework.boot.autoconfigure.security.BootGlobalAuthenticationConfiguration' existing class 'org.springframework.boot.autoconfigure.security.BootGlobalAuthenticationConfiguration' with enhanced class 'org.springframework.boot.autoconfigure.security.BootGlobalAuthenticationConfiguration$$EnhancerBySpringCGLIB$$b71f7d61'
[DEBUG] Successfully enhanced org.springframework.boot.autoconfigure.security.BootGlobalAuthenticationConfiguration; enhanced class name is: org.springframework.boot.autoconfigure.security.BootGlobalAuthenticationConfiguration$$EnhancerBySpringCGLIB$$b71f7d61
[DEBUG] Replacing bean definition 'bootGlobalAuthenticationConfigurationAdapter' existing class 'org.springframework.boot.autoconfigure.security.BootGlobalAuthenticationConfiguration' with enhanced class 'org.springframework.boot.autoconfigure.security.BootGlobalAuthenticationConfiguration$$EnhancerBySpringCGLIB$$b71f7d61'
[DEBUG] Successfully enhanced org.springframework.boot.autoconfigure.security.SecurityAutoConfiguration; enhanced class name is: org.springframework.boot.autoconfigure.security.SecurityAutoConfiguration$$EnhancerBySpringCGLIB$$8d59c99f
[DEBUG] Replacing bean definition 'org.springframework.boot.autoconfigure.security.SecurityAutoConfiguration' existing class 'org.springframework.boot.autoconfigure.security.SecurityAutoConfiguration' with enhanced class 'org.springframework.boot.autoconfigure.security.SecurityAutoConfiguration$$EnhancerBySpringCGLIB$$8d59c99f'
[DEBUG] Successfully enhanced org.springframework.transaction.annotation.ProxyTransactionManagementConfiguration; enhanced class name is: org.springframework.transaction.annotation.ProxyTransactionManagementConfiguration$$EnhancerBySpringCGLIB$$1e713175
[DEBUG] Replacing bean definition 'org.springframework.transaction.annotation.ProxyTransactionManagementConfiguration' existing class 'org.springframework.transaction.annotation.ProxyTransactionManagementConfiguration' with enhanced class 'org.springframework.transaction.annotation.ProxyTransactionManagementConfiguration$$EnhancerBySpringCGLIB$$1e713175'
[DEBUG] Successfully enhanced org.springframework.boot.autoconfigure.jdbc.DataSourceTransactionManagerAutoConfiguration$TransactionManagementConfiguration; enhanced class name is: org.springframework.boot.autoconfigure.jdbc.DataSourceTransactionManagerAutoConfiguration$TransactionManagementConfiguration$$EnhancerBySpringCGLIB$$bfce3847
[DEBUG] Replacing bean definition 'org.springframework.boot.autoconfigure.jdbc.DataSourceTransactionManagerAutoConfiguration$TransactionManagementConfiguration' existing class 'org.springframework.boot.autoconfigure.jdbc.DataSourceTransactionManagerAutoConfiguration$TransactionManagementConfiguration' with enhanced class 'org.springframework.boot.autoconfigure.jdbc.DataSourceTransactionManagerAutoConfiguration$TransactionManagementConfiguration$$EnhancerBySpringCGLIB$$bfce3847'
[DEBUG] Successfully enhanced org.springframework.boot.autoconfigure.jdbc.DataSourceTransactionManagerAutoConfiguration; enhanced class name is: org.springframework.boot.autoconfigure.jdbc.DataSourceTransactionManagerAutoConfiguration$$EnhancerBySpringCGLIB$$f8846ba6
[DEBUG] Replacing bean definition 'org.springframework.boot.autoconfigure.jdbc.DataSourceTransactionManagerAutoConfiguration' existing class 'org.springframework.boot.autoconfigure.jdbc.DataSourceTransactionManagerAutoConfiguration' with enhanced class 'org.springframework.boot.autoconfigure.jdbc.DataSourceTransactionManagerAutoConfiguration$$EnhancerBySpringCGLIB$$f8846ba6'
[DEBUG] Successfully enhanced org.springframework.boot.autoconfigure.thymeleaf.ThymeleafAutoConfiguration$ThymeleafResourceHandlingConfig; enhanced class name is: org.springframework.boot.autoconfigure.thymeleaf.ThymeleafAutoConfiguration$ThymeleafResourceHandlingConfig$$EnhancerBySpringCGLIB$$f4ef4011
[DEBUG] Replacing bean definition 'org.springframework.boot.autoconfigure.thymeleaf.ThymeleafAutoConfiguration$ThymeleafResourceHandlingConfig' existing class 'org.springframework.boot.autoconfigure.thymeleaf.ThymeleafAutoConfiguration$ThymeleafResourceHandlingConfig' with enhanced class 'org.springframework.boot.autoconfigure.thymeleaf.ThymeleafAutoConfiguration$ThymeleafResourceHandlingConfig$$EnhancerBySpringCGLIB$$f4ef4011'
[DEBUG] Successfully enhanced org.springframework.boot.autoconfigure.thymeleaf.ThymeleafAutoConfiguration$ThymeleafViewResolverConfiguration; enhanced class name is: org.springframework.boot.autoconfigure.thymeleaf.ThymeleafAutoConfiguration$ThymeleafViewResolverConfiguration$$EnhancerBySpringCGLIB$$c2e66643
[DEBUG] Replacing bean definition 'org.springframework.boot.autoconfigure.thymeleaf.ThymeleafAutoConfiguration$ThymeleafViewResolverConfiguration' existing class 'org.springframework.boot.autoconfigure.thymeleaf.ThymeleafAutoConfiguration$ThymeleafViewResolverConfiguration' with enhanced class 'org.springframework.boot.autoconfigure.thymeleaf.ThymeleafAutoConfiguration$ThymeleafViewResolverConfiguration$$EnhancerBySpringCGLIB$$c2e66643'
[DEBUG] Successfully enhanced org.springframework.boot.autoconfigure.thymeleaf.ThymeleafAutoConfiguration$ThymeleafDefaultConfiguration; enhanced class name is: org.springframework.boot.autoconfigure.thymeleaf.ThymeleafAutoConfiguration$ThymeleafDefaultConfiguration$$EnhancerBySpringCGLIB$$31955091
[DEBUG] Replacing bean definition 'org.springframework.boot.autoconfigure.thymeleaf.ThymeleafAutoConfiguration$ThymeleafDefaultConfiguration' existing class 'org.springframework.boot.autoconfigure.thymeleaf.ThymeleafAutoConfiguration$ThymeleafDefaultConfiguration' with enhanced class 'org.springframework.boot.autoconfigure.thymeleaf.ThymeleafAutoConfiguration$ThymeleafDefaultConfiguration$$EnhancerBySpringCGLIB$$31955091'
[DEBUG] Successfully enhanced org.springframework.boot.autoconfigure.thymeleaf.ThymeleafAutoConfiguration$DefaultTemplateResolverConfiguration; enhanced class name is: org.springframework.boot.autoconfigure.thymeleaf.ThymeleafAutoConfiguration$DefaultTemplateResolverConfiguration$$EnhancerBySpringCGLIB$$3ebf708
[DEBUG] Replacing bean definition 'org.springframework.boot.autoconfigure.thymeleaf.ThymeleafAutoConfiguration$DefaultTemplateResolverConfiguration' existing class 'org.springframework.boot.autoconfigure.thymeleaf.ThymeleafAutoConfiguration$DefaultTemplateResolverConfiguration' with enhanced class 'org.springframework.boot.autoconfigure.thymeleaf.ThymeleafAutoConfiguration$DefaultTemplateResolverConfiguration$$EnhancerBySpringCGLIB$$3ebf708'
[DEBUG] Successfully enhanced org.springframework.boot.autoconfigure.thymeleaf.ThymeleafAutoConfiguration; enhanced class name is: org.springframework.boot.autoconfigure.thymeleaf.ThymeleafAutoConfiguration$$EnhancerBySpringCGLIB$$3a385d05
[DEBUG] Replacing bean definition 'org.springframework.boot.autoconfigure.thymeleaf.ThymeleafAutoConfiguration' existing class 'org.springframework.boot.autoconfigure.thymeleaf.ThymeleafAutoConfiguration' with enhanced class 'org.springframework.boot.autoconfigure.thymeleaf.ThymeleafAutoConfiguration$$EnhancerBySpringCGLIB$$3a385d05'
[DEBUG] Successfully enhanced org.springframework.boot.autoconfigure.security.SecurityFilterAutoConfiguration; enhanced class name is: org.springframework.boot.autoconfigure.security.SecurityFilterAutoConfiguration$$EnhancerBySpringCGLIB$$95c0b687
[DEBUG] Replacing bean definition 'org.springframework.boot.autoconfigure.security.SecurityFilterAutoConfiguration' existing class 'org.springframework.boot.autoconfigure.security.SecurityFilterAutoConfiguration' with enhanced class 'org.springframework.boot.autoconfigure.security.SecurityFilterAutoConfiguration$$EnhancerBySpringCGLIB$$95c0b687'
[DEBUG] Successfully enhanced org.springframework.boot.autoconfigure.transaction.TransactionAutoConfiguration; enhanced class name is: org.springframework.boot.autoconfigure.transaction.TransactionAutoConfiguration$$EnhancerBySpringCGLIB$$aeca933f
[DEBUG] Replacing bean definition 'org.springframework.boot.autoconfigure.transaction.TransactionAutoConfiguration' existing class 'org.springframework.boot.autoconfigure.transaction.TransactionAutoConfiguration' with enhanced class 'org.springframework.boot.autoconfigure.transaction.TransactionAutoConfiguration$$EnhancerBySpringCGLIB$$aeca933f'
[DEBUG] Successfully enhanced org.springframework.boot.autoconfigure.web.HttpEncodingAutoConfiguration; enhanced class name is: org.springframework.boot.autoconfigure.web.HttpEncodingAutoConfiguration$$EnhancerBySpringCGLIB$$b6321ec0
[DEBUG] Replacing bean definition 'org.springframework.boot.autoconfigure.web.HttpEncodingAutoConfiguration' existing class 'org.springframework.boot.autoconfigure.web.HttpEncodingAutoConfiguration' with enhanced class 'org.springframework.boot.autoconfigure.web.HttpEncodingAutoConfiguration$$EnhancerBySpringCGLIB$$b6321ec0'
[DEBUG] Successfully enhanced org.springframework.boot.autoconfigure.web.MultipartAutoConfiguration; enhanced class name is: org.springframework.boot.autoconfigure.web.MultipartAutoConfiguration$$EnhancerBySpringCGLIB$$28e1f3fb
[DEBUG] Replacing bean definition 'org.springframework.boot.autoconfigure.web.MultipartAutoConfiguration' existing class 'org.springframework.boot.autoconfigure.web.MultipartAutoConfiguration' with enhanced class 'org.springframework.boot.autoconfigure.web.MultipartAutoConfiguration$$EnhancerBySpringCGLIB$$28e1f3fb'
[DEBUG] Successfully enhanced org.springframework.boot.autoconfigure.web.ServerPropertiesAutoConfiguration; enhanced class name is: org.springframework.boot.autoconfigure.web.ServerPropertiesAutoConfiguration$$EnhancerBySpringCGLIB$$d4037345
[DEBUG] Replacing bean definition 'org.springframework.boot.autoconfigure.web.ServerPropertiesAutoConfiguration' existing class 'org.springframework.boot.autoconfigure.web.ServerPropertiesAutoConfiguration' with enhanced class 'org.springframework.boot.autoconfigure.web.ServerPropertiesAutoConfiguration$$EnhancerBySpringCGLIB$$d4037345'
[DEBUG] Adding [applicationConfig: [classpath:/application.properties]] PropertySource with search precedence immediately lower than [applicationConfigurationProperties]
[DEBUG] Removing [applicationConfigurationProperties] PropertySource
[DEBUG] Removing [defaultProperties] PropertySource
[DEBUG] Creating shared instance of singleton bean 'propertySourcesPlaceholderConfigurer'
[DEBUG] Creating instance of bean 'propertySourcesPlaceholderConfigurer'
[DEBUG] Eagerly caching bean 'propertySourcesPlaceholderConfigurer' to allow for resolving potential circular references
[DEBUG] Finished creating instance of bean 'propertySourcesPlaceholderConfigurer'
[DEBUG] Adding [environmentProperties] PropertySource with lowest search precedence
[DEBUG] Adding [localProperties] PropertySource with lowest search precedence
[DEBUG] Creating shared instance of singleton bean 'org.springframework.boot.context.properties.ConfigurationPropertiesBindingPostProcessor.store'
[DEBUG] Creating instance of bean 'org.springframework.boot.context.properties.ConfigurationPropertiesBindingPostProcessor.store'
[DEBUG] Eagerly caching bean 'org.springframework.boot.context.properties.ConfigurationPropertiesBindingPostProcessor.store' to allow for resolving potential circular references
[DEBUG] Finished creating instance of bean 'org.springframework.boot.context.properties.ConfigurationPropertiesBindingPostProcessor.store'
[DEBUG] Creating shared instance of singleton bean 'preserveErrorControllerTargetClassPostProcessor'
[DEBUG] Creating instance of bean 'preserveErrorControllerTargetClassPostProcessor'
[DEBUG] Eagerly caching bean 'preserveErrorControllerTargetClassPostProcessor' to allow for resolving potential circular references
[DEBUG] Finished creating instance of bean 'preserveErrorControllerTargetClassPostProcessor'
[DEBUG] Creating shared instance of singleton bean 'emBeanDefinitionRegistrarPostProcessor'
[DEBUG] Creating instance of bean 'emBeanDefinitionRegistrarPostProcessor'
[DEBUG] Eagerly caching bean 'emBeanDefinitionRegistrarPostProcessor' to allow for resolving potential circular references
[DEBUG] Finished creating instance of bean 'emBeanDefinitionRegistrarPostProcessor'
[DEBUG] Creating shared instance of singleton bean 'org.springframework.context.annotation.internalAutowiredAnnotationProcessor'
[DEBUG] Creating instance of bean 'org.springframework.context.annotation.internalAutowiredAnnotationProcessor'
[DEBUG] Eagerly caching bean 'org.springframework.context.annotation.internalAutowiredAnnotationProcessor' to allow for resolving potential circular references
[DEBUG] Finished creating instance of bean 'org.springframework.context.annotation.internalAutowiredAnnotationProcessor'
[DEBUG] Creating shared instance of singleton bean 'org.springframework.context.annotation.internalRequiredAnnotationProcessor'
[DEBUG] Creating instance of bean 'org.springframework.context.annotation.internalRequiredAnnotationProcessor'
[DEBUG] Eagerly caching bean 'org.springframework.context.annotation.internalRequiredAnnotationProcessor' to allow for resolving potential circular references
[DEBUG] Finished creating instance of bean 'org.springframework.context.annotation.internalRequiredAnnotationProcessor'
[DEBUG] Creating shared instance of singleton bean 'org.springframework.context.annotation.internalCommonAnnotationProcessor'
[DEBUG] Creating instance of bean 'org.springframework.context.annotation.internalCommonAnnotationProcessor'
[DEBUG] Eagerly caching bean 'org.springframework.context.annotation.internalCommonAnnotationProcessor' to allow for resolving potential circular references
[DEBUG] Finished creating instance of bean 'org.springframework.context.annotation.internalCommonAnnotationProcessor'
[DEBUG] Creating shared instance of singleton bean 'org.springframework.context.annotation.internalPersistenceAnnotationProcessor'
[DEBUG] Creating instance of bean 'org.springframework.context.annotation.internalPersistenceAnnotationProcessor'
[DEBUG] Eagerly caching bean 'org.springframework.context.annotation.internalPersistenceAnnotationProcessor' to allow for resolving potential circular references
[DEBUG] Finished creating instance of bean 'org.springframework.context.annotation.internalPersistenceAnnotationProcessor'
[DEBUG] Creating shared instance of singleton bean 'org.springframework.context.annotation.ConfigurationClassPostProcessor.importAwareProcessor'
[DEBUG] Creating instance of bean 'org.springframework.context.annotation.ConfigurationClassPostProcessor.importAwareProcessor'
[DEBUG] Eagerly caching bean 'org.springframework.context.annotation.ConfigurationClassPostProcessor.importAwareProcessor' to allow for resolving potential circular references
[DEBUG] Finished creating instance of bean 'org.springframework.context.annotation.ConfigurationClassPostProcessor.importAwareProcessor'
[DEBUG] Creating shared instance of singleton bean 'org.springframework.context.annotation.ConfigurationClassPostProcessor.enhancedConfigurationProcessor'
[DEBUG] Creating instance of bean 'org.springframework.context.annotation.ConfigurationClassPostProcessor.enhancedConfigurationProcessor'
[DEBUG] Eagerly caching bean 'org.springframework.context.annotation.ConfigurationClassPostProcessor.enhancedConfigurationProcessor' to allow for resolving potential circular references
[DEBUG] Finished creating instance of bean 'org.springframework.context.annotation.ConfigurationClassPostProcessor.enhancedConfigurationProcessor'
[DEBUG] Creating shared instance of singleton bean 'org.springframework.boot.context.properties.ConfigurationPropertiesBindingPostProcessor'
[DEBUG] Creating instance of bean 'org.springframework.boot.context.properties.ConfigurationPropertiesBindingPostProcessor'
[DEBUG] Adding [systemProperties] PropertySource with lowest search precedence
[DEBUG] Adding [systemEnvironment] PropertySource with lowest search precedence
[DEBUG] Initialized StandardEnvironment with PropertySources [systemProperties,systemEnvironment]
[DEBUG] Eagerly caching bean 'org.springframework.boot.context.properties.ConfigurationPropertiesBindingPostProcessor' to allow for resolving potential circular references
[DEBUG] Returning cached instance of singleton bean 'org.springframework.boot.context.properties.ConfigurationPropertiesBindingPostProcessor.store'
[DEBUG] Invoking afterPropertiesSet() on bean with name 'org.springframework.boot.context.properties.ConfigurationPropertiesBindingPostProcessor'
[DEBUG] Returning cached instance of singleton bean 'propertySourcesPlaceholderConfigurer'
[DEBUG] Finished creating instance of bean 'org.springframework.boot.context.properties.ConfigurationPropertiesBindingPostProcessor'
[DEBUG] Creating shared instance of singleton bean 'org.springframework.data.repository.core.support.RepositoryInterfaceAwareBeanPostProcessor'
[DEBUG] Creating instance of bean 'org.springframework.data.repository.core.support.RepositoryInterfaceAwareBeanPostProcessor'
[DEBUG] Eagerly caching bean 'org.springframework.data.repository.core.support.RepositoryInterfaceAwareBeanPostProcessor' to allow for resolving potential circular references
[DEBUG] Finished creating instance of bean 'org.springframework.data.repository.core.support.RepositoryInterfaceAwareBeanPostProcessor'
[DEBUG] Creating shared instance of singleton bean 'org.springframework.aop.config.internalAutoProxyCreator'
[DEBUG] Creating instance of bean 'org.springframework.aop.config.internalAutoProxyCreator'
[DEBUG] Eagerly caching bean 'org.springframework.aop.config.internalAutoProxyCreator' to allow for resolving potential circular references
[DEBUG] Finished creating instance of bean 'org.springframework.aop.config.internalAutoProxyCreator'
[DEBUG] Creating shared instance of singleton bean 'dataSourceInitializerPostProcessor'
[DEBUG] Creating instance of bean 'dataSourceInitializerPostProcessor'
[DEBUG] Registered injected element on class [org.springframework.boot.autoconfigure.jdbc.DataSourceInitializerPostProcessor]: AutowiredFieldElement for private org.springframework.beans.factory.BeanFactory org.springframework.boot.autoconfigure.jdbc.DataSourceInitializerPostProcessor.beanFactory
[DEBUG] Eagerly caching bean 'dataSourceInitializerPostProcessor' to allow for resolving potential circular references
[DEBUG] Processing injected element of bean 'dataSourceInitializerPostProcessor': AutowiredFieldElement for private org.springframework.beans.factory.BeanFactory org.springframework.boot.autoconfigure.jdbc.DataSourceInitializerPostProcessor.beanFactory
[DEBUG] Autowiring by type from bean name 'dataSourceInitializerPostProcessor' to bean named 'org.springframework.beans.factory.support.DefaultListableBeanFactory@7f31380e'
[DEBUG] Finished creating instance of bean 'dataSourceInitializerPostProcessor'
[DEBUG] Creating shared instance of singleton bean 'persistenceExceptionTranslationPostProcessor'
[DEBUG] Creating instance of bean 'persistenceExceptionTranslationPostProcessor'
[DEBUG] Eagerly caching bean 'persistenceExceptionTranslationPostProcessor' to allow for resolving potential circular references
[DEBUG] Finished creating instance of bean 'persistenceExceptionTranslationPostProcessor'
[DEBUG] Creating shared instance of singleton bean 'embeddedServletContainerCustomizerBeanPostProcessor'
[DEBUG] Creating instance of bean 'embeddedServletContainerCustomizerBeanPostProcessor'
[DEBUG] Creating shared instance of singleton bean 'org.springframework.transaction.config.internalTransactionAdvisor'
[DEBUG] Creating instance of bean 'org.springframework.transaction.config.internalTransactionAdvisor'
[DEBUG] Creating shared instance of singleton bean 'org.springframework.transaction.annotation.ProxyTransactionManagementConfiguration'
[DEBUG] Creating instance of bean 'org.springframework.transaction.annotation.ProxyTransactionManagementConfiguration'
[DEBUG] Skipping currently created advisor 'org.springframework.transaction.config.internalTransactionAdvisor'
[DEBUG] Registered injected element on class [org.springframework.transaction.annotation.ProxyTransactionManagementConfiguration$$EnhancerBySpringCGLIB$$1e713175]: AutowiredMethodElement for void org.springframework.transaction.annotation.AbstractTransactionManagementConfiguration.setConfigurers(java.util.Collection)
[DEBUG] Eagerly caching bean 'org.springframework.transaction.annotation.ProxyTransactionManagementConfiguration' to allow for resolving potential circular references
[DEBUG] Processing injected element of bean 'org.springframework.transaction.annotation.ProxyTransactionManagementConfiguration': AutowiredMethodElement for void org.springframework.transaction.annotation.AbstractTransactionManagementConfiguration.setConfigurers(java.util.Collection)
[DEBUG] Returning cached instance of singleton bean 'org.springframework.context.annotation.ConfigurationClassPostProcessor.importRegistry'
[INFO] Bean 'org.springframework.transaction.annotation.ProxyTransactionManagementConfiguration' of type [class org.springframework.transaction.annotation.ProxyTransactionManagementConfiguration$$EnhancerBySpringCGLIB$$1e713175] is not eligible for getting processed by all BeanPostProcessors (for example: not eligible for auto-proxying)
[DEBUG] Skipping currently created advisor 'org.springframework.transaction.config.internalTransactionAdvisor'
[DEBUG] Skipping currently created advisor 'org.springframework.transaction.config.internalTransactionAdvisor'
[DEBUG] Finished creating instance of bean 'org.springframework.transaction.annotation.ProxyTransactionManagementConfiguration'
[DEBUG] Creating shared instance of singleton bean 'transactionAttributeSource'
[DEBUG] Creating instance of bean 'transactionAttributeSource'
[DEBUG] Skipping currently created advisor 'org.springframework.transaction.config.internalTransactionAdvisor'
[DEBUG] Returning cached instance of singleton bean 'org.springframework.transaction.annotation.ProxyTransactionManagementConfiguration'
[DEBUG] Eagerly caching bean 'transactionAttributeSource' to allow for resolving potential circular references
[DEBUG] Skipping currently created advisor 'org.springframework.transaction.config.internalTransactionAdvisor'
[DEBUG] Skipping currently created advisor 'org.springframework.transaction.config.internalTransactionAdvisor'
[DEBUG] Finished creating instance of bean 'transactionAttributeSource'
[DEBUG] Creating shared instance of singleton bean 'transactionInterceptor'
[DEBUG] Creating instance of bean 'transactionInterceptor'
[DEBUG] Returning cached instance of singleton bean 'org.springframework.transaction.annotation.ProxyTransactionManagementConfiguration'
[DEBUG] Returning cached instance of singleton bean 'transactionAttributeSource'
[DEBUG] Eagerly caching bean 'transactionInterceptor' to allow for resolving potential circular references
[DEBUG] Invoking afterPropertiesSet() on bean with name 'transactionInterceptor'
[DEBUG] Finished creating instance of bean 'transactionInterceptor'
[DEBUG] Eagerly caching bean 'org.springframework.transaction.config.internalTransactionAdvisor' to allow for resolving potential circular references
[DEBUG] Finished creating instance of bean 'org.springframework.transaction.config.internalTransactionAdvisor'
[DEBUG] Eagerly caching bean 'embeddedServletContainerCustomizerBeanPostProcessor' to allow for resolving potential circular references
[DEBUG] Returning cached instance of singleton bean 'org.springframework.transaction.config.internalTransactionAdvisor'
[DEBUG] Returning cached instance of singleton bean 'org.springframework.transaction.config.internalTransactionAdvisor'
[DEBUG] Finished creating instance of bean 'embeddedServletContainerCustomizerBeanPostProcessor'
[DEBUG] Creating shared instance of singleton bean 'dataSourceInitializedPublisher'
[DEBUG] Creating instance of bean 'dataSourceInitializedPublisher'
[DEBUG] Registered injected element on class [org.springframework.boot.autoconfigure.orm.jpa.DataSourceInitializedPublisher]: AutowiredFieldElement for private org.springframework.context.ApplicationContext org.springframework.boot.autoconfigure.orm.jpa.DataSourceInitializedPublisher.applicationContext
[DEBUG] Eagerly caching bean 'dataSourceInitializedPublisher' to allow for resolving potential circular references
[DEBUG] Processing injected element of bean 'dataSourceInitializedPublisher': AutowiredFieldElement for private org.springframework.context.ApplicationContext org.springframework.boot.autoconfigure.orm.jpa.DataSourceInitializedPublisher.applicationContext
[DEBUG] Autowiring by type from bean name 'dataSourceInitializedPublisher' to bean named 'org.springframework.web.context.support.GenericWebApplicationContext@5be397e'
[DEBUG] Finished creating instance of bean 'dataSourceInitializedPublisher'
[DEBUG] Unable to locate MessageSource with name 'messageSource': using default [org.springframework.context.support.DelegatingMessageSource@60d936d7]
[DEBUG] Returning cached instance of singleton bean 'applicationEventMulticaster'
[DEBUG] Using ApplicationEventMulticaster [org.springframework.context.event.SimpleApplicationEventMulticaster@4f6f66bd]
[DEBUG] Unable to locate ThemeSource with name 'themeSource': using default [org.springframework.ui.context.support.ResourceBundleThemeSource@289ba564]
[DEBUG] Creating shared instance of singleton bean 'entityManagerFactory'
[DEBUG] Creating instance of bean 'entityManagerFactory'
[DEBUG] Returning cached instance of singleton bean 'org.springframework.transaction.config.internalTransactionAdvisor'
[DEBUG] Creating shared instance of singleton bean 'org.springframework.boot.autoconfigure.orm.jpa.HibernateJpaAutoConfiguration'
[DEBUG] Creating instance of bean 'org.springframework.boot.autoconfigure.orm.jpa.HibernateJpaAutoConfiguration'
[DEBUG] Returning cached instance of singleton bean 'org.springframework.transaction.config.internalTransactionAdvisor'
[DEBUG] Registered injected element on class [org.springframework.boot.autoconfigure.orm.jpa.HibernateJpaAutoConfiguration$$EnhancerBySpringCGLIB$$97d9195]: AutowiredFieldElement for private javax.sql.DataSource org.springframework.boot.autoconfigure.orm.jpa.JpaBaseConfiguration.dataSource
[DEBUG] Registered injected element on class [org.springframework.boot.autoconfigure.orm.jpa.HibernateJpaAutoConfiguration$$EnhancerBySpringCGLIB$$97d9195]: AutowiredFieldElement for private org.springframework.orm.jpa.persistenceunit.PersistenceUnitManager org.springframework.boot.autoconfigure.orm.jpa.JpaBaseConfiguration.persistenceUnitManager
[DEBUG] Registered injected element on class [org.springframework.boot.autoconfigure.orm.jpa.HibernateJpaAutoConfiguration$$EnhancerBySpringCGLIB$$97d9195]: AutowiredFieldElement for private org.springframework.boot.autoconfigure.orm.jpa.JpaProperties org.springframework.boot.autoconfigure.orm.jpa.JpaBaseConfiguration.jpaProperties
[DEBUG] Registered injected element on class [org.springframework.boot.autoconfigure.orm.jpa.HibernateJpaAutoConfiguration$$EnhancerBySpringCGLIB$$97d9195]: AutowiredFieldElement for private org.springframework.transaction.jta.JtaTransactionManager org.springframework.boot.autoconfigure.orm.jpa.JpaBaseConfiguration.jtaTransactionManager
[DEBUG] Registered injected element on class [org.springframework.boot.autoconfigure.orm.jpa.HibernateJpaAutoConfiguration$$EnhancerBySpringCGLIB$$97d9195]: AutowiredFieldElement for private org.springframework.boot.autoconfigure.orm.jpa.JpaProperties org.springframework.boot.autoconfigure.orm.jpa.HibernateJpaAutoConfiguration.properties
[DEBUG] Registered injected element on class [org.springframework.boot.autoconfigure.orm.jpa.HibernateJpaAutoConfiguration$$EnhancerBySpringCGLIB$$97d9195]: AutowiredFieldElement for private javax.sql.DataSource org.springframework.boot.autoconfigure.orm.jpa.HibernateJpaAutoConfiguration.dataSource
[DEBUG] Eagerly caching bean 'org.springframework.boot.autoconfigure.orm.jpa.HibernateJpaAutoConfiguration' to allow for resolving potential circular references
[DEBUG] Processing injected element of bean 'org.springframework.boot.autoconfigure.orm.jpa.HibernateJpaAutoConfiguration': AutowiredFieldElement for private javax.sql.DataSource org.springframework.boot.autoconfigure.orm.jpa.JpaBaseConfiguration.dataSource
[DEBUG] Creating shared instance of singleton bean 'dataSource'
[DEBUG] Creating instance of bean 'dataSource'
[DEBUG] Returning cached instance of singleton bean 'org.springframework.transaction.config.internalTransactionAdvisor'
[DEBUG] Creating shared instance of singleton bean 'org.springframework.boot.autoconfigure.jdbc.DataSourceAutoConfiguration$NonEmbeddedConfiguration'
[DEBUG] Creating instance of bean 'org.springframework.boot.autoconfigure.jdbc.DataSourceAutoConfiguration$NonEmbeddedConfiguration'
[DEBUG] Returning cached instance of singleton bean 'org.springframework.transaction.config.internalTransactionAdvisor'
[DEBUG] Registered injected element on class [org.springframework.boot.autoconfigure.jdbc.DataSourceAutoConfiguration$NonEmbeddedConfiguration]: AutowiredFieldElement for private org.springframework.boot.autoconfigure.jdbc.DataSourceProperties org.springframework.boot.autoconfigure.jdbc.DataSourceAutoConfiguration$NonEmbeddedConfiguration.properties
[DEBUG] Eagerly caching bean 'org.springframework.boot.autoconfigure.jdbc.DataSourceAutoConfiguration$NonEmbeddedConfiguration' to allow for resolving potential circular references
[DEBUG] Processing injected element of bean 'org.springframework.boot.autoconfigure.jdbc.DataSourceAutoConfiguration$NonEmbeddedConfiguration': AutowiredFieldElement for private org.springframework.boot.autoconfigure.jdbc.DataSourceProperties org.springframework.boot.autoconfigure.jdbc.DataSourceAutoConfiguration$NonEmbeddedConfiguration.properties
[DEBUG] Creating shared instance of singleton bean 'spring.datasource.CONFIGURATION_PROPERTIES'
[DEBUG] Creating instance of bean 'spring.datasource.CONFIGURATION_PROPERTIES'
[DEBUG] Returning cached instance of singleton bean 'org.springframework.transaction.config.internalTransactionAdvisor'
[DEBUG] Eagerly caching bean 'spring.datasource.CONFIGURATION_PROPERTIES' to allow for resolving potential circular references
[DEBUG] Found javax.persistence.Persistence on classpath containing 'getPersistenceUtil'. Assuming JPA 2 environment. Trying to instantiate JPA aware TraversableResolver
[DEBUG] Instantiated JPA aware TraversableResolver of type org.hibernate.validator.internal.engine.resolver.JPATraversableResolver.
[DEBUG] Setting custom MessageInterpolator of type org.springframework.validation.beanvalidation.LocaleContextMessageInterpolator
[DEBUG] Setting custom ConstraintValidatorFactory of type org.springframework.validation.beanvalidation.SpringConstraintValidatorFactory
[DEBUG] Setting custom ParameterNameProvider of type com.sun.proxy.$Proxy68
[DEBUG] Trying to load META-INF/validation.xml for XML based Validator configuration.
[DEBUG] Trying to load META-INF/validation.xml via user class loader
[DEBUG] Trying to load META-INF/validation.xml via TCCL
[DEBUG] Trying to load META-INF/validation.xml via Hibernate Validator's class loader
[DEBUG] No META-INF/validation.xml found. Using annotation based configuration only.
[DEBUG] Processing injected element of bean 'org.springframework.boot.context.properties.ConfigurationPropertiesBindingPostProcessor': AutowiredMethodElement for public void org.springframework.boot.context.properties.ConfigurationPropertiesBindingPostProcessor.setConverters(java.util.List)
[DEBUG] Processing injected element of bean 'org.springframework.boot.context.properties.ConfigurationPropertiesBindingPostProcessor': AutowiredMethodElement for public void org.springframework.boot.context.properties.ConfigurationPropertiesBindingPostProcessor.setGenericConverters(java.util.List)
[DEBUG] Adding [systemProperties] PropertySource with lowest search precedence
[DEBUG] Adding [systemEnvironment] PropertySource with lowest search precedence
[DEBUG] Adding [random] PropertySource with lowest search precedence
[DEBUG] Adding [integrationTest] PropertySource with lowest search precedence
[DEBUG] Adding [applicationConfig: [classpath:/application.properties]] PropertySource with lowest search precedence
[DEBUG] Adding [localProperties] PropertySource with lowest search precedence
[DEBUG] Adding [systemProperties] PropertySource with lowest search precedence
[DEBUG] Adding [systemEnvironment] PropertySource with lowest search precedence
[DEBUG] Adding [random] PropertySource with lowest search precedence
[DEBUG] Adding [integrationTest] PropertySource with lowest search precedence
[DEBUG] Adding [applicationConfig: [classpath:/application.properties]] PropertySource with lowest search precedence
[DEBUG] Adding [localProperties] PropertySource with lowest search precedence
[DEBUG] Searching for key 'spring.datasource.url' in [systemProperties]
[DEBUG] Searching for key 'spring.datasource.url' in [systemEnvironment]
[DEBUG] Searching for key 'spring.datasource.url' in [random]
[DEBUG] Searching for key 'spring.datasource.url' in [integrationTest]
[DEBUG] Searching for key 'spring.datasource.url' in [applicationConfig: [classpath:/application.properties]]
[DEBUG] Found key 'spring.datasource.url' in [applicationConfig: [classpath:/application.properties]] with type [String] and value 'jdbc:mysql://localhost:3306/socialuacm'
[DEBUG] Adding [systemProperties] PropertySource with lowest search precedence
[DEBUG] Adding [systemEnvironment] PropertySource with lowest search precedence
[DEBUG] Adding [random] PropertySource with lowest search precedence
[DEBUG] Adding [integrationTest] PropertySource with lowest search precedence
[DEBUG] Adding [applicationConfig: [classpath:/application.properties]] PropertySource with lowest search precedence
[DEBUG] Adding [localProperties] PropertySource with lowest search precedence
[DEBUG] Searching for key 'spring.datasource.username' in [systemProperties]
[DEBUG] Searching for key 'spring.datasource.username' in [systemEnvironment]
[DEBUG] Searching for key 'spring.datasource.username' in [random]
[DEBUG] Searching for key 'spring.datasource.username' in [integrationTest]
[DEBUG] Searching for key 'spring.datasource.username' in [applicationConfig: [classpath:/application.properties]]
[DEBUG] Found key 'spring.datasource.username' in [applicationConfig: [classpath:/application.properties]] with type [String] and value 'root'
[DEBUG] Adding [systemProperties] PropertySource with lowest search precedence
[DEBUG] Adding [systemEnvironment] PropertySource with lowest search precedence
[DEBUG] Adding [random] PropertySource with lowest search precedence
[DEBUG] Adding [integrationTest] PropertySource with lowest search precedence
[DEBUG] Adding [applicationConfig: [classpath:/application.properties]] PropertySource with lowest search precedence
[DEBUG] Adding [localProperties] PropertySource with lowest search precedence
[DEBUG] Searching for key 'spring.datasource.driver-class-name' in [systemProperties]
[DEBUG] Searching for key 'spring.datasource.driver-class-name' in [systemEnvironment]
[DEBUG] Searching for key 'spring.datasource.driver-class-name' in [random]
[DEBUG] Searching for key 'spring.datasource.driver-class-name' in [integrationTest]
[DEBUG] Searching for key 'spring.datasource.driver-class-name' in [applicationConfig: [classpath:/application.properties]]
[DEBUG] Found key 'spring.datasource.driver-class-name' in [applicationConfig: [classpath:/application.properties]] with type [String] and value 'com.mysql.jdbc.Driver'
[DEBUG] Adding [systemProperties] PropertySource with lowest search precedence
[DEBUG] Adding [systemEnvironment] PropertySource with lowest search precedence
[DEBUG] Adding [random] PropertySource with lowest search precedence
[DEBUG] Adding [integrationTest] PropertySource with lowest search precedence
[DEBUG] Adding [applicationConfig: [classpath:/application.properties]] PropertySource with lowest search precedence
[DEBUG] Adding [localProperties] PropertySource with lowest search precedence
[DEBUG] Searching for key 'spring.datasource.password' in [systemProperties]
[DEBUG] Searching for key 'spring.datasource.password' in [systemEnvironment]
[DEBUG] Searching for key 'spring.datasource.password' in [random]
[DEBUG] Searching for key 'spring.datasource.password' in [integrationTest]
[DEBUG] Searching for key 'spring.datasource.password' in [applicationConfig: [classpath:/application.properties]]
[DEBUG] Found key 'spring.datasource.password' in [applicationConfig: [classpath:/application.properties]] with type [String] and value ''
[DEBUG] Could not read previous value of property 'url'
java.lang.reflect.InvocationTargetException: null
	at sun.reflect.NativeMethodAccessorImpl.invoke0(Native Method)
	at sun.reflect.NativeMethodAccessorImpl.invoke(NativeMethodAccessorImpl.java:62)
	at sun.reflect.DelegatingMethodAccessorImpl.invoke(DelegatingMethodAccessorImpl.java:43)
	at java.lang.reflect.Method.invoke(Method.java:498)
	at org.springframework.beans.BeanWrapperImpl$BeanPropertyHandler.getValue(BeanWrapperImpl.java:307)
	at org.springframework.beans.AbstractNestablePropertyAccessor.setPropertyValue(AbstractNestablePropertyAccessor.java:437)
	at org.springframework.beans.AbstractNestablePropertyAccessor.setPropertyValue(AbstractNestablePropertyAccessor.java:280)
	at org.springframework.boot.bind.RelaxedDataBinder$RelaxedBeanWrapper.setPropertyValue(RelaxedDataBinder.java:700)
	at org.springframework.beans.AbstractPropertyAccessor.setPropertyValues(AbstractPropertyAccessor.java:95)
	at org.springframework.validation.DataBinder.applyPropertyValues(DataBinder.java:834)
	at org.springframework.validation.DataBinder.doBind(DataBinder.java:730)
	at org.springframework.boot.bind.RelaxedDataBinder.doBind(RelaxedDataBinder.java:128)
	at org.springframework.validation.DataBinder.bind(DataBinder.java:715)
	at org.springframework.boot.bind.PropertiesConfigurationFactory.doBindPropertiesToTarget(PropertiesConfigurationFactory.java:269)
	at org.springframework.boot.bind.PropertiesConfigurationFactory.bindPropertiesToTarget(PropertiesConfigurationFactory.java:241)
	at org.springframework.boot.context.properties.ConfigurationPropertiesBindingPostProcessor.postProcessBeforeInitialization(ConfigurationPropertiesBindingPostProcessor.java:334)
	at org.springframework.boot.context.properties.ConfigurationPropertiesBindingPostProcessor.postProcessBeforeInitialization(ConfigurationPropertiesBindingPostProcessor.java:289)
	at org.springframework.beans.factory.support.AbstractAutowireCapableBeanFactory.applyBeanPostProcessorsBeforeInitialization(AbstractAutowireCapableBeanFactory.java:408)
	at org.springframework.beans.factory.support.AbstractAutowireCapableBeanFactory.initializeBean(AbstractAutowireCapableBeanFactory.java:1570)
	at org.springframework.beans.factory.support.AbstractAutowireCapableBeanFactory.doCreateBean(AbstractAutowireCapableBeanFactory.java:545)
	at org.springframework.beans.factory.support.AbstractAutowireCapableBeanFactory.createBean(AbstractAutowireCapableBeanFactory.java:482)
	at org.springframework.beans.factory.support.AbstractBeanFactory$1.getObject(AbstractBeanFactory.java:306)
	at org.springframework.beans.factory.support.DefaultSingletonBeanRegistry.getSingleton(DefaultSingletonBeanRegistry.java:230)
	at org.springframework.beans.factory.support.AbstractBeanFactory.doGetBean(AbstractBeanFactory.java:302)
	at org.springframework.beans.factory.support.AbstractBeanFactory.getBean(AbstractBeanFactory.java:197)
	at org.springframework.beans.factory.support.DefaultListableBeanFactory.findAutowireCandidates(DefaultListableBeanFactory.java:1192)
	at org.springframework.beans.factory.support.DefaultListableBeanFactory.doResolveDependency(DefaultListableBeanFactory.java:1116)
	at org.springframework.beans.factory.support.DefaultListableBeanFactory.resolveDependency(DefaultListableBeanFactory.java:1014)
	at org.springframework.beans.factory.annotation.AutowiredAnnotationBeanPostProcessor$AutowiredFieldElement.inject(AutowiredAnnotationBeanPostProcessor.java:545)
	at org.springframework.beans.factory.annotation.InjectionMetadata.inject(InjectionMetadata.java:88)
	at org.springframework.beans.factory.annotation.AutowiredAnnotationBeanPostProcessor.postProcessPropertyValues(AutowiredAnnotationBeanPostProcessor.java:331)
	at org.springframework.beans.factory.support.AbstractAutowireCapableBeanFactory.populateBean(AbstractAutowireCapableBeanFactory.java:1214)
	at org.springframework.beans.factory.support.AbstractAutowireCapableBeanFactory.doCreateBean(AbstractAutowireCapableBeanFactory.java:543)
	at org.springframework.beans.factory.support.AbstractAutowireCapableBeanFactory.createBean(AbstractAutowireCapableBeanFactory.java:482)
	at org.springframework.beans.factory.support.AbstractBeanFactory$1.getObject(AbstractBeanFactory.java:306)
	at org.springframework.beans.factory.support.DefaultSingletonBeanRegistry.getSingleton(DefaultSingletonBeanRegistry.java:230)
	at org.springframework.beans.factory.support.AbstractBeanFactory.doGetBean(AbstractBeanFactory.java:302)
	at org.springframework.beans.factory.support.AbstractBeanFactory.getBean(AbstractBeanFactory.java:197)
	at org.springframework.beans.factory.support.ConstructorResolver.instantiateUsingFactoryMethod(ConstructorResolver.java:368)
	at org.springframework.beans.factory.support.AbstractAutowireCapableBeanFactory.instantiateUsingFactoryMethod(AbstractAutowireCapableBeanFactory.java:1123)
	at org.springframework.beans.factory.support.AbstractAutowireCapableBeanFactory.createBeanInstance(AbstractAutowireCapableBeanFactory.java:1018)
	at org.springframework.beans.factory.support.AbstractAutowireCapableBeanFactory.doCreateBean(AbstractAutowireCapableBeanFactory.java:510)
	at org.springframework.beans.factory.support.AbstractAutowireCapableBeanFactory.createBean(AbstractAutowireCapableBeanFactory.java:482)
	at org.springframework.beans.factory.support.AbstractBeanFactory$1.getObject(AbstractBeanFactory.java:306)
	at org.springframework.beans.factory.support.DefaultSingletonBeanRegistry.getSingleton(DefaultSingletonBeanRegistry.java:230)
	at org.springframework.beans.factory.support.AbstractBeanFactory.doGetBean(AbstractBeanFactory.java:302)
	at org.springframework.beans.factory.support.AbstractBeanFactory.getBean(AbstractBeanFactory.java:197)
	at org.springframework.beans.factory.support.DefaultListableBeanFactory.findAutowireCandidates(DefaultListableBeanFactory.java:1192)
	at org.springframework.beans.factory.support.DefaultListableBeanFactory.doResolveDependency(DefaultListableBeanFactory.java:1116)
	at org.springframework.beans.factory.support.DefaultListableBeanFactory.resolveDependency(DefaultListableBeanFactory.java:1014)
	at org.springframework.beans.factory.annotation.AutowiredAnnotationBeanPostProcessor$AutowiredFieldElement.inject(AutowiredAnnotationBeanPostProcessor.java:545)
	at org.springframework.beans.factory.annotation.InjectionMetadata.inject(InjectionMetadata.java:88)
	at org.springframework.beans.factory.annotation.AutowiredAnnotationBeanPostProcessor.postProcessPropertyValues(AutowiredAnnotationBeanPostProcessor.java:331)
	at org.springframework.beans.factory.support.AbstractAutowireCapableBeanFactory.populateBean(AbstractAutowireCapableBeanFactory.java:1214)
	at org.springframework.beans.factory.support.AbstractAutowireCapableBeanFactory.doCreateBean(AbstractAutowireCapableBeanFactory.java:543)
	at org.springframework.beans.factory.support.AbstractAutowireCapableBeanFactory.createBean(AbstractAutowireCapableBeanFactory.java:482)
	at org.springframework.beans.factory.support.AbstractBeanFactory$1.getObject(AbstractBeanFactory.java:306)
	at org.springframework.beans.factory.support.DefaultSingletonBeanRegistry.getSingleton(DefaultSingletonBeanRegistry.java:230)
	at org.springframework.beans.factory.support.AbstractBeanFactory.doGetBean(AbstractBeanFactory.java:302)
	at org.springframework.beans.factory.support.AbstractBeanFactory.getBean(AbstractBeanFactory.java:197)
	at org.springframework.beans.factory.support.ConstructorResolver.instantiateUsingFactoryMethod(ConstructorResolver.java:368)
	at org.springframework.beans.factory.support.AbstractAutowireCapableBeanFactory.instantiateUsingFactoryMethod(AbstractAutowireCapableBeanFactory.java:1123)
	at org.springframework.beans.factory.support.AbstractAutowireCapableBeanFactory.createBeanInstance(AbstractAutowireCapableBeanFactory.java:1018)
	at org.springframework.beans.factory.support.AbstractAutowireCapableBeanFactory.doCreateBean(AbstractAutowireCapableBeanFactory.java:510)
	at org.springframework.beans.factory.support.AbstractAutowireCapableBeanFactory.createBean(AbstractAutowireCapableBeanFactory.java:482)
	at org.springframework.beans.factory.support.AbstractBeanFactory$1.getObject(AbstractBeanFactory.java:306)
	at org.springframework.beans.factory.support.DefaultSingletonBeanRegistry.getSingleton(DefaultSingletonBeanRegistry.java:230)
	at org.springframework.beans.factory.support.AbstractBeanFactory.doGetBean(AbstractBeanFactory.java:302)
	at org.springframework.beans.factory.support.AbstractBeanFactory.getBean(AbstractBeanFactory.java:197)
	at org.springframework.context.support.AbstractApplicationContext.getBean(AbstractApplicationContext.java:1054)
	at org.springframework.context.support.AbstractApplicationContext.finishBeanFactoryInitialization(AbstractApplicationContext.java:829)
	at org.springframework.context.support.AbstractApplicationContext.refresh(AbstractApplicationContext.java:538)
	at org.springframework.boot.SpringApplication.refresh(SpringApplication.java:766)
	at org.springframework.boot.SpringApplication.createAndRefreshContext(SpringApplication.java:361)
	at org.springframework.boot.SpringApplication.run(SpringApplication.java:307)
	at org.springframework.boot.test.SpringApplicationContextLoader.loadContext(SpringApplicationContextLoader.java:98)
	at org.springframework.test.context.cache.DefaultCacheAwareContextLoaderDelegate.loadContextInternal(DefaultCacheAwareContextLoaderDelegate.java:98)
	at org.springframework.test.context.cache.DefaultCacheAwareContextLoaderDelegate.loadContext(DefaultCacheAwareContextLoaderDelegate.java:116)
	at org.springframework.test.context.support.DefaultTestContext.getApplicationContext(DefaultTestContext.java:83)
	at org.springframework.test.context.web.ServletTestExecutionListener.setUpRequestContextIfNecessary(ServletTestExecutionListener.java:183)
	at org.springframework.test.context.web.ServletTestExecutionListener.prepareTestInstance(ServletTestExecutionListener.java:123)
	at org.springframework.test.context.TestContextManager.prepareTestInstance(TestContextManager.java:228)
	at org.springframework.test.context.junit4.SpringJUnit4ClassRunner.createTest(SpringJUnit4ClassRunner.java:230)
	at org.springframework.test.context.junit4.SpringJUnit4ClassRunner$1.runReflectiveCall(SpringJUnit4ClassRunner.java:289)
	at org.junit.internal.runners.model.ReflectiveCallable.run(ReflectiveCallable.java:12)
	at org.springframework.test.context.junit4.SpringJUnit4ClassRunner.methodBlock(SpringJUnit4ClassRunner.java:291)
	at org.springframework.test.context.junit4.SpringJUnit4ClassRunner.runChild(SpringJUnit4ClassRunner.java:249)
	at org.springframework.test.context.junit4.SpringJUnit4ClassRunner.runChild(SpringJUnit4ClassRunner.java:89)
	at org.junit.runners.ParentRunner$3.run(ParentRunner.java:290)
	at org.junit.runners.ParentRunner$1.schedule(ParentRunner.java:71)
	at org.junit.runners.ParentRunner.runChildren(ParentRunner.java:288)
	at org.junit.runners.ParentRunner.access$000(ParentRunner.java:58)
	at org.junit.runners.ParentRunner$2.evaluate(ParentRunner.java:268)
	at org.springframework.test.context.junit4.statements.RunBeforeTestClassCallbacks.evaluate(RunBeforeTestClassCallbacks.java:61)
	at org.springframework.test.context.junit4.statements.RunAfterTestClassCallbacks.evaluate(RunAfterTestClassCallbacks.java:70)
	at org.junit.runners.ParentRunner.run(ParentRunner.java:363)
	at org.springframework.test.context.junit4.SpringJUnit4ClassRunner.run(SpringJUnit4ClassRunner.java:193)
	at org.gradle.api.internal.tasks.testing.junit.JUnitTestClassExecuter.runTestClass(JUnitTestClassExecuter.java:112)
	at org.gradle.api.internal.tasks.testing.junit.JUnitTestClassExecuter.execute(JUnitTestClassExecuter.java:56)
	at org.gradle.api.internal.tasks.testing.junit.JUnitTestClassProcessor.processTestClass(JUnitTestClassProcessor.java:66)
	at org.gradle.api.internal.tasks.testing.SuiteTestClassProcessor.processTestClass(SuiteTestClassProcessor.java:51)
	at sun.reflect.NativeMethodAccessorImpl.invoke0(Native Method)
	at sun.reflect.NativeMethodAccessorImpl.invoke(NativeMethodAccessorImpl.java:62)
	at sun.reflect.DelegatingMethodAccessorImpl.invoke(DelegatingMethodAccessorImpl.java:43)
	at java.lang.reflect.Method.invoke(Method.java:498)
	at org.gradle.messaging.dispatch.ReflectionDispatch.dispatch(ReflectionDispatch.java:35)
	at org.gradle.messaging.dispatch.ReflectionDispatch.dispatch(ReflectionDispatch.java:24)
	at org.gradle.messaging.dispatch.ContextClassLoaderDispatch.dispatch(ContextClassLoaderDispatch.java:32)
	at org.gradle.messaging.dispatch.ProxyDispatchAdapter$DispatchingInvocationHandler.invoke(ProxyDispatchAdapter.java:93)
	at com.sun.proxy.$Proxy2.processTestClass(Unknown Source)
	at org.gradle.api.internal.tasks.testing.worker.TestWorker.processTestClass(TestWorker.java:109)
	at sun.reflect.NativeMethodAccessorImpl.invoke0(Native Method)
	at sun.reflect.NativeMethodAccessorImpl.invoke(NativeMethodAccessorImpl.java:62)
	at sun.reflect.DelegatingMethodAccessorImpl.invoke(DelegatingMethodAccessorImpl.java:43)
	at java.lang.reflect.Method.invoke(Method.java:498)
	at org.gradle.messaging.dispatch.ReflectionDispatch.dispatch(ReflectionDispatch.java:35)
	at org.gradle.messaging.dispatch.ReflectionDispatch.dispatch(ReflectionDispatch.java:24)
	at org.gradle.messaging.remote.internal.hub.MessageHub$Handler.run(MessageHub.java:360)
	at org.gradle.internal.concurrent.ExecutorPolicy$CatchAndRecordFailures.onExecute(ExecutorPolicy.java:54)
	at org.gradle.internal.concurrent.StoppableExecutorImpl$1.run(StoppableExecutorImpl.java:40)
	at java.util.concurrent.ThreadPoolExecutor.runWorker(ThreadPoolExecutor.java:1142)
	at java.util.concurrent.ThreadPoolExecutor$Worker.run(ThreadPoolExecutor.java:617)
	at java.lang.Thread.run(Thread.java:745)
Caused by: java.lang.NullPointerException: null
	at java.util.regex.Matcher.getTextLength(Matcher.java:1283)
	at java.util.regex.Matcher.reset(Matcher.java:309)
	at java.util.regex.Matcher.<init>(Matcher.java:229)
	at java.util.regex.Pattern.matcher(Pattern.java:1093)
	at java.util.Formatter.parse(Formatter.java:2547)
	at java.util.Formatter.format(Formatter.java:2501)
	at java.util.Formatter.format(Formatter.java:2455)
	at java.lang.String.format(String.java:2940)
	at org.springframework.boot.autoconfigure.jdbc.EmbeddedDatabaseConnection.getUrl(EmbeddedDatabaseConnection.java:109)
	at org.springframework.boot.autoconfigure.jdbc.DataSourceProperties.getUrl(DataSourceProperties.java:208)
	... 123 common frames omitted
[DEBUG] Invoking afterPropertiesSet() on bean with name 'spring.datasource.CONFIGURATION_PROPERTIES'
[DEBUG] Returning cached instance of singleton bean 'org.springframework.transaction.config.internalTransactionAdvisor'
[DEBUG] Returning cached instance of singleton bean 'org.springframework.transaction.config.internalTransactionAdvisor'
[DEBUG] Finished creating instance of bean 'spring.datasource.CONFIGURATION_PROPERTIES'
[DEBUG] Autowiring by type from bean name 'org.springframework.boot.autoconfigure.jdbc.DataSourceAutoConfiguration$NonEmbeddedConfiguration' to bean named 'spring.datasource.CONFIGURATION_PROPERTIES'
[DEBUG] Returning cached instance of singleton bean 'org.springframework.transaction.config.internalTransactionAdvisor'
[DEBUG] Returning cached instance of singleton bean 'org.springframework.transaction.config.internalTransactionAdvisor'
[DEBUG] Finished creating instance of bean 'org.springframework.boot.autoconfigure.jdbc.DataSourceAutoConfiguration$NonEmbeddedConfiguration'
[DEBUG] Eagerly caching bean 'dataSource' to allow for resolving potential circular references
[DEBUG] Adding [systemProperties] PropertySource with lowest search precedence
[DEBUG] Adding [systemEnvironment] PropertySource with lowest search precedence
[DEBUG] Adding [random] PropertySource with lowest search precedence
[DEBUG] Adding [integrationTest] PropertySource with lowest search precedence
[DEBUG] Adding [applicationConfig: [classpath:/application.properties]] PropertySource with lowest search precedence
[DEBUG] Adding [localProperties] PropertySource with lowest search precedence
[DEBUG] Adding [systemProperties] PropertySource with lowest search precedence
[DEBUG] Adding [systemEnvironment] PropertySource with lowest search precedence
[DEBUG] Adding [random] PropertySource with lowest search precedence
[DEBUG] Adding [integrationTest] PropertySource with lowest search precedence
[DEBUG] Adding [applicationConfig: [classpath:/application.properties]] PropertySource with lowest search precedence
[DEBUG] Adding [localProperties] PropertySource with lowest search precedence
[DEBUG] Searching for key 'spring.datasource.url' in [systemProperties]
[DEBUG] Searching for key 'spring.datasource.url' in [systemEnvironment]
[DEBUG] Searching for key 'spring.datasource.url' in [random]
[DEBUG] Searching for key 'spring.datasource.url' in [integrationTest]
[DEBUG] Searching for key 'spring.datasource.url' in [applicationConfig: [classpath:/application.properties]]
[DEBUG] Found key 'spring.datasource.url' in [applicationConfig: [classpath:/application.properties]] with type [String] and value 'jdbc:mysql://localhost:3306/socialuacm'
[DEBUG] Adding [systemProperties] PropertySource with lowest search precedence
[DEBUG] Adding [systemEnvironment] PropertySource with lowest search precedence
[DEBUG] Adding [random] PropertySource with lowest search precedence
[DEBUG] Adding [integrationTest] PropertySource with lowest search precedence
[DEBUG] Adding [applicationConfig: [classpath:/application.properties]] PropertySource with lowest search precedence
[DEBUG] Adding [localProperties] PropertySource with lowest search precedence
[DEBUG] Searching for key 'spring.datasource.username' in [systemProperties]
[DEBUG] Searching for key 'spring.datasource.username' in [systemEnvironment]
[DEBUG] Searching for key 'spring.datasource.username' in [random]
[DEBUG] Searching for key 'spring.datasource.username' in [integrationTest]
[DEBUG] Searching for key 'spring.datasource.username' in [applicationConfig: [classpath:/application.properties]]
[DEBUG] Found key 'spring.datasource.username' in [applicationConfig: [classpath:/application.properties]] with type [String] and value 'root'
[DEBUG] Adding [systemProperties] PropertySource with lowest search precedence
[DEBUG] Adding [systemEnvironment] PropertySource with lowest search precedence
[DEBUG] Adding [random] PropertySource with lowest search precedence
[DEBUG] Adding [integrationTest] PropertySource with lowest search precedence
[DEBUG] Adding [applicationConfig: [classpath:/application.properties]] PropertySource with lowest search precedence
[DEBUG] Adding [localProperties] PropertySource with lowest search precedence
[DEBUG] Searching for key 'spring.datasource.driver-class-name' in [systemProperties]
[DEBUG] Searching for key 'spring.datasource.driver-class-name' in [systemEnvironment]
[DEBUG] Searching for key 'spring.datasource.driver-class-name' in [random]
[DEBUG] Searching for key 'spring.datasource.driver-class-name' in [integrationTest]
[DEBUG] Searching for key 'spring.datasource.driver-class-name' in [applicationConfig: [classpath:/application.properties]]
[DEBUG] Found key 'spring.datasource.driver-class-name' in [applicationConfig: [classpath:/application.properties]] with type [String] and value 'com.mysql.jdbc.Driver'
[DEBUG] Adding [systemProperties] PropertySource with lowest search precedence
[DEBUG] Adding [systemEnvironment] PropertySource with lowest search precedence
[DEBUG] Adding [random] PropertySource with lowest search precedence
[DEBUG] Adding [integrationTest] PropertySource with lowest search precedence
[DEBUG] Adding [applicationConfig: [classpath:/application.properties]] PropertySource with lowest search precedence
[DEBUG] Adding [localProperties] PropertySource with lowest search precedence
[DEBUG] Searching for key 'spring.datasource.password' in [systemProperties]
[DEBUG] Searching for key 'spring.datasource.password' in [systemEnvironment]
[DEBUG] Searching for key 'spring.datasource.password' in [random]
[DEBUG] Searching for key 'spring.datasource.password' in [integrationTest]
[DEBUG] Searching for key 'spring.datasource.password' in [applicationConfig: [classpath:/application.properties]]
[DEBUG] Found key 'spring.datasource.password' in [applicationConfig: [classpath:/application.properties]] with type [String] and value ''
[DEBUG] Returning cached instance of singleton bean 'org.springframework.transaction.config.internalTransactionAdvisor'
[DEBUG] Returning cached instance of singleton bean 'org.springframework.transaction.config.internalTransactionAdvisor'
[DEBUG] Creating shared instance of singleton bean 'dataSourceInitializer'
[DEBUG] Creating instance of bean 'dataSourceInitializer'
[DEBUG] Returning cached instance of singleton bean 'org.springframework.transaction.config.internalTransactionAdvisor'
[DEBUG] Creating shared instance of singleton bean 'org.springframework.boot.autoconfigure.jdbc.DataSourceAutoConfiguration$DataSourceInitializerConfiguration'
[DEBUG] Creating instance of bean 'org.springframework.boot.autoconfigure.jdbc.DataSourceAutoConfiguration$DataSourceInitializerConfiguration'
[DEBUG] Returning cached instance of singleton bean 'org.springframework.transaction.config.internalTransactionAdvisor'
[DEBUG] Eagerly caching bean 'org.springframework.boot.autoconfigure.jdbc.DataSourceAutoConfiguration$DataSourceInitializerConfiguration' to allow for resolving potential circular references
[DEBUG] Returning cached instance of singleton bean 'org.springframework.transaction.config.internalTransactionAdvisor'
[DEBUG] Returning cached instance of singleton bean 'org.springframework.transaction.config.internalTransactionAdvisor'
[DEBUG] Finished creating instance of bean 'org.springframework.boot.autoconfigure.jdbc.DataSourceAutoConfiguration$DataSourceInitializerConfiguration'
[DEBUG] Found init method on class [org.springframework.boot.autoconfigure.jdbc.DataSourceInitializer]: public void org.springframework.boot.autoconfigure.jdbc.DataSourceInitializer.init()
[DEBUG] Registered init method on class [org.springframework.boot.autoconfigure.jdbc.DataSourceInitializer]: org.springframework.beans.factory.annotation.InitDestroyAnnotationBeanPostProcessor$LifecycleElement@316510
[DEBUG] Registered injected element on class [org.springframework.boot.autoconfigure.jdbc.DataSourceInitializer]: AutowiredFieldElement for private org.springframework.context.ConfigurableApplicationContext org.springframework.boot.autoconfigure.jdbc.DataSourceInitializer.applicationContext
[DEBUG] Registered injected element on class [org.springframework.boot.autoconfigure.jdbc.DataSourceInitializer]: AutowiredFieldElement for private org.springframework.boot.autoconfigure.jdbc.DataSourceProperties org.springframework.boot.autoconfigure.jdbc.DataSourceInitializer.properties
[DEBUG] Eagerly caching bean 'dataSourceInitializer' to allow for resolving potential circular references
[DEBUG] Processing injected element of bean 'dataSourceInitializer': AutowiredFieldElement for private org.springframework.context.ConfigurableApplicationContext org.springframework.boot.autoconfigure.jdbc.DataSourceInitializer.applicationContext
[DEBUG] Autowiring by type from bean name 'dataSourceInitializer' to bean named 'org.springframework.web.context.support.GenericWebApplicationContext@5be397e'
[DEBUG] Processing injected element of bean 'dataSourceInitializer': AutowiredFieldElement for private org.springframework.boot.autoconfigure.jdbc.DataSourceProperties org.springframework.boot.autoconfigure.jdbc.DataSourceInitializer.properties
[DEBUG] Returning cached instance of singleton bean 'spring.datasource.CONFIGURATION_PROPERTIES'
[DEBUG] Autowiring by type from bean name 'dataSourceInitializer' to bean named 'spring.datasource.CONFIGURATION_PROPERTIES'
[DEBUG] Invoking init method on bean 'dataSourceInitializer': public void org.springframework.boot.autoconfigure.jdbc.DataSourceInitializer.init()
[DEBUG] Returning eagerly cached instance of singleton bean 'dataSource' that is not fully initialized yet - a consequence of a circular reference
[DEBUG] Resolved classpath location [schema-all.sql] to resources []
[DEBUG] Resolved classpath location [schema.sql] to resources []
[DEBUG] Returning cached instance of singleton bean 'org.springframework.transaction.config.internalTransactionAdvisor'
[DEBUG] Returning cached instance of singleton bean 'org.springframework.transaction.config.internalTransactionAdvisor'
[DEBUG] Finished creating instance of bean 'dataSourceInitializer'
[DEBUG] Finished creating instance of bean 'dataSource'
[DEBUG] Autowiring by type from bean name 'org.springframework.boot.autoconfigure.orm.jpa.HibernateJpaAutoConfiguration' to bean named 'dataSource'
[DEBUG] Processing injected element of bean 'org.springframework.boot.autoconfigure.orm.jpa.HibernateJpaAutoConfiguration': AutowiredFieldElement for private org.springframework.orm.jpa.persistenceunit.PersistenceUnitManager org.springframework.boot.autoconfigure.orm.jpa.JpaBaseConfiguration.persistenceUnitManager
[DEBUG] Processing injected element of bean 'org.springframework.boot.autoconfigure.orm.jpa.HibernateJpaAutoConfiguration': AutowiredFieldElement for private org.springframework.boot.autoconfigure.orm.jpa.JpaProperties org.springframework.boot.autoconfigure.orm.jpa.JpaBaseConfiguration.jpaProperties
[DEBUG] Creating shared instance of singleton bean 'spring.jpa.CONFIGURATION_PROPERTIES'
[DEBUG] Creating instance of bean 'spring.jpa.CONFIGURATION_PROPERTIES'
[DEBUG] Returning cached instance of singleton bean 'org.springframework.transaction.config.internalTransactionAdvisor'
[DEBUG] Eagerly caching bean 'spring.jpa.CONFIGURATION_PROPERTIES' to allow for resolving potential circular references
[DEBUG] Adding [systemProperties] PropertySource with lowest search precedence
[DEBUG] Adding [systemEnvironment] PropertySource with lowest search precedence
[DEBUG] Adding [random] PropertySource with lowest search precedence
[DEBUG] Adding [integrationTest] PropertySource with lowest search precedence
[DEBUG] Adding [applicationConfig: [classpath:/application.properties]] PropertySource with lowest search precedence
[DEBUG] Adding [localProperties] PropertySource with lowest search precedence
[DEBUG] Adding [systemProperties] PropertySource with lowest search precedence
[DEBUG] Adding [systemEnvironment] PropertySource with lowest search precedence
[DEBUG] Adding [random] PropertySource with lowest search precedence
[DEBUG] Adding [integrationTest] PropertySource with lowest search precedence
[DEBUG] Adding [applicationConfig: [classpath:/application.properties]] PropertySource with lowest search precedence
[DEBUG] Adding [localProperties] PropertySource with lowest search precedence
[DEBUG] Searching for key 'spring.jpa.hibernate.ddl-auto' in [systemProperties]
[DEBUG] Searching for key 'spring.jpa.hibernate.ddl-auto' in [systemEnvironment]
[DEBUG] Searching for key 'spring.jpa.hibernate.ddl-auto' in [random]
[DEBUG] Searching for key 'spring.jpa.hibernate.ddl-auto' in [integrationTest]
[DEBUG] Searching for key 'spring.jpa.hibernate.ddl-auto' in [applicationConfig: [classpath:/application.properties]]
[DEBUG] Found key 'spring.jpa.hibernate.ddl-auto' in [applicationConfig: [classpath:/application.properties]] with type [String] and value 'update'
[DEBUG] Adding [systemProperties] PropertySource with lowest search precedence
[DEBUG] Adding [systemEnvironment] PropertySource with lowest search precedence
[DEBUG] Adding [random] PropertySource with lowest search precedence
[DEBUG] Adding [integrationTest] PropertySource with lowest search precedence
[DEBUG] Adding [applicationConfig: [classpath:/application.properties]] PropertySource with lowest search precedence
[DEBUG] Adding [localProperties] PropertySource with lowest search precedence
[DEBUG] Searching for key 'spring.jpa.database' in [systemProperties]
[DEBUG] Searching for key 'spring.jpa.database' in [systemEnvironment]
[DEBUG] Searching for key 'spring.jpa.database' in [random]
[DEBUG] Searching for key 'spring.jpa.database' in [integrationTest]
[DEBUG] Searching for key 'spring.jpa.database' in [applicationConfig: [classpath:/application.properties]]
[DEBUG] Found key 'spring.jpa.database' in [applicationConfig: [classpath:/application.properties]] with type [String] and value 'MYSQL'
[DEBUG] Adding [systemProperties] PropertySource with lowest search precedence
[DEBUG] Adding [systemEnvironment] PropertySource with lowest search precedence
[DEBUG] Adding [random] PropertySource with lowest search precedence
[DEBUG] Adding [integrationTest] PropertySource with lowest search precedence
[DEBUG] Adding [applicationConfig: [classpath:/application.properties]] PropertySource with lowest search precedence
[DEBUG] Adding [localProperties] PropertySource with lowest search precedence
[DEBUG] Searching for key 'spring.jpa.hibernate.naming-strategy' in [systemProperties]
[DEBUG] Searching for key 'spring.jpa.hibernate.naming-strategy' in [systemEnvironment]
[DEBUG] Searching for key 'spring.jpa.hibernate.naming-strategy' in [random]
[DEBUG] Searching for key 'spring.jpa.hibernate.naming-strategy' in [integrationTest]
[DEBUG] Searching for key 'spring.jpa.hibernate.naming-strategy' in [applicationConfig: [classpath:/application.properties]]
[DEBUG] Found key 'spring.jpa.hibernate.naming-strategy' in [applicationConfig: [classpath:/application.properties]] with type [String] and value 'org.hibernate.cfg.ImprovedNamingStrategy'
[DEBUG] Adding [systemProperties] PropertySource with lowest search precedence
[DEBUG] Adding [systemEnvironment] PropertySource with lowest search precedence
[DEBUG] Adding [random] PropertySource with lowest search precedence
[DEBUG] Adding [integrationTest] PropertySource with lowest search precedence
[DEBUG] Adding [applicationConfig: [classpath:/application.properties]] PropertySource with lowest search precedence
[DEBUG] Adding [localProperties] PropertySource with lowest search precedence
[DEBUG] Searching for key 'spring.jpa.properties.hibernate.dialect' in [systemProperties]
[DEBUG] Searching for key 'spring.jpa.properties.hibernate.dialect' in [systemEnvironment]
[DEBUG] Searching for key 'spring.jpa.properties.hibernate.dialect' in [random]
[DEBUG] Searching for key 'spring.jpa.properties.hibernate.dialect' in [integrationTest]
[DEBUG] Searching for key 'spring.jpa.properties.hibernate.dialect' in [applicationConfig: [classpath:/application.properties]]
[DEBUG] Found key 'spring.jpa.properties.hibernate.dialect' in [applicationConfig: [classpath:/application.properties]] with type [String] and value 'org.hibernate.dialect.MySQL5Dialect'
[DEBUG] Adding [systemProperties] PropertySource with lowest search precedence
[DEBUG] Adding [systemEnvironment] PropertySource with lowest search precedence
[DEBUG] Adding [random] PropertySource with lowest search precedence
[DEBUG] Adding [integrationTest] PropertySource with lowest search precedence
[DEBUG] Adding [applicationConfig: [classpath:/application.properties]] PropertySource with lowest search precedence
[DEBUG] Adding [localProperties] PropertySource with lowest search precedence
[DEBUG] Searching for key 'spring.jpa.show-sql' in [systemProperties]
[DEBUG] Searching for key 'spring.jpa.show-sql' in [systemEnvironment]
[DEBUG] Searching for key 'spring.jpa.show-sql' in [random]
[DEBUG] Searching for key 'spring.jpa.show-sql' in [integrationTest]
[DEBUG] Searching for key 'spring.jpa.show-sql' in [applicationConfig: [classpath:/application.properties]]
[DEBUG] Found key 'spring.jpa.show-sql' in [applicationConfig: [classpath:/application.properties]] with type [String] and value 'true'
[DEBUG] Returning cached instance of singleton bean 'org.springframework.transaction.config.internalTransactionAdvisor'
[DEBUG] Returning cached instance of singleton bean 'org.springframework.transaction.config.internalTransactionAdvisor'
[DEBUG] Finished creating instance of bean 'spring.jpa.CONFIGURATION_PROPERTIES'
[DEBUG] Autowiring by type from bean name 'org.springframework.boot.autoconfigure.orm.jpa.HibernateJpaAutoConfiguration' to bean named 'spring.jpa.CONFIGURATION_PROPERTIES'
[DEBUG] Processing injected element of bean 'org.springframework.boot.autoconfigure.orm.jpa.HibernateJpaAutoConfiguration': AutowiredFieldElement for private org.springframework.transaction.jta.JtaTransactionManager org.springframework.boot.autoconfigure.orm.jpa.JpaBaseConfiguration.jtaTransactionManager
[DEBUG] Processing injected element of bean 'org.springframework.boot.autoconfigure.orm.jpa.HibernateJpaAutoConfiguration': AutowiredFieldElement for private org.springframework.boot.autoconfigure.orm.jpa.JpaProperties org.springframework.boot.autoconfigure.orm.jpa.HibernateJpaAutoConfiguration.properties
[DEBUG] Returning cached instance of singleton bean 'spring.jpa.CONFIGURATION_PROPERTIES'
[DEBUG] Autowiring by type from bean name 'org.springframework.boot.autoconfigure.orm.jpa.HibernateJpaAutoConfiguration' to bean named 'spring.jpa.CONFIGURATION_PROPERTIES'
[DEBUG] Processing injected element of bean 'org.springframework.boot.autoconfigure.orm.jpa.HibernateJpaAutoConfiguration': AutowiredFieldElement for private javax.sql.DataSource org.springframework.boot.autoconfigure.orm.jpa.HibernateJpaAutoConfiguration.dataSource
[DEBUG] Returning cached instance of singleton bean 'dataSource'
[DEBUG] Autowiring by type from bean name 'org.springframework.boot.autoconfigure.orm.jpa.HibernateJpaAutoConfiguration' to bean named 'dataSource'
[DEBUG] Returning cached instance of singleton bean 'org.springframework.transaction.config.internalTransactionAdvisor'
[DEBUG] Returning cached instance of singleton bean 'org.springframework.transaction.config.internalTransactionAdvisor'
[DEBUG] Finished creating instance of bean 'org.springframework.boot.autoconfigure.orm.jpa.HibernateJpaAutoConfiguration'
[DEBUG] Creating shared instance of singleton bean 'entityManagerFactoryBuilder'
[DEBUG] Creating instance of bean 'entityManagerFactoryBuilder'
[DEBUG] Returning cached instance of singleton bean 'org.springframework.transaction.config.internalTransactionAdvisor'
[DEBUG] Returning cached instance of singleton bean 'org.springframework.boot.autoconfigure.orm.jpa.HibernateJpaAutoConfiguration'
[DEBUG] Creating shared instance of singleton bean 'jpaVendorAdapter'
[DEBUG] Creating instance of bean 'jpaVendorAdapter'
[DEBUG] Returning cached instance of singleton bean 'org.springframework.transaction.config.internalTransactionAdvisor'
[DEBUG] Returning cached instance of singleton bean 'org.springframework.boot.autoconfigure.orm.jpa.HibernateJpaAutoConfiguration'
[DEBUG] Eagerly caching bean 'jpaVendorAdapter' to allow for resolving potential circular references
[DEBUG] Returning cached instance of singleton bean 'org.springframework.transaction.config.internalTransactionAdvisor'
[DEBUG] Returning cached instance of singleton bean 'org.springframework.transaction.config.internalTransactionAdvisor'
[DEBUG] Finished creating instance of bean 'jpaVendorAdapter'
[DEBUG] Autowiring by type from bean name 'entityManagerFactoryBuilder' via factory method to bean named 'jpaVendorAdapter'
[DEBUG] Eagerly caching bean 'entityManagerFactoryBuilder' to allow for resolving potential circular references
[DEBUG] Returning cached instance of singleton bean 'org.springframework.transaction.config.internalTransactionAdvisor'
[DEBUG] Returning cached instance of singleton bean 'org.springframework.transaction.config.internalTransactionAdvisor'
[DEBUG] Finished creating instance of bean 'entityManagerFactoryBuilder'
[DEBUG] Autowiring by type from bean name 'entityManagerFactory' via factory method to bean named 'entityManagerFactoryBuilder'
[DEBUG] Returning cached instance of singleton bean 'org.springframework.boot.autoconfigure.AutoConfigurationPackages'
[DEBUG] Returning cached instance of singleton bean 'org.springframework.boot.autoconfigure.AutoConfigurationPackages'
[DEBUG] Eagerly caching bean 'entityManagerFactory' to allow for resolving potential circular references
[DEBUG] Invoking afterPropertiesSet() on bean with name 'entityManagerFactory'
[DEBUG] Resolved classpath location [META-INF/persistence.xml] to resources []
[DEBUG] Resolved classpath location [social/edu/uacm/] to resources [URL [file:/C:/Users/netoz/Documents/workspace-sts-3.7.3.RELEASE/Social-UACM/build/instrumented_classes/social/edu/uacm/], URL [file:/C:/Users/netoz/Documents/workspace-sts-3.7.3.RELEASE/Social-UACM/build/classes/test/social/edu/uacm/], URL [file:/C:/Users/netoz/Documents/workspace-sts-3.7.3.RELEASE/Social-UACM/build/classes/main/social/edu/uacm/]]
[DEBUG] Looking for matching resources in directory tree [C:\Users\netoz\Documents\workspace-sts-3.7.3.RELEASE\Social-UACM\build\instrumented_classes\social\edu\uacm]
[DEBUG] Searching directory [C:\Users\netoz\Documents\workspace-sts-3.7.3.RELEASE\Social-UACM\build\instrumented_classes\social\edu\uacm] for files matching pattern [C:/Users/netoz/Documents/workspace-sts-3.7.3.RELEASE/Social-UACM/build/instrumented_classes/social/edu/uacm/**/*.class]
[DEBUG] Searching directory [C:\Users\netoz\Documents\workspace-sts-3.7.3.RELEASE\Social-UACM\build\instrumented_classes\social\edu\uacm\controller] for files matching pattern [C:/Users/netoz/Documents/workspace-sts-3.7.3.RELEASE/Social-UACM/build/instrumented_classes/social/edu/uacm/**/*.class]
[DEBUG] Searching directory [C:\Users\netoz\Documents\workspace-sts-3.7.3.RELEASE\Social-UACM\build\instrumented_classes\social\edu\uacm\dao] for files matching pattern [C:/Users/netoz/Documents/workspace-sts-3.7.3.RELEASE/Social-UACM/build/instrumented_classes/social/edu/uacm/**/*.class]
[DEBUG] Searching directory [C:\Users\netoz\Documents\workspace-sts-3.7.3.RELEASE\Social-UACM\build\instrumented_classes\social\edu\uacm\dao\impl] for files matching pattern [C:/Users/netoz/Documents/workspace-sts-3.7.3.RELEASE/Social-UACM/build/instrumented_classes/social/edu/uacm/**/*.class]
[DEBUG] Searching directory [C:\Users\netoz\Documents\workspace-sts-3.7.3.RELEASE\Social-UACM\build\instrumented_classes\social\edu\uacm\domain] for files matching pattern [C:/Users/netoz/Documents/workspace-sts-3.7.3.RELEASE/Social-UACM/build/instrumented_classes/social/edu/uacm/**/*.class]
[DEBUG] Searching directory [C:\Users\netoz\Documents\workspace-sts-3.7.3.RELEASE\Social-UACM\build\instrumented_classes\social\edu\uacm\service] for files matching pattern [C:/Users/netoz/Documents/workspace-sts-3.7.3.RELEASE/Social-UACM/build/instrumented_classes/social/edu/uacm/**/*.class]
[DEBUG] Searching directory [C:\Users\netoz\Documents\workspace-sts-3.7.3.RELEASE\Social-UACM\build\instrumented_classes\social\edu\uacm\service\impl] for files matching pattern [C:/Users/netoz/Documents/workspace-sts-3.7.3.RELEASE/Social-UACM/build/instrumented_classes/social/edu/uacm/**/*.class]
[DEBUG] Searching directory [C:\Users\netoz\Documents\workspace-sts-3.7.3.RELEASE\Social-UACM\build\instrumented_classes\social\edu\uacm\util] for files matching pattern [C:/Users/netoz/Documents/workspace-sts-3.7.3.RELEASE/Social-UACM/build/instrumented_classes/social/edu/uacm/**/*.class]
[DEBUG] Looking for matching resources in directory tree [C:\Users\netoz\Documents\workspace-sts-3.7.3.RELEASE\Social-UACM\build\classes\test\social\edu\uacm]
[DEBUG] Searching directory [C:\Users\netoz\Documents\workspace-sts-3.7.3.RELEASE\Social-UACM\build\classes\test\social\edu\uacm] for files matching pattern [C:/Users/netoz/Documents/workspace-sts-3.7.3.RELEASE/Social-UACM/build/classes/test/social/edu/uacm/**/*.class]
[DEBUG] Searching directory [C:\Users\netoz\Documents\workspace-sts-3.7.3.RELEASE\Social-UACM\build\classes\test\social\edu\uacm\test] for files matching pattern [C:/Users/netoz/Documents/workspace-sts-3.7.3.RELEASE/Social-UACM/build/classes/test/social/edu/uacm/**/*.class]
[DEBUG] Looking for matching resources in directory tree [C:\Users\netoz\Documents\workspace-sts-3.7.3.RELEASE\Social-UACM\build\classes\main\social\edu\uacm]
[DEBUG] Searching directory [C:\Users\netoz\Documents\workspace-sts-3.7.3.RELEASE\Social-UACM\build\classes\main\social\edu\uacm] for files matching pattern [C:/Users/netoz/Documents/workspace-sts-3.7.3.RELEASE/Social-UACM/build/classes/main/social/edu/uacm/**/*.class]
[DEBUG] Searching directory [C:\Users\netoz\Documents\workspace-sts-3.7.3.RELEASE\Social-UACM\build\classes\main\social\edu\uacm\controller] for files matching pattern [C:/Users/netoz/Documents/workspace-sts-3.7.3.RELEASE/Social-UACM/build/classes/main/social/edu/uacm/**/*.class]
[DEBUG] Searching directory [C:\Users\netoz\Documents\workspace-sts-3.7.3.RELEASE\Social-UACM\build\classes\main\social\edu\uacm\dao] for files matching pattern [C:/Users/netoz/Documents/workspace-sts-3.7.3.RELEASE/Social-UACM/build/classes/main/social/edu/uacm/**/*.class]
[DEBUG] Searching directory [C:\Users\netoz\Documents\workspace-sts-3.7.3.RELEASE\Social-UACM\build\classes\main\social\edu\uacm\dao\impl] for files matching pattern [C:/Users/netoz/Documents/workspace-sts-3.7.3.RELEASE/Social-UACM/build/classes/main/social/edu/uacm/**/*.class]
[DEBUG] Searching directory [C:\Users\netoz\Documents\workspace-sts-3.7.3.RELEASE\Social-UACM\build\classes\main\social\edu\uacm\domain] for files matching pattern [C:/Users/netoz/Documents/workspace-sts-3.7.3.RELEASE/Social-UACM/build/classes/main/social/edu/uacm/**/*.class]
[DEBUG] Searching directory [C:\Users\netoz\Documents\workspace-sts-3.7.3.RELEASE\Social-UACM\build\classes\main\social\edu\uacm\service] for files matching pattern [C:/Users/netoz/Documents/workspace-sts-3.7.3.RELEASE/Social-UACM/build/classes/main/social/edu/uacm/**/*.class]
[DEBUG] Searching directory [C:\Users\netoz\Documents\workspace-sts-3.7.3.RELEASE\Social-UACM\build\classes\main\social\edu\uacm\service\impl] for files matching pattern [C:/Users/netoz/Documents/workspace-sts-3.7.3.RELEASE/Social-UACM/build/classes/main/social/edu/uacm/**/*.class]
[DEBUG] Searching directory [C:\Users\netoz\Documents\workspace-sts-3.7.3.RELEASE\Social-UACM\build\classes\main\social\edu\uacm\util] for files matching pattern [C:/Users/netoz/Documents/workspace-sts-3.7.3.RELEASE/Social-UACM/build/classes/main/social/edu/uacm/**/*.class]
[DEBUG] Resolved location pattern [classpath*:social/edu/uacm/**/*.class] to resources [file [C:\Users\netoz\Documents\workspace-sts-3.7.3.RELEASE\Social-UACM\build\instrumented_classes\social\edu\uacm\Application.class], file [C:\Users\netoz\Documents\workspace-sts-3.7.3.RELEASE\Social-UACM\build\instrumented_classes\social\edu\uacm\controller\PeticionController.class], file [C:\Users\netoz\Documents\workspace-sts-3.7.3.RELEASE\Social-UACM\build\instrumented_classes\social\edu\uacm\dao\AlumnoDao.class], file [C:\Users\netoz\Documents\workspace-sts-3.7.3.RELEASE\Social-UACM\build\instrumented_classes\social\edu\uacm\dao\impl\AlumnoDaoImpl$1.class], file [C:\Users\netoz\Documents\workspace-sts-3.7.3.RELEASE\Social-UACM\build\instrumented_classes\social\edu\uacm\dao\impl\AlumnoDaoImpl.class], file [C:\Users\netoz\Documents\workspace-sts-3.7.3.RELEASE\Social-UACM\build\instrumented_classes\social\edu\uacm\domain\Alumno.class], file [C:\Users\netoz\Documents\workspace-sts-3.7.3.RELEASE\Social-UACM\build\instrumented_classes\social\edu\uacm\domain\AlumnoRepositorio.class], file [C:\Users\netoz\Documents\workspace-sts-3.7.3.RELEASE\Social-UACM\build\instrumented_classes\social\edu\uacm\domain\AlumnoRepository.class], file [C:\Users\netoz\Documents\workspace-sts-3.7.3.RELEASE\Social-UACM\build\instrumented_classes\social\edu\uacm\domain\Documento.class], file [C:\Users\netoz\Documents\workspace-sts-3.7.3.RELEASE\Social-UACM\build\instrumented_classes\social\edu\uacm\domain\DocumentoRepository.class], file [C:\Users\netoz\Documents\workspace-sts-3.7.3.RELEASE\Social-UACM\build\instrumented_classes\social\edu\uacm\MvcConfig.class], file [C:\Users\netoz\Documents\workspace-sts-3.7.3.RELEASE\Social-UACM\build\instrumented_classes\social\edu\uacm\service\impl\MyUserDetailsServiceImpl.class], file [C:\Users\netoz\Documents\workspace-sts-3.7.3.RELEASE\Social-UACM\build\instrumented_classes\social\edu\uacm\service\impl\PeticionServiceImpl.class], file [C:\Users\netoz\Documents\workspace-sts-3.7.3.RELEASE\Social-UACM\build\instrumented_classes\social\edu\uacm\service\MyUserDetailsService.class], file [C:\Users\netoz\Documents\workspace-sts-3.7.3.RELEASE\Social-UACM\build\instrumented_classes\social\edu\uacm\service\PeticionService.class], file [C:\Users\netoz\Documents\workspace-sts-3.7.3.RELEASE\Social-UACM\build\instrumented_classes\social\edu\uacm\util\MySimpleUrlAuthenticationSuccessHandler.class], file [C:\Users\netoz\Documents\workspace-sts-3.7.3.RELEASE\Social-UACM\build\instrumented_classes\social\edu\uacm\WebSecurityConfig.class], file [C:\Users\netoz\Documents\workspace-sts-3.7.3.RELEASE\Social-UACM\build\classes\test\social\edu\uacm\test\AlumnoTest.class], file [C:\Users\netoz\Documents\workspace-sts-3.7.3.RELEASE\Social-UACM\build\classes\test\social\edu\uacm\test\DocumentoTest.class], file [C:\Users\netoz\Documents\workspace-sts-3.7.3.RELEASE\Social-UACM\build\classes\main\social\edu\uacm\Application.class], file [C:\Users\netoz\Documents\workspace-sts-3.7.3.RELEASE\Social-UACM\build\classes\main\social\edu\uacm\controller\PeticionController.class], file [C:\Users\netoz\Documents\workspace-sts-3.7.3.RELEASE\Social-UACM\build\classes\main\social\edu\uacm\dao\AlumnoDao.class], file [C:\Users\netoz\Documents\workspace-sts-3.7.3.RELEASE\Social-UACM\build\classes\main\social\edu\uacm\dao\impl\AlumnoDaoImpl$1.class], file [C:\Users\netoz\Documents\workspace-sts-3.7.3.RELEASE\Social-UACM\build\classes\main\social\edu\uacm\dao\impl\AlumnoDaoImpl.class], file [C:\Users\netoz\Documents\workspace-sts-3.7.3.RELEASE\Social-UACM\build\classes\main\social\edu\uacm\domain\Alumno.class], file [C:\Users\netoz\Documents\workspace-sts-3.7.3.RELEASE\Social-UACM\build\classes\main\social\edu\uacm\domain\AlumnoRepositorio.class], file [C:\Users\netoz\Documents\workspace-sts-3.7.3.RELEASE\Social-UACM\build\classes\main\social\edu\uacm\domain\AlumnoRepository.class], file [C:\Users\netoz\Documents\workspace-sts-3.7.3.RELEASE\Social-UACM\build\classes\main\social\edu\uacm\domain\Documento.class], file [C:\Users\netoz\Documents\workspace-sts-3.7.3.RELEASE\Social-UACM\build\classes\main\social\edu\uacm\domain\DocumentoRepository.class], file [C:\Users\netoz\Documents\workspace-sts-3.7.3.RELEASE\Social-UACM\build\classes\main\social\edu\uacm\MvcConfig.class], file [C:\Users\netoz\Documents\workspace-sts-3.7.3.RELEASE\Social-UACM\build\classes\main\social\edu\uacm\service\impl\MyUserDetailsServiceImpl.class], file [C:\Users\netoz\Documents\workspace-sts-3.7.3.RELEASE\Social-UACM\build\classes\main\social\edu\uacm\service\impl\PeticionServiceImpl.class], file [C:\Users\netoz\Documents\workspace-sts-3.7.3.RELEASE\Social-UACM\build\classes\main\social\edu\uacm\service\MyUserDetailsService.class], file [C:\Users\netoz\Documents\workspace-sts-3.7.3.RELEASE\Social-UACM\build\classes\main\social\edu\uacm\service\PeticionService.class], file [C:\Users\netoz\Documents\workspace-sts-3.7.3.RELEASE\Social-UACM\build\classes\main\social\edu\uacm\util\MySimpleUrlAuthenticationSuccessHandler.class], file [C:\Users\netoz\Documents\workspace-sts-3.7.3.RELEASE\Social-UACM\build\classes\main\social\edu\uacm\WebSecurityConfig.class]]
[INFO] Building JPA container EntityManagerFactory for persistence unit 'default'
[DEBUG] PersistenceUnitInfo [
	name: default
	persistence provider classname: null
	classloader: sun.misc.Launcher$AppClassLoader@4e25154f
	excludeUnlistedClasses: true
	JTA datasource: null
	Non JTA datasource: org.apache.tomcat.jdbc.pool.DataSource@41b29300{ConnectionPool[defaultAutoCommit=null; defaultReadOnly=null; defaultTransactionIsolation=-1; defaultCatalog=null; driverClassName=com.mysql.jdbc.Driver; maxActive=100; maxIdle=100; minIdle=10; initialSize=10; maxWait=30000; testOnBorrow=false; testOnReturn=false; timeBetweenEvictionRunsMillis=5000; numTestsPerEvictionRun=0; minEvictableIdleTimeMillis=60000; testWhileIdle=false; testOnConnect=false; password=********; url=jdbc:mysql://localhost:3306/socialuacm; username=root; validationQuery=null; validationQueryTimeout=-1; validatorClassName=null; validationInterval=30000; accessToUnderlyingConnectionAllowed=true; removeAbandoned=false; removeAbandonedTimeout=60; logAbandoned=false; connectionProperties=null; initSQL=null; jdbcInterceptors=null; jmxEnabled=true; fairQueue=true; useEquals=true; abandonWhenPercentageFull=0; maxAge=0; useLock=false; dataSource=null; dataSourceJNDI=null; suspectTimeout=0; alternateUsernameAllowed=false; commitOnReturn=false; rollbackOnReturn=false; useDisposableConnectionFacade=true; logValidationErrors=false; propagateInterruptState=false; ignoreExceptionOnPreLoad=false; }
	Transaction type: RESOURCE_LOCAL
	PU root URL: file:/C:/Users/netoz/Documents/workspace-sts-3.7.3.RELEASE/Social-UACM/build/instrumented_classes/
	Shared Cache Mode: UNSPECIFIED
	Validation Mode: AUTO
	Jar files URLs []
	Managed classes names [
		social.edu.uacm.domain.Alumno
		social.edu.uacm.domain.Documento
		social.edu.uacm.domain.Alumno
		social.edu.uacm.domain.Documento]
	Mapping files names []
	Properties []
[DEBUG] Adding Integrator [org.hibernate.cfg.beanvalidation.BeanValidationIntegrator].
[DEBUG] Adding Integrator [org.hibernate.secure.spi.JaccIntegrator].
[DEBUG] Adding Integrator [org.hibernate.cache.internal.CollectionCacheInvalidator].
[DEBUG] Adding Integrator [org.hibernate.jpa.event.spi.JpaIntegrator].
[DEBUG] Registering named strategy selector [org.hibernate.dialect.Dialect] : [MySQL5] -> [org.hibernate.dialect.MySQL5Dialect] (replacing [org.hibernate.dialect.MySQL5Dialect])
[DEBUG] Registering named strategy selector [org.hibernate.dialect.Dialect] : [MySQL5InnoDB] -> [org.hibernate.dialect.MySQL5InnoDBDialect] (replacing [org.hibernate.dialect.MySQL5InnoDBDialect])
[INFO] HHH000412: Hibernate Core {4.3.11.Final}
[INFO] HHH000206: hibernate.properties not found
[INFO] HHH000021: Bytecode provider name : javassist
[DEBUG] Overriding existing service binding [org.hibernate.secure.spi.JaccService]
[DEBUG] Adding type registration boolean -> org.hibernate.type.BooleanType@2b5d654a
[DEBUG] Adding type registration boolean -> org.hibernate.type.BooleanType@2b5d654a
[DEBUG] Adding type registration java.lang.Boolean -> org.hibernate.type.BooleanType@2b5d654a
[DEBUG] Adding type registration numeric_boolean -> org.hibernate.type.NumericBooleanType@7f390f93
[DEBUG] Adding type registration true_false -> org.hibernate.type.TrueFalseType@130a9219
[DEBUG] Adding type registration yes_no -> org.hibernate.type.YesNoType@1e2ba419
[DEBUG] Adding type registration byte -> org.hibernate.type.ByteType@3fbd499
[DEBUG] Adding type registration byte -> org.hibernate.type.ByteType@3fbd499
[DEBUG] Adding type registration java.lang.Byte -> org.hibernate.type.ByteType@3fbd499
[DEBUG] Adding type registration character -> org.hibernate.type.CharacterType@535556fc
[DEBUG] Adding type registration char -> org.hibernate.type.CharacterType@535556fc
[DEBUG] Adding type registration java.lang.Character -> org.hibernate.type.CharacterType@535556fc
[DEBUG] Adding type registration short -> org.hibernate.type.ShortType@60eba75d
[DEBUG] Adding type registration short -> org.hibernate.type.ShortType@60eba75d
[DEBUG] Adding type registration java.lang.Short -> org.hibernate.type.ShortType@60eba75d
[DEBUG] Adding type registration integer -> org.hibernate.type.IntegerType@277953e1
[DEBUG] Adding type registration int -> org.hibernate.type.IntegerType@277953e1
[DEBUG] Adding type registration java.lang.Integer -> org.hibernate.type.IntegerType@277953e1
[DEBUG] Adding type registration long -> org.hibernate.type.LongType@27d5db8
[DEBUG] Adding type registration long -> org.hibernate.type.LongType@27d5db8
[DEBUG] Adding type registration java.lang.Long -> org.hibernate.type.LongType@27d5db8
[DEBUG] Adding type registration float -> org.hibernate.type.FloatType@221ad05a
[DEBUG] Adding type registration float -> org.hibernate.type.FloatType@221ad05a
[DEBUG] Adding type registration java.lang.Float -> org.hibernate.type.FloatType@221ad05a
[DEBUG] Adding type registration double -> org.hibernate.type.DoubleType@51efce2f
[DEBUG] Adding type registration double -> org.hibernate.type.DoubleType@51efce2f
[DEBUG] Adding type registration java.lang.Double -> org.hibernate.type.DoubleType@51efce2f
[DEBUG] Adding type registration big_decimal -> org.hibernate.type.BigDecimalType@634d6c8d
[DEBUG] Adding type registration java.math.BigDecimal -> org.hibernate.type.BigDecimalType@634d6c8d
[DEBUG] Adding type registration big_integer -> org.hibernate.type.BigIntegerType@67d6bc3c
[DEBUG] Adding type registration java.math.BigInteger -> org.hibernate.type.BigIntegerType@67d6bc3c
[DEBUG] Adding type registration string -> org.hibernate.type.StringType@570b6c6e
[DEBUG] Adding type registration java.lang.String -> org.hibernate.type.StringType@570b6c6e
[DEBUG] Adding type registration nstring -> org.hibernate.type.StringNVarcharType@5475f1a4
[DEBUG] Adding type registration ncharacter -> org.hibernate.type.CharacterNCharType@58739923
[DEBUG] Adding type registration url -> org.hibernate.type.UrlType@955d35e
[DEBUG] Adding type registration java.net.URL -> org.hibernate.type.UrlType@955d35e
[DEBUG] Adding type registration date -> org.hibernate.type.DateType@f7ae6a3
[DEBUG] Adding type registration java.sql.Date -> org.hibernate.type.DateType@f7ae6a3
[DEBUG] Adding type registration time -> org.hibernate.type.TimeType@669eade9
[DEBUG] Adding type registration java.sql.Time -> org.hibernate.type.TimeType@669eade9
[DEBUG] Adding type registration timestamp -> org.hibernate.type.TimestampType@3ebd21a0
[DEBUG] Adding type registration java.sql.Timestamp -> org.hibernate.type.TimestampType@3ebd21a0
[DEBUG] Adding type registration java.util.Date -> org.hibernate.type.TimestampType@3ebd21a0
[DEBUG] Adding type registration dbtimestamp -> org.hibernate.type.DbTimestampType@1130b220
[DEBUG] Adding type registration calendar -> org.hibernate.type.CalendarType@1598540a
[DEBUG] Adding type registration java.util.Calendar -> org.hibernate.type.CalendarType@1598540a
[DEBUG] Adding type registration java.util.GregorianCalendar -> org.hibernate.type.CalendarType@1598540a
[DEBUG] Adding type registration calendar_date -> org.hibernate.type.CalendarDateType@71e17cb4
[DEBUG] Adding type registration locale -> org.hibernate.type.LocaleType@70b5fff
[DEBUG] Adding type registration java.util.Locale -> org.hibernate.type.LocaleType@70b5fff
[DEBUG] Adding type registration currency -> org.hibernate.type.CurrencyType@2ab8b656
[DEBUG] Adding type registration java.util.Currency -> org.hibernate.type.CurrencyType@2ab8b656
[DEBUG] Adding type registration timezone -> org.hibernate.type.TimeZoneType@1f37cae7
[DEBUG] Adding type registration java.util.TimeZone -> org.hibernate.type.TimeZoneType@1f37cae7
[DEBUG] Adding type registration class -> org.hibernate.type.ClassType@56feb85b
[DEBUG] Adding type registration java.lang.Class -> org.hibernate.type.ClassType@56feb85b
[DEBUG] Adding type registration uuid-binary -> org.hibernate.type.UUIDBinaryType@11830884
[DEBUG] Adding type registration java.util.UUID -> org.hibernate.type.UUIDBinaryType@11830884
[DEBUG] Adding type registration uuid-char -> org.hibernate.type.UUIDCharType@3af8547a
[DEBUG] Adding type registration pg-uuid -> org.hibernate.type.PostgresUUIDType@384ffede
[DEBUG] Adding type registration binary -> org.hibernate.type.BinaryType@76d12d52
[DEBUG] Adding type registration byte[] -> org.hibernate.type.BinaryType@76d12d52
[DEBUG] Adding type registration [B -> org.hibernate.type.BinaryType@76d12d52
[DEBUG] Adding type registration wrapper-binary -> org.hibernate.type.WrapperBinaryType@19e76d27
[DEBUG] Adding type registration Byte[] -> org.hibernate.type.WrapperBinaryType@19e76d27
[DEBUG] Adding type registration [Ljava.lang.Byte; -> org.hibernate.type.WrapperBinaryType@19e76d27
[DEBUG] Adding type registration image -> org.hibernate.type.ImageType@6972e2d3
[DEBUG] Adding type registration characters -> org.hibernate.type.CharArrayType@4f7a3532
[DEBUG] Adding type registration char[] -> org.hibernate.type.CharArrayType@4f7a3532
[DEBUG] Adding type registration [C -> org.hibernate.type.CharArrayType@4f7a3532
[DEBUG] Adding type registration wrapper-characters -> org.hibernate.type.CharacterArrayType@1354279f
[DEBUG] Adding type registration [Ljava.lang.Character; -> org.hibernate.type.CharacterArrayType@1354279f
[DEBUG] Adding type registration Character[] -> org.hibernate.type.CharacterArrayType@1354279f
[DEBUG] Adding type registration text -> org.hibernate.type.TextType@2dbcf14b
[DEBUG] Adding type registration ntext -> org.hibernate.type.NTextType@68849fdd
[DEBUG] Adding type registration blob -> org.hibernate.type.BlobType@5ff6637c
[DEBUG] Adding type registration java.sql.Blob -> org.hibernate.type.BlobType@5ff6637c
[DEBUG] Adding type registration materialized_blob -> org.hibernate.type.MaterializedBlobType@1767b3ee
[DEBUG] Adding type registration clob -> org.hibernate.type.ClobType@6defde87
[DEBUG] Adding type registration java.sql.Clob -> org.hibernate.type.ClobType@6defde87
[DEBUG] Adding type registration nclob -> org.hibernate.type.NClobType@7ffc774a
[DEBUG] Adding type registration java.sql.NClob -> org.hibernate.type.NClobType@7ffc774a
[DEBUG] Adding type registration materialized_clob -> org.hibernate.type.MaterializedClobType@3d24bcee
[DEBUG] Adding type registration materialized_nclob -> org.hibernate.type.MaterializedNClobType@e7a7595
[DEBUG] Adding type registration serializable -> org.hibernate.type.SerializableType@415de5fb
[DEBUG] Adding type registration object -> org.hibernate.type.ObjectType@70268d1
[DEBUG] Adding type registration java.lang.Object -> org.hibernate.type.ObjectType@70268d1
[DEBUG] Adding type registration imm_date -> org.hibernate.type.AdaptedImmutableType@44c8c32
[DEBUG] Adding type registration imm_time -> org.hibernate.type.AdaptedImmutableType@101c388a
[DEBUG] Adding type registration imm_timestamp -> org.hibernate.type.AdaptedImmutableType@472a7b2c
[DEBUG] Adding type registration imm_dbtimestamp -> org.hibernate.type.AdaptedImmutableType@19aacfdf
[DEBUG] Adding type registration imm_calendar -> org.hibernate.type.AdaptedImmutableType@7967edc4
[DEBUG] Adding type registration imm_calendar_date -> org.hibernate.type.AdaptedImmutableType@8ce520a
[DEBUG] Adding type registration imm_binary -> org.hibernate.type.AdaptedImmutableType@1ca9bb24
[DEBUG] Adding type registration imm_serializable -> org.hibernate.type.AdaptedImmutableType@53b24b59
[INFO] HCANN000001: Hibernate Commons Annotations {4.0.5.Final}
[DEBUG] Registering IdentifierGenerator strategy [uuid2] -> [org.hibernate.id.UUIDGenerator]
[DEBUG] Registering IdentifierGenerator strategy [guid] -> [org.hibernate.id.GUIDGenerator]
[DEBUG] Registering IdentifierGenerator strategy [uuid] -> [org.hibernate.id.UUIDHexGenerator]
[DEBUG] Registering IdentifierGenerator strategy [uuid.hex] -> [org.hibernate.id.UUIDHexGenerator]
[DEBUG] Registering IdentifierGenerator strategy [hilo] -> [org.hibernate.id.TableHiLoGenerator]
[DEBUG] Registering IdentifierGenerator strategy [assigned] -> [org.hibernate.id.Assigned]
[DEBUG] Registering IdentifierGenerator strategy [identity] -> [org.hibernate.id.IdentityGenerator]
[DEBUG] Registering IdentifierGenerator strategy [select] -> [org.hibernate.id.SelectGenerator]
[DEBUG] Registering IdentifierGenerator strategy [sequence] -> [org.hibernate.id.SequenceGenerator]
[DEBUG] Registering IdentifierGenerator strategy [seqhilo] -> [org.hibernate.id.SequenceHiLoGenerator]
[DEBUG] Registering IdentifierGenerator strategy [increment] -> [org.hibernate.id.IncrementGenerator]
[DEBUG] Registering IdentifierGenerator strategy [foreign] -> [org.hibernate.id.ForeignGenerator]
[DEBUG] Registering IdentifierGenerator strategy [sequence-identity] -> [org.hibernate.id.SequenceIdentityGenerator]
[DEBUG] Registering IdentifierGenerator strategy [enhanced-sequence] -> [org.hibernate.id.enhanced.SequenceStyleGenerator]
[DEBUG] Registering IdentifierGenerator strategy [enhanced-table] -> [org.hibernate.id.enhanced.TableGenerator]
[DEBUG] Preparing to build session factory with filters : {}
[DEBUG] Database ->
       name : MySQL
    version : 5.5.24-log
      major : 5
      minor : 5
[DEBUG] Driver ->
       name : MySQL Connector Java
    version : mysql-connector-java-5.1.31 ( Revision: alexander.soklakov@oracle.com-20140520065950-groqzzbvxprqdmnz )
      major : 5
      minor : 1
[DEBUG] JDBC version : 4.0
[DEBUG] Unexpected error trying to gauge level of JDBC REF_CURSOR support : null
[INFO] HHH000400: Using dialect: org.hibernate.dialect.MySQL5Dialect
[DEBUG] Processing hbm.xml files
[DEBUG] Process annotated classes
[DEBUG] Binding entity from annotated class: social.edu.uacm.domain.Alumno
[DEBUG] Binding column: Ejb3DiscriminatorColumn{logicalColumnName'DTYPE', discriminatorTypeName='string'}
[DEBUG] Import with entity name Alumno
[DEBUG] Bind entity social.edu.uacm.domain.Alumno on table alumno
[DEBUG] Binding column: Ejb3Column{table=org.hibernate.mapping.Table(alumno), mappingColumn=id, insertable=true, updatable=true, unique=false}
[DEBUG] MetadataSourceProcessor property id with lazy=false
[DEBUG] Attempting to locate auto-apply AttributeConverter for property [social.edu.uacm.domain.Alumno:id]
[DEBUG] building SimpleValue for id
[DEBUG] Building property id
[DEBUG] Binding column: Ejb3Column{table=org.hibernate.mapping.Table(alumno), mappingColumn=contrasena, insertable=true, updatable=true, unique=false}
[DEBUG] MetadataSourceProcessor property contrasena with lazy=false
[DEBUG] Attempting to locate auto-apply AttributeConverter for property [social.edu.uacm.domain.Alumno:contrasena]
[DEBUG] building SimpleValue for contrasena
[DEBUG] Building property contrasena
[DEBUG] Binding column: Ejb3JoinColumn{logicalColumnName='null', referencedColumn='null', mappedBy='alumno'}
[DEBUG] Binding column: Ejb3Column{table=org.hibernate.mapping.Table(alumno), mappingColumn=documentos, insertable=true, updatable=true, unique=false}
[DEBUG] Binding column: Ejb3Column{table=org.hibernate.mapping.Table(alumno), mappingColumn=null, insertable=true, updatable=true, unique=false}
[DEBUG] Binding column: Ejb3Column{table=org.hibernate.mapping.Table(alumno), mappingColumn=element, insertable=true, updatable=true, unique=false}
[DEBUG] Binding column: Ejb3Column{table=org.hibernate.mapping.Table(alumno), mappingColumn=documentos_key, insertable=true, updatable=true, unique=false}
[DEBUG] Binding column: Ejb3JoinColumn{logicalColumnName='documentos_KEY', referencedColumn='null', mappedBy='null'}
[DEBUG] Binding column: Ejb3JoinColumn{logicalColumnName='null', referencedColumn='null', mappedBy='alumno'}
[DEBUG] Binding column: Ejb3JoinColumn{logicalColumnName='null', referencedColumn='null', mappedBy='alumno'}
[DEBUG] Collection role: social.edu.uacm.domain.Alumno.documentos
[DEBUG] Building property documentos
[DEBUG] Binding column: Ejb3Column{table=org.hibernate.mapping.Table(alumno), mappingColumn=email, insertable=true, updatable=true, unique=false}
[DEBUG] MetadataSourceProcessor property email with lazy=false
[DEBUG] Attempting to locate auto-apply AttributeConverter for property [social.edu.uacm.domain.Alumno:email]
[DEBUG] building SimpleValue for email
[DEBUG] Building property email
[DEBUG] Binding column: Ejb3Column{table=org.hibernate.mapping.Table(alumno), mappingColumn=nombre, insertable=true, updatable=true, unique=false}
[DEBUG] MetadataSourceProcessor property nombre with lazy=false
[DEBUG] Attempting to locate auto-apply AttributeConverter for property [social.edu.uacm.domain.Alumno:nombre]
[DEBUG] building SimpleValue for nombre
[DEBUG] Building property nombre
[DEBUG] Binding column: Ejb3Column{table=org.hibernate.mapping.Table(alumno), mappingColumn=nombreusuario, insertable=true, updatable=true, unique=false}
[DEBUG] MetadataSourceProcessor property nombreusuario with lazy=false
[DEBUG] Attempting to locate auto-apply AttributeConverter for property [social.edu.uacm.domain.Alumno:nombreusuario]
[DEBUG] building SimpleValue for nombreusuario
[DEBUG] Building property nombreusuario
[DEBUG] Binding column: Ejb3Column{table=org.hibernate.mapping.Table(alumno), mappingColumn=plantel, insertable=true, updatable=true, unique=false}
[DEBUG] MetadataSourceProcessor property plantel with lazy=false
[DEBUG] Attempting to locate auto-apply AttributeConverter for property [social.edu.uacm.domain.Alumno:plantel]
[DEBUG] building SimpleValue for plantel
[DEBUG] Building property plantel
[DEBUG] Binding column: Ejb3Column{table=org.hibernate.mapping.Table(alumno), mappingColumn=telefono, insertable=true, updatable=true, unique=false}
[DEBUG] MetadataSourceProcessor property telefono with lazy=false
[DEBUG] Attempting to locate auto-apply AttributeConverter for property [social.edu.uacm.domain.Alumno:telefono]
[DEBUG] building SimpleValue for telefono
[DEBUG] Building property telefono
[DEBUG] Binding column: Ejb3Column{table=org.hibernate.mapping.Table(alumno), mappingColumn=web, insertable=true, updatable=true, unique=false}
[DEBUG] MetadataSourceProcessor property web with lazy=false
[DEBUG] Attempting to locate auto-apply AttributeConverter for property [social.edu.uacm.domain.Alumno:web]
[DEBUG] building SimpleValue for web
[DEBUG] Building property web
[DEBUG] Binding entity from annotated class: social.edu.uacm.domain.Documento
[DEBUG] Binding column: Ejb3DiscriminatorColumn{logicalColumnName'DTYPE', discriminatorTypeName='string'}
[DEBUG] Import with entity name Documento
[DEBUG] Bind entity social.edu.uacm.domain.Documento on table documentos
[DEBUG] Binding column: Ejb3Column{table=org.hibernate.mapping.Table(documentos), mappingColumn=iddocumentos, insertable=true, updatable=true, unique=false}
[DEBUG] MetadataSourceProcessor property iddocumentos with lazy=false
[DEBUG] Attempting to locate auto-apply AttributeConverter for property [social.edu.uacm.domain.Documento:iddocumentos]
[DEBUG] building SimpleValue for iddocumentos
[DEBUG] Building property iddocumentos
[DEBUG] Binding column: Ejb3JoinColumn{logicalColumnName='alumno', referencedColumn='', mappedBy=''}
[DEBUG] Binding column: Ejb3Column{table=org.hibernate.mapping.Table(documentos), mappingColumn=alumno, insertable=true, updatable=true, unique=false}
[DEBUG] Building property alumno
[DEBUG] Binding column: Ejb3Column{table=org.hibernate.mapping.Table(documentos), mappingColumn=materia, insertable=true, updatable=true, unique=false}
[DEBUG] MetadataSourceProcessor property materia with lazy=false
[DEBUG] Attempting to locate auto-apply AttributeConverter for property [social.edu.uacm.domain.Documento:materia]
[DEBUG] building SimpleValue for materia
[DEBUG] Building property materia
[DEBUG] Binding column: Ejb3Column{table=org.hibernate.mapping.Table(documentos), mappingColumn=nombreproyecto, insertable=true, updatable=true, unique=false}
[DEBUG] MetadataSourceProcessor property nombreproyecto with lazy=false
[DEBUG] Attempting to locate auto-apply AttributeConverter for property [social.edu.uacm.domain.Documento:nombreproyecto]
[DEBUG] building SimpleValue for nombreproyecto
[DEBUG] Building property nombreproyecto
[DEBUG] Binding column: Ejb3Column{table=org.hibernate.mapping.Table(documentos), mappingColumn=tecnologia, insertable=true, updatable=true, unique=false}
[DEBUG] MetadataSourceProcessor property tecnologia with lazy=false
[DEBUG] Attempting to locate auto-apply AttributeConverter for property [social.edu.uacm.domain.Documento:tecnologia]
[DEBUG] building SimpleValue for tecnologia
[DEBUG] Building property tecnologia
[DEBUG] Starting fillSimpleValue for id
[DEBUG] Starting fillSimpleValue for contrasena
[DEBUG] Starting fillSimpleValue for email
[DEBUG] Starting fillSimpleValue for nombre
[DEBUG] Starting fillSimpleValue for nombreusuario
[DEBUG] Starting fillSimpleValue for plantel
[DEBUG] Starting fillSimpleValue for telefono
[DEBUG] Starting fillSimpleValue for web
[DEBUG] Starting fillSimpleValue for iddocumentos
[DEBUG] Starting fillSimpleValue for materia
[DEBUG] Starting fillSimpleValue for nombreproyecto
[DEBUG] Starting fillSimpleValue for tecnologia
[DEBUG] Processing fk mappings (*ToOne and JoinedSubclass)
[DEBUG] Processing extends queue
[DEBUG] Processing extends queue
[DEBUG] Processing collection mappings
[DEBUG] Second pass for collection: social.edu.uacm.domain.Alumno.documentos
[DEBUG] Binding a OneToMany: social.edu.uacm.domain.Alumno.documentos through a foreign key
[DEBUG] Mapping collection: social.edu.uacm.domain.Alumno.documentos -> documentos
[DEBUG] Retrieving property social.edu.uacm.domain.Documento.alumno
[DEBUG] Mapped collection key: alumno, one-to-many: social.edu.uacm.domain.Documento
[DEBUG] Processing native query and ResultSetMapping mappings
[DEBUG] Processing association property references
[DEBUG] Creating tables' unique integer identifiers
[DEBUG] Processing foreign key constraints
[DEBUG] Resolving reference to class: social.edu.uacm.domain.Alumno
[DEBUG] Automatic flush during beforeCompletion(): disabled
[DEBUG] Automatic session close at end of transaction: disabled
[DEBUG] JDBC batch size: 15
[DEBUG] JDBC batch updates for versioned data: disabled
[DEBUG] Scrollable result sets: enabled
[DEBUG] Wrap result sets: disabled
[DEBUG] JDBC3 getGeneratedKeys(): enabled
[DEBUG] multi-tenancy strategy : NONE
[DEBUG] Connection release mode: auto
[DEBUG] Using BatchFetchStyle : LEGACY
[DEBUG] Maximum outer join fetch depth: 2
[DEBUG] Default batch fetch size: 1
[DEBUG] Generate SQL with comments: disabled
[DEBUG] Order SQL updates by primary key: disabled
[DEBUG] Order SQL inserts for batching: disabled
[DEBUG] Default null ordering: none
[DEBUG] Query translator: org.hibernate.hql.internal.ast.ASTQueryTranslatorFactory
[INFO] HHH000397: Using ASTQueryTranslatorFactory
[DEBUG] Query language substitutions: {}
[DEBUG] JPA-QL strict compliance: disabled
[DEBUG] Second-level cache: enabled
[DEBUG] Query cache: disabled
[DEBUG] Cache region factory : org.hibernate.cache.internal.NoCachingRegionFactory
[DEBUG] Optimize cache for minimal puts: disabled
[DEBUG] Structured second-level cache entries: disabled
[DEBUG] Second-level cache direct-reference entries: disabled
[DEBUG] Automatic eviction of collection cache: disabled
[DEBUG] Statistics: disabled
[DEBUG] Deleted entity synthetic identifier rollback: disabled
[DEBUG] Default entity-mode: pojo
[DEBUG] Named query checking : enabled
[DEBUG] Check Nullability in Core (should be disabled when Bean Validation is on): enabled
[DEBUG] Allow initialization of lazy state outside session : : disabled
[DEBUG] JTA Track by Thread: enabled
[DEBUG] Building session factory
[DEBUG] Session factory constructed with filter configurations : {}
[DEBUG] Instantiating session factory with properties: {java.runtime.name=Java(TM) SE Runtime Environment, sun.boot.library.path=C:\Program Files\Java\jdk1.8.0_91\jre\bin, java.vm.version=25.91-b14, java.vm.vendor=Oracle Corporation, java.vendor.url=http://java.oracle.com/, path.separator=;, java.vm.name=Java HotSpot(TM) 64-Bit Server VM, file.encoding.pkg=sun.io, user.script=, user.country=MX, sun.java.launcher=SUN_STANDARD, sun.os.patch.level=, hibernate.ejb.naming_strategy=org.hibernate.cfg.ImprovedNamingStrategy, java.vm.specification.name=Java Virtual Machine Specification, user.dir=C:\Users\netoz\Documents\workspace-sts-3.7.3.RELEASE\Social-UACM, PID=12896, javax.persistence.sharedCache.mode=UNSPECIFIED, java.runtime.version=1.8.0_91-b14, java.awt.graphicsenv=sun.awt.Win32GraphicsEnvironment, java.endorsed.dirs=C:\Program Files\Java\jdk1.8.0_91\jre\lib\endorsed, os.arch=amd64, org.jboss.logging.provider=slf4j, java.io.tmpdir=C:\Users\netoz\AppData\Local\Temp\, line.separator=
, java.vm.specification.vendor=Oracle Corporation, user.variant=, os.name=Windows 10, net.sourceforge.cobertura.datafile=C:\Users\netoz\Documents\workspace-sts-3.7.3.RELEASE\Social-UACM\build\cobertura\cobertura.ser, sun.jnu.encoding=Cp1252, java.library.path=C:\Program Files\Java\jdk1.8.0_91\bin;C:\windows\Sun\Java\bin;C:\windows\system32;C:\windows;C:\ProgramData\Oracle\Java\javapath;C:\Program Files (x86)\Intel\TXE Components\TCS\;C:\Program Files\Intel\TXE Components\TCS\;C:\windows\system32;C:\windows;C:\windows\System32\Wbem;C:\windows\System32\WindowsPowerShell\v1.0\;C:\Program Files\Intel\TXE Components\DAL\;C:\Program Files (x86)\Intel\TXE Components\DAL\;C:\Program Files\Intel\TXE Components\IPT\;C:\Program Files (x86)\Intel\TXE Components\IPT\;C:\Program Files\Java\jre1.8.0_91\bin;C:\gradle-2.12\bin;C:\Program Files (x86)\MySQL\MySQL Fabric 1.5 & MySQL Utilities 1.5\;C:\Program Files (x86)\MySQL\MySQL Fabric 1.5 & MySQL Utilities 1.5\Doctrine extensions for PHP\;C:\Program Files (x86)\Windows Live\Shared;C:\windows\system32\config\systemprofile\.dnx\bin;C:\Program Files\Microsoft DNX\Dnvm\;C:\Program Files\Microsoft SQL Server\130\Tools\Binn\;C:\JMeter\bin;C:\Program Files\Java\jre1.8.0_91\bin;C:\Program Files (x86)\Windows Kits\10\Windows Performance Toolkit\;C:\Program Files (x86)\nodejs\;C:\Program Files\Git\cmd;C:\Users\netoz\AppData\Roaming\npm;., spring.beaninfo.ignore=true, hibernate.ejb.persistenceUnitName=default, java.specification.name=Java Platform API Specification, java.class.version=52.0, sun.management.compiler=HotSpot 64-Bit Tiered Compilers, hibernate.transaction.jta.platform=org.hibernate.engine.transaction.jta.platform.internal.NoJtaPlatform@3b6e22b0, os.version=10.0, user.home=C:\Users\netoz, user.timezone=America/Mexico_City, java.awt.printerjob=sun.awt.windows.WPrinterJob, java.specification.version=1.8, file.encoding=windows-1252, javax.persistence.nonJtaDataSource=org.apache.tomcat.jdbc.pool.DataSource@41b29300{ConnectionPool[defaultAutoCommit=null; defaultReadOnly=null; defaultTransactionIsolation=-1; defaultCatalog=null; driverClassName=com.mysql.jdbc.Driver; maxActive=100; maxIdle=100; minIdle=10; initialSize=10; maxWait=30000; testOnBorrow=false; testOnReturn=false; timeBetweenEvictionRunsMillis=5000; numTestsPerEvictionRun=0; minEvictableIdleTimeMillis=60000; testWhileIdle=false; testOnConnect=false; password=********; url=jdbc:mysql://localhost:3306/socialuacm; username=root; validationQuery=null; validationQueryTimeout=-1; validatorClassName=null; validationInterval=30000; accessToUnderlyingConnectionAllowed=true; removeAbandoned=false; removeAbandonedTimeout=60; logAbandoned=false; connectionProperties=null; initSQL=null; jdbcInterceptors=null; jmxEnabled=true; fairQueue=true; useEquals=true; abandonWhenPercentageFull=0; maxAge=0; useLock=false; dataSource=null; dataSourceJNDI=null; suspectTimeout=0; alternateUsernameAllowed=false; commitOnReturn=false; rollbackOnReturn=false; useDisposableConnectionFacade=true; logValidationErrors=false; propagateInterruptState=false; ignoreExceptionOnPreLoad=false; }, user.name=netoz, java.class.path=C:\Users\netoz\Documents\workspace-sts-3.7.3.RELEASE\Social-UACM\build\instrumented_classes;C:\Users\netoz\Documents\workspace-sts-3.7.3.RELEASE\Social-UACM\build\classes\test;C:\Users\netoz\Documents\workspace-sts-3.7.3.RELEASE\Social-UACM\build\resources\test;C:\Users\netoz\Documents\workspace-sts-3.7.3.RELEASE\Social-UACM\build\classes\main;C:\Users\netoz\Documents\workspace-sts-3.7.3.RELEASE\Social-UACM\build\resources\main;C:\Users\netoz\.gradle\caches\modules-2\files-2.1\org.springframework.boot\spring-boot-starter-web\1.3.3.RELEASE\f1ee2657f50844d8682b30a1f40aebff3ad60cce\spring-boot-starter-web-1.3.3.RELEASE.jar;C:\Users\netoz\.gradle\caches\modules-2\files-2.1\org.springframework.boot\spring-boot-starter-test\1.3.3.RELEASE\f440856dcf4c3018c9005fa229e7509f28927a73\spring-boot-starter-test-1.3.3.RELEASE.jar;C:\Users\netoz\.gradle\caches\modules-2\files-2.1\org.springframework.boot\spring-boot-starter-data-jpa\1.3.3.RELEASE\c1f8f3102650e54259d69c519b45b64fbf5cd25b\spring-boot-starter-data-jpa-1.3.3.RELEASE.jar;C:\Users\netoz\.gradle\caches\modules-2\files-2.1\mysql\mysql-connector-java\5.1.31\95baa522c5ae4dbff61e8ebd1b2578665d6853a0\mysql-connector-java-5.1.31.jar;C:\Users\netoz\.gradle\caches\modules-2\files-2.1\org.thymeleaf\thymeleaf-spring4\2.1.4.RELEASE\e5677e7daedfd05e001945abf4295305ac23826b\thymeleaf-spring4-2.1.4.RELEASE.jar;C:\Users\netoz\.gradle\caches\modules-2\files-2.1\org.springframework.boot\spring-boot-starter-security\1.3.3.RELEASE\bb649df7b53ab5dc09780d63067400a240e3f366\spring-boot-starter-security-1.3.3.RELEASE.jar;C:\Users\netoz\.gradle\caches\modules-2\files-2.1\junit\junit\4.12\2973d150c0dc1fefe998f834810d68f278ea58ec\junit-4.12.jar;C:\Users\netoz\.gradle\caches\modules-2\files-2.1\org.springframework.boot\spring-boot-starter\1.3.3.RELEASE\e4a71ce6ae8e42a7535dd9f1a39f91d36c538f28\spring-boot-starter-1.3.3.RELEASE.jar;C:\Users\netoz\.gradle\caches\modules-2\files-2.1\org.springframework.boot\spring-boot-starter-tomcat\1.3.3.RELEASE\541468d85cc2c94d2b538b0fa07c018847bb9b78\spring-boot-starter-tomcat-1.3.3.RELEASE.jar;C:\Users\netoz\.gradle\caches\modules-2\files-2.1\org.springframework.boot\spring-boot-starter-validation\1.3.3.RELEASE\df2d5a437fa3093b8da99216c355189fe7b5e64\spring-boot-starter-validation-1.3.3.RELEASE.jar;C:\Users\netoz\.gradle\caches\modules-2\files-2.1\com.fasterxml.jackson.core\jackson-databind\2.6.5\d50be1723a09befd903887099ff2014ea9020333\jackson-databind-2.6.5.jar;C:\Users\netoz\.gradle\caches\modules-2\files-2.1\org.springframework\spring-web\4.2.5.RELEASE\49cd2430884b77172aa81e3fc33ef668ea1dab30\spring-web-4.2.5.RELEASE.jar;C:\Users\netoz\.gradle\caches\modules-2\files-2.1\org.springframework\spring-webmvc\4.2.5.RELEASE\cf463cce3e4453eb4b9a69de2dcdfd60c3c57e0\spring-webmvc-4.2.5.RELEASE.jar;C:\Users\netoz\.gradle\caches\modules-2\files-2.1\org.mockito\mockito-core\1.10.19\e8546f5bef4e061d8dd73895b4e8f40e3fe6effe\mockito-core-1.10.19.jar;C:\Users\netoz\.gradle\caches\modules-2\files-2.1\org.hamcrest\hamcrest-core\1.3\42a25dc3219429f0e5d060061f71acb49bf010a0\hamcrest-core-1.3.jar;C:\Users\netoz\.gradle\caches\modules-2\files-2.1\org.hamcrest\hamcrest-library\1.3\4785a3c21320980282f9f33d0d1264a69040538f\hamcrest-library-1.3.jar;C:\Users\netoz\.gradle\caches\modules-2\files-2.1\org.springframework\spring-core\4.2.5.RELEASE\251207b29f0f38f61e3495a2f7fb053cf1bfe8c\spring-core-4.2.5.RELEASE.jar;C:\Users\netoz\.gradle\caches\modules-2\files-2.1\org.springframework\spring-test\4.2.5.RELEASE\60bd0ac25869d515717284b77644d0416d3a38c5\spring-test-4.2.5.RELEASE.jar;C:\Users\netoz\.gradle\caches\modules-2\files-2.1\org.springframework.boot\spring-boot-starter-aop\1.3.3.RELEASE\f80c290f6a3dccb8255a594795a20048c63460da\spring-boot-starter-aop-1.3.3.RELEASE.jar;C:\Users\netoz\.gradle\caches\modules-2\files-2.1\org.springframework.boot\spring-boot-starter-jdbc\1.3.3.RELEASE\f10ffeca4c879f1f66f30989cc0f133258934246\spring-boot-starter-jdbc-1.3.3.RELEASE.jar;C:\Users\netoz\.gradle\caches\modules-2\files-2.1\org.hibernate\hibernate-entitymanager\4.3.11.Final\27a119fcc2b91c50e5285dd11158fac2c38c9d1b\hibernate-entitymanager-4.3.11.Final.jar;C:\Users\netoz\.gradle\caches\modules-2\files-2.1\javax.transaction\javax.transaction-api\1.2\d81aff979d603edd90dcd8db2abc1f4ce6479e3e\javax.transaction-api-1.2.jar;C:\Users\netoz\.gradle\caches\modules-2\files-2.1\org.springframework.data\spring-data-jpa\1.9.4.RELEASE\80b83510e67aa085b7d91d2d096d90133ec995de\spring-data-jpa-1.9.4.RELEASE.jar;C:\Users\netoz\.gradle\caches\modules-2\files-2.1\org.springframework\spring-aspects\4.2.5.RELEASE\ed09517441a276db2a7e0e7b60a390c52b8093af\spring-aspects-4.2.5.RELEASE.jar;C:\Users\netoz\.gradle\caches\modules-2\files-2.1\org.thymeleaf\thymeleaf\2.1.4.RELEASE\a730d892f3c57ba3d24af2ca657b42d81398a85a\thymeleaf-2.1.4.RELEASE.jar;C:\Users\netoz\.gradle\caches\modules-2\files-2.1\org.slf4j\slf4j-api\1.7.16\3a6274f658487d5bfff9af3862beff6da1e7fd52\slf4j-api-1.7.16.jar;C:\Users\netoz\.gradle\caches\modules-2\files-2.1\org.springframework\spring-aop\4.2.5.RELEASE\858d6c70909b3ce7e07b59fc936f8ccfcd81c0aa\spring-aop-4.2.5.RELEASE.jar;C:\Users\netoz\.gradle\caches\modules-2\files-2.1\org.springframework.security\spring-security-config\4.0.3.RELEASE\31c0a4d0159f1b668d9512f57fb46aac29949b08\spring-security-config-4.0.3.RELEASE.jar;C:\Users\netoz\.gradle\caches\modules-2\files-2.1\org.springframework.security\spring-security-web\4.0.3.RELEASE\5f0233d94ca53ac8710780b43791f633f970480a\spring-security-web-4.0.3.RELEASE.jar;C:\Users\netoz\.gradle\caches\modules-2\files-2.1\org.springframework.boot\spring-boot\1.3.3.RELEASE\641cc375499d444e4efbc1801902260daa79758d\spring-boot-1.3.3.RELEASE.jar;C:\Users\netoz\.gradle\caches\modules-2\files-2.1\org.springframework.boot\spring-boot-autoconfigure\1.3.3.RELEASE\e7a4a25f74dac6b335ffabc43e3e8a6e3066340e\spring-boot-autoconfigure-1.3.3.RELEASE.jar;C:\Users\netoz\.gradle\caches\modules-2\files-2.1\org.springframework.boot\spring-boot-starter-logging\1.3.3.RELEASE\16b395c84f28b947f1c336aa461fda1e662bb3b6\spring-boot-starter-logging-1.3.3.RELEASE.jar;C:\Users\netoz\.gradle\caches\modules-2\files-2.1\org.yaml\snakeyaml\1.16\d64fb662c9e42789149f5078a62a22edda786c6a\snakeyaml-1.16.jar;C:\Users\netoz\.gradle\caches\modules-2\files-2.1\org.apache.tomcat.embed\tomcat-embed-core\8.0.32\734ead0c803525cc9c7f283438101734ca9aac01\tomcat-embed-core-8.0.32.jar;C:\Users\netoz\.gradle\caches\modules-2\files-2.1\org.apache.tomcat.embed\tomcat-embed-el\8.0.32\82adf8bd959fc046d55490e6f2ce67297c91d62b\tomcat-embed-el-8.0.32.jar;C:\Users\netoz\.gradle\caches\modules-2\files-2.1\org.apache.tomcat.embed\tomcat-embed-logging-juli\8.0.32\5e664b357710a6c43cad2191404c2a9d0b82cdb3\tomcat-embed-logging-juli-8.0.32.jar;C:\Users\netoz\.gradle\caches\modules-2\files-2.1\org.apache.tomcat.embed\tomcat-embed-websocket\8.0.32\237ca58dac66f438579750169e6cb297ac041c9d\tomcat-embed-websocket-8.0.32.jar;C:\Users\netoz\.gradle\caches\modules-2\files-2.1\org.hibernate\hibernate-validator\5.2.4.Final\fb18766b576aa6632bcfe9a20a023cbd52bf9769\hibernate-validator-5.2.4.Final.jar;C:\Users\netoz\.gradle\caches\modules-2\files-2.1\com.fasterxml.jackson.core\jackson-annotations\2.6.5\65137ebf85056473b40c311f889601646a7612ba\jackson-annotations-2.6.5.jar;C:\Users\netoz\.gradle\caches\modules-2\files-2.1\com.fasterxml.jackson.core\jackson-core\2.6.5\334369d7eff497f358b248c171dac0dd62c68f67\jackson-core-2.6.5.jar;C:\Users\netoz\.gradle\caches\modules-2\files-2.1\org.springframework\spring-beans\4.2.5.RELEASE\fa992ae40f6fc47117282164e0433b71da385e94\spring-beans-4.2.5.RELEASE.jar;C:\Users\netoz\.gradle\caches\modules-2\files-2.1\org.springframework\spring-context\4.2.5.RELEASE\a75e18322c7b362fe1daa26a245ae672ec0f3138\spring-context-4.2.5.RELEASE.jar;C:\Users\netoz\.gradle\caches\modules-2\files-2.1\org.springframework\spring-expression\4.2.5.RELEASE\a42bdfb833d0be6c18429aea3fb0fba81f85c6e8\spring-expression-4.2.5.RELEASE.jar;C:\Users\netoz\.gradle\caches\modules-2\files-2.1\org.objenesis\objenesis\2.1\87c0ea803b69252868d09308b4618f766f135a96\objenesis-2.1.jar;C:\Users\netoz\.gradle\caches\modules-2\files-2.1\org.aspectj\aspectjweaver\1.8.8\969c8d3d3d56db1e1c8721a03ef07d0c9ac3a2e4\aspectjweaver-1.8.8.jar;C:\Users\netoz\.gradle\caches\modules-2\files-2.1\org.apache.tomcat\tomcat-jdbc\8.0.32\55396c45fc8c34f31420a3b280fde4b1387b044d\tomcat-jdbc-8.0.32.jar;C:\Users\netoz\.gradle\caches\modules-2\files-2.1\org.springframework\spring-jdbc\4.2.5.RELEASE\205d2f1b902eac16a2ece772dc5ac6090b7e0b6f\spring-jdbc-4.2.5.RELEASE.jar;C:\Users\netoz\.gradle\caches\modules-2\files-2.1\org.jboss.logging\jboss-logging\3.3.0.Final\3616bb87707910296e2c195dc016287080bba5af\jboss-logging-3.3.0.Final.jar;C:\Users\netoz\.gradle\caches\modules-2\files-2.1\org.jboss.logging\jboss-logging-annotations\1.2.0.Beta1\2f437f37bb265d9f8f1392823dbca12d2bec06d6\jboss-logging-annotations-1.2.0.Beta1.jar;C:\Users\netoz\.gradle\caches\modules-2\files-2.1\org.hibernate\hibernate-core\4.3.11.Final\536ac0021240d97db99c7d2983067cef1a6f3af5\hibernate-core-4.3.11.Final.jar;C:\Users\netoz\.gradle\caches\modules-2\files-2.1\dom4j\dom4j\1.6.1\5d3ccc056b6f056dbf0dddfdf43894b9065a8f94\dom4j-1.6.1.jar;C:\Users\netoz\.gradle\caches\modules-2\files-2.1\org.hibernate.common\hibernate-commons-annotations\4.0.5.Final\2a581b9edb8168e45060d8bad8b7f46712d2c52c\hibernate-commons-annotations-4.0.5.Final.jar;C:\Users\netoz\.gradle\caches\modules-2\files-2.1\org.hibernate.javax.persistence\hibernate-jpa-2.1-api\1.0.0.Final\5e731d961297e5a07290bfaf3db1fbc8bbbf405a\hibernate-jpa-2.1-api-1.0.0.Final.jar;C:\Users\netoz\.gradle\caches\modules-2\files-2.1\org.javassist\javassist\3.18.1-GA\d9a09f7732226af26bf99f19e2cffe0ae219db5b\javassist-3.18.1-GA.jar;C:\Users\netoz\.gradle\caches\modules-2\files-2.1\org.springframework.data\spring-data-commons\1.11.4.RELEASE\c2b1fd4dbf7dff772d6124bb35892759e8bf088e\spring-data-commons-1.11.4.RELEASE.jar;C:\Users\netoz\.gradle\caches\modules-2\files-2.1\org.springframework\spring-orm\4.2.5.RELEASE\60625981b837ba93e603d3068d69c6397ecb3ad2\spring-orm-4.2.5.RELEASE.jar;C:\Users\netoz\.gradle\caches\modules-2\files-2.1\org.springframework\spring-tx\4.2.5.RELEASE\7395321fe937272d9b781a13985e04ab2dcd6210\spring-tx-4.2.5.RELEASE.jar;C:\Users\netoz\.gradle\caches\modules-2\files-2.1\org.slf4j\jcl-over-slf4j\1.7.16\34e48073884704ac987d3d1a1ab9b60e62028a9\jcl-over-slf4j-1.7.16.jar;C:\Users\netoz\.gradle\caches\modules-2\files-2.1\ognl\ognl\3.0.8\37e1aebfde7eb7baebc9ad4f85116ef9009c5fc5\ognl-3.0.8.jar;C:\Users\netoz\.gradle\caches\modules-2\files-2.1\org.unbescape\unbescape\1.1.0.RELEASE\ab0db4fe0a6fa89fb8da2a40008a4e63a7f3f5b9\unbescape-1.1.0.RELEASE.jar;C:\Users\netoz\.gradle\caches\modules-2\files-2.1\aopalliance\aopalliance\1.0\235ba8b489512805ac13a8f9ea77a1ca5ebe3e8\aopalliance-1.0.jar;C:\Users\netoz\.gradle\caches\modules-2\files-2.1\org.springframework.security\spring-security-core\4.0.3.RELEASE\9f420c5742ad063970c5d33f60680a1cee777aa5\spring-security-core-4.0.3.RELEASE.jar;C:\Users\netoz\.gradle\caches\modules-2\files-2.1\ch.qos.logback\logback-classic\1.1.5\92353eb144695bba80b31f7bec4f36d871f230ac\logback-classic-1.1.5.jar;C:\Users\netoz\.gradle\caches\modules-2\files-2.1\org.slf4j\jul-to-slf4j\1.7.16\2d5b546c5557dcbf08c3a381d7dc9bd275a602c1\jul-to-slf4j-1.7.16.jar;C:\Users\netoz\.gradle\caches\modules-2\files-2.1\org.slf4j\log4j-over-slf4j\1.7.16\c5922f37c8a5e4377cfb543c549f10e73d72ede0\log4j-over-slf4j-1.7.16.jar;C:\Users\netoz\.gradle\caches\modules-2\files-2.1\javax.validation\validation-api\1.1.0.Final\8613ae82954779d518631e05daa73a6a954817d5\validation-api-1.1.0.Final.jar;C:\Users\netoz\.gradle\caches\modules-2\files-2.1\com.fasterxml\classmate\1.1.0\dbbd699a1486ad0f2ed6f5af6cfed66acacb9056\classmate-1.1.0.jar;C:\Users\netoz\.gradle\caches\modules-2\files-2.1\org.apache.tomcat\tomcat-juli\8.0.32\71471069cea029dfdce0735337864c7d0a3d9992\tomcat-juli-8.0.32.jar;C:\Users\netoz\.gradle\caches\modules-2\files-2.1\antlr\antlr\2.7.7\83cd2cd674a217ade95a4bb83a8a14f351f48bd0\antlr-2.7.7.jar;C:\Users\netoz\.gradle\caches\modules-2\files-2.1\org.jboss\jandex\1.1.0.Final\e84a2122e76f0b6503be78094ddf2108057ac15f\jandex-1.1.0.Final.jar;C:\Users\netoz\.gradle\caches\modules-2\files-2.1\xml-apis\xml-apis\1.0.b2\3136ca936f64c9d68529f048c2618bd356bf85c9\xml-apis-1.0.b2.jar;C:\Users\netoz\.gradle\caches\modules-2\files-2.1\ch.qos.logback\logback-core\1.1.5\16722afde74444716e299bee1f60aec9f6d1f0dc\logback-core-1.1.5.jar;C:\Users\netoz\.gradle\caches\modules-2\files-2.1\net.sourceforge.cobertura\cobertura\2.1.1\eab984794b3f7d0d37736a9e5b7f790128f611b5\cobertura-2.1.1.jar;C:\Users\netoz\.gradle\caches\modules-2\files-2.1\org.ow2.asm\asm\5.0.1\2fd56467a018aafe6ec6a73ccba520be4a7e1565\asm-5.0.1.jar;C:\Users\netoz\.gradle\caches\modules-2\files-2.1\org.ow2.asm\asm-tree\5.0.1\1b1e6e9d869acd704056d0a4223071a511c619e6\asm-tree-5.0.1.jar;C:\Users\netoz\.gradle\caches\modules-2\files-2.1\org.ow2.asm\asm-commons\5.0.1\7b7147a390a93a14d2edfdcf3f7b0e87a0939c3e\asm-commons-5.0.1.jar;C:\Users\netoz\.gradle\caches\modules-2\files-2.1\org.ow2.asm\asm-util\5.0.1\7c8caddfbd0b2d7b844f8fcc75175b9cb9cf4724\asm-util-5.0.1.jar;C:\Users\netoz\.gradle\caches\modules-2\files-2.1\org.ow2.asm\asm-analysis\5.0.1\e286fbee48efacb4e7c175f7948d9d8b2ab52352\asm-analysis-5.0.1.jar;C:\Users\netoz\.gradle\caches\modules-2\files-2.1\oro\oro\2.0.8\5592374f834645c4ae250f4c9fbb314c9369d698\oro-2.0.8.jar;C:\Users\netoz\.gradle\caches\modules-2\files-2.1\jaxen\jaxen\1.1.6\3f8c36d9a0578e8e98f030c662b69888b1430ac0\jaxen-1.1.6.jar;C:\Users\netoz\.gradle\caches\modules-2\files-2.1\org.apache.ant\ant\1.8.3\77c746ecab048b9839c7a8e39e55fe8636c5b11\ant-1.8.3.jar;C:\Users\netoz\.gradle\caches\modules-2\files-2.1\org.apache.ant\ant-junit\1.8.3\9f77eec4e103241602fb0cdd97b3ec3237e0bd9\ant-junit-1.8.3.jar;C:\Users\netoz\.gradle\caches\modules-2\files-2.1\org.mortbay.jetty\servlet-api-2.5\6.1.14\5f07601ab7d7c85dd9e38a17c0e1b0edfbd4a191\servlet-api-2.5-6.1.14.jar;C:\Users\netoz\.gradle\caches\modules-2\files-2.1\org.mortbay.jetty\jetty\6.1.14\5ded67b609e59c27e82ff61b510773d28c9bef56\jetty-6.1.14.jar;C:\Users\netoz\.gradle\caches\modules-2\files-2.1\org.mortbay.jetty\jetty-util\6.1.14\1b707d5884e35c9b97114a24aa9ee94ca531fa21\jetty-util-6.1.14.jar;C:\Users\netoz\.gradle\caches\modules-2\files-2.1\org.apache.commons\commons-lang3\3.3.2\90a3822c38ec8c996e84c16a3477ef632cbc87a3\commons-lang3-3.3.2.jar;C:\Users\netoz\.gradle\caches\modules-2\files-2.1\org.apache.ant\ant-launcher\1.8.3\a22bcf9438c41828b04c13b052c4886606abac2\ant-launcher-1.8.3.jar, hibernate.bytecode.use_reflection_optimizer=false, hibernate.show_sql=true, javax.persistence.validation.mode=AUTO, java.vm.specification.version=1.8, sun.arch.data.model=64, java.home=C:\Program Files\Java\jdk1.8.0_91\jre, sun.java.command=jarjar.org.gradle.process.internal.launcher.GradleWorkerMain 'Gradle Test Executor 1', hibernate.dialect=org.hibernate.dialect.MySQL5Dialect, java.specification.vendor=Oracle Corporation, user.language=es, awt.toolkit=sun.awt.windows.WToolkit, java.vm.info=mixed mode, java.version=1.8.0_91, java.ext.dirs=C:\Program Files\Java\jdk1.8.0_91\jre\lib\ext;C:\windows\Sun\Java\lib\ext, sun.boot.class.path=C:\Program Files\Java\jdk1.8.0_91\jre\lib\resources.jar;C:\Program Files\Java\jdk1.8.0_91\jre\lib\rt.jar;C:\Program Files\Java\jdk1.8.0_91\jre\lib\sunrsasign.jar;C:\Program Files\Java\jdk1.8.0_91\jre\lib\jsse.jar;C:\Program Files\Java\jdk1.8.0_91\jre\lib\jce.jar;C:\Program Files\Java\jdk1.8.0_91\jre\lib\charsets.jar;C:\Program Files\Java\jdk1.8.0_91\jre\lib\jfr.jar;C:\Program Files\Java\jdk1.8.0_91\jre\classes, java.vendor=Oracle Corporation, java.awt.headless=true, org.gradle.test.worker=1, file.separator=\, java.vendor.url.bug=http://bugreport.sun.com/bugreport/, hibernate.hbm2ddl.auto=update, sun.cpu.endian=little, sun.io.unicode.encoding=UnicodeLittle, sun.desktop=windows, sun.cpu.isalist=amd64}
[DEBUG] Found javax.persistence.Persistence on classpath containing 'getPersistenceUtil'. Assuming JPA 2 environment. Trying to instantiate JPA aware TraversableResolver
[DEBUG] Instantiated JPA aware TraversableResolver of type org.hibernate.validator.internal.engine.resolver.JPATraversableResolver.
[DEBUG] Trying to load META-INF/validation.xml for XML based Validator configuration.
[DEBUG] Trying to load META-INF/validation.xml via TCCL
[DEBUG] Trying to load META-INF/validation.xml via Hibernate Validator's class loader
[DEBUG] No META-INF/validation.xml found. Using annotation based configuration only.
[DEBUG] Skipping JACC integration as it was not enabled
[DEBUG] External cascade style regsitration [persist : STYLE_PERSIST_SKIPLAZY] overrode base registration [STYLE_PERSIST]
[DEBUG] Setting dialect [org.hibernate.dialect.MySQL5Dialect]
[DEBUG] Setting dialect [org.hibernate.dialect.MySQL5Dialect]
[DEBUG] Static SQL for collection: social.edu.uacm.domain.Alumno.documentos
[DEBUG]  Row insert: update documentos set alumno=? where iddocumentos=?
[DEBUG]  Row update: update documentos set  where iddocumentos=?
[DEBUG]  Row delete: update documentos set alumno=null where alumno=? and iddocumentos=?
[DEBUG]  One-shot delete: update documentos set alumno=null where alumno=?
[DEBUG] Static SQL for entity: social.edu.uacm.domain.Alumno
[DEBUG]  Version select: select id from alumno where id =?
[DEBUG]  Snapshot select: select alumno_.id, alumno_.contrasena as contrase2_0_, alumno_.email as email3_0_, alumno_.nombre as nombre4_0_, alumno_.nombreusuario as nombreus5_0_, alumno_.plantel as plantel6_0_, alumno_.telefono as telefono7_0_, alumno_.web as web8_0_ from alumno alumno_ where alumno_.id=?
[DEBUG]  Insert 0: insert into alumno (contrasena, email, nombre, nombreusuario, plantel, telefono, web, id) values (?, ?, ?, ?, ?, ?, ?, ?)
[DEBUG]  Update 0: update alumno set contrasena=?, email=?, nombre=?, nombreusuario=?, plantel=?, telefono=?, web=? where id=?
[DEBUG]  Delete 0: delete from alumno where id=?
[DEBUG]  Identity insert: insert into alumno (contrasena, email, nombre, nombreusuario, plantel, telefono, web) values (?, ?, ?, ?, ?, ?, ?)
[DEBUG] Adding QuerySpace : uid = <gen:0> -> org.hibernate.loader.plan.build.internal.spaces.EntityQuerySpaceImpl@279d10df]
[DEBUG] Visiting attribute path : contrasena
[DEBUG] Visiting attribute path : documentos
[DEBUG] Visiting attribute path : email
[DEBUG] Visiting attribute path : nombre
[DEBUG] Visiting attribute path : nombreusuario
[DEBUG] Visiting attribute path : plantel
[DEBUG] Visiting attribute path : telefono
[DEBUG] Visiting attribute path : web
[DEBUG] Building LoadPlan...
[DEBUG] processing queryspace <gen:0>
[DEBUG] LoadPlan(entity=social.edu.uacm.domain.Alumno)
    - Returns
       - EntityReturnImpl(entity=social.edu.uacm.domain.Alumno, querySpaceUid=<gen:0>, path=social.edu.uacm.domain.Alumno)
    - QuerySpaces
       - EntityQuerySpaceImpl(uid=<gen:0>, entity=social.edu.uacm.domain.Alumno)
          - SQL table alias mapping - alumno0_
          - alias suffix - 0_
          - suffixed key columns - {id1_0_0_}

[DEBUG] Static select for entity social.edu.uacm.domain.Alumno [NONE]: select alumno0_.id as id1_0_0_, alumno0_.contrasena as contrase2_0_0_, alumno0_.email as email3_0_0_, alumno0_.nombre as nombre4_0_0_, alumno0_.nombreusuario as nombreus5_0_0_, alumno0_.plantel as plantel6_0_0_, alumno0_.telefono as telefono7_0_0_, alumno0_.web as web8_0_0_ from alumno alumno0_ where alumno0_.id=?
[DEBUG] Adding QuerySpace : uid = <gen:0> -> org.hibernate.loader.plan.build.internal.spaces.EntityQuerySpaceImpl@4acc974a]
[DEBUG] Visiting attribute path : contrasena
[DEBUG] Visiting attribute path : documentos
[DEBUG] Visiting attribute path : email
[DEBUG] Visiting attribute path : nombre
[DEBUG] Visiting attribute path : nombreusuario
[DEBUG] Visiting attribute path : plantel
[DEBUG] Visiting attribute path : telefono
[DEBUG] Visiting attribute path : web
[DEBUG] Building LoadPlan...
[DEBUG] processing queryspace <gen:0>
[DEBUG] LoadPlan(entity=social.edu.uacm.domain.Alumno)
    - Returns
       - EntityReturnImpl(entity=social.edu.uacm.domain.Alumno, querySpaceUid=<gen:0>, path=social.edu.uacm.domain.Alumno)
    - QuerySpaces
       - EntityQuerySpaceImpl(uid=<gen:0>, entity=social.edu.uacm.domain.Alumno)
          - SQL table alias mapping - alumno0_
          - alias suffix - 0_
          - suffixed key columns - {id1_0_0_}

[DEBUG] Static select for entity social.edu.uacm.domain.Alumno [READ]: select alumno0_.id as id1_0_0_, alumno0_.contrasena as contrase2_0_0_, alumno0_.email as email3_0_0_, alumno0_.nombre as nombre4_0_0_, alumno0_.nombreusuario as nombreus5_0_0_, alumno0_.plantel as plantel6_0_0_, alumno0_.telefono as telefono7_0_0_, alumno0_.web as web8_0_0_ from alumno alumno0_ where alumno0_.id=?
[DEBUG] Adding QuerySpace : uid = <gen:0> -> org.hibernate.loader.plan.build.internal.spaces.EntityQuerySpaceImpl@77bee65]
[DEBUG] Visiting attribute path : contrasena
[DEBUG] Visiting attribute path : documentos
[DEBUG] Visiting attribute path : email
[DEBUG] Visiting attribute path : nombre
[DEBUG] Visiting attribute path : nombreusuario
[DEBUG] Visiting attribute path : plantel
[DEBUG] Visiting attribute path : telefono
[DEBUG] Visiting attribute path : web
[DEBUG] Building LoadPlan...
[DEBUG] processing queryspace <gen:0>
[DEBUG] LoadPlan(entity=social.edu.uacm.domain.Alumno)
    - Returns
       - EntityReturnImpl(entity=social.edu.uacm.domain.Alumno, querySpaceUid=<gen:0>, path=social.edu.uacm.domain.Alumno)
    - QuerySpaces
       - EntityQuerySpaceImpl(uid=<gen:0>, entity=social.edu.uacm.domain.Alumno)
          - SQL table alias mapping - alumno0_
          - alias suffix - 0_
          - suffixed key columns - {id1_0_0_}

[DEBUG] Static select for entity social.edu.uacm.domain.Alumno [UPGRADE]: select alumno0_.id as id1_0_0_, alumno0_.contrasena as contrase2_0_0_, alumno0_.email as email3_0_0_, alumno0_.nombre as nombre4_0_0_, alumno0_.nombreusuario as nombreus5_0_0_, alumno0_.plantel as plantel6_0_0_, alumno0_.telefono as telefono7_0_0_, alumno0_.web as web8_0_0_ from alumno alumno0_ where alumno0_.id=? for update
[DEBUG] Adding QuerySpace : uid = <gen:0> -> org.hibernate.loader.plan.build.internal.spaces.EntityQuerySpaceImpl@602982b0]
[DEBUG] Visiting attribute path : contrasena
[DEBUG] Visiting attribute path : documentos
[DEBUG] Visiting attribute path : email
[DEBUG] Visiting attribute path : nombre
[DEBUG] Visiting attribute path : nombreusuario
[DEBUG] Visiting attribute path : plantel
[DEBUG] Visiting attribute path : telefono
[DEBUG] Visiting attribute path : web
[DEBUG] Building LoadPlan...
[DEBUG] processing queryspace <gen:0>
[DEBUG] LoadPlan(entity=social.edu.uacm.domain.Alumno)
    - Returns
       - EntityReturnImpl(entity=social.edu.uacm.domain.Alumno, querySpaceUid=<gen:0>, path=social.edu.uacm.domain.Alumno)
    - QuerySpaces
       - EntityQuerySpaceImpl(uid=<gen:0>, entity=social.edu.uacm.domain.Alumno)
          - SQL table alias mapping - alumno0_
          - alias suffix - 0_
          - suffixed key columns - {id1_0_0_}

[DEBUG] Static select for entity social.edu.uacm.domain.Alumno [UPGRADE_NOWAIT]: select alumno0_.id as id1_0_0_, alumno0_.contrasena as contrase2_0_0_, alumno0_.email as email3_0_0_, alumno0_.nombre as nombre4_0_0_, alumno0_.nombreusuario as nombreus5_0_0_, alumno0_.plantel as plantel6_0_0_, alumno0_.telefono as telefono7_0_0_, alumno0_.web as web8_0_0_ from alumno alumno0_ where alumno0_.id=? for update
[DEBUG] Adding QuerySpace : uid = <gen:0> -> org.hibernate.loader.plan.build.internal.spaces.EntityQuerySpaceImpl@59c3a037]
[DEBUG] Visiting attribute path : contrasena
[DEBUG] Visiting attribute path : documentos
[DEBUG] Visiting attribute path : email
[DEBUG] Visiting attribute path : nombre
[DEBUG] Visiting attribute path : nombreusuario
[DEBUG] Visiting attribute path : plantel
[DEBUG] Visiting attribute path : telefono
[DEBUG] Visiting attribute path : web
[DEBUG] Building LoadPlan...
[DEBUG] processing queryspace <gen:0>
[DEBUG] LoadPlan(entity=social.edu.uacm.domain.Alumno)
    - Returns
       - EntityReturnImpl(entity=social.edu.uacm.domain.Alumno, querySpaceUid=<gen:0>, path=social.edu.uacm.domain.Alumno)
    - QuerySpaces
       - EntityQuerySpaceImpl(uid=<gen:0>, entity=social.edu.uacm.domain.Alumno)
          - SQL table alias mapping - alumno0_
          - alias suffix - 0_
          - suffixed key columns - {id1_0_0_}

[DEBUG] Static select for entity social.edu.uacm.domain.Alumno [UPGRADE_SKIPLOCKED]: select alumno0_.id as id1_0_0_, alumno0_.contrasena as contrase2_0_0_, alumno0_.email as email3_0_0_, alumno0_.nombre as nombre4_0_0_, alumno0_.nombreusuario as nombreus5_0_0_, alumno0_.plantel as plantel6_0_0_, alumno0_.telefono as telefono7_0_0_, alumno0_.web as web8_0_0_ from alumno alumno0_ where alumno0_.id=? for update
[DEBUG] Adding QuerySpace : uid = <gen:0> -> org.hibernate.loader.plan.build.internal.spaces.EntityQuerySpaceImpl@32b28238]
[DEBUG] Visiting attribute path : contrasena
[DEBUG] Visiting attribute path : documentos
[DEBUG] Visiting attribute path : email
[DEBUG] Visiting attribute path : nombre
[DEBUG] Visiting attribute path : nombreusuario
[DEBUG] Visiting attribute path : plantel
[DEBUG] Visiting attribute path : telefono
[DEBUG] Visiting attribute path : web
[DEBUG] Building LoadPlan...
[DEBUG] processing queryspace <gen:0>
[DEBUG] LoadPlan(entity=social.edu.uacm.domain.Alumno)
    - Returns
       - EntityReturnImpl(entity=social.edu.uacm.domain.Alumno, querySpaceUid=<gen:0>, path=social.edu.uacm.domain.Alumno)
    - QuerySpaces
       - EntityQuerySpaceImpl(uid=<gen:0>, entity=social.edu.uacm.domain.Alumno)
          - SQL table alias mapping - alumno0_
          - alias suffix - 0_
          - suffixed key columns - {id1_0_0_}

[DEBUG] Static select for entity social.edu.uacm.domain.Alumno [FORCE]: select alumno0_.id as id1_0_0_, alumno0_.contrasena as contrase2_0_0_, alumno0_.email as email3_0_0_, alumno0_.nombre as nombre4_0_0_, alumno0_.nombreusuario as nombreus5_0_0_, alumno0_.plantel as plantel6_0_0_, alumno0_.telefono as telefono7_0_0_, alumno0_.web as web8_0_0_ from alumno alumno0_ where alumno0_.id=? for update
[DEBUG] Adding QuerySpace : uid = <gen:0> -> org.hibernate.loader.plan.build.internal.spaces.EntityQuerySpaceImpl@6c48f320]
[DEBUG] Visiting attribute path : contrasena
[DEBUG] Visiting attribute path : documentos
[DEBUG] Visiting attribute path : email
[DEBUG] Visiting attribute path : nombre
[DEBUG] Visiting attribute path : nombreusuario
[DEBUG] Visiting attribute path : plantel
[DEBUG] Visiting attribute path : telefono
[DEBUG] Visiting attribute path : web
[DEBUG] Building LoadPlan...
[DEBUG] processing queryspace <gen:0>
[DEBUG] LoadPlan(entity=social.edu.uacm.domain.Alumno)
    - Returns
       - EntityReturnImpl(entity=social.edu.uacm.domain.Alumno, querySpaceUid=<gen:0>, path=social.edu.uacm.domain.Alumno)
    - QuerySpaces
       - EntityQuerySpaceImpl(uid=<gen:0>, entity=social.edu.uacm.domain.Alumno)
          - SQL table alias mapping - alumno0_
          - alias suffix - 0_
          - suffixed key columns - {id1_0_0_}

[DEBUG] Static select for entity social.edu.uacm.domain.Alumno [PESSIMISTIC_READ]: select alumno0_.id as id1_0_0_, alumno0_.contrasena as contrase2_0_0_, alumno0_.email as email3_0_0_, alumno0_.nombre as nombre4_0_0_, alumno0_.nombreusuario as nombreus5_0_0_, alumno0_.plantel as plantel6_0_0_, alumno0_.telefono as telefono7_0_0_, alumno0_.web as web8_0_0_ from alumno alumno0_ where alumno0_.id=? lock in share mode
[DEBUG] Adding QuerySpace : uid = <gen:0> -> org.hibernate.loader.plan.build.internal.spaces.EntityQuerySpaceImpl@411e0421]
[DEBUG] Visiting attribute path : contrasena
[DEBUG] Visiting attribute path : documentos
[DEBUG] Visiting attribute path : email
[DEBUG] Visiting attribute path : nombre
[DEBUG] Visiting attribute path : nombreusuario
[DEBUG] Visiting attribute path : plantel
[DEBUG] Visiting attribute path : telefono
[DEBUG] Visiting attribute path : web
[DEBUG] Building LoadPlan...
[DEBUG] processing queryspace <gen:0>
[DEBUG] LoadPlan(entity=social.edu.uacm.domain.Alumno)
    - Returns
       - EntityReturnImpl(entity=social.edu.uacm.domain.Alumno, querySpaceUid=<gen:0>, path=social.edu.uacm.domain.Alumno)
    - QuerySpaces
       - EntityQuerySpaceImpl(uid=<gen:0>, entity=social.edu.uacm.domain.Alumno)
          - SQL table alias mapping - alumno0_
          - alias suffix - 0_
          - suffixed key columns - {id1_0_0_}

[DEBUG] Static select for entity social.edu.uacm.domain.Alumno [PESSIMISTIC_WRITE]: select alumno0_.id as id1_0_0_, alumno0_.contrasena as contrase2_0_0_, alumno0_.email as email3_0_0_, alumno0_.nombre as nombre4_0_0_, alumno0_.nombreusuario as nombreus5_0_0_, alumno0_.plantel as plantel6_0_0_, alumno0_.telefono as telefono7_0_0_, alumno0_.web as web8_0_0_ from alumno alumno0_ where alumno0_.id=? for update
[DEBUG] Adding QuerySpace : uid = <gen:0> -> org.hibernate.loader.plan.build.internal.spaces.EntityQuerySpaceImpl@33939fd6]
[DEBUG] Visiting attribute path : contrasena
[DEBUG] Visiting attribute path : documentos
[DEBUG] Visiting attribute path : email
[DEBUG] Visiting attribute path : nombre
[DEBUG] Visiting attribute path : nombreusuario
[DEBUG] Visiting attribute path : plantel
[DEBUG] Visiting attribute path : telefono
[DEBUG] Visiting attribute path : web
[DEBUG] Building LoadPlan...
[DEBUG] processing queryspace <gen:0>
[DEBUG] LoadPlan(entity=social.edu.uacm.domain.Alumno)
    - Returns
       - EntityReturnImpl(entity=social.edu.uacm.domain.Alumno, querySpaceUid=<gen:0>, path=social.edu.uacm.domain.Alumno)
    - QuerySpaces
       - EntityQuerySpaceImpl(uid=<gen:0>, entity=social.edu.uacm.domain.Alumno)
          - SQL table alias mapping - alumno0_
          - alias suffix - 0_
          - suffixed key columns - {id1_0_0_}

[DEBUG] Static select for entity social.edu.uacm.domain.Alumno [PESSIMISTIC_FORCE_INCREMENT]: select alumno0_.id as id1_0_0_, alumno0_.contrasena as contrase2_0_0_, alumno0_.email as email3_0_0_, alumno0_.nombre as nombre4_0_0_, alumno0_.nombreusuario as nombreus5_0_0_, alumno0_.plantel as plantel6_0_0_, alumno0_.telefono as telefono7_0_0_, alumno0_.web as web8_0_0_ from alumno alumno0_ where alumno0_.id=? for update
[DEBUG] Adding QuerySpace : uid = <gen:0> -> org.hibernate.loader.plan.build.internal.spaces.EntityQuerySpaceImpl@3a73c477]
[DEBUG] Visiting attribute path : contrasena
[DEBUG] Visiting attribute path : documentos
[DEBUG] Visiting attribute path : email
[DEBUG] Visiting attribute path : nombre
[DEBUG] Visiting attribute path : nombreusuario
[DEBUG] Visiting attribute path : plantel
[DEBUG] Visiting attribute path : telefono
[DEBUG] Visiting attribute path : web
[DEBUG] Building LoadPlan...
[DEBUG] processing queryspace <gen:0>
[DEBUG] LoadPlan(entity=social.edu.uacm.domain.Alumno)
    - Returns
       - EntityReturnImpl(entity=social.edu.uacm.domain.Alumno, querySpaceUid=<gen:0>, path=social.edu.uacm.domain.Alumno)
    - QuerySpaces
       - EntityQuerySpaceImpl(uid=<gen:0>, entity=social.edu.uacm.domain.Alumno)
          - SQL table alias mapping - alumno0_
          - alias suffix - 0_
          - suffixed key columns - {id1_0_0_}

[DEBUG] Static select for entity social.edu.uacm.domain.Alumno [OPTIMISTIC]: select alumno0_.id as id1_0_0_, alumno0_.contrasena as contrase2_0_0_, alumno0_.email as email3_0_0_, alumno0_.nombre as nombre4_0_0_, alumno0_.nombreusuario as nombreus5_0_0_, alumno0_.plantel as plantel6_0_0_, alumno0_.telefono as telefono7_0_0_, alumno0_.web as web8_0_0_ from alumno alumno0_ where alumno0_.id=?
[DEBUG] Adding QuerySpace : uid = <gen:0> -> org.hibernate.loader.plan.build.internal.spaces.EntityQuerySpaceImpl@407debc1]
[DEBUG] Visiting attribute path : contrasena
[DEBUG] Visiting attribute path : documentos
[DEBUG] Visiting attribute path : email
[DEBUG] Visiting attribute path : nombre
[DEBUG] Visiting attribute path : nombreusuario
[DEBUG] Visiting attribute path : plantel
[DEBUG] Visiting attribute path : telefono
[DEBUG] Visiting attribute path : web
[DEBUG] Building LoadPlan...
[DEBUG] processing queryspace <gen:0>
[DEBUG] LoadPlan(entity=social.edu.uacm.domain.Alumno)
    - Returns
       - EntityReturnImpl(entity=social.edu.uacm.domain.Alumno, querySpaceUid=<gen:0>, path=social.edu.uacm.domain.Alumno)
    - QuerySpaces
       - EntityQuerySpaceImpl(uid=<gen:0>, entity=social.edu.uacm.domain.Alumno)
          - SQL table alias mapping - alumno0_
          - alias suffix - 0_
          - suffixed key columns - {id1_0_0_}

[DEBUG] Static select for entity social.edu.uacm.domain.Alumno [OPTIMISTIC_FORCE_INCREMENT]: select alumno0_.id as id1_0_0_, alumno0_.contrasena as contrase2_0_0_, alumno0_.email as email3_0_0_, alumno0_.nombre as nombre4_0_0_, alumno0_.nombreusuario as nombreus5_0_0_, alumno0_.plantel as plantel6_0_0_, alumno0_.telefono as telefono7_0_0_, alumno0_.web as web8_0_0_ from alumno alumno0_ where alumno0_.id=?
[DEBUG] Static select for action ACTION_MERGE on entity social.edu.uacm.domain.Alumno: select alumno0_.id as id1_0_0_, alumno0_.contrasena as contrase2_0_0_, alumno0_.email as email3_0_0_, alumno0_.nombre as nombre4_0_0_, alumno0_.nombreusuario as nombreus5_0_0_, alumno0_.plantel as plantel6_0_0_, alumno0_.telefono as telefono7_0_0_, alumno0_.web as web8_0_0_ from alumno alumno0_ where alumno0_.id=?
[DEBUG] Static select for action ACTION_REFRESH on entity social.edu.uacm.domain.Alumno: select alumno0_.id as id1_0_0_, alumno0_.contrasena as contrase2_0_0_, alumno0_.email as email3_0_0_, alumno0_.nombre as nombre4_0_0_, alumno0_.nombreusuario as nombreus5_0_0_, alumno0_.plantel as plantel6_0_0_, alumno0_.telefono as telefono7_0_0_, alumno0_.web as web8_0_0_ from alumno alumno0_ where alumno0_.id=?
[DEBUG] Static SQL for entity: social.edu.uacm.domain.Documento
[DEBUG]  Version select: select iddocumentos from documentos where iddocumentos =?
[DEBUG]  Snapshot select: select documento_.iddocumentos, documento_.alumno as alumno5_1_, documento_.materia as materia2_1_, documento_.nombreproyecto as nombrepr3_1_, documento_.tecnologia as tecnolog4_1_ from documentos documento_ where documento_.iddocumentos=?
[DEBUG]  Insert 0: insert into documentos (alumno, materia, nombreproyecto, tecnologia, iddocumentos) values (?, ?, ?, ?, ?)
[DEBUG]  Update 0: update documentos set alumno=?, materia=?, nombreproyecto=?, tecnologia=? where iddocumentos=?
[DEBUG]  Delete 0: delete from documentos where iddocumentos=?
[DEBUG]  Identity insert: insert into documentos (alumno, materia, nombreproyecto, tecnologia) values (?, ?, ?, ?)
[DEBUG] Adding QuerySpace : uid = <gen:0> -> org.hibernate.loader.plan.build.internal.spaces.EntityQuerySpaceImpl@29e1cb07]
[DEBUG] Visiting attribute path : alumno
[DEBUG] Adding QuerySpace : uid = <gen:1> -> org.hibernate.loader.plan.build.internal.spaces.EntityQuerySpaceImpl@69fe6014]
[DEBUG] Visiting attribute path : alumno.contrasena
[DEBUG] Visiting attribute path : alumno.documentos
[DEBUG] Property path deemed to be circular : alumno.documentos
[DEBUG] Visiting attribute path : alumno.email
[DEBUG] Visiting attribute path : alumno.nombre
[DEBUG] Visiting attribute path : alumno.nombreusuario
[DEBUG] Visiting attribute path : alumno.plantel
[DEBUG] Visiting attribute path : alumno.telefono
[DEBUG] Visiting attribute path : alumno.web
[DEBUG] Visiting attribute path : materia
[DEBUG] Visiting attribute path : nombreproyecto
[DEBUG] Visiting attribute path : tecnologia
[DEBUG] Building LoadPlan...
[DEBUG] processing queryspace <gen:0>
[DEBUG] LoadPlan(entity=social.edu.uacm.domain.Documento)
    - Returns
       - EntityReturnImpl(entity=social.edu.uacm.domain.Documento, querySpaceUid=<gen:0>, path=social.edu.uacm.domain.Documento)
          - EntityAttributeFetchImpl(entity=social.edu.uacm.domain.Alumno, querySpaceUid=<gen:1>, path=social.edu.uacm.domain.Documento.alumno)
    - QuerySpaces
       - EntityQuerySpaceImpl(uid=<gen:0>, entity=social.edu.uacm.domain.Documento)
          - SQL table alias mapping - documento0_
          - alias suffix - 0_
          - suffixed key columns - {iddocume1_1_0_}
          - JOIN (JoinDefinedByMetadata(alumno)) : <gen:0> -> <gen:1>
             - EntityQuerySpaceImpl(uid=<gen:1>, entity=social.edu.uacm.domain.Alumno)
                - SQL table alias mapping - alumno1_
                - alias suffix - 1_
                - suffixed key columns - {id1_0_1_}

[DEBUG] Static select for entity social.edu.uacm.domain.Documento [NONE]: select documento0_.iddocumentos as iddocume1_1_0_, documento0_.alumno as alumno5_1_0_, documento0_.materia as materia2_1_0_, documento0_.nombreproyecto as nombrepr3_1_0_, documento0_.tecnologia as tecnolog4_1_0_, alumno1_.id as id1_0_1_, alumno1_.contrasena as contrase2_0_1_, alumno1_.email as email3_0_1_, alumno1_.nombre as nombre4_0_1_, alumno1_.nombreusuario as nombreus5_0_1_, alumno1_.plantel as plantel6_0_1_, alumno1_.telefono as telefono7_0_1_, alumno1_.web as web8_0_1_ from documentos documento0_ left outer join alumno alumno1_ on documento0_.alumno=alumno1_.id where documento0_.iddocumentos=?
[DEBUG] Adding QuerySpace : uid = <gen:0> -> org.hibernate.loader.plan.build.internal.spaces.EntityQuerySpaceImpl@7f014334]
[DEBUG] Visiting attribute path : alumno
[DEBUG] Adding QuerySpace : uid = <gen:1> -> org.hibernate.loader.plan.build.internal.spaces.EntityQuerySpaceImpl@7e762cb8]
[DEBUG] Visiting attribute path : alumno.contrasena
[DEBUG] Visiting attribute path : alumno.documentos
[DEBUG] Property path deemed to be circular : alumno.documentos
[DEBUG] Visiting attribute path : alumno.email
[DEBUG] Visiting attribute path : alumno.nombre
[DEBUG] Visiting attribute path : alumno.nombreusuario
[DEBUG] Visiting attribute path : alumno.plantel
[DEBUG] Visiting attribute path : alumno.telefono
[DEBUG] Visiting attribute path : alumno.web
[DEBUG] Visiting attribute path : materia
[DEBUG] Visiting attribute path : nombreproyecto
[DEBUG] Visiting attribute path : tecnologia
[DEBUG] Building LoadPlan...
[DEBUG] processing queryspace <gen:0>
[DEBUG] LoadPlan(entity=social.edu.uacm.domain.Documento)
    - Returns
       - EntityReturnImpl(entity=social.edu.uacm.domain.Documento, querySpaceUid=<gen:0>, path=social.edu.uacm.domain.Documento)
          - EntityAttributeFetchImpl(entity=social.edu.uacm.domain.Alumno, querySpaceUid=<gen:1>, path=social.edu.uacm.domain.Documento.alumno)
    - QuerySpaces
       - EntityQuerySpaceImpl(uid=<gen:0>, entity=social.edu.uacm.domain.Documento)
          - SQL table alias mapping - documento0_
          - alias suffix - 0_
          - suffixed key columns - {iddocume1_1_0_}
          - JOIN (JoinDefinedByMetadata(alumno)) : <gen:0> -> <gen:1>
             - EntityQuerySpaceImpl(uid=<gen:1>, entity=social.edu.uacm.domain.Alumno)
                - SQL table alias mapping - alumno1_
                - alias suffix - 1_
                - suffixed key columns - {id1_0_1_}

[DEBUG] Static select for entity social.edu.uacm.domain.Documento [READ]: select documento0_.iddocumentos as iddocume1_1_0_, documento0_.alumno as alumno5_1_0_, documento0_.materia as materia2_1_0_, documento0_.nombreproyecto as nombrepr3_1_0_, documento0_.tecnologia as tecnolog4_1_0_, alumno1_.id as id1_0_1_, alumno1_.contrasena as contrase2_0_1_, alumno1_.email as email3_0_1_, alumno1_.nombre as nombre4_0_1_, alumno1_.nombreusuario as nombreus5_0_1_, alumno1_.plantel as plantel6_0_1_, alumno1_.telefono as telefono7_0_1_, alumno1_.web as web8_0_1_ from documentos documento0_ left outer join alumno alumno1_ on documento0_.alumno=alumno1_.id where documento0_.iddocumentos=?
[DEBUG] Adding QuerySpace : uid = <gen:0> -> org.hibernate.loader.plan.build.internal.spaces.EntityQuerySpaceImpl@1a69289a]
[DEBUG] Visiting attribute path : alumno
[DEBUG] Adding QuerySpace : uid = <gen:1> -> org.hibernate.loader.plan.build.internal.spaces.EntityQuerySpaceImpl@19be0185]
[DEBUG] Visiting attribute path : materia
[DEBUG] Visiting attribute path : nombreproyecto
[DEBUG] Visiting attribute path : tecnologia
[DEBUG] Building LoadPlan...
[DEBUG] processing queryspace <gen:0>
[DEBUG] LoadPlan(entity=social.edu.uacm.domain.Documento)
    - Returns
       - EntityReturnImpl(entity=social.edu.uacm.domain.Documento, querySpaceUid=<gen:0>, path=social.edu.uacm.domain.Documento)
          - EntityAttributeFetchImpl(entity=social.edu.uacm.domain.Alumno, querySpaceUid=<gen:1>, path=social.edu.uacm.domain.Documento.alumno)
    - QuerySpaces
       - EntityQuerySpaceImpl(uid=<gen:0>, entity=social.edu.uacm.domain.Documento)
          - SQL table alias mapping - documento0_
          - alias suffix - 0_
          - suffixed key columns - {iddocume1_1_0_}

[DEBUG] Static select for entity social.edu.uacm.domain.Documento [UPGRADE]: select documento0_.iddocumentos as iddocume1_1_0_, documento0_.alumno as alumno5_1_0_, documento0_.materia as materia2_1_0_, documento0_.nombreproyecto as nombrepr3_1_0_, documento0_.tecnologia as tecnolog4_1_0_ from documentos documento0_ where documento0_.iddocumentos=? for update
[DEBUG] Adding QuerySpace : uid = <gen:0> -> org.hibernate.loader.plan.build.internal.spaces.EntityQuerySpaceImpl@5086d529]
[DEBUG] Visiting attribute path : alumno
[DEBUG] Adding QuerySpace : uid = <gen:1> -> org.hibernate.loader.plan.build.internal.spaces.EntityQuerySpaceImpl@42fbd4b5]
[DEBUG] Visiting attribute path : materia
[DEBUG] Visiting attribute path : nombreproyecto
[DEBUG] Visiting attribute path : tecnologia
[DEBUG] Building LoadPlan...
[DEBUG] processing queryspace <gen:0>
[DEBUG] LoadPlan(entity=social.edu.uacm.domain.Documento)
    - Returns
       - EntityReturnImpl(entity=social.edu.uacm.domain.Documento, querySpaceUid=<gen:0>, path=social.edu.uacm.domain.Documento)
          - EntityAttributeFetchImpl(entity=social.edu.uacm.domain.Alumno, querySpaceUid=<gen:1>, path=social.edu.uacm.domain.Documento.alumno)
    - QuerySpaces
       - EntityQuerySpaceImpl(uid=<gen:0>, entity=social.edu.uacm.domain.Documento)
          - SQL table alias mapping - documento0_
          - alias suffix - 0_
          - suffixed key columns - {iddocume1_1_0_}

[DEBUG] Static select for entity social.edu.uacm.domain.Documento [UPGRADE_NOWAIT]: select documento0_.iddocumentos as iddocume1_1_0_, documento0_.alumno as alumno5_1_0_, documento0_.materia as materia2_1_0_, documento0_.nombreproyecto as nombrepr3_1_0_, documento0_.tecnologia as tecnolog4_1_0_ from documentos documento0_ where documento0_.iddocumentos=? for update
[DEBUG] Adding QuerySpace : uid = <gen:0> -> org.hibernate.loader.plan.build.internal.spaces.EntityQuerySpaceImpl@2ba05746]
[DEBUG] Visiting attribute path : alumno
[DEBUG] Adding QuerySpace : uid = <gen:1> -> org.hibernate.loader.plan.build.internal.spaces.EntityQuerySpaceImpl@e0011b2]
[DEBUG] Visiting attribute path : materia
[DEBUG] Visiting attribute path : nombreproyecto
[DEBUG] Visiting attribute path : tecnologia
[DEBUG] Building LoadPlan...
[DEBUG] processing queryspace <gen:0>
[DEBUG] LoadPlan(entity=social.edu.uacm.domain.Documento)
    - Returns
       - EntityReturnImpl(entity=social.edu.uacm.domain.Documento, querySpaceUid=<gen:0>, path=social.edu.uacm.domain.Documento)
          - EntityAttributeFetchImpl(entity=social.edu.uacm.domain.Alumno, querySpaceUid=<gen:1>, path=social.edu.uacm.domain.Documento.alumno)
    - QuerySpaces
       - EntityQuerySpaceImpl(uid=<gen:0>, entity=social.edu.uacm.domain.Documento)
          - SQL table alias mapping - documento0_
          - alias suffix - 0_
          - suffixed key columns - {iddocume1_1_0_}

[DEBUG] Static select for entity social.edu.uacm.domain.Documento [UPGRADE_SKIPLOCKED]: select documento0_.iddocumentos as iddocume1_1_0_, documento0_.alumno as alumno5_1_0_, documento0_.materia as materia2_1_0_, documento0_.nombreproyecto as nombrepr3_1_0_, documento0_.tecnologia as tecnolog4_1_0_ from documentos documento0_ where documento0_.iddocumentos=? for update
[DEBUG] Adding QuerySpace : uid = <gen:0> -> org.hibernate.loader.plan.build.internal.spaces.EntityQuerySpaceImpl@124222bb]
[DEBUG] Visiting attribute path : alumno
[DEBUG] Adding QuerySpace : uid = <gen:1> -> org.hibernate.loader.plan.build.internal.spaces.EntityQuerySpaceImpl@399ee7ea]
[DEBUG] Visiting attribute path : materia
[DEBUG] Visiting attribute path : nombreproyecto
[DEBUG] Visiting attribute path : tecnologia
[DEBUG] Building LoadPlan...
[DEBUG] processing queryspace <gen:0>
[DEBUG] LoadPlan(entity=social.edu.uacm.domain.Documento)
    - Returns
       - EntityReturnImpl(entity=social.edu.uacm.domain.Documento, querySpaceUid=<gen:0>, path=social.edu.uacm.domain.Documento)
          - EntityAttributeFetchImpl(entity=social.edu.uacm.domain.Alumno, querySpaceUid=<gen:1>, path=social.edu.uacm.domain.Documento.alumno)
    - QuerySpaces
       - EntityQuerySpaceImpl(uid=<gen:0>, entity=social.edu.uacm.domain.Documento)
          - SQL table alias mapping - documento0_
          - alias suffix - 0_
          - suffixed key columns - {iddocume1_1_0_}

[DEBUG] Static select for entity social.edu.uacm.domain.Documento [FORCE]: select documento0_.iddocumentos as iddocume1_1_0_, documento0_.alumno as alumno5_1_0_, documento0_.materia as materia2_1_0_, documento0_.nombreproyecto as nombrepr3_1_0_, documento0_.tecnologia as tecnolog4_1_0_ from documentos documento0_ where documento0_.iddocumentos=? for update
[DEBUG] Adding QuerySpace : uid = <gen:0> -> org.hibernate.loader.plan.build.internal.spaces.EntityQuerySpaceImpl@379decea]
[DEBUG] Visiting attribute path : alumno
[DEBUG] Adding QuerySpace : uid = <gen:1> -> org.hibernate.loader.plan.build.internal.spaces.EntityQuerySpaceImpl@56793de]
[DEBUG] Visiting attribute path : materia
[DEBUG] Visiting attribute path : nombreproyecto
[DEBUG] Visiting attribute path : tecnologia
[DEBUG] Building LoadPlan...
[DEBUG] processing queryspace <gen:0>
[DEBUG] LoadPlan(entity=social.edu.uacm.domain.Documento)
    - Returns
       - EntityReturnImpl(entity=social.edu.uacm.domain.Documento, querySpaceUid=<gen:0>, path=social.edu.uacm.domain.Documento)
          - EntityAttributeFetchImpl(entity=social.edu.uacm.domain.Alumno, querySpaceUid=<gen:1>, path=social.edu.uacm.domain.Documento.alumno)
    - QuerySpaces
       - EntityQuerySpaceImpl(uid=<gen:0>, entity=social.edu.uacm.domain.Documento)
          - SQL table alias mapping - documento0_
          - alias suffix - 0_
          - suffixed key columns - {iddocume1_1_0_}

[DEBUG] Static select for entity social.edu.uacm.domain.Documento [PESSIMISTIC_READ]: select documento0_.iddocumentos as iddocume1_1_0_, documento0_.alumno as alumno5_1_0_, documento0_.materia as materia2_1_0_, documento0_.nombreproyecto as nombrepr3_1_0_, documento0_.tecnologia as tecnolog4_1_0_ from documentos documento0_ where documento0_.iddocumentos=? lock in share mode
[DEBUG] Adding QuerySpace : uid = <gen:0> -> org.hibernate.loader.plan.build.internal.spaces.EntityQuerySpaceImpl@4b08852f]
[DEBUG] Visiting attribute path : alumno
[DEBUG] Adding QuerySpace : uid = <gen:1> -> org.hibernate.loader.plan.build.internal.spaces.EntityQuerySpaceImpl@6d27aca2]
[DEBUG] Visiting attribute path : materia
[DEBUG] Visiting attribute path : nombreproyecto
[DEBUG] Visiting attribute path : tecnologia
[DEBUG] Building LoadPlan...
[DEBUG] processing queryspace <gen:0>
[DEBUG] LoadPlan(entity=social.edu.uacm.domain.Documento)
    - Returns
       - EntityReturnImpl(entity=social.edu.uacm.domain.Documento, querySpaceUid=<gen:0>, path=social.edu.uacm.domain.Documento)
          - EntityAttributeFetchImpl(entity=social.edu.uacm.domain.Alumno, querySpaceUid=<gen:1>, path=social.edu.uacm.domain.Documento.alumno)
    - QuerySpaces
       - EntityQuerySpaceImpl(uid=<gen:0>, entity=social.edu.uacm.domain.Documento)
          - SQL table alias mapping - documento0_
          - alias suffix - 0_
          - suffixed key columns - {iddocume1_1_0_}

[DEBUG] Static select for entity social.edu.uacm.domain.Documento [PESSIMISTIC_WRITE]: select documento0_.iddocumentos as iddocume1_1_0_, documento0_.alumno as alumno5_1_0_, documento0_.materia as materia2_1_0_, documento0_.nombreproyecto as nombrepr3_1_0_, documento0_.tecnologia as tecnolog4_1_0_ from documentos documento0_ where documento0_.iddocumentos=? for update
[DEBUG] Adding QuerySpace : uid = <gen:0> -> org.hibernate.loader.plan.build.internal.spaces.EntityQuerySpaceImpl@54e72bbb]
[DEBUG] Visiting attribute path : alumno
[DEBUG] Adding QuerySpace : uid = <gen:1> -> org.hibernate.loader.plan.build.internal.spaces.EntityQuerySpaceImpl@1ef6869e]
[DEBUG] Visiting attribute path : materia
[DEBUG] Visiting attribute path : nombreproyecto
[DEBUG] Visiting attribute path : tecnologia
[DEBUG] Building LoadPlan...
[DEBUG] processing queryspace <gen:0>
[DEBUG] LoadPlan(entity=social.edu.uacm.domain.Documento)
    - Returns
       - EntityReturnImpl(entity=social.edu.uacm.domain.Documento, querySpaceUid=<gen:0>, path=social.edu.uacm.domain.Documento)
          - EntityAttributeFetchImpl(entity=social.edu.uacm.domain.Alumno, querySpaceUid=<gen:1>, path=social.edu.uacm.domain.Documento.alumno)
    - QuerySpaces
       - EntityQuerySpaceImpl(uid=<gen:0>, entity=social.edu.uacm.domain.Documento)
          - SQL table alias mapping - documento0_
          - alias suffix - 0_
          - suffixed key columns - {iddocume1_1_0_}

[DEBUG] Static select for entity social.edu.uacm.domain.Documento [PESSIMISTIC_FORCE_INCREMENT]: select documento0_.iddocumentos as iddocume1_1_0_, documento0_.alumno as alumno5_1_0_, documento0_.materia as materia2_1_0_, documento0_.nombreproyecto as nombrepr3_1_0_, documento0_.tecnologia as tecnolog4_1_0_ from documentos documento0_ where documento0_.iddocumentos=? for update
[DEBUG] Adding QuerySpace : uid = <gen:0> -> org.hibernate.loader.plan.build.internal.spaces.EntityQuerySpaceImpl@4e646b5e]
[DEBUG] Visiting attribute path : alumno
[DEBUG] Adding QuerySpace : uid = <gen:1> -> org.hibernate.loader.plan.build.internal.spaces.EntityQuerySpaceImpl@37015c0c]
[DEBUG] Visiting attribute path : materia
[DEBUG] Visiting attribute path : nombreproyecto
[DEBUG] Visiting attribute path : tecnologia
[DEBUG] Building LoadPlan...
[DEBUG] processing queryspace <gen:0>
[DEBUG] LoadPlan(entity=social.edu.uacm.domain.Documento)
    - Returns
       - EntityReturnImpl(entity=social.edu.uacm.domain.Documento, querySpaceUid=<gen:0>, path=social.edu.uacm.domain.Documento)
          - EntityAttributeFetchImpl(entity=social.edu.uacm.domain.Alumno, querySpaceUid=<gen:1>, path=social.edu.uacm.domain.Documento.alumno)
    - QuerySpaces
       - EntityQuerySpaceImpl(uid=<gen:0>, entity=social.edu.uacm.domain.Documento)
          - SQL table alias mapping - documento0_
          - alias suffix - 0_
          - suffixed key columns - {iddocume1_1_0_}

[DEBUG] Static select for entity social.edu.uacm.domain.Documento [OPTIMISTIC]: select documento0_.iddocumentos as iddocume1_1_0_, documento0_.alumno as alumno5_1_0_, documento0_.materia as materia2_1_0_, documento0_.nombreproyecto as nombrepr3_1_0_, documento0_.tecnologia as tecnolog4_1_0_ from documentos documento0_ where documento0_.iddocumentos=?
[DEBUG] Adding QuerySpace : uid = <gen:0> -> org.hibernate.loader.plan.build.internal.spaces.EntityQuerySpaceImpl@1de9fe04]
[DEBUG] Visiting attribute path : alumno
[DEBUG] Adding QuerySpace : uid = <gen:1> -> org.hibernate.loader.plan.build.internal.spaces.EntityQuerySpaceImpl@4aedc04a]
[DEBUG] Visiting attribute path : materia
[DEBUG] Visiting attribute path : nombreproyecto
[DEBUG] Visiting attribute path : tecnologia
[DEBUG] Building LoadPlan...
[DEBUG] processing queryspace <gen:0>
[DEBUG] LoadPlan(entity=social.edu.uacm.domain.Documento)
    - Returns
       - EntityReturnImpl(entity=social.edu.uacm.domain.Documento, querySpaceUid=<gen:0>, path=social.edu.uacm.domain.Documento)
          - EntityAttributeFetchImpl(entity=social.edu.uacm.domain.Alumno, querySpaceUid=<gen:1>, path=social.edu.uacm.domain.Documento.alumno)
    - QuerySpaces
       - EntityQuerySpaceImpl(uid=<gen:0>, entity=social.edu.uacm.domain.Documento)
          - SQL table alias mapping - documento0_
          - alias suffix - 0_
          - suffixed key columns - {iddocume1_1_0_}

[DEBUG] Static select for entity social.edu.uacm.domain.Documento [OPTIMISTIC_FORCE_INCREMENT]: select documento0_.iddocumentos as iddocume1_1_0_, documento0_.alumno as alumno5_1_0_, documento0_.materia as materia2_1_0_, documento0_.nombreproyecto as nombrepr3_1_0_, documento0_.tecnologia as tecnolog4_1_0_ from documentos documento0_ where documento0_.iddocumentos=?
[DEBUG] Static select for action ACTION_MERGE on entity social.edu.uacm.domain.Documento: select documento0_.iddocumentos as iddocume1_1_0_, documento0_.alumno as alumno5_1_0_, documento0_.materia as materia2_1_0_, documento0_.nombreproyecto as nombrepr3_1_0_, documento0_.tecnologia as tecnolog4_1_0_ from documentos documento0_ where documento0_.iddocumentos=?
[DEBUG] Static select for action ACTION_REFRESH on entity social.edu.uacm.domain.Documento: select documento0_.iddocumentos as iddocume1_1_0_, documento0_.alumno as alumno5_1_0_, documento0_.materia as materia2_1_0_, documento0_.nombreproyecto as nombrepr3_1_0_, documento0_.tecnologia as tecnolog4_1_0_ from documentos documento0_ where documento0_.iddocumentos=?
[DEBUG] Adding QuerySpace : uid = <gen:0> -> org.hibernate.loader.plan.build.internal.spaces.CollectionQuerySpaceImpl@66aaab54]
[DEBUG] Adding QuerySpace : uid = <gen:1> -> org.hibernate.loader.plan.build.internal.spaces.EntityQuerySpaceImpl@4aed018b]
[DEBUG] Visiting attribute path : alumno
[DEBUG] Property path deemed to be circular : alumno
[DEBUG] Visiting attribute path : materia
[DEBUG] Visiting attribute path : nombreproyecto
[DEBUG] Visiting attribute path : tecnologia
[DEBUG] Building LoadPlan...
[DEBUG] processing queryspace <gen:0>
[DEBUG] LoadPlan(collection=social.edu.uacm.domain.Alumno.documentos)
    - Returns
       - CollectionReturnImpl(collection=social.edu.uacm.domain.Alumno.documentos, querySpaceUid=<gen:0>, path=[social.edu.uacm.domain.Alumno.documentos])
          - (collection element) CollectionFetchableElementEntityGraph(entity=social.edu.uacm.domain.Documento, querySpaceUid=<gen:1>, path=[social.edu.uacm.domain.Alumno.documentos].<elements>)
    - QuerySpaces
       - CollectionQuerySpaceImpl(uid=<gen:0>, collection=social.edu.uacm.domain.Alumno.documentos)
          - SQL table alias mapping - documentos0_
          - alias suffix - 0_
          - suffixed key columns - {alumno5_0_0_}
          - entity-element alias suffix - 1_
          - 1_entity-element suffixed key columns - iddocume1_1_1_
          - JOIN (JoinDefinedByMetadata(elements)) : <gen:0> -> <gen:1>
             - EntityQuerySpaceImpl(uid=<gen:1>, entity=social.edu.uacm.domain.Documento)
                - SQL table alias mapping - documentos0_
                - alias suffix - 1_
                - suffixed key columns - {iddocume1_1_1_}

[DEBUG] Static select for collection social.edu.uacm.domain.Alumno.documentos: select documentos0_.alumno as alumno5_0_0_, documentos0_.iddocumentos as iddocume1_1_0_, documentos0_.iddocumentos as iddocume1_1_1_, documentos0_.alumno as alumno5_1_1_, documentos0_.materia as materia2_1_1_, documentos0_.nombreproyecto as nombrepr3_1_1_, documentos0_.tecnologia as tecnolog4_1_1_ from documentos documentos0_ where documentos0_.alumno=?
[DEBUG] Initializing SessionFactoryRegistry : org.hibernate.internal.SessionFactoryRegistry@3a643548
[DEBUG] Registering SessionFactory: c7584f56-9d44-4181-ba41-6a5a89cc1d65 (<unnamed>)
[DEBUG] Not binding SessionFactory to JNDI, no JNDI name configured
[DEBUG] Instantiated session factory
[INFO] HHH000228: Running hbm2ddl schema update
[INFO] HHH000102: Fetching database metadata
[INFO] HHH000396: Updating schema
[DEBUG] Processing hbm.xml files
[DEBUG] Process annotated classes
[DEBUG] Processing fk mappings (*ToOne and JoinedSubclass)
[DEBUG] Processing extends queue
[DEBUG] Processing extends queue
[DEBUG] Processing collection mappings
[DEBUG] Processing native query and ResultSetMapping mappings
[DEBUG] Processing association property references
[DEBUG] Creating tables' unique integer identifiers
[DEBUG] Processing foreign key constraints
[DEBUG] Resolving reference to class: social.edu.uacm.domain.Alumno
[INFO] HHH000261: Table found: socialuacm.alumno
[INFO] HHH000037: Columns: [nombreusuario, web, contrasena, id, telefono, nombre, plantel, email]
[INFO] HHH000108: Foreign keys: []
[INFO] HHH000126: Indexes: [primary]
[INFO] HHH000261: Table found: socialuacm.documentos
[INFO] HHH000037: Columns: [tecnologia, nombreproyecto, iddocumentos, materia, alumno]
[INFO] HHH000108: Foreign keys: [alumno]
[INFO] HHH000126: Indexes: [alumno_idx, primary]
[DEBUG] Setting dialect [org.hibernate.dialect.MySQL5Dialect]
[DEBUG] Setting dialect [org.hibernate.dialect.MySQL5Dialect]
[INFO] HHH000232: Schema update complete
[DEBUG] Checking 0 named HQL queries
[DEBUG] Checking 0 named SQL queries
[DEBUG] Statistics initialized [enabled=false]
[DEBUG] No actions specified; doing nothing
[DEBUG] Initializing EntityManagerFactoryRegistry : org.hibernate.jpa.internal.EntityManagerFactoryRegistry@6bcfe68f
[DEBUG] Registering EntityManagerFactory: default 
[DEBUG] Returning cached instance of singleton bean 'org.springframework.transaction.config.internalTransactionAdvisor'
[DEBUG] Returning cached instance of singleton bean 'org.springframework.transaction.config.internalTransactionAdvisor'
[DEBUG] Finished creating instance of bean 'entityManagerFactory'
[DEBUG] Pre-instantiating singletons in org.springframework.beans.factory.support.DefaultListableBeanFactory@7f31380e: defining beans [org.springframework.context.annotation.internalConfigurationAnnotationProcessor,org.springframework.context.annotation.internalAutowiredAnnotationProcessor,org.springframework.context.annotation.internalRequiredAnnotationProcessor,org.springframework.context.annotation.internalCommonAnnotationProcessor,org.springframework.context.annotation.internalPersistenceAnnotationProcessor,org.springframework.context.event.internalEventListenerProcessor,org.springframework.context.event.internalEventListenerFactory,application,org.springframework.context.annotation.ConfigurationClassPostProcessor.importAwareProcessor,org.springframework.context.annotation.ConfigurationClassPostProcessor.enhancedConfigurationProcessor,peticionController,alumnoDaoImpl,alumnoRepositorio,mvcConfig,userDetailsService,peticionServiceImpl,myAuthenticationSuccessHandler,webSecurityConfig,org.springframework.security.config.annotation.authentication.configuration.AuthenticationConfiguration,authenticationManagerBuilder,enableGlobalAuthenticationAutowiredConfigurer,org.springframework.security.config.annotation.web.configuration.WebSecurityConfiguration,delegatingApplicationListener,webSecurityExpressionHandler,springSecurityFilterChain,privilegeEvaluator,autowiredWebSecurityConfigurersIgnoreParents,org.springframework.security.config.annotation.configuration.ObjectPostProcessorConfiguration,objectPostProcessor,org.springframework.security.config.annotation.web.configuration.WebMvcSecurityConfiguration,requestDataValueProcessor,authProvider,org.springframework.boot.autoconfigure.AutoConfigurationPackages,org.springframework.boot.autoconfigure.PropertyPlaceholderAutoConfiguration,org.springframework.boot.autoconfigure.condition.BeanTypeRegistry,propertySourcesPlaceholderConfigurer,org.springframework.boot.autoconfigure.websocket.WebSocketAutoConfiguration$TomcatWebSocketConfiguration,websocketContainerCustomizer,org.springframework.boot.autoconfigure.websocket.WebSocketAutoConfiguration,org.springframework.boot.autoconfigure.web.EmbeddedServletContainerAutoConfiguration$EmbeddedTomcat,tomcatEmbeddedServletContainerFactory,org.springframework.boot.autoconfigure.web.EmbeddedServletContainerAutoConfiguration,embeddedServletContainerCustomizerBeanPostProcessor,org.springframework.boot.autoconfigure.web.DispatcherServletAutoConfiguration$DispatcherServletConfiguration,dispatcherServlet,dispatcherServletRegistration,spring.mvc.CONFIGURATION_PROPERTIES,org.springframework.boot.context.properties.ConfigurationPropertiesBindingPostProcessor,org.springframework.boot.context.properties.ConfigurationPropertiesBindingPostProcessor.store,org.springframework.boot.autoconfigure.web.DispatcherServletAutoConfiguration,org.springframework.boot.autoconfigure.web.ErrorMvcAutoConfiguration,errorAttributes,basicErrorController,errorPageCustomizer,preserveErrorControllerTargetClassPostProcessor,org.springframework.boot.autoconfigure.web.WebMvcAutoConfiguration$EnableWebMvcConfiguration,requestMappingHandlerAdapter,requestMappingHandlerMapping,mvcContentNegotiationManager,viewControllerHandlerMapping,beanNameHandlerMapping,resourceHandlerMapping,mvcResourceUrlProvider,defaultServletHandlerMapping,mvcConversionService,mvcValidator,mvcPathMatcher,mvcUrlPathHelper,mvcUriComponentsContributor,httpRequestHandlerAdapter,simpleControllerHandlerAdapter,handlerExceptionResolver,mvcViewResolver,org.springframework.boot.autoconfigure.web.WebMvcAutoConfiguration$WebMvcAutoConfigurationAdapter$FaviconConfiguration,faviconHandlerMapping,faviconRequestHandler,org.springframework.boot.autoconfigure.web.WebMvcAutoConfiguration$WebMvcAutoConfigurationAdapter,defaultViewResolver,requestContextFilter,viewResolver,spring.resources.CONFIGURATION_PROPERTIES,org.springframework.boot.autoconfigure.web.WebMvcAutoConfiguration,hiddenHttpMethodFilter,httpPutFormContentFilter,org.springframework.boot.autoconfigure.aop.AopAutoConfiguration$JdkDynamicAutoProxyConfiguration,org.springframework.aop.config.internalAutoProxyCreator,org.springframework.boot.autoconfigure.aop.AopAutoConfiguration,org.springframework.boot.autoconfigure.transaction.jta.JtaAutoConfiguration,spring.jta.CONFIGURATION_PROPERTIES,org.springframework.boot.autoconfigure.jdbc.DataSourceAutoConfiguration$JdbcTemplateConfiguration,jdbcTemplate,namedParameterJdbcTemplate,org.springframework.boot.autoconfigure.jdbc.DataSourceAutoConfiguration$NonEmbeddedConfiguration,dataSource,org.springframework.boot.autoconfigure.jdbc.DataSourceAutoConfiguration$DataSourceInitializerConfiguration,dataSourceInitializer,org.springframework.boot.autoconfigure.jdbc.metadata.DataSourcePoolMetadataProvidersConfiguration$TomcatDataSourcePoolMetadataProviderConfiguration,tomcatPoolDataSourceMetadataProvider,org.springframework.boot.autoconfigure.jdbc.metadata.DataSourcePoolMetadataProvidersConfiguration,org.springframework.boot.autoconfigure.jdbc.DataSourceAutoConfiguration,spring.datasource.CONFIGURATION_PROPERTIES,dataSourceInitializerPostProcessor,org.springframework.boot.autoconfigure.orm.jpa.JpaBaseConfiguration$JpaWebConfiguration$JpaWebMvcConfiguration,openEntityManagerInViewInterceptor,org.springframework.boot.autoconfigure.orm.jpa.JpaBaseConfiguration$JpaWebConfiguration,org.springframework.boot.autoconfigure.orm.jpa.HibernateJpaAutoConfiguration,transactionManager,jpaVendorAdapter,entityManagerFactoryBuilder,entityManagerFactory,spring.jpa.CONFIGURATION_PROPERTIES,dataSourceInitializedPublisher,org.springframework.boot.autoconfigure.context.ConfigurationPropertiesAutoConfiguration,org.springframework.boot.autoconfigure.dao.PersistenceExceptionTranslationAutoConfiguration,persistenceExceptionTranslationPostProcessor,org.springframework.boot.autoconfigure.data.jpa.JpaRepositoriesAutoConfiguration,org.springframework.data.repository.core.support.RepositoryInterfaceAwareBeanPostProcessor,emBeanDefinitionRegistrarPostProcessor,jpaMappingContext,jpaContext,alumnoRepository,documentoRepository,org.springframework.boot.autoconfigure.jackson.JacksonAutoConfiguration$JacksonObjectMapperBuilderConfiguration,jacksonObjectMapperBuilder,spring.jackson.CONFIGURATION_PROPERTIES,org.springframework.boot.autoconfigure.jackson.JacksonAutoConfiguration$JacksonObjectMapperConfiguration,jacksonObjectMapper,org.springframework.boot.autoconfigure.jackson.JacksonAutoConfiguration,org.springframework.boot.autoconfigure.web.HttpMessageConvertersAutoConfiguration$StringHttpMessageConverterConfiguration,stringHttpMessageConverter,spring.http.encoding.CONFIGURATION_PROPERTIES,org.springframework.boot.autoconfigure.web.JacksonHttpMessageConvertersConfiguration$MappingJackson2HttpMessageConverterConfiguration,mappingJackson2HttpMessageConverter,org.springframework.boot.autoconfigure.web.JacksonHttpMessageConvertersConfiguration,org.springframework.boot.autoconfigure.web.HttpMessageConvertersAutoConfiguration,messageConverters,org.springframework.data.web.config.SpringDataWebConfiguration,pageableResolver,sortResolver,org.springframework.data.web.config.SpringDataJacksonConfiguration,jacksonGeoModule,org.springframework.boot.autoconfigure.data.web.SpringDataWebAutoConfiguration,org.springframework.boot.autoconfigure.security.AuthenticationManagerConfiguration$AuthenticationManagerConfigurationListener,org.springframework.boot.autoconfigure.security.AuthenticationManagerConfiguration,authenticationManager,springBootAuthenticationConfigurerAdapter,org.springframework.boot.autoconfigure.security.BootGlobalAuthenticationConfiguration,bootGlobalAuthenticationConfigurationAdapter,org.springframework.boot.autoconfigure.security.SecurityAutoConfiguration,authenticationEventPublisher,securityProperties,org.springframework.transaction.annotation.ProxyTransactionManagementConfiguration,org.springframework.transaction.config.internalTransactionAdvisor,transactionAttributeSource,transactionInterceptor,org.springframework.transaction.config.internalTransactionalEventListenerFactory,org.springframework.boot.autoconfigure.jdbc.DataSourceTransactionManagerAutoConfiguration$TransactionManagementConfiguration,org.springframework.boot.autoconfigure.jdbc.DataSourceTransactionManagerAutoConfiguration,org.springframework.boot.autoconfigure.thymeleaf.ThymeleafAutoConfiguration$ThymeleafResourceHandlingConfig,org.springframework.boot.autoconfigure.thymeleaf.ThymeleafAutoConfiguration$ThymeleafViewResolverConfiguration,thymeleafViewResolver,org.springframework.boot.autoconfigure.thymeleaf.ThymeleafAutoConfiguration$ThymeleafDefaultConfiguration,templateEngine,org.springframework.boot.autoconfigure.thymeleaf.ThymeleafAutoConfiguration$DefaultTemplateResolverConfiguration,defaultTemplateResolver,thymeleafResourceResolver,org.springframework.boot.autoconfigure.thymeleaf.ThymeleafAutoConfiguration,spring.thymeleaf.CONFIGURATION_PROPERTIES,org.springframework.boot.autoconfigure.security.SecurityFilterAutoConfiguration,securityFilterChainRegistration,org.springframework.boot.autoconfigure.transaction.TransactionAutoConfiguration,transactionTemplate,org.springframework.boot.autoconfigure.web.HttpEncodingAutoConfiguration,characterEncodingFilter,org.springframework.boot.autoconfigure.web.MultipartAutoConfiguration,multipartConfigElement,multipartResolver,multipart.CONFIGURATION_PROPERTIES,org.springframework.boot.autoconfigure.web.ServerPropertiesAutoConfiguration,serverProperties,duplicateServerPropertiesDetector,org.springframework.orm.jpa.SharedEntityManagerCreator#0]; root of factory hierarchy
[DEBUG] Returning cached instance of singleton bean 'org.springframework.context.annotation.internalConfigurationAnnotationProcessor'
[DEBUG] Returning cached instance of singleton bean 'org.springframework.context.annotation.internalAutowiredAnnotationProcessor'
[DEBUG] Returning cached instance of singleton bean 'org.springframework.context.annotation.internalRequiredAnnotationProcessor'
[DEBUG] Returning cached instance of singleton bean 'org.springframework.context.annotation.internalCommonAnnotationProcessor'
[DEBUG] Returning cached instance of singleton bean 'org.springframework.context.annotation.internalPersistenceAnnotationProcessor'
[DEBUG] Creating shared instance of singleton bean 'org.springframework.context.event.internalEventListenerProcessor'
[DEBUG] Creating instance of bean 'org.springframework.context.event.internalEventListenerProcessor'
[DEBUG] Returning cached instance of singleton bean 'org.springframework.transaction.config.internalTransactionAdvisor'
[DEBUG] Eagerly caching bean 'org.springframework.context.event.internalEventListenerProcessor' to allow for resolving potential circular references
[DEBUG] Returning cached instance of singleton bean 'org.springframework.transaction.config.internalTransactionAdvisor'
[DEBUG] Returning cached instance of singleton bean 'org.springframework.transaction.config.internalTransactionAdvisor'
[DEBUG] Finished creating instance of bean 'org.springframework.context.event.internalEventListenerProcessor'
[DEBUG] Creating shared instance of singleton bean 'org.springframework.context.event.internalEventListenerFactory'
[DEBUG] Creating instance of bean 'org.springframework.context.event.internalEventListenerFactory'
[DEBUG] Returning cached instance of singleton bean 'org.springframework.transaction.config.internalTransactionAdvisor'
[DEBUG] Eagerly caching bean 'org.springframework.context.event.internalEventListenerFactory' to allow for resolving potential circular references
[DEBUG] Returning cached instance of singleton bean 'org.springframework.transaction.config.internalTransactionAdvisor'
[DEBUG] Returning cached instance of singleton bean 'org.springframework.transaction.config.internalTransactionAdvisor'
[DEBUG] Finished creating instance of bean 'org.springframework.context.event.internalEventListenerFactory'
[DEBUG] Creating shared instance of singleton bean 'application'
[DEBUG] Creating instance of bean 'application'
[DEBUG] Returning cached instance of singleton bean 'org.springframework.transaction.config.internalTransactionAdvisor'
[DEBUG] Eagerly caching bean 'application' to allow for resolving potential circular references
[DEBUG] Returning cached instance of singleton bean 'org.springframework.transaction.config.internalTransactionAdvisor'
[DEBUG] Returning cached instance of singleton bean 'org.springframework.transaction.config.internalTransactionAdvisor'
[DEBUG] Finished creating instance of bean 'application'
[DEBUG] Returning cached instance of singleton bean 'org.springframework.context.annotation.ConfigurationClassPostProcessor.importAwareProcessor'
[DEBUG] Returning cached instance of singleton bean 'org.springframework.context.annotation.ConfigurationClassPostProcessor.enhancedConfigurationProcessor'
[DEBUG] Creating shared instance of singleton bean 'peticionController'
[DEBUG] Creating instance of bean 'peticionController'
[DEBUG] Returning cached instance of singleton bean 'org.springframework.transaction.config.internalTransactionAdvisor'
[DEBUG] Registered injected element on class [social.edu.uacm.controller.PeticionController]: AutowiredFieldElement for social.edu.uacm.service.PeticionService social.edu.uacm.controller.PeticionController.peticionService
[DEBUG] Eagerly caching bean 'peticionController' to allow for resolving potential circular references
[DEBUG] Processing injected element of bean 'peticionController': AutowiredFieldElement for social.edu.uacm.service.PeticionService social.edu.uacm.controller.PeticionController.peticionService
[DEBUG] Creating shared instance of singleton bean 'peticionServiceImpl'
[DEBUG] Creating instance of bean 'peticionServiceImpl'
[DEBUG] Returning cached instance of singleton bean 'org.springframework.transaction.config.internalTransactionAdvisor'
[DEBUG] Eagerly caching bean 'peticionServiceImpl' to allow for resolving potential circular references
[DEBUG] Returning cached instance of singleton bean 'org.springframework.transaction.config.internalTransactionAdvisor'
[DEBUG] Returning cached instance of singleton bean 'org.springframework.transaction.config.internalTransactionAdvisor'
[DEBUG] Finished creating instance of bean 'peticionServiceImpl'
[DEBUG] Autowiring by type from bean name 'peticionController' to bean named 'peticionServiceImpl'
[DEBUG] Returning cached instance of singleton bean 'org.springframework.transaction.config.internalTransactionAdvisor'
[DEBUG] Returning cached instance of singleton bean 'org.springframework.transaction.config.internalTransactionAdvisor'
[DEBUG] Finished creating instance of bean 'peticionController'
[DEBUG] Creating shared instance of singleton bean 'alumnoDaoImpl'
[DEBUG] Creating instance of bean 'alumnoDaoImpl'
[DEBUG] Returning cached instance of singleton bean 'org.springframework.transaction.config.internalTransactionAdvisor'
[DEBUG] Registered injected element on class [social.edu.uacm.dao.impl.AlumnoDaoImpl]: AutowiredFieldElement for org.springframework.jdbc.core.JdbcTemplate social.edu.uacm.dao.impl.AlumnoDaoImpl.jdbcTemplate
[DEBUG] Eagerly caching bean 'alumnoDaoImpl' to allow for resolving potential circular references
[DEBUG] Processing injected element of bean 'alumnoDaoImpl': AutowiredFieldElement for org.springframework.jdbc.core.JdbcTemplate social.edu.uacm.dao.impl.AlumnoDaoImpl.jdbcTemplate
[DEBUG] Creating shared instance of singleton bean 'jdbcTemplate'
[DEBUG] Creating instance of bean 'jdbcTemplate'
[DEBUG] Returning cached instance of singleton bean 'org.springframework.transaction.config.internalTransactionAdvisor'
[DEBUG] Creating shared instance of singleton bean 'org.springframework.boot.autoconfigure.jdbc.DataSourceAutoConfiguration$JdbcTemplateConfiguration'
[DEBUG] Creating instance of bean 'org.springframework.boot.autoconfigure.jdbc.DataSourceAutoConfiguration$JdbcTemplateConfiguration'
[DEBUG] Returning cached instance of singleton bean 'org.springframework.transaction.config.internalTransactionAdvisor'
[DEBUG] Registered injected element on class [org.springframework.boot.autoconfigure.jdbc.DataSourceAutoConfiguration$JdbcTemplateConfiguration$$EnhancerBySpringCGLIB$$2d7ccab2]: AutowiredFieldElement for private javax.sql.DataSource org.springframework.boot.autoconfigure.jdbc.DataSourceAutoConfiguration$JdbcTemplateConfiguration.dataSource
[DEBUG] Eagerly caching bean 'org.springframework.boot.autoconfigure.jdbc.DataSourceAutoConfiguration$JdbcTemplateConfiguration' to allow for resolving potential circular references
[DEBUG] Processing injected element of bean 'org.springframework.boot.autoconfigure.jdbc.DataSourceAutoConfiguration$JdbcTemplateConfiguration': AutowiredFieldElement for private javax.sql.DataSource org.springframework.boot.autoconfigure.jdbc.DataSourceAutoConfiguration$JdbcTemplateConfiguration.dataSource
[DEBUG] Returning cached instance of singleton bean 'dataSource'
[DEBUG] Autowiring by type from bean name 'org.springframework.boot.autoconfigure.jdbc.DataSourceAutoConfiguration$JdbcTemplateConfiguration' to bean named 'dataSource'
[DEBUG] Returning cached instance of singleton bean 'org.springframework.transaction.config.internalTransactionAdvisor'
[DEBUG] Returning cached instance of singleton bean 'org.springframework.transaction.config.internalTransactionAdvisor'
[DEBUG] Finished creating instance of bean 'org.springframework.boot.autoconfigure.jdbc.DataSourceAutoConfiguration$JdbcTemplateConfiguration'
[DEBUG] Eagerly caching bean 'jdbcTemplate' to allow for resolving potential circular references
[DEBUG] Invoking afterPropertiesSet() on bean with name 'jdbcTemplate'
[DEBUG] Returning cached instance of singleton bean 'org.springframework.transaction.config.internalTransactionAdvisor'
[DEBUG] Returning cached instance of singleton bean 'org.springframework.transaction.config.internalTransactionAdvisor'
[DEBUG] Finished creating instance of bean 'jdbcTemplate'
[DEBUG] Autowiring by type from bean name 'alumnoDaoImpl' to bean named 'jdbcTemplate'
[DEBUG] Returning cached instance of singleton bean 'org.springframework.transaction.config.internalTransactionAdvisor'
[DEBUG] Returning cached instance of singleton bean 'org.springframework.transaction.config.internalTransactionAdvisor'
[DEBUG] Creating CGLIB proxy: target source is SingletonTargetSource for target object [social.edu.uacm.dao.impl.AlumnoDaoImpl@6fbc8614]
[DEBUG] Unable to apply any optimisations to advised method: public social.edu.uacm.domain.Alumno social.edu.uacm.dao.impl.AlumnoDaoImpl.obtenerAlumnoPorId(java.lang.Integer)
[DEBUG] Found finalize() method - using NO_OVERRIDE
[DEBUG] Found 'equals' method: public boolean java.lang.Object.equals(java.lang.Object)
[DEBUG] Unable to apply any optimisations to advised method: public java.lang.String java.lang.Object.toString()
[DEBUG] Found 'hashCode' method: public native int java.lang.Object.hashCode()
[DEBUG] Unable to apply any optimisations to advised method: protected native java.lang.Object java.lang.Object.clone() throws java.lang.CloneNotSupportedException
[DEBUG] Method is declared on Advised interface: public abstract int org.springframework.aop.framework.Advised.indexOf(org.springframework.aop.Advisor)
[DEBUG] Method is declared on Advised interface: public abstract int org.springframework.aop.framework.Advised.indexOf(org.aopalliance.aop.Advice)
[DEBUG] Method is declared on Advised interface: public abstract boolean org.springframework.aop.framework.Advised.isFrozen()
[DEBUG] Method is declared on Advised interface: public abstract void org.springframework.aop.framework.Advised.addAdvisor(int,org.springframework.aop.Advisor) throws org.springframework.aop.framework.AopConfigException
[DEBUG] Method is declared on Advised interface: public abstract void org.springframework.aop.framework.Advised.addAdvisor(org.springframework.aop.Advisor) throws org.springframework.aop.framework.AopConfigException
[DEBUG] Method is declared on Advised interface: public abstract void org.springframework.aop.framework.Advised.setExposeProxy(boolean)
[DEBUG] Method is declared on Advised interface: public abstract boolean org.springframework.aop.framework.Advised.isExposeProxy()
[DEBUG] Method is declared on Advised interface: public abstract boolean org.springframework.aop.framework.Advised.isPreFiltered()
[DEBUG] Method is declared on Advised interface: public abstract void org.springframework.aop.framework.Advised.removeAdvisor(int) throws org.springframework.aop.framework.AopConfigException
[DEBUG] Method is declared on Advised interface: public abstract boolean org.springframework.aop.framework.Advised.removeAdvisor(org.springframework.aop.Advisor)
[DEBUG] Method is declared on Advised interface: public abstract boolean org.springframework.aop.framework.Advised.replaceAdvisor(org.springframework.aop.Advisor,org.springframework.aop.Advisor) throws org.springframework.aop.framework.AopConfigException
[DEBUG] Method is declared on Advised interface: public abstract boolean org.springframework.aop.framework.Advised.removeAdvice(org.aopalliance.aop.Advice)
[DEBUG] Method is declared on Advised interface: public abstract org.springframework.aop.TargetSource org.springframework.aop.framework.Advised.getTargetSource()
[DEBUG] Method is declared on Advised interface: public abstract void org.springframework.aop.framework.Advised.setPreFiltered(boolean)
[DEBUG] Method is declared on Advised interface: public abstract void org.springframework.aop.framework.Advised.addAdvice(int,org.aopalliance.aop.Advice) throws org.springframework.aop.framework.AopConfigException
[DEBUG] Method is declared on Advised interface: public abstract void org.springframework.aop.framework.Advised.addAdvice(org.aopalliance.aop.Advice) throws org.springframework.aop.framework.AopConfigException
[DEBUG] Method is declared on Advised interface: public abstract org.springframework.aop.Advisor[] org.springframework.aop.framework.Advised.getAdvisors()
[DEBUG] Method is declared on Advised interface: public abstract void org.springframework.aop.framework.Advised.setTargetSource(org.springframework.aop.TargetSource)
[DEBUG] Method is declared on Advised interface: public abstract boolean org.springframework.aop.framework.Advised.isProxyTargetClass()
[DEBUG] Method is declared on Advised interface: public abstract java.lang.Class[] org.springframework.aop.framework.Advised.getProxiedInterfaces()
[DEBUG] Method is declared on Advised interface: public abstract boolean org.springframework.aop.framework.Advised.isInterfaceProxied(java.lang.Class)
[DEBUG] Method is declared on Advised interface: public abstract java.lang.String org.springframework.aop.framework.Advised.toProxyConfigString()
[DEBUG] Method is declared on Advised interface: public abstract java.lang.Class org.springframework.aop.TargetClassAware.getTargetClass()
[DEBUG] Finished creating instance of bean 'alumnoDaoImpl'
[DEBUG] Creating shared instance of singleton bean 'alumnoRepositorio'
[DEBUG] Creating instance of bean 'alumnoRepositorio'
[DEBUG] Returning cached instance of singleton bean 'org.springframework.transaction.config.internalTransactionAdvisor'
[DEBUG] Returning cached instance of singleton bean 'jdbcTemplate'
[DEBUG] Autowiring by type from bean name 'alumnoRepositorio' via constructor to bean named 'jdbcTemplate'
[DEBUG] Eagerly caching bean 'alumnoRepositorio' to allow for resolving potential circular references
[DEBUG] Returning cached instance of singleton bean 'org.springframework.transaction.config.internalTransactionAdvisor'
[DEBUG] Returning cached instance of singleton bean 'org.springframework.transaction.config.internalTransactionAdvisor'
[DEBUG] Creating CGLIB proxy: target source is SingletonTargetSource for target object [social.edu.uacm.domain.AlumnoRepositorio@25b45d1a]
[DEBUG] Found finalize() method - using NO_OVERRIDE
[DEBUG] Found 'equals' method: public boolean java.lang.Object.equals(java.lang.Object)
[DEBUG] Unable to apply any optimisations to advised method: public java.lang.String java.lang.Object.toString()
[DEBUG] Found 'hashCode' method: public native int java.lang.Object.hashCode()
[DEBUG] Unable to apply any optimisations to advised method: protected native java.lang.Object java.lang.Object.clone() throws java.lang.CloneNotSupportedException
[DEBUG] Method is declared on Advised interface: public abstract int org.springframework.aop.framework.Advised.indexOf(org.springframework.aop.Advisor)
[DEBUG] Method is declared on Advised interface: public abstract int org.springframework.aop.framework.Advised.indexOf(org.aopalliance.aop.Advice)
[DEBUG] Method is declared on Advised interface: public abstract boolean org.springframework.aop.framework.Advised.isFrozen()
[DEBUG] Method is declared on Advised interface: public abstract void org.springframework.aop.framework.Advised.addAdvisor(int,org.springframework.aop.Advisor) throws org.springframework.aop.framework.AopConfigException
[DEBUG] Method is declared on Advised interface: public abstract void org.springframework.aop.framework.Advised.addAdvisor(org.springframework.aop.Advisor) throws org.springframework.aop.framework.AopConfigException
[DEBUG] Method is declared on Advised interface: public abstract void org.springframework.aop.framework.Advised.setExposeProxy(boolean)
[DEBUG] Method is declared on Advised interface: public abstract boolean org.springframework.aop.framework.Advised.isExposeProxy()
[DEBUG] Method is declared on Advised interface: public abstract boolean org.springframework.aop.framework.Advised.isPreFiltered()
[DEBUG] Method is declared on Advised interface: public abstract void org.springframework.aop.framework.Advised.removeAdvisor(int) throws org.springframework.aop.framework.AopConfigException
[DEBUG] Method is declared on Advised interface: public abstract boolean org.springframework.aop.framework.Advised.removeAdvisor(org.springframework.aop.Advisor)
[DEBUG] Method is declared on Advised interface: public abstract boolean org.springframework.aop.framework.Advised.replaceAdvisor(org.springframework.aop.Advisor,org.springframework.aop.Advisor) throws org.springframework.aop.framework.AopConfigException
[DEBUG] Method is declared on Advised interface: public abstract boolean org.springframework.aop.framework.Advised.removeAdvice(org.aopalliance.aop.Advice)
[DEBUG] Method is declared on Advised interface: public abstract org.springframework.aop.TargetSource org.springframework.aop.framework.Advised.getTargetSource()
[DEBUG] Method is declared on Advised interface: public abstract void org.springframework.aop.framework.Advised.setPreFiltered(boolean)
[DEBUG] Method is declared on Advised interface: public abstract void org.springframework.aop.framework.Advised.addAdvice(int,org.aopalliance.aop.Advice) throws org.springframework.aop.framework.AopConfigException
[DEBUG] Method is declared on Advised interface: public abstract void org.springframework.aop.framework.Advised.addAdvice(org.aopalliance.aop.Advice) throws org.springframework.aop.framework.AopConfigException
[DEBUG] Method is declared on Advised interface: public abstract org.springframework.aop.Advisor[] org.springframework.aop.framework.Advised.getAdvisors()
[DEBUG] Method is declared on Advised interface: public abstract void org.springframework.aop.framework.Advised.setTargetSource(org.springframework.aop.TargetSource)
[DEBUG] Method is declared on Advised interface: public abstract boolean org.springframework.aop.framework.Advised.isProxyTargetClass()
[DEBUG] Method is declared on Advised interface: public abstract java.lang.Class[] org.springframework.aop.framework.Advised.getProxiedInterfaces()
[DEBUG] Method is declared on Advised interface: public abstract boolean org.springframework.aop.framework.Advised.isInterfaceProxied(java.lang.Class)
[DEBUG] Method is declared on Advised interface: public abstract java.lang.String org.springframework.aop.framework.Advised.toProxyConfigString()
[DEBUG] Method is declared on Advised interface: public abstract java.lang.Class org.springframework.aop.TargetClassAware.getTargetClass()
[DEBUG] Finished creating instance of bean 'alumnoRepositorio'
[DEBUG] Creating shared instance of singleton bean 'mvcConfig'
[DEBUG] Creating instance of bean 'mvcConfig'
[DEBUG] Returning cached instance of singleton bean 'org.springframework.transaction.config.internalTransactionAdvisor'
[DEBUG] Eagerly caching bean 'mvcConfig' to allow for resolving potential circular references
[DEBUG] Returning cached instance of singleton bean 'org.springframework.transaction.config.internalTransactionAdvisor'
[DEBUG] Returning cached instance of singleton bean 'org.springframework.transaction.config.internalTransactionAdvisor'
[DEBUG] Finished creating instance of bean 'mvcConfig'
[DEBUG] Creating shared instance of singleton bean 'userDetailsService'
[DEBUG] Creating instance of bean 'userDetailsService'
[DEBUG] Returning cached instance of singleton bean 'org.springframework.transaction.config.internalTransactionAdvisor'
[DEBUG] Registered injected element on class [social.edu.uacm.service.impl.MyUserDetailsServiceImpl]: AutowiredFieldElement for private social.edu.uacm.domain.AlumnoRepository social.edu.uacm.service.impl.MyUserDetailsServiceImpl.alumnoRepository
[DEBUG] Eagerly caching bean 'userDetailsService' to allow for resolving potential circular references
[DEBUG] Processing injected element of bean 'userDetailsService': AutowiredFieldElement for private social.edu.uacm.domain.AlumnoRepository social.edu.uacm.service.impl.MyUserDetailsServiceImpl.alumnoRepository
[DEBUG] Creating shared instance of singleton bean 'alumnoRepository'
[DEBUG] Creating instance of bean 'alumnoRepository'
[DEBUG] Returning cached instance of singleton bean 'org.springframework.transaction.config.internalTransactionAdvisor'
[DEBUG] Registered injected element on class [org.springframework.data.jpa.repository.support.JpaRepositoryFactoryBean]: PersistenceElement for public void org.springframework.data.jpa.repository.support.JpaRepositoryFactoryBean.setEntityManager(javax.persistence.EntityManager)
[DEBUG] Eagerly caching bean 'alumnoRepository' to allow for resolving potential circular references
[DEBUG] Processing injected element of bean 'alumnoRepository': PersistenceElement for public void org.springframework.data.jpa.repository.support.JpaRepositoryFactoryBean.setEntityManager(javax.persistence.EntityManager)
[DEBUG] Creating instance of bean '(inner bean)#794b3d22'
[DEBUG] Returning cached instance of singleton bean 'org.springframework.transaction.config.internalTransactionAdvisor'
[DEBUG] Creating instance of bean '(inner bean)#370c499e'
[DEBUG] Returning cached instance of singleton bean 'org.springframework.transaction.config.internalTransactionAdvisor'
[DEBUG] Resolved classpath location [META-INF/jpa-named-queries.properties] to resources []
[DEBUG] Invoking afterPropertiesSet() on bean with name '(inner bean)#370c499e'
[DEBUG] Returning cached instance of singleton bean 'org.springframework.transaction.config.internalTransactionAdvisor'
[DEBUG] Returning cached instance of singleton bean 'org.springframework.transaction.config.internalTransactionAdvisor'
[DEBUG] Finished creating instance of bean '(inner bean)#370c499e'
[DEBUG] Returning cached instance of singleton bean 'org.springframework.transaction.config.internalTransactionAdvisor'
[DEBUG] Returning cached instance of singleton bean 'org.springframework.transaction.config.internalTransactionAdvisor'
[DEBUG] Returning cached instance of singleton bean 'org.springframework.transaction.config.internalTransactionAdvisor'
[DEBUG] Returning cached instance of singleton bean 'org.springframework.transaction.config.internalTransactionAdvisor'
[DEBUG] Finished creating instance of bean '(inner bean)#794b3d22'
[DEBUG] Creating instance of bean '(inner bean)#747da4cf'
[DEBUG] Returning cached instance of singleton bean 'org.springframework.transaction.config.internalTransactionAdvisor'
[DEBUG] Returning cached instance of singleton bean 'org.springframework.transaction.config.internalTransactionAdvisor'
[DEBUG] Returning cached instance of singleton bean 'org.springframework.transaction.config.internalTransactionAdvisor'
[DEBUG] Finished creating instance of bean '(inner bean)#747da4cf'
[DEBUG] Creating instance of bean '(inner bean)#a63223f'
[DEBUG] Returning cached instance of singleton bean 'org.springframework.transaction.config.internalTransactionAdvisor'
[DEBUG] Returning cached instance of singleton bean 'entityManagerFactory'
[DEBUG] Returning cached instance of singleton bean 'org.springframework.transaction.config.internalTransactionAdvisor'
[DEBUG] Returning cached instance of singleton bean 'org.springframework.transaction.config.internalTransactionAdvisor'
[DEBUG] Creating shared instance of singleton bean 'delegatingApplicationListener'
[DEBUG] Creating instance of bean 'delegatingApplicationListener'
[DEBUG] Returning cached instance of singleton bean 'org.springframework.transaction.config.internalTransactionAdvisor'
[DEBUG] Eagerly caching bean 'delegatingApplicationListener' to allow for resolving potential circular references
[DEBUG] Returning cached instance of singleton bean 'org.springframework.transaction.config.internalTransactionAdvisor'
[DEBUG] Returning cached instance of singleton bean 'org.springframework.transaction.config.internalTransactionAdvisor'
[DEBUG] Finished creating instance of bean 'delegatingApplicationListener'
[DEBUG] Returning cached instance of singleton bean 'dataSourceInitializer'
[DEBUG] Resolved classpath location [data-all.sql] to resources []
[DEBUG] Resolved classpath location [data.sql] to resources []
[DEBUG] Returning cached instance of singleton bean 'org.springframework.transaction.config.internalTransactionAdvisor'
[DEBUG] Returning cached instance of singleton bean 'org.springframework.transaction.config.internalTransactionAdvisor'
[DEBUG] Finished creating instance of bean '(inner bean)#a63223f'
[DEBUG] Creating shared instance of singleton bean 'jpaMappingContext'
[DEBUG] Creating instance of bean 'jpaMappingContext'
[DEBUG] Returning cached instance of singleton bean 'org.springframework.transaction.config.internalTransactionAdvisor'
[DEBUG] Eagerly caching bean 'jpaMappingContext' to allow for resolving potential circular references
[DEBUG] Invoking afterPropertiesSet() on bean with name 'jpaMappingContext'
[DEBUG] Returning cached instance of singleton bean 'org.springframework.transaction.config.internalTransactionAdvisor'
[DEBUG] Returning cached instance of singleton bean 'org.springframework.transaction.config.internalTransactionAdvisor'
[DEBUG] Returning eagerly cached instance of singleton bean 'jpaMappingContext' that is not fully initialized yet - a consequence of a circular reference
[DEBUG] Returning cached instance of singleton bean 'entityManagerFactory'
[DEBUG] Finished creating instance of bean 'jpaMappingContext'
[DEBUG] Returning cached instance of singleton bean 'org.springframework.transaction.config.internalTransactionAdvisor'
[DEBUG] Returning cached instance of singleton bean 'org.springframework.transaction.config.internalTransactionAdvisor'
[DEBUG] Invoking afterPropertiesSet() on bean with name 'alumnoRepository'
[DEBUG] Creating new EntityManager for shared EntityManager invocation
[DEBUG] Closing JPA EntityManager
[DEBUG] Creating new EntityManager for shared EntityManager invocation
[DEBUG] Closing JPA EntityManager
[DEBUG] Creating new EntityManager for shared EntityManager invocation
[DEBUG] Closing JPA EntityManager
[DEBUG] Creating JDK dynamic proxy: target source is org.springframework.data.jpa.repository.support.CrudMethodMetadataPostProcessor$ThreadBoundTargetSource@35ebbabe
[DEBUG] Creating new EntityManager for shared EntityManager invocation
[DEBUG] Closing JPA EntityManager
[DEBUG] Creating JDK dynamic proxy: target source is SingletonTargetSource for target object [org.springframework.data.jpa.repository.support.SimpleJpaRepository@2b01191e]
[DEBUG] Returning cached instance of singleton bean 'org.springframework.transaction.config.internalTransactionAdvisor'
[DEBUG] Returning cached instance of singleton bean 'org.springframework.transaction.config.internalTransactionAdvisor'
[DEBUG] Finished creating instance of bean 'alumnoRepository'
[DEBUG] Returning cached instance of singleton bean 'org.springframework.transaction.config.internalTransactionAdvisor'
[DEBUG] Returning cached instance of singleton bean 'org.springframework.transaction.config.internalTransactionAdvisor'
[DEBUG] Autowiring by type from bean name 'userDetailsService' to bean named 'alumnoRepository'
[DEBUG] Returning cached instance of singleton bean 'org.springframework.transaction.config.internalTransactionAdvisor'
[DEBUG] Returning cached instance of singleton bean 'org.springframework.transaction.config.internalTransactionAdvisor'
[DEBUG] Adding transactional method 'MyUserDetailsServiceImpl.loadUserByUsername' with attribute: PROPAGATION_REQUIRED,ISOLATION_DEFAULT; ''
[DEBUG] Creating implicit proxy for bean 'userDetailsService' with 0 common interceptors and 1 specific interceptors
[DEBUG] Creating JDK dynamic proxy: target source is SingletonTargetSource for target object [social.edu.uacm.service.impl.MyUserDetailsServiceImpl@126c4a1f]
[DEBUG] Finished creating instance of bean 'userDetailsService'
[DEBUG] Returning cached instance of singleton bean 'peticionServiceImpl'
[DEBUG] Creating shared instance of singleton bean 'myAuthenticationSuccessHandler'
[DEBUG] Creating instance of bean 'myAuthenticationSuccessHandler'
[DEBUG] Returning cached instance of singleton bean 'org.springframework.transaction.config.internalTransactionAdvisor'
[DEBUG] Eagerly caching bean 'myAuthenticationSuccessHandler' to allow for resolving potential circular references
[DEBUG] Returning cached instance of singleton bean 'org.springframework.transaction.config.internalTransactionAdvisor'
[DEBUG] Returning cached instance of singleton bean 'org.springframework.transaction.config.internalTransactionAdvisor'
[DEBUG] Finished creating instance of bean 'myAuthenticationSuccessHandler'
[DEBUG] Creating shared instance of singleton bean 'webSecurityConfig'
[DEBUG] Creating instance of bean 'webSecurityConfig'
[DEBUG] Returning cached instance of singleton bean 'org.springframework.transaction.config.internalTransactionAdvisor'
[DEBUG] Registered injected element on class [social.edu.uacm.WebSecurityConfig$$EnhancerBySpringCGLIB$$51f0b491]: AutowiredMethodElement for public void org.springframework.security.config.annotation.web.configuration.WebSecurityConfigurerAdapter.setTrustResolver(org.springframework.security.authentication.AuthenticationTrustResolver)
[DEBUG] Registered injected element on class [social.edu.uacm.WebSecurityConfig$$EnhancerBySpringCGLIB$$51f0b491]: AutowiredMethodElement for public void org.springframework.security.config.annotation.web.configuration.WebSecurityConfigurerAdapter.setObjectPostProcessor(org.springframework.security.config.annotation.ObjectPostProcessor)
[DEBUG] Registered injected element on class [social.edu.uacm.WebSecurityConfig$$EnhancerBySpringCGLIB$$51f0b491]: AutowiredMethodElement for public void org.springframework.security.config.annotation.web.configuration.WebSecurityConfigurerAdapter.setApplicationContext(org.springframework.context.ApplicationContext)
[DEBUG] Registered injected element on class [social.edu.uacm.WebSecurityConfig$$EnhancerBySpringCGLIB$$51f0b491]: AutowiredMethodElement for public void org.springframework.security.config.annotation.web.configuration.WebSecurityConfigurerAdapter.setContentNegotationStrategy(org.springframework.web.accept.ContentNegotiationStrategy)
[DEBUG] Registered injected element on class [social.edu.uacm.WebSecurityConfig$$EnhancerBySpringCGLIB$$51f0b491]: AutowiredMethodElement for public void org.springframework.security.config.annotation.web.configuration.WebSecurityConfigurerAdapter.setAuthenticationConfiguration(org.springframework.security.config.annotation.authentication.configuration.AuthenticationConfiguration)
[DEBUG] Registered injected element on class [social.edu.uacm.WebSecurityConfig$$EnhancerBySpringCGLIB$$51f0b491]: AutowiredFieldElement for private org.springframework.security.core.userdetails.UserDetailsService social.edu.uacm.WebSecurityConfig.userDetailsService
[DEBUG] Registered injected element on class [social.edu.uacm.WebSecurityConfig$$EnhancerBySpringCGLIB$$51f0b491]: AutowiredFieldElement for private org.springframework.security.web.authentication.AuthenticationSuccessHandler social.edu.uacm.WebSecurityConfig.myAuthenticationSuccessHandler
[DEBUG] Eagerly caching bean 'webSecurityConfig' to allow for resolving potential circular references
[DEBUG] Processing injected element of bean 'webSecurityConfig': AutowiredMethodElement for public void org.springframework.security.config.annotation.web.configuration.WebSecurityConfigurerAdapter.setTrustResolver(org.springframework.security.authentication.AuthenticationTrustResolver)
[DEBUG] Processing injected element of bean 'webSecurityConfig': AutowiredMethodElement for public void org.springframework.security.config.annotation.web.configuration.WebSecurityConfigurerAdapter.setObjectPostProcessor(org.springframework.security.config.annotation.ObjectPostProcessor)
[DEBUG] Creating shared instance of singleton bean 'objectPostProcessor'
[DEBUG] Creating instance of bean 'objectPostProcessor'
[DEBUG] Returning cached instance of singleton bean 'org.springframework.transaction.config.internalTransactionAdvisor'
[DEBUG] Creating shared instance of singleton bean 'org.springframework.security.config.annotation.configuration.ObjectPostProcessorConfiguration'
[DEBUG] Creating instance of bean 'org.springframework.security.config.annotation.configuration.ObjectPostProcessorConfiguration'
[DEBUG] Returning cached instance of singleton bean 'org.springframework.transaction.config.internalTransactionAdvisor'
[DEBUG] Eagerly caching bean 'org.springframework.security.config.annotation.configuration.ObjectPostProcessorConfiguration' to allow for resolving potential circular references
[DEBUG] Returning cached instance of singleton bean 'org.springframework.transaction.config.internalTransactionAdvisor'
[DEBUG] Returning cached instance of singleton bean 'org.springframework.transaction.config.internalTransactionAdvisor'
[DEBUG] Finished creating instance of bean 'org.springframework.security.config.annotation.configuration.ObjectPostProcessorConfiguration'
[DEBUG] Autowiring by type from bean name 'objectPostProcessor' via factory method to bean named 'org.springframework.beans.factory.support.DefaultListableBeanFactory@7f31380e'
[DEBUG] Eagerly caching bean 'objectPostProcessor' to allow for resolving potential circular references
[DEBUG] Returning cached instance of singleton bean 'org.springframework.transaction.config.internalTransactionAdvisor'
[DEBUG] Returning cached instance of singleton bean 'org.springframework.transaction.config.internalTransactionAdvisor'
[DEBUG] Finished creating instance of bean 'objectPostProcessor'
[DEBUG] Autowiring by type from bean name 'webSecurityConfig' to bean named 'objectPostProcessor'
[DEBUG] Processing injected element of bean 'webSecurityConfig': AutowiredMethodElement for public void org.springframework.security.config.annotation.web.configuration.WebSecurityConfigurerAdapter.setApplicationContext(org.springframework.context.ApplicationContext)
[DEBUG] Autowiring by type from bean name 'webSecurityConfig' to bean named 'org.springframework.web.context.support.GenericWebApplicationContext@5be397e'
[DEBUG] Processing injected element of bean 'webSecurityConfig': AutowiredMethodElement for public void org.springframework.security.config.annotation.web.configuration.WebSecurityConfigurerAdapter.setContentNegotationStrategy(org.springframework.web.accept.ContentNegotiationStrategy)
[DEBUG] Creating shared instance of singleton bean 'mvcContentNegotiationManager'
[DEBUG] Creating instance of bean 'mvcContentNegotiationManager'
[DEBUG] Returning cached instance of singleton bean 'org.springframework.transaction.config.internalTransactionAdvisor'
[DEBUG] Creating shared instance of singleton bean 'org.springframework.boot.autoconfigure.web.WebMvcAutoConfiguration$EnableWebMvcConfiguration'
[DEBUG] Creating instance of bean 'org.springframework.boot.autoconfigure.web.WebMvcAutoConfiguration$EnableWebMvcConfiguration'
[DEBUG] Returning cached instance of singleton bean 'org.springframework.transaction.config.internalTransactionAdvisor'
[DEBUG] Registered injected element on class [org.springframework.boot.autoconfigure.web.WebMvcAutoConfiguration$EnableWebMvcConfiguration$$EnhancerBySpringCGLIB$$4447465e]: AutowiredMethodElement for public void org.springframework.web.servlet.config.annotation.DelegatingWebMvcConfiguration.setConfigurers(java.util.List)
[DEBUG] Registered injected element on class [org.springframework.boot.autoconfigure.web.WebMvcAutoConfiguration$EnableWebMvcConfiguration$$EnhancerBySpringCGLIB$$4447465e]: AutowiredFieldElement for private org.springframework.boot.autoconfigure.web.WebMvcProperties org.springframework.boot.autoconfigure.web.WebMvcAutoConfiguration$EnableWebMvcConfiguration.mvcProperties
[DEBUG] Registered injected element on class [org.springframework.boot.autoconfigure.web.WebMvcAutoConfiguration$EnableWebMvcConfiguration$$EnhancerBySpringCGLIB$$4447465e]: AutowiredFieldElement for private org.springframework.beans.factory.ListableBeanFactory org.springframework.boot.autoconfigure.web.WebMvcAutoConfiguration$EnableWebMvcConfiguration.beanFactory
[DEBUG] Eagerly caching bean 'org.springframework.boot.autoconfigure.web.WebMvcAutoConfiguration$EnableWebMvcConfiguration' to allow for resolving potential circular references
[DEBUG] Processing injected element of bean 'org.springframework.boot.autoconfigure.web.WebMvcAutoConfiguration$EnableWebMvcConfiguration': AutowiredMethodElement for public void org.springframework.web.servlet.config.annotation.DelegatingWebMvcConfiguration.setConfigurers(java.util.List)
[DEBUG] Returning cached instance of singleton bean 'mvcConfig'
[DEBUG] Creating shared instance of singleton bean 'org.springframework.security.config.annotation.web.configuration.WebMvcSecurityConfiguration'
[DEBUG] Creating instance of bean 'org.springframework.security.config.annotation.web.configuration.WebMvcSecurityConfiguration'
[DEBUG] Returning cached instance of singleton bean 'org.springframework.transaction.config.internalTransactionAdvisor'
[DEBUG] Eagerly caching bean 'org.springframework.security.config.annotation.web.configuration.WebMvcSecurityConfiguration' to allow for resolving potential circular references
[DEBUG] Returning cached instance of singleton bean 'org.springframework.transaction.config.internalTransactionAdvisor'
[DEBUG] Returning cached instance of singleton bean 'org.springframework.transaction.config.internalTransactionAdvisor'
[DEBUG] Finished creating instance of bean 'org.springframework.security.config.annotation.web.configuration.WebMvcSecurityConfiguration'
[DEBUG] Creating shared instance of singleton bean 'org.springframework.boot.autoconfigure.web.WebMvcAutoConfiguration$WebMvcAutoConfigurationAdapter'
[DEBUG] Creating instance of bean 'org.springframework.boot.autoconfigure.web.WebMvcAutoConfiguration$WebMvcAutoConfigurationAdapter'
[DEBUG] Returning cached instance of singleton bean 'org.springframework.transaction.config.internalTransactionAdvisor'
[DEBUG] Registered injected element on class [org.springframework.boot.autoconfigure.web.WebMvcAutoConfiguration$WebMvcAutoConfigurationAdapter$$EnhancerBySpringCGLIB$$b58f4971]: AutowiredFieldElement for private org.springframework.boot.autoconfigure.web.ResourceProperties org.springframework.boot.autoconfigure.web.WebMvcAutoConfiguration$WebMvcAutoConfigurationAdapter.resourceProperties
[DEBUG] Registered injected element on class [org.springframework.boot.autoconfigure.web.WebMvcAutoConfiguration$WebMvcAutoConfigurationAdapter$$EnhancerBySpringCGLIB$$b58f4971]: AutowiredFieldElement for private org.springframework.boot.autoconfigure.web.WebMvcProperties org.springframework.boot.autoconfigure.web.WebMvcAutoConfiguration$WebMvcAutoConfigurationAdapter.mvcProperties
[DEBUG] Registered injected element on class [org.springframework.boot.autoconfigure.web.WebMvcAutoConfiguration$WebMvcAutoConfigurationAdapter$$EnhancerBySpringCGLIB$$b58f4971]: AutowiredFieldElement for private org.springframework.beans.factory.ListableBeanFactory org.springframework.boot.autoconfigure.web.WebMvcAutoConfiguration$WebMvcAutoConfigurationAdapter.beanFactory
[DEBUG] Registered injected element on class [org.springframework.boot.autoconfigure.web.WebMvcAutoConfiguration$WebMvcAutoConfigurationAdapter$$EnhancerBySpringCGLIB$$b58f4971]: AutowiredFieldElement for private org.springframework.boot.autoconfigure.web.HttpMessageConverters org.springframework.boot.autoconfigure.web.WebMvcAutoConfiguration$WebMvcAutoConfigurationAdapter.messageConverters
[DEBUG] Registered injected element on class [org.springframework.boot.autoconfigure.web.WebMvcAutoConfiguration$WebMvcAutoConfigurationAdapter$$EnhancerBySpringCGLIB$$b58f4971]: AutowiredFieldElement for org.springframework.boot.autoconfigure.web.WebMvcAutoConfiguration$ResourceHandlerRegistrationCustomizer org.springframework.boot.autoconfigure.web.WebMvcAutoConfiguration$WebMvcAutoConfigurationAdapter.resourceHandlerRegistrationCustomizer
[DEBUG] Eagerly caching bean 'org.springframework.boot.autoconfigure.web.WebMvcAutoConfiguration$WebMvcAutoConfigurationAdapter' to allow for resolving potential circular references
[DEBUG] Processing injected element of bean 'org.springframework.boot.autoconfigure.web.WebMvcAutoConfiguration$WebMvcAutoConfigurationAdapter': AutowiredFieldElement for private org.springframework.boot.autoconfigure.web.ResourceProperties org.springframework.boot.autoconfigure.web.WebMvcAutoConfiguration$WebMvcAutoConfigurationAdapter.resourceProperties
[DEBUG] Creating shared instance of singleton bean 'spring.resources.CONFIGURATION_PROPERTIES'
[DEBUG] Creating instance of bean 'spring.resources.CONFIGURATION_PROPERTIES'
[DEBUG] Returning cached instance of singleton bean 'org.springframework.transaction.config.internalTransactionAdvisor'
[DEBUG] Eagerly caching bean 'spring.resources.CONFIGURATION_PROPERTIES' to allow for resolving potential circular references
[DEBUG] Adding [systemProperties] PropertySource with lowest search precedence
[DEBUG] Adding [systemEnvironment] PropertySource with lowest search precedence
[DEBUG] Adding [random] PropertySource with lowest search precedence
[DEBUG] Adding [integrationTest] PropertySource with lowest search precedence
[DEBUG] Adding [applicationConfig: [classpath:/application.properties]] PropertySource with lowest search precedence
[DEBUG] Adding [localProperties] PropertySource with lowest search precedence
[DEBUG] Returning cached instance of singleton bean 'org.springframework.transaction.config.internalTransactionAdvisor'
[DEBUG] Returning cached instance of singleton bean 'org.springframework.transaction.config.internalTransactionAdvisor'
[DEBUG] Finished creating instance of bean 'spring.resources.CONFIGURATION_PROPERTIES'
[DEBUG] Autowiring by type from bean name 'org.springframework.boot.autoconfigure.web.WebMvcAutoConfiguration$WebMvcAutoConfigurationAdapter' to bean named 'spring.resources.CONFIGURATION_PROPERTIES'
[DEBUG] Processing injected element of bean 'org.springframework.boot.autoconfigure.web.WebMvcAutoConfiguration$WebMvcAutoConfigurationAdapter': AutowiredFieldElement for private org.springframework.boot.autoconfigure.web.WebMvcProperties org.springframework.boot.autoconfigure.web.WebMvcAutoConfiguration$WebMvcAutoConfigurationAdapter.mvcProperties
[DEBUG] Creating shared instance of singleton bean 'spring.mvc.CONFIGURATION_PROPERTIES'
[DEBUG] Creating instance of bean 'spring.mvc.CONFIGURATION_PROPERTIES'
[DEBUG] Returning cached instance of singleton bean 'org.springframework.transaction.config.internalTransactionAdvisor'
[DEBUG] Eagerly caching bean 'spring.mvc.CONFIGURATION_PROPERTIES' to allow for resolving potential circular references
[DEBUG] Adding [systemProperties] PropertySource with lowest search precedence
[DEBUG] Adding [systemEnvironment] PropertySource with lowest search precedence
[DEBUG] Adding [random] PropertySource with lowest search precedence
[DEBUG] Adding [integrationTest] PropertySource with lowest search precedence
[DEBUG] Adding [applicationConfig: [classpath:/application.properties]] PropertySource with lowest search precedence
[DEBUG] Adding [localProperties] PropertySource with lowest search precedence
[DEBUG] Returning cached instance of singleton bean 'org.springframework.transaction.config.internalTransactionAdvisor'
[DEBUG] Returning cached instance of singleton bean 'org.springframework.transaction.config.internalTransactionAdvisor'
[DEBUG] Finished creating instance of bean 'spring.mvc.CONFIGURATION_PROPERTIES'
[DEBUG] Autowiring by type from bean name 'org.springframework.boot.autoconfigure.web.WebMvcAutoConfiguration$WebMvcAutoConfigurationAdapter' to bean named 'spring.mvc.CONFIGURATION_PROPERTIES'
[DEBUG] Processing injected element of bean 'org.springframework.boot.autoconfigure.web.WebMvcAutoConfiguration$WebMvcAutoConfigurationAdapter': AutowiredFieldElement for private org.springframework.beans.factory.ListableBeanFactory org.springframework.boot.autoconfigure.web.WebMvcAutoConfiguration$WebMvcAutoConfigurationAdapter.beanFactory
[DEBUG] Autowiring by type from bean name 'org.springframework.boot.autoconfigure.web.WebMvcAutoConfiguration$WebMvcAutoConfigurationAdapter' to bean named 'org.springframework.beans.factory.support.DefaultListableBeanFactory@7f31380e'
[DEBUG] Processing injected element of bean 'org.springframework.boot.autoconfigure.web.WebMvcAutoConfiguration$WebMvcAutoConfigurationAdapter': AutowiredFieldElement for private org.springframework.boot.autoconfigure.web.HttpMessageConverters org.springframework.boot.autoconfigure.web.WebMvcAutoConfiguration$WebMvcAutoConfigurationAdapter.messageConverters
[DEBUG] Creating shared instance of singleton bean 'messageConverters'
[DEBUG] Creating instance of bean 'messageConverters'
[DEBUG] Returning cached instance of singleton bean 'org.springframework.transaction.config.internalTransactionAdvisor'
[DEBUG] Creating shared instance of singleton bean 'org.springframework.boot.autoconfigure.web.HttpMessageConvertersAutoConfiguration'
[DEBUG] Creating instance of bean 'org.springframework.boot.autoconfigure.web.HttpMessageConvertersAutoConfiguration'
[DEBUG] Returning cached instance of singleton bean 'org.springframework.transaction.config.internalTransactionAdvisor'
[DEBUG] Registered injected element on class [org.springframework.boot.autoconfigure.web.HttpMessageConvertersAutoConfiguration$$EnhancerBySpringCGLIB$$7a0503d5]: AutowiredFieldElement for private final java.util.List org.springframework.boot.autoconfigure.web.HttpMessageConvertersAutoConfiguration.converters
[DEBUG] Eagerly caching bean 'org.springframework.boot.autoconfigure.web.HttpMessageConvertersAutoConfiguration' to allow for resolving potential circular references
[DEBUG] Processing injected element of bean 'org.springframework.boot.autoconfigure.web.HttpMessageConvertersAutoConfiguration': AutowiredFieldElement for private final java.util.List org.springframework.boot.autoconfigure.web.HttpMessageConvertersAutoConfiguration.converters
[DEBUG] Creating shared instance of singleton bean 'stringHttpMessageConverter'
[DEBUG] Creating instance of bean 'stringHttpMessageConverter'
[DEBUG] Returning cached instance of singleton bean 'org.springframework.transaction.config.internalTransactionAdvisor'
[DEBUG] Creating shared instance of singleton bean 'org.springframework.boot.autoconfigure.web.HttpMessageConvertersAutoConfiguration$StringHttpMessageConverterConfiguration'
[DEBUG] Creating instance of bean 'org.springframework.boot.autoconfigure.web.HttpMessageConvertersAutoConfiguration$StringHttpMessageConverterConfiguration'
[DEBUG] Returning cached instance of singleton bean 'org.springframework.transaction.config.internalTransactionAdvisor'
[DEBUG] Registered injected element on class [org.springframework.boot.autoconfigure.web.HttpMessageConvertersAutoConfiguration$StringHttpMessageConverterConfiguration$$EnhancerBySpringCGLIB$$950e3a75]: AutowiredFieldElement for private org.springframework.boot.autoconfigure.web.HttpEncodingProperties org.springframework.boot.autoconfigure.web.HttpMessageConvertersAutoConfiguration$StringHttpMessageConverterConfiguration.encodingProperties
[DEBUG] Eagerly caching bean 'org.springframework.boot.autoconfigure.web.HttpMessageConvertersAutoConfiguration$StringHttpMessageConverterConfiguration' to allow for resolving potential circular references
[DEBUG] Processing injected element of bean 'org.springframework.boot.autoconfigure.web.HttpMessageConvertersAutoConfiguration$StringHttpMessageConverterConfiguration': AutowiredFieldElement for private org.springframework.boot.autoconfigure.web.HttpEncodingProperties org.springframework.boot.autoconfigure.web.HttpMessageConvertersAutoConfiguration$StringHttpMessageConverterConfiguration.encodingProperties
[DEBUG] Creating shared instance of singleton bean 'spring.http.encoding.CONFIGURATION_PROPERTIES'
[DEBUG] Creating instance of bean 'spring.http.encoding.CONFIGURATION_PROPERTIES'
[DEBUG] Returning cached instance of singleton bean 'org.springframework.transaction.config.internalTransactionAdvisor'
[DEBUG] Eagerly caching bean 'spring.http.encoding.CONFIGURATION_PROPERTIES' to allow for resolving potential circular references
[DEBUG] Adding [systemProperties] PropertySource with lowest search precedence
[DEBUG] Adding [systemEnvironment] PropertySource with lowest search precedence
[DEBUG] Adding [random] PropertySource with lowest search precedence
[DEBUG] Adding [integrationTest] PropertySource with lowest search precedence
[DEBUG] Adding [applicationConfig: [classpath:/application.properties]] PropertySource with lowest search precedence
[DEBUG] Adding [localProperties] PropertySource with lowest search precedence
[DEBUG] Returning cached instance of singleton bean 'org.springframework.transaction.config.internalTransactionAdvisor'
[DEBUG] Returning cached instance of singleton bean 'org.springframework.transaction.config.internalTransactionAdvisor'
[DEBUG] Finished creating instance of bean 'spring.http.encoding.CONFIGURATION_PROPERTIES'
[DEBUG] Autowiring by type from bean name 'org.springframework.boot.autoconfigure.web.HttpMessageConvertersAutoConfiguration$StringHttpMessageConverterConfiguration' to bean named 'spring.http.encoding.CONFIGURATION_PROPERTIES'
[DEBUG] Returning cached instance of singleton bean 'org.springframework.transaction.config.internalTransactionAdvisor'
[DEBUG] Returning cached instance of singleton bean 'org.springframework.transaction.config.internalTransactionAdvisor'
[DEBUG] Finished creating instance of bean 'org.springframework.boot.autoconfigure.web.HttpMessageConvertersAutoConfiguration$StringHttpMessageConverterConfiguration'
[DEBUG] Eagerly caching bean 'stringHttpMessageConverter' to allow for resolving potential circular references
[DEBUG] Returning cached instance of singleton bean 'org.springframework.transaction.config.internalTransactionAdvisor'
[DEBUG] Returning cached instance of singleton bean 'org.springframework.transaction.config.internalTransactionAdvisor'
[DEBUG] Finished creating instance of bean 'stringHttpMessageConverter'
[DEBUG] Creating shared instance of singleton bean 'mappingJackson2HttpMessageConverter'
[DEBUG] Creating instance of bean 'mappingJackson2HttpMessageConverter'
[DEBUG] Returning cached instance of singleton bean 'org.springframework.transaction.config.internalTransactionAdvisor'
[DEBUG] Creating shared instance of singleton bean 'org.springframework.boot.autoconfigure.web.JacksonHttpMessageConvertersConfiguration$MappingJackson2HttpMessageConverterConfiguration'
[DEBUG] Creating instance of bean 'org.springframework.boot.autoconfigure.web.JacksonHttpMessageConvertersConfiguration$MappingJackson2HttpMessageConverterConfiguration'
[DEBUG] Returning cached instance of singleton bean 'org.springframework.transaction.config.internalTransactionAdvisor'
[DEBUG] Eagerly caching bean 'org.springframework.boot.autoconfigure.web.JacksonHttpMessageConvertersConfiguration$MappingJackson2HttpMessageConverterConfiguration' to allow for resolving potential circular references
[DEBUG] Returning cached instance of singleton bean 'org.springframework.transaction.config.internalTransactionAdvisor'
[DEBUG] Returning cached instance of singleton bean 'org.springframework.transaction.config.internalTransactionAdvisor'
[DEBUG] Finished creating instance of bean 'org.springframework.boot.autoconfigure.web.JacksonHttpMessageConvertersConfiguration$MappingJackson2HttpMessageConverterConfiguration'
[DEBUG] Creating shared instance of singleton bean 'jacksonObjectMapper'
[DEBUG] Creating instance of bean 'jacksonObjectMapper'
[DEBUG] Returning cached instance of singleton bean 'org.springframework.transaction.config.internalTransactionAdvisor'
[DEBUG] Creating shared instance of singleton bean 'org.springframework.boot.autoconfigure.jackson.JacksonAutoConfiguration$JacksonObjectMapperConfiguration'
[DEBUG] Creating instance of bean 'org.springframework.boot.autoconfigure.jackson.JacksonAutoConfiguration$JacksonObjectMapperConfiguration'
[DEBUG] Returning cached instance of singleton bean 'org.springframework.transaction.config.internalTransactionAdvisor'
[DEBUG] Eagerly caching bean 'org.springframework.boot.autoconfigure.jackson.JacksonAutoConfiguration$JacksonObjectMapperConfiguration' to allow for resolving potential circular references
[DEBUG] Returning cached instance of singleton bean 'org.springframework.transaction.config.internalTransactionAdvisor'
[DEBUG] Returning cached instance of singleton bean 'org.springframework.transaction.config.internalTransactionAdvisor'
[DEBUG] Finished creating instance of bean 'org.springframework.boot.autoconfigure.jackson.JacksonAutoConfiguration$JacksonObjectMapperConfiguration'
[DEBUG] Creating shared instance of singleton bean 'jacksonObjectMapperBuilder'
[DEBUG] Creating instance of bean 'jacksonObjectMapperBuilder'
[DEBUG] Returning cached instance of singleton bean 'org.springframework.transaction.config.internalTransactionAdvisor'
[DEBUG] Creating shared instance of singleton bean 'org.springframework.boot.autoconfigure.jackson.JacksonAutoConfiguration$JacksonObjectMapperBuilderConfiguration'
[DEBUG] Creating instance of bean 'org.springframework.boot.autoconfigure.jackson.JacksonAutoConfiguration$JacksonObjectMapperBuilderConfiguration'
[DEBUG] Returning cached instance of singleton bean 'org.springframework.transaction.config.internalTransactionAdvisor'
[DEBUG] Registered injected element on class [org.springframework.boot.autoconfigure.jackson.JacksonAutoConfiguration$JacksonObjectMapperBuilderConfiguration$$EnhancerBySpringCGLIB$$d4b285df]: AutowiredFieldElement for private org.springframework.context.ApplicationContext org.springframework.boot.autoconfigure.jackson.JacksonAutoConfiguration$JacksonObjectMapperBuilderConfiguration.applicationContext
[DEBUG] Registered injected element on class [org.springframework.boot.autoconfigure.jackson.JacksonAutoConfiguration$JacksonObjectMapperBuilderConfiguration$$EnhancerBySpringCGLIB$$d4b285df]: AutowiredFieldElement for private org.springframework.boot.autoconfigure.jackson.JacksonProperties org.springframework.boot.autoconfigure.jackson.JacksonAutoConfiguration$JacksonObjectMapperBuilderConfiguration.jacksonProperties
[DEBUG] Eagerly caching bean 'org.springframework.boot.autoconfigure.jackson.JacksonAutoConfiguration$JacksonObjectMapperBuilderConfiguration' to allow for resolving potential circular references
[DEBUG] Processing injected element of bean 'org.springframework.boot.autoconfigure.jackson.JacksonAutoConfiguration$JacksonObjectMapperBuilderConfiguration': AutowiredFieldElement for private org.springframework.context.ApplicationContext org.springframework.boot.autoconfigure.jackson.JacksonAutoConfiguration$JacksonObjectMapperBuilderConfiguration.applicationContext
[DEBUG] Autowiring by type from bean name 'org.springframework.boot.autoconfigure.jackson.JacksonAutoConfiguration$JacksonObjectMapperBuilderConfiguration' to bean named 'org.springframework.web.context.support.GenericWebApplicationContext@5be397e'
[DEBUG] Processing injected element of bean 'org.springframework.boot.autoconfigure.jackson.JacksonAutoConfiguration$JacksonObjectMapperBuilderConfiguration': AutowiredFieldElement for private org.springframework.boot.autoconfigure.jackson.JacksonProperties org.springframework.boot.autoconfigure.jackson.JacksonAutoConfiguration$JacksonObjectMapperBuilderConfiguration.jacksonProperties
[DEBUG] Creating shared instance of singleton bean 'spring.jackson.CONFIGURATION_PROPERTIES'
[DEBUG] Creating instance of bean 'spring.jackson.CONFIGURATION_PROPERTIES'
[DEBUG] Returning cached instance of singleton bean 'org.springframework.transaction.config.internalTransactionAdvisor'
[DEBUG] Eagerly caching bean 'spring.jackson.CONFIGURATION_PROPERTIES' to allow for resolving potential circular references
[DEBUG] Adding [systemProperties] PropertySource with lowest search precedence
[DEBUG] Adding [systemEnvironment] PropertySource with lowest search precedence
[DEBUG] Adding [random] PropertySource with lowest search precedence
[DEBUG] Adding [integrationTest] PropertySource with lowest search precedence
[DEBUG] Adding [applicationConfig: [classpath:/application.properties]] PropertySource with lowest search precedence
[DEBUG] Adding [localProperties] PropertySource with lowest search precedence
[DEBUG] Returning cached instance of singleton bean 'org.springframework.transaction.config.internalTransactionAdvisor'
[DEBUG] Returning cached instance of singleton bean 'org.springframework.transaction.config.internalTransactionAdvisor'
[DEBUG] Finished creating instance of bean 'spring.jackson.CONFIGURATION_PROPERTIES'
[DEBUG] Autowiring by type from bean name 'org.springframework.boot.autoconfigure.jackson.JacksonAutoConfiguration$JacksonObjectMapperBuilderConfiguration' to bean named 'spring.jackson.CONFIGURATION_PROPERTIES'
[DEBUG] Returning cached instance of singleton bean 'org.springframework.transaction.config.internalTransactionAdvisor'
[DEBUG] Returning cached instance of singleton bean 'org.springframework.transaction.config.internalTransactionAdvisor'
[DEBUG] Finished creating instance of bean 'org.springframework.boot.autoconfigure.jackson.JacksonAutoConfiguration$JacksonObjectMapperBuilderConfiguration'
[DEBUG] Creating shared instance of singleton bean 'jacksonGeoModule'
[DEBUG] Creating instance of bean 'jacksonGeoModule'
[DEBUG] Returning cached instance of singleton bean 'org.springframework.transaction.config.internalTransactionAdvisor'
[DEBUG] Creating shared instance of singleton bean 'org.springframework.data.web.config.SpringDataJacksonConfiguration'
[DEBUG] Creating instance of bean 'org.springframework.data.web.config.SpringDataJacksonConfiguration'
[DEBUG] Returning cached instance of singleton bean 'org.springframework.transaction.config.internalTransactionAdvisor'
[DEBUG] Eagerly caching bean 'org.springframework.data.web.config.SpringDataJacksonConfiguration' to allow for resolving potential circular references
[DEBUG] Returning cached instance of singleton bean 'org.springframework.transaction.config.internalTransactionAdvisor'
[DEBUG] Returning cached instance of singleton bean 'org.springframework.transaction.config.internalTransactionAdvisor'
[DEBUG] Finished creating instance of bean 'org.springframework.data.web.config.SpringDataJacksonConfiguration'
[DEBUG] Eagerly caching bean 'jacksonGeoModule' to allow for resolving potential circular references
[DEBUG] Returning cached instance of singleton bean 'org.springframework.transaction.config.internalTransactionAdvisor'
[DEBUG] Returning cached instance of singleton bean 'org.springframework.transaction.config.internalTransactionAdvisor'
[DEBUG] Finished creating instance of bean 'jacksonGeoModule'
[DEBUG] Eagerly caching bean 'jacksonObjectMapperBuilder' to allow for resolving potential circular references
[DEBUG] Returning cached instance of singleton bean 'org.springframework.transaction.config.internalTransactionAdvisor'
[DEBUG] Returning cached instance of singleton bean 'org.springframework.transaction.config.internalTransactionAdvisor'
[DEBUG] Finished creating instance of bean 'jacksonObjectMapperBuilder'
[DEBUG] Autowiring by type from bean name 'jacksonObjectMapper' via factory method to bean named 'jacksonObjectMapperBuilder'
[DEBUG] Eagerly caching bean 'jacksonObjectMapper' to allow for resolving potential circular references
[DEBUG] Returning cached instance of singleton bean 'org.springframework.transaction.config.internalTransactionAdvisor'
[DEBUG] Returning cached instance of singleton bean 'org.springframework.transaction.config.internalTransactionAdvisor'
[DEBUG] Finished creating instance of bean 'jacksonObjectMapper'
[DEBUG] Autowiring by type from bean name 'mappingJackson2HttpMessageConverter' via factory method to bean named 'jacksonObjectMapper'
[DEBUG] Eagerly caching bean 'mappingJackson2HttpMessageConverter' to allow for resolving potential circular references
[DEBUG] Returning cached instance of singleton bean 'org.springframework.transaction.config.internalTransactionAdvisor'
[DEBUG] Returning cached instance of singleton bean 'org.springframework.transaction.config.internalTransactionAdvisor'
[DEBUG] Finished creating instance of bean 'mappingJackson2HttpMessageConverter'
[DEBUG] Autowiring by type from bean name 'org.springframework.boot.autoconfigure.web.HttpMessageConvertersAutoConfiguration' to bean named 'stringHttpMessageConverter'
[DEBUG] Autowiring by type from bean name 'org.springframework.boot.autoconfigure.web.HttpMessageConvertersAutoConfiguration' to bean named 'mappingJackson2HttpMessageConverter'
[DEBUG] Returning cached instance of singleton bean 'org.springframework.transaction.config.internalTransactionAdvisor'
[DEBUG] Returning cached instance of singleton bean 'org.springframework.transaction.config.internalTransactionAdvisor'
[DEBUG] Finished creating instance of bean 'org.springframework.boot.autoconfigure.web.HttpMessageConvertersAutoConfiguration'
[DEBUG] Eagerly caching bean 'messageConverters' to allow for resolving potential circular references
[DEBUG] Returning cached instance of singleton bean 'org.springframework.transaction.config.internalTransactionAdvisor'
[DEBUG] Returning cached instance of singleton bean 'org.springframework.transaction.config.internalTransactionAdvisor'
[DEBUG] Finished creating instance of bean 'messageConverters'
[DEBUG] Autowiring by type from bean name 'org.springframework.boot.autoconfigure.web.WebMvcAutoConfiguration$WebMvcAutoConfigurationAdapter' to bean named 'messageConverters'
[DEBUG] Processing injected element of bean 'org.springframework.boot.autoconfigure.web.WebMvcAutoConfiguration$WebMvcAutoConfigurationAdapter': AutowiredFieldElement for org.springframework.boot.autoconfigure.web.WebMvcAutoConfiguration$ResourceHandlerRegistrationCustomizer org.springframework.boot.autoconfigure.web.WebMvcAutoConfiguration$WebMvcAutoConfigurationAdapter.resourceHandlerRegistrationCustomizer
[DEBUG] Returning cached instance of singleton bean 'org.springframework.transaction.config.internalTransactionAdvisor'
[DEBUG] Returning cached instance of singleton bean 'org.springframework.transaction.config.internalTransactionAdvisor'
[DEBUG] Finished creating instance of bean 'org.springframework.boot.autoconfigure.web.WebMvcAutoConfiguration$WebMvcAutoConfigurationAdapter'
[DEBUG] Creating shared instance of singleton bean 'org.springframework.boot.autoconfigure.orm.jpa.JpaBaseConfiguration$JpaWebConfiguration$JpaWebMvcConfiguration'
[DEBUG] Creating instance of bean 'org.springframework.boot.autoconfigure.orm.jpa.JpaBaseConfiguration$JpaWebConfiguration$JpaWebMvcConfiguration'
[DEBUG] Returning cached instance of singleton bean 'org.springframework.transaction.config.internalTransactionAdvisor'
[DEBUG] Eagerly caching bean 'org.springframework.boot.autoconfigure.orm.jpa.JpaBaseConfiguration$JpaWebConfiguration$JpaWebMvcConfiguration' to allow for resolving potential circular references
[DEBUG] Returning cached instance of singleton bean 'org.springframework.transaction.config.internalTransactionAdvisor'
[DEBUG] Returning cached instance of singleton bean 'org.springframework.transaction.config.internalTransactionAdvisor'
[DEBUG] Finished creating instance of bean 'org.springframework.boot.autoconfigure.orm.jpa.JpaBaseConfiguration$JpaWebConfiguration$JpaWebMvcConfiguration'
[DEBUG] Creating shared instance of singleton bean 'org.springframework.data.web.config.SpringDataWebConfiguration'
[DEBUG] Creating instance of bean 'org.springframework.data.web.config.SpringDataWebConfiguration'
[DEBUG] Returning cached instance of singleton bean 'org.springframework.transaction.config.internalTransactionAdvisor'
[DEBUG] Registered injected element on class [org.springframework.data.web.config.SpringDataWebConfiguration$$EnhancerBySpringCGLIB$$de6a1168]: AutowiredFieldElement for private org.springframework.context.ApplicationContext org.springframework.data.web.config.SpringDataWebConfiguration.context
[DEBUG] Registered injected element on class [org.springframework.data.web.config.SpringDataWebConfiguration$$EnhancerBySpringCGLIB$$de6a1168]: AutowiredFieldElement for org.springframework.beans.factory.ObjectFactory org.springframework.data.web.config.SpringDataWebConfiguration.conversionService
[DEBUG] Eagerly caching bean 'org.springframework.data.web.config.SpringDataWebConfiguration' to allow for resolving potential circular references
[DEBUG] Processing injected element of bean 'org.springframework.data.web.config.SpringDataWebConfiguration': AutowiredFieldElement for private org.springframework.context.ApplicationContext org.springframework.data.web.config.SpringDataWebConfiguration.context
[DEBUG] Autowiring by type from bean name 'org.springframework.data.web.config.SpringDataWebConfiguration' to bean named 'org.springframework.web.context.support.GenericWebApplicationContext@5be397e'
[DEBUG] Processing injected element of bean 'org.springframework.data.web.config.SpringDataWebConfiguration': AutowiredFieldElement for org.springframework.beans.factory.ObjectFactory org.springframework.data.web.config.SpringDataWebConfiguration.conversionService
[DEBUG] Returning cached instance of singleton bean 'org.springframework.transaction.config.internalTransactionAdvisor'
[DEBUG] Returning cached instance of singleton bean 'org.springframework.transaction.config.internalTransactionAdvisor'
[DEBUG] Finished creating instance of bean 'org.springframework.data.web.config.SpringDataWebConfiguration'
[DEBUG] Autowiring by type from bean name 'org.springframework.boot.autoconfigure.web.WebMvcAutoConfiguration$EnableWebMvcConfiguration' to bean named 'mvcConfig'
[DEBUG] Autowiring by type from bean name 'org.springframework.boot.autoconfigure.web.WebMvcAutoConfiguration$EnableWebMvcConfiguration' to bean named 'org.springframework.security.config.annotation.web.configuration.WebMvcSecurityConfiguration'
[DEBUG] Autowiring by type from bean name 'org.springframework.boot.autoconfigure.web.WebMvcAutoConfiguration$EnableWebMvcConfiguration' to bean named 'org.springframework.boot.autoconfigure.web.WebMvcAutoConfiguration$WebMvcAutoConfigurationAdapter'
[DEBUG] Autowiring by type from bean name 'org.springframework.boot.autoconfigure.web.WebMvcAutoConfiguration$EnableWebMvcConfiguration' to bean named 'org.springframework.boot.autoconfigure.orm.jpa.JpaBaseConfiguration$JpaWebConfiguration$JpaWebMvcConfiguration'
[DEBUG] Autowiring by type from bean name 'org.springframework.boot.autoconfigure.web.WebMvcAutoConfiguration$EnableWebMvcConfiguration' to bean named 'org.springframework.data.web.config.SpringDataWebConfiguration'
[DEBUG] Processing injected element of bean 'org.springframework.boot.autoconfigure.web.WebMvcAutoConfiguration$EnableWebMvcConfiguration': AutowiredFieldElement for private org.springframework.boot.autoconfigure.web.WebMvcProperties org.springframework.boot.autoconfigure.web.WebMvcAutoConfiguration$EnableWebMvcConfiguration.mvcProperties
[DEBUG] Returning cached instance of singleton bean 'spring.mvc.CONFIGURATION_PROPERTIES'
[DEBUG] Autowiring by type from bean name 'org.springframework.boot.autoconfigure.web.WebMvcAutoConfiguration$EnableWebMvcConfiguration' to bean named 'spring.mvc.CONFIGURATION_PROPERTIES'
[DEBUG] Processing injected element of bean 'org.springframework.boot.autoconfigure.web.WebMvcAutoConfiguration$EnableWebMvcConfiguration': AutowiredFieldElement for private org.springframework.beans.factory.ListableBeanFactory org.springframework.boot.autoconfigure.web.WebMvcAutoConfiguration$EnableWebMvcConfiguration.beanFactory
[DEBUG] Autowiring by type from bean name 'org.springframework.boot.autoconfigure.web.WebMvcAutoConfiguration$EnableWebMvcConfiguration' to bean named 'org.springframework.beans.factory.support.DefaultListableBeanFactory@7f31380e'
[DEBUG] Returning cached instance of singleton bean 'org.springframework.transaction.config.internalTransactionAdvisor'
[DEBUG] Returning cached instance of singleton bean 'org.springframework.transaction.config.internalTransactionAdvisor'
[DEBUG] Finished creating instance of bean 'org.springframework.boot.autoconfigure.web.WebMvcAutoConfiguration$EnableWebMvcConfiguration'
[DEBUG] Eagerly caching bean 'mvcContentNegotiationManager' to allow for resolving potential circular references
[DEBUG] Returning cached instance of singleton bean 'org.springframework.transaction.config.internalTransactionAdvisor'
[DEBUG] Returning cached instance of singleton bean 'org.springframework.transaction.config.internalTransactionAdvisor'
[DEBUG] Finished creating instance of bean 'mvcContentNegotiationManager'
[DEBUG] Autowiring by type from bean name 'webSecurityConfig' to bean named 'mvcContentNegotiationManager'
[DEBUG] Processing injected element of bean 'webSecurityConfig': AutowiredMethodElement for public void org.springframework.security.config.annotation.web.configuration.WebSecurityConfigurerAdapter.setAuthenticationConfiguration(org.springframework.security.config.annotation.authentication.configuration.AuthenticationConfiguration)
[DEBUG] Creating shared instance of singleton bean 'org.springframework.security.config.annotation.authentication.configuration.AuthenticationConfiguration'
[DEBUG] Creating instance of bean 'org.springframework.security.config.annotation.authentication.configuration.AuthenticationConfiguration'
[DEBUG] Returning cached instance of singleton bean 'org.springframework.transaction.config.internalTransactionAdvisor'
[DEBUG] Registered injected element on class [org.springframework.security.config.annotation.authentication.configuration.AuthenticationConfiguration$$EnhancerBySpringCGLIB$$df2f5a44]: AutowiredMethodElement for public void org.springframework.security.config.annotation.authentication.configuration.AuthenticationConfiguration.setGlobalAuthenticationConfigurers(java.util.List) throws java.lang.Exception
[DEBUG] Registered injected element on class [org.springframework.security.config.annotation.authentication.configuration.AuthenticationConfiguration$$EnhancerBySpringCGLIB$$df2f5a44]: AutowiredMethodElement for public void org.springframework.security.config.annotation.authentication.configuration.AuthenticationConfiguration.setObjectPostProcessor(org.springframework.security.config.annotation.ObjectPostProcessor)
[DEBUG] Registered injected element on class [org.springframework.security.config.annotation.authentication.configuration.AuthenticationConfiguration$$EnhancerBySpringCGLIB$$df2f5a44]: AutowiredMethodElement for public void org.springframework.security.config.annotation.authentication.configuration.AuthenticationConfiguration.setApplicationContext(org.springframework.context.ApplicationContext)
[DEBUG] Eagerly caching bean 'org.springframework.security.config.annotation.authentication.configuration.AuthenticationConfiguration' to allow for resolving potential circular references
[DEBUG] Processing injected element of bean 'org.springframework.security.config.annotation.authentication.configuration.AuthenticationConfiguration': AutowiredMethodElement for public void org.springframework.security.config.annotation.authentication.configuration.AuthenticationConfiguration.setGlobalAuthenticationConfigurers(java.util.List) throws java.lang.Exception
[DEBUG] Creating shared instance of singleton bean 'enableGlobalAuthenticationAutowiredConfigurer'
[DEBUG] Creating instance of bean 'enableGlobalAuthenticationAutowiredConfigurer'
[DEBUG] Returning cached instance of singleton bean 'org.springframework.transaction.config.internalTransactionAdvisor'
[DEBUG] Autowiring by type from bean name 'enableGlobalAuthenticationAutowiredConfigurer' via factory method to bean named 'org.springframework.web.context.support.GenericWebApplicationContext@5be397e'
[DEBUG] Eagerly caching bean 'enableGlobalAuthenticationAutowiredConfigurer' to allow for resolving potential circular references
[DEBUG] Returning cached instance of singleton bean 'org.springframework.transaction.config.internalTransactionAdvisor'
[DEBUG] Returning cached instance of singleton bean 'org.springframework.transaction.config.internalTransactionAdvisor'
[DEBUG] Finished creating instance of bean 'enableGlobalAuthenticationAutowiredConfigurer'
[DEBUG] Creating shared instance of singleton bean 'springBootAuthenticationConfigurerAdapter'
[DEBUG] Creating instance of bean 'springBootAuthenticationConfigurerAdapter'
[DEBUG] Returning cached instance of singleton bean 'org.springframework.transaction.config.internalTransactionAdvisor'
[DEBUG] Creating shared instance of singleton bean 'securityProperties'
[DEBUG] Creating instance of bean 'securityProperties'
[DEBUG] Returning cached instance of singleton bean 'org.springframework.transaction.config.internalTransactionAdvisor'
[DEBUG] Creating shared instance of singleton bean 'org.springframework.boot.autoconfigure.security.SecurityAutoConfiguration'
[DEBUG] Creating instance of bean 'org.springframework.boot.autoconfigure.security.SecurityAutoConfiguration'
[DEBUG] Returning cached instance of singleton bean 'org.springframework.transaction.config.internalTransactionAdvisor'
[DEBUG] Eagerly caching bean 'org.springframework.boot.autoconfigure.security.SecurityAutoConfiguration' to allow for resolving potential circular references
[DEBUG] Returning cached instance of singleton bean 'org.springframework.transaction.config.internalTransactionAdvisor'
[DEBUG] Returning cached instance of singleton bean 'org.springframework.transaction.config.internalTransactionAdvisor'
[DEBUG] Finished creating instance of bean 'org.springframework.boot.autoconfigure.security.SecurityAutoConfiguration'
[DEBUG] Eagerly caching bean 'securityProperties' to allow for resolving potential circular references
[DEBUG] Adding [systemProperties] PropertySource with lowest search precedence
[DEBUG] Adding [systemEnvironment] PropertySource with lowest search precedence
[DEBUG] Adding [random] PropertySource with lowest search precedence
[DEBUG] Adding [integrationTest] PropertySource with lowest search precedence
[DEBUG] Adding [applicationConfig: [classpath:/application.properties]] PropertySource with lowest search precedence
[DEBUG] Adding [localProperties] PropertySource with lowest search precedence
[DEBUG] Returning cached instance of singleton bean 'org.springframework.transaction.config.internalTransactionAdvisor'
[DEBUG] Returning cached instance of singleton bean 'org.springframework.transaction.config.internalTransactionAdvisor'
[DEBUG] Finished creating instance of bean 'securityProperties'
[DEBUG] Returning cached instance of singleton bean 'securityProperties'
[DEBUG] Autowiring by type from bean name 'springBootAuthenticationConfigurerAdapter' via factory method to bean named 'securityProperties'
[DEBUG] Eagerly caching bean 'springBootAuthenticationConfigurerAdapter' to allow for resolving potential circular references
[DEBUG] Returning cached instance of singleton bean 'org.springframework.transaction.config.internalTransactionAdvisor'
[DEBUG] Returning cached instance of singleton bean 'org.springframework.transaction.config.internalTransactionAdvisor'
[DEBUG] Finished creating instance of bean 'springBootAuthenticationConfigurerAdapter'
[DEBUG] Creating shared instance of singleton bean 'bootGlobalAuthenticationConfigurationAdapter'
[DEBUG] Creating instance of bean 'bootGlobalAuthenticationConfigurationAdapter'
[DEBUG] Returning cached instance of singleton bean 'org.springframework.transaction.config.internalTransactionAdvisor'
[DEBUG] Autowiring by type from bean name 'bootGlobalAuthenticationConfigurationAdapter' via factory method to bean named 'org.springframework.web.context.support.GenericWebApplicationContext@5be397e'
[DEBUG] Eagerly caching bean 'bootGlobalAuthenticationConfigurationAdapter' to allow for resolving potential circular references
[DEBUG] Returning cached instance of singleton bean 'org.springframework.transaction.config.internalTransactionAdvisor'
[DEBUG] Returning cached instance of singleton bean 'org.springframework.transaction.config.internalTransactionAdvisor'
[DEBUG] Finished creating instance of bean 'bootGlobalAuthenticationConfigurationAdapter'
[DEBUG] Autowiring by type from bean name 'org.springframework.security.config.annotation.authentication.configuration.AuthenticationConfiguration' to bean named 'enableGlobalAuthenticationAutowiredConfigurer'
[DEBUG] Autowiring by type from bean name 'org.springframework.security.config.annotation.authentication.configuration.AuthenticationConfiguration' to bean named 'springBootAuthenticationConfigurerAdapter'
[DEBUG] Autowiring by type from bean name 'org.springframework.security.config.annotation.authentication.configuration.AuthenticationConfiguration' to bean named 'bootGlobalAuthenticationConfigurationAdapter'
[DEBUG] Processing injected element of bean 'org.springframework.security.config.annotation.authentication.configuration.AuthenticationConfiguration': AutowiredMethodElement for public void org.springframework.security.config.annotation.authentication.configuration.AuthenticationConfiguration.setObjectPostProcessor(org.springframework.security.config.annotation.ObjectPostProcessor)
[DEBUG] Returning cached instance of singleton bean 'objectPostProcessor'
[DEBUG] Autowiring by type from bean name 'org.springframework.security.config.annotation.authentication.configuration.AuthenticationConfiguration' to bean named 'objectPostProcessor'
[DEBUG] Processing injected element of bean 'org.springframework.security.config.annotation.authentication.configuration.AuthenticationConfiguration': AutowiredMethodElement for public void org.springframework.security.config.annotation.authentication.configuration.AuthenticationConfiguration.setApplicationContext(org.springframework.context.ApplicationContext)
[DEBUG] Autowiring by type from bean name 'org.springframework.security.config.annotation.authentication.configuration.AuthenticationConfiguration' to bean named 'org.springframework.web.context.support.GenericWebApplicationContext@5be397e'
[DEBUG] Returning cached instance of singleton bean 'org.springframework.transaction.config.internalTransactionAdvisor'
[DEBUG] Returning cached instance of singleton bean 'org.springframework.transaction.config.internalTransactionAdvisor'
[DEBUG] Finished creating instance of bean 'org.springframework.security.config.annotation.authentication.configuration.AuthenticationConfiguration'
[DEBUG] Autowiring by type from bean name 'webSecurityConfig' to bean named 'org.springframework.security.config.annotation.authentication.configuration.AuthenticationConfiguration'
[DEBUG] Processing injected element of bean 'webSecurityConfig': AutowiredFieldElement for private org.springframework.security.core.userdetails.UserDetailsService social.edu.uacm.WebSecurityConfig.userDetailsService
[DEBUG] Returning cached instance of singleton bean 'userDetailsService'
[DEBUG] Autowiring by type from bean name 'webSecurityConfig' to bean named 'userDetailsService'
[DEBUG] Processing injected element of bean 'webSecurityConfig': AutowiredFieldElement for private org.springframework.security.web.authentication.AuthenticationSuccessHandler social.edu.uacm.WebSecurityConfig.myAuthenticationSuccessHandler
[DEBUG] Returning cached instance of singleton bean 'myAuthenticationSuccessHandler'
[DEBUG] Autowiring by type from bean name 'webSecurityConfig' to bean named 'myAuthenticationSuccessHandler'
[DEBUG] Returning cached instance of singleton bean 'org.springframework.transaction.config.internalTransactionAdvisor'
[DEBUG] Returning cached instance of singleton bean 'org.springframework.transaction.config.internalTransactionAdvisor'
[DEBUG] Finished creating instance of bean 'webSecurityConfig'
[DEBUG] Returning cached instance of singleton bean 'org.springframework.security.config.annotation.authentication.configuration.AuthenticationConfiguration'
[DEBUG] Creating shared instance of singleton bean 'authenticationManagerBuilder'
[DEBUG] Creating instance of bean 'authenticationManagerBuilder'
[DEBUG] Returning cached instance of singleton bean 'org.springframework.transaction.config.internalTransactionAdvisor'
[DEBUG] Returning cached instance of singleton bean 'org.springframework.security.config.annotation.authentication.configuration.AuthenticationConfiguration'
[DEBUG] Returning cached instance of singleton bean 'objectPostProcessor'
[DEBUG] Autowiring by type from bean name 'authenticationManagerBuilder' via factory method to bean named 'objectPostProcessor'
[DEBUG] Eagerly caching bean 'authenticationManagerBuilder' to allow for resolving potential circular references
[DEBUG] Returning cached instance of singleton bean 'org.springframework.transaction.config.internalTransactionAdvisor'
[DEBUG] Returning cached instance of singleton bean 'org.springframework.transaction.config.internalTransactionAdvisor'
[DEBUG] Finished creating instance of bean 'authenticationManagerBuilder'
[DEBUG] Returning cached instance of singleton bean 'enableGlobalAuthenticationAutowiredConfigurer'
[DEBUG] Creating shared instance of singleton bean 'org.springframework.security.config.annotation.web.configuration.WebSecurityConfiguration'
[DEBUG] Creating instance of bean 'org.springframework.security.config.annotation.web.configuration.WebSecurityConfiguration'
[DEBUG] Returning cached instance of singleton bean 'org.springframework.transaction.config.internalTransactionAdvisor'
[DEBUG] Registered injected element on class [org.springframework.security.config.annotation.web.configuration.WebSecurityConfiguration$$EnhancerBySpringCGLIB$$32fbbc08]: AutowiredFieldElement for private org.springframework.security.config.annotation.ObjectPostProcessor org.springframework.security.config.annotation.web.configuration.WebSecurityConfiguration.objectObjectPostProcessor
[DEBUG] Registered injected element on class [org.springframework.security.config.annotation.web.configuration.WebSecurityConfiguration$$EnhancerBySpringCGLIB$$32fbbc08]: AutowiredMethodElement for public void org.springframework.security.config.annotation.web.configuration.WebSecurityConfiguration.setFilterChainProxySecurityConfigurer(org.springframework.security.config.annotation.ObjectPostProcessor,java.util.List) throws java.lang.Exception
[DEBUG] Eagerly caching bean 'org.springframework.security.config.annotation.web.configuration.WebSecurityConfiguration' to allow for resolving potential circular references
[DEBUG] Processing injected element of bean 'org.springframework.security.config.annotation.web.configuration.WebSecurityConfiguration': AutowiredFieldElement for private org.springframework.security.config.annotation.ObjectPostProcessor org.springframework.security.config.annotation.web.configuration.WebSecurityConfiguration.objectObjectPostProcessor
[DEBUG] Returning cached instance of singleton bean 'objectPostProcessor'
[DEBUG] Autowiring by type from bean name 'org.springframework.security.config.annotation.web.configuration.WebSecurityConfiguration' to bean named 'objectPostProcessor'
[DEBUG] Processing injected element of bean 'org.springframework.security.config.annotation.web.configuration.WebSecurityConfiguration': AutowiredMethodElement for public void org.springframework.security.config.annotation.web.configuration.WebSecurityConfiguration.setFilterChainProxySecurityConfigurer(org.springframework.security.config.annotation.ObjectPostProcessor,java.util.List) throws java.lang.Exception
[DEBUG] Returning cached instance of singleton bean 'objectPostProcessor'
[DEBUG] Creating shared instance of singleton bean 'autowiredWebSecurityConfigurersIgnoreParents'
[DEBUG] Creating instance of bean 'autowiredWebSecurityConfigurersIgnoreParents'
[DEBUG] Returning cached instance of singleton bean 'org.springframework.transaction.config.internalTransactionAdvisor'
[DEBUG] Returning cached instance of singleton bean 'org.springframework.transaction.config.internalTransactionAdvisor'
[DEBUG] Returning cached instance of singleton bean 'org.springframework.transaction.config.internalTransactionAdvisor'
[DEBUG] Returning eagerly cached instance of singleton bean 'org.springframework.security.config.annotation.web.configuration.WebSecurityConfiguration' that is not fully initialized yet - a consequence of a circular reference
[DEBUG] Autowiring by type from bean name 'autowiredWebSecurityConfigurersIgnoreParents' via factory method to bean named 'org.springframework.beans.factory.support.DefaultListableBeanFactory@7f31380e'
[DEBUG] Eagerly caching bean 'autowiredWebSecurityConfigurersIgnoreParents' to allow for resolving potential circular references
[DEBUG] Returning cached instance of singleton bean 'org.springframework.transaction.config.internalTransactionAdvisor'
[DEBUG] Returning cached instance of singleton bean 'org.springframework.transaction.config.internalTransactionAdvisor'
[DEBUG] Finished creating instance of bean 'autowiredWebSecurityConfigurersIgnoreParents'
[DEBUG] Returning cached instance of singleton bean 'webSecurityConfig'
[DEBUG] Autowiring by type from bean name 'org.springframework.security.config.annotation.web.configuration.WebSecurityConfiguration' to bean named 'objectPostProcessor'
[DEBUG] Returning cached instance of singleton bean 'org.springframework.transaction.config.internalTransactionAdvisor'
[DEBUG] Returning cached instance of singleton bean 'org.springframework.transaction.config.internalTransactionAdvisor'
[DEBUG] Returning cached instance of singleton bean 'org.springframework.context.annotation.ConfigurationClassPostProcessor.importRegistry'
[DEBUG] Finished creating instance of bean 'org.springframework.security.config.annotation.web.configuration.WebSecurityConfiguration'
[DEBUG] Returning cached instance of singleton bean 'delegatingApplicationListener'
[DEBUG] Creating shared instance of singleton bean 'springSecurityFilterChain'
[DEBUG] Creating instance of bean 'springSecurityFilterChain'
[DEBUG] Returning cached instance of singleton bean 'org.springframework.transaction.config.internalTransactionAdvisor'
[DEBUG] Returning cached instance of singleton bean 'org.springframework.security.config.annotation.web.configuration.WebSecurityConfiguration'
[DEBUG] Returning cached instance of singleton bean 'org.springframework.transaction.config.internalTransactionAdvisor'
[DEBUG] Returning cached instance of singleton bean 'org.springframework.transaction.config.internalTransactionAdvisor'
[DEBUG] Creating shared instance of singleton bean 'authProvider'
[DEBUG] Creating instance of bean 'authProvider'
[DEBUG] Returning cached instance of singleton bean 'org.springframework.transaction.config.internalTransactionAdvisor'
[DEBUG] Returning cached instance of singleton bean 'webSecurityConfig'
[DEBUG] Eagerly caching bean 'authProvider' to allow for resolving potential circular references
[DEBUG] Invoking afterPropertiesSet() on bean with name 'authProvider'
[DEBUG] Returning cached instance of singleton bean 'org.springframework.transaction.config.internalTransactionAdvisor'
[DEBUG] Returning cached instance of singleton bean 'org.springframework.transaction.config.internalTransactionAdvisor'
[DEBUG] Finished creating instance of bean 'authProvider'
[DEBUG] Invoking afterPropertiesSet() on bean with name 'org.springframework.security.authentication.ProviderManager@f5764a2'
[DEBUG] Returning cached instance of singleton bean 'org.springframework.transaction.config.internalTransactionAdvisor'
[DEBUG] Returning cached instance of singleton bean 'org.springframework.transaction.config.internalTransactionAdvisor'
[DEBUG] Returning cached instance of singleton bean 'authenticationManagerBuilder'
[DEBUG] Adding [servletConfigInitParams] PropertySource with lowest search precedence
[DEBUG] Adding [servletContextInitParams] PropertySource with lowest search precedence
[DEBUG] Adding [systemProperties] PropertySource with lowest search precedence
[DEBUG] Adding [systemEnvironment] PropertySource with lowest search precedence
[DEBUG] Initialized StandardServletEnvironment with PropertySources [servletConfigInitParams,servletContextInitParams,systemProperties,systemEnvironment]
[DEBUG] Adding [servletConfigInitParams] PropertySource with lowest search precedence
[DEBUG] Adding [servletContextInitParams] PropertySource with lowest search precedence
[DEBUG] Adding [systemProperties] PropertySource with lowest search precedence
[DEBUG] Adding [systemEnvironment] PropertySource with lowest search precedence
[DEBUG] Initialized StandardServletEnvironment with PropertySources [servletConfigInitParams,servletContextInitParams,systemProperties,systemEnvironment]
[DEBUG] Adding [servletConfigInitParams] PropertySource with lowest search precedence
[DEBUG] Adding [servletContextInitParams] PropertySource with lowest search precedence
[DEBUG] Adding [systemProperties] PropertySource with lowest search precedence
[DEBUG] Adding [systemEnvironment] PropertySource with lowest search precedence
[DEBUG] Initialized StandardServletEnvironment with PropertySources [servletConfigInitParams,servletContextInitParams,systemProperties,systemEnvironment]
[DEBUG] Adding [servletConfigInitParams] PropertySource with lowest search precedence
[DEBUG] Adding [servletContextInitParams] PropertySource with lowest search precedence
[DEBUG] Adding [systemProperties] PropertySource with lowest search precedence
[DEBUG] Adding [systemEnvironment] PropertySource with lowest search precedence
[DEBUG] Initialized StandardServletEnvironment with PropertySources [servletConfigInitParams,servletContextInitParams,systemProperties,systemEnvironment]
[DEBUG] Returning cached instance of singleton bean 'org.springframework.transaction.config.internalTransactionAdvisor'
[DEBUG] Returning cached instance of singleton bean 'org.springframework.transaction.config.internalTransactionAdvisor'
[DEBUG] Returning cached instance of singleton bean 'org.springframework.transaction.config.internalTransactionAdvisor'
[DEBUG] Returning cached instance of singleton bean 'org.springframework.transaction.config.internalTransactionAdvisor'
[DEBUG] Adding [servletConfigInitParams] PropertySource with lowest search precedence
[DEBUG] Adding [servletContextInitParams] PropertySource with lowest search precedence
[DEBUG] Adding [systemProperties] PropertySource with lowest search precedence
[DEBUG] Adding [systemEnvironment] PropertySource with lowest search precedence
[DEBUG] Initialized StandardServletEnvironment with PropertySources [servletConfigInitParams,servletContextInitParams,systemProperties,systemEnvironment]
[DEBUG] Returning cached instance of singleton bean 'org.springframework.transaction.config.internalTransactionAdvisor'
[DEBUG] Returning cached instance of singleton bean 'org.springframework.transaction.config.internalTransactionAdvisor'
[DEBUG] Invoking afterPropertiesSet() on bean with name 'org.springframework.security.web.authentication.LoginUrlAuthenticationEntryPoint@1755f9cd'
[DEBUG] Returning cached instance of singleton bean 'org.springframework.transaction.config.internalTransactionAdvisor'
[DEBUG] Returning cached instance of singleton bean 'org.springframework.transaction.config.internalTransactionAdvisor'
[DEBUG] Invoking afterPropertiesSet() on bean with name 'org.springframework.security.authentication.ProviderManager@5864ccfb'
[DEBUG] Returning cached instance of singleton bean 'org.springframework.transaction.config.internalTransactionAdvisor'
[DEBUG] Returning cached instance of singleton bean 'org.springframework.transaction.config.internalTransactionAdvisor'
[DEBUG] Adding [servletConfigInitParams] PropertySource with lowest search precedence
[DEBUG] Adding [servletContextInitParams] PropertySource with lowest search precedence
[DEBUG] Adding [systemProperties] PropertySource with lowest search precedence
[DEBUG] Adding [systemEnvironment] PropertySource with lowest search precedence
[DEBUG] Initialized StandardServletEnvironment with PropertySources [servletConfigInitParams,servletContextInitParams,systemProperties,systemEnvironment]
[DEBUG] Invoking afterPropertiesSet() on bean with name 'org.springframework.security.web.csrf.CsrfFilter@26954249'
[DEBUG] Returning cached instance of singleton bean 'org.springframework.transaction.config.internalTransactionAdvisor'
[DEBUG] Returning cached instance of singleton bean 'org.springframework.transaction.config.internalTransactionAdvisor'
[DEBUG] Adding [servletConfigInitParams] PropertySource with lowest search precedence
[DEBUG] Adding [servletContextInitParams] PropertySource with lowest search precedence
[DEBUG] Adding [systemProperties] PropertySource with lowest search precedence
[DEBUG] Adding [systemEnvironment] PropertySource with lowest search precedence
[DEBUG] Initialized StandardServletEnvironment with PropertySources [servletConfigInitParams,servletContextInitParams,systemProperties,systemEnvironment]
[DEBUG] Invoking afterPropertiesSet() on bean with name 'org.springframework.security.web.access.ExceptionTranslationFilter@6f661797'
[DEBUG] Returning cached instance of singleton bean 'org.springframework.transaction.config.internalTransactionAdvisor'
[DEBUG] Returning cached instance of singleton bean 'org.springframework.transaction.config.internalTransactionAdvisor'
[DEBUG] Adding [servletConfigInitParams] PropertySource with lowest search precedence
[DEBUG] Adding [servletContextInitParams] PropertySource with lowest search precedence
[DEBUG] Adding [systemProperties] PropertySource with lowest search precedence
[DEBUG] Adding [systemEnvironment] PropertySource with lowest search precedence
[DEBUG] Initialized StandardServletEnvironment with PropertySources [servletConfigInitParams,servletContextInitParams,systemProperties,systemEnvironment]
[DEBUG] Invoking afterPropertiesSet() on bean with name 'org.springframework.security.web.header.HeaderWriterFilter@2508b811'
[DEBUG] Returning cached instance of singleton bean 'org.springframework.transaction.config.internalTransactionAdvisor'
[DEBUG] Returning cached instance of singleton bean 'org.springframework.transaction.config.internalTransactionAdvisor'
[DEBUG] Adding [servletConfigInitParams] PropertySource with lowest search precedence
[DEBUG] Adding [servletContextInitParams] PropertySource with lowest search precedence
[DEBUG] Adding [systemProperties] PropertySource with lowest search precedence
[DEBUG] Adding [systemEnvironment] PropertySource with lowest search precedence
[DEBUG] Initialized StandardServletEnvironment with PropertySources [servletConfigInitParams,servletContextInitParams,systemProperties,systemEnvironment]
[DEBUG] Invoking afterPropertiesSet() on bean with name 'org.springframework.security.web.session.SessionManagementFilter@6235a8ac'
[DEBUG] Returning cached instance of singleton bean 'org.springframework.transaction.config.internalTransactionAdvisor'
[DEBUG] Returning cached instance of singleton bean 'org.springframework.transaction.config.internalTransactionAdvisor'
[DEBUG] Adding [servletConfigInitParams] PropertySource with lowest search precedence
[DEBUG] Adding [servletContextInitParams] PropertySource with lowest search precedence
[DEBUG] Adding [systemProperties] PropertySource with lowest search precedence
[DEBUG] Adding [systemEnvironment] PropertySource with lowest search precedence
[DEBUG] Initialized StandardServletEnvironment with PropertySources [servletConfigInitParams,servletContextInitParams,systemProperties,systemEnvironment]
[DEBUG] Invoking afterPropertiesSet() on bean with name 'org.springframework.security.web.context.SecurityContextPersistenceFilter@18c8d2ff'
[DEBUG] Returning cached instance of singleton bean 'org.springframework.transaction.config.internalTransactionAdvisor'
[DEBUG] Returning cached instance of singleton bean 'org.springframework.transaction.config.internalTransactionAdvisor'
[DEBUG] Adding [servletConfigInitParams] PropertySource with lowest search precedence
[DEBUG] Adding [servletContextInitParams] PropertySource with lowest search precedence
[DEBUG] Adding [systemProperties] PropertySource with lowest search precedence
[DEBUG] Adding [systemEnvironment] PropertySource with lowest search precedence
[DEBUG] Initialized StandardServletEnvironment with PropertySources [servletConfigInitParams,servletContextInitParams,systemProperties,systemEnvironment]
[DEBUG] Invoking afterPropertiesSet() on bean with name 'org.springframework.security.web.savedrequest.RequestCacheAwareFilter@14f79e08'
[DEBUG] Returning cached instance of singleton bean 'org.springframework.transaction.config.internalTransactionAdvisor'
[DEBUG] Returning cached instance of singleton bean 'org.springframework.transaction.config.internalTransactionAdvisor'
[DEBUG] Invoking afterPropertiesSet() on bean with name 'org.springframework.security.web.servletapi.SecurityContextHolderAwareRequestFilter@6aac54f0'
[DEBUG] Returning cached instance of singleton bean 'org.springframework.transaction.config.internalTransactionAdvisor'
[DEBUG] Returning cached instance of singleton bean 'org.springframework.transaction.config.internalTransactionAdvisor'
[DEBUG] Adding [servletConfigInitParams] PropertySource with lowest search precedence
[DEBUG] Adding [servletContextInitParams] PropertySource with lowest search precedence
[DEBUG] Adding [systemProperties] PropertySource with lowest search precedence
[DEBUG] Adding [systemEnvironment] PropertySource with lowest search precedence
[DEBUG] Initialized StandardServletEnvironment with PropertySources [servletConfigInitParams,servletContextInitParams,systemProperties,systemEnvironment]
[DEBUG] Invoking afterPropertiesSet() on bean with name 'org.springframework.security.web.authentication.logout.LogoutFilter@1f876c5a'
[DEBUG] Returning cached instance of singleton bean 'org.springframework.transaction.config.internalTransactionAdvisor'
[DEBUG] Returning cached instance of singleton bean 'org.springframework.transaction.config.internalTransactionAdvisor'
[DEBUG] Adding web access control expression 'permitAll', for ExactUrl [processUrl='/login?error=true']
[DEBUG] Adding web access control expression 'permitAll', for ExactUrl [processUrl='/j_spring_security_check']
[DEBUG] Adding web access control expression 'permitAll', for ExactUrl [processUrl='/sesion']
[DEBUG] Adding web access control expression 'permitAll', for Ant [pattern='/j_spring_security_logout', POST]
[DEBUG] Adding web access control expression 'permitAll', for ExactUrl [processUrl='/login?logSucc=true']
[DEBUG] Adding web access control expression 'permitAll', for Ant [pattern='/registro*']
[DEBUG] Adding web access control expression 'permitAll', for Ant [pattern='/sesion*']
[DEBUG] Adding web access control expression 'permitAll', for Ant [pattern='/index*']
[DEBUG] Adding web access control expression 'permitAll', for Ant [pattern='/eventos*']
[DEBUG] Adding web access control expression 'permitAll', for Ant [pattern='/ingenieria*']
[DEBUG] Adding web access control expression 'permitAll', for Ant [pattern='/certificaciones*']
[DEBUG] Adding web access control expression 'permitAll', for Ant [pattern='/css/**']
[DEBUG] Adding web access control expression 'permitAll', for Ant [pattern='/imagenes/**']
[DEBUG] Adding web access control expression 'permitAll', for Ant [pattern='/imagenes/**/certificaciones/**']
[DEBUG] Adding web access control expression 'permitAll', for Ant [pattern='/images/**']
[DEBUG] Adding web access control expression 'permitAll', for Ant [pattern='/js/**']
[DEBUG] Adding web access control expression 'permitAll', for Ant [pattern='/videos/**']
[DEBUG] Adding web access control expression 'authenticated', for org.springframework.security.web.util.matcher.AnyRequestMatcher@1
[DEBUG] Invoking afterPropertiesSet() on bean with name 'org.springframework.security.access.vote.AffirmativeBased@4102ee5f'
[DEBUG] Returning cached instance of singleton bean 'org.springframework.transaction.config.internalTransactionAdvisor'
[DEBUG] Returning cached instance of singleton bean 'org.springframework.transaction.config.internalTransactionAdvisor'
[DEBUG] Validated configuration attributes
[DEBUG] Invoking afterPropertiesSet() on bean with name 'org.springframework.security.web.access.intercept.FilterSecurityInterceptor@6d58b7b4'
[DEBUG] Validated configuration attributes
[DEBUG] Returning cached instance of singleton bean 'org.springframework.transaction.config.internalTransactionAdvisor'
[DEBUG] Returning cached instance of singleton bean 'org.springframework.transaction.config.internalTransactionAdvisor'
[DEBUG] Invoking afterPropertiesSet() on bean with name 'org.springframework.security.web.authentication.UsernamePasswordAuthenticationFilter@537ef202'
[DEBUG] Returning cached instance of singleton bean 'org.springframework.transaction.config.internalTransactionAdvisor'
[DEBUG] Returning cached instance of singleton bean 'org.springframework.transaction.config.internalTransactionAdvisor'
[INFO] Creating filter chain: org.springframework.security.web.util.matcher.AnyRequestMatcher@1, [org.springframework.security.web.context.request.async.WebAsyncManagerIntegrationFilter@77f940c, org.springframework.security.web.context.SecurityContextPersistenceFilter@18c8d2ff, org.springframework.security.web.header.HeaderWriterFilter@2508b811, org.springframework.security.web.csrf.CsrfFilter@26954249, org.springframework.security.web.authentication.logout.LogoutFilter@1f876c5a, org.springframework.security.web.authentication.UsernamePasswordAuthenticationFilter@537ef202, org.springframework.security.web.savedrequest.RequestCacheAwareFilter@14f79e08, org.springframework.security.web.servletapi.SecurityContextHolderAwareRequestFilter@6aac54f0, org.springframework.security.web.authentication.AnonymousAuthenticationFilter@79baf6d3, org.springframework.security.web.session.SessionManagementFilter@6235a8ac, org.springframework.security.web.access.ExceptionTranslationFilter@6f661797, org.springframework.security.web.access.intercept.FilterSecurityInterceptor@6d58b7b4]
[DEBUG] Adding [servletConfigInitParams] PropertySource with lowest search precedence
[DEBUG] Adding [servletContextInitParams] PropertySource with lowest search precedence
[DEBUG] Adding [systemProperties] PropertySource with lowest search precedence
[DEBUG] Adding [systemEnvironment] PropertySource with lowest search precedence
[DEBUG] Initialized StandardServletEnvironment with PropertySources [servletConfigInitParams,servletContextInitParams,systemProperties,systemEnvironment]
[DEBUG] Eagerly caching bean 'springSecurityFilterChain' to allow for resolving potential circular references
[DEBUG] Invoking afterPropertiesSet() on bean with name 'springSecurityFilterChain'
[DEBUG] Returning cached instance of singleton bean 'org.springframework.transaction.config.internalTransactionAdvisor'
[DEBUG] Returning cached instance of singleton bean 'org.springframework.transaction.config.internalTransactionAdvisor'
[DEBUG] Finished creating instance of bean 'springSecurityFilterChain'
[DEBUG] Creating shared instance of singleton bean 'webSecurityExpressionHandler'
[DEBUG] Creating instance of bean 'webSecurityExpressionHandler'
[DEBUG] Returning cached instance of singleton bean 'org.springframework.security.config.annotation.web.configuration.WebSecurityConfiguration'
[DEBUG] Eagerly caching bean 'webSecurityExpressionHandler' to allow for resolving potential circular references
[DEBUG] Finished creating instance of bean 'webSecurityExpressionHandler'
[DEBUG] Returning cached instance of singleton bean 'springSecurityFilterChain'
[DEBUG] Returning cached instance of singleton bean 'springSecurityFilterChain'
[DEBUG] Creating shared instance of singleton bean 'privilegeEvaluator'
[DEBUG] Creating instance of bean 'privilegeEvaluator'
[DEBUG] Returning cached instance of singleton bean 'org.springframework.transaction.config.internalTransactionAdvisor'
[DEBUG] Returning cached instance of singleton bean 'org.springframework.security.config.annotation.web.configuration.WebSecurityConfiguration'
[DEBUG] Eagerly caching bean 'privilegeEvaluator' to allow for resolving potential circular references
[DEBUG] Returning cached instance of singleton bean 'org.springframework.transaction.config.internalTransactionAdvisor'
[DEBUG] Returning cached instance of singleton bean 'org.springframework.transaction.config.internalTransactionAdvisor'
[DEBUG] Finished creating instance of bean 'privilegeEvaluator'
[DEBUG] Returning cached instance of singleton bean 'autowiredWebSecurityConfigurersIgnoreParents'
[DEBUG] Returning cached instance of singleton bean 'org.springframework.security.config.annotation.configuration.ObjectPostProcessorConfiguration'
[DEBUG] Returning cached instance of singleton bean 'objectPostProcessor'
[DEBUG] Returning cached instance of singleton bean 'org.springframework.security.config.annotation.web.configuration.WebMvcSecurityConfiguration'
[DEBUG] Creating shared instance of singleton bean 'requestDataValueProcessor'
[DEBUG] Creating instance of bean 'requestDataValueProcessor'
[DEBUG] Returning cached instance of singleton bean 'org.springframework.transaction.config.internalTransactionAdvisor'
[DEBUG] Returning cached instance of singleton bean 'org.springframework.security.config.annotation.web.configuration.WebMvcSecurityConfiguration'
[DEBUG] Eagerly caching bean 'requestDataValueProcessor' to allow for resolving potential circular references
[DEBUG] Returning cached instance of singleton bean 'org.springframework.transaction.config.internalTransactionAdvisor'
[DEBUG] Returning cached instance of singleton bean 'org.springframework.transaction.config.internalTransactionAdvisor'
[DEBUG] Finished creating instance of bean 'requestDataValueProcessor'
[DEBUG] Returning cached instance of singleton bean 'authProvider'
[DEBUG] Returning cached instance of singleton bean 'org.springframework.boot.autoconfigure.AutoConfigurationPackages'
[DEBUG] Creating shared instance of singleton bean 'org.springframework.boot.autoconfigure.PropertyPlaceholderAutoConfiguration'
[DEBUG] Creating instance of bean 'org.springframework.boot.autoconfigure.PropertyPlaceholderAutoConfiguration'
[DEBUG] Returning cached instance of singleton bean 'org.springframework.transaction.config.internalTransactionAdvisor'
[DEBUG] Eagerly caching bean 'org.springframework.boot.autoconfigure.PropertyPlaceholderAutoConfiguration' to allow for resolving potential circular references
[DEBUG] Returning cached instance of singleton bean 'org.springframework.transaction.config.internalTransactionAdvisor'
[DEBUG] Returning cached instance of singleton bean 'org.springframework.transaction.config.internalTransactionAdvisor'
[DEBUG] Finished creating instance of bean 'org.springframework.boot.autoconfigure.PropertyPlaceholderAutoConfiguration'
[DEBUG] Returning cached instance of singleton bean 'org.springframework.boot.autoconfigure.condition.BeanTypeRegistry'
[DEBUG] Returning cached instance of singleton bean 'propertySourcesPlaceholderConfigurer'
[DEBUG] Creating shared instance of singleton bean 'org.springframework.boot.autoconfigure.websocket.WebSocketAutoConfiguration$TomcatWebSocketConfiguration'
[DEBUG] Creating instance of bean 'org.springframework.boot.autoconfigure.websocket.WebSocketAutoConfiguration$TomcatWebSocketConfiguration'
[DEBUG] Returning cached instance of singleton bean 'org.springframework.transaction.config.internalTransactionAdvisor'
[DEBUG] Eagerly caching bean 'org.springframework.boot.autoconfigure.websocket.WebSocketAutoConfiguration$TomcatWebSocketConfiguration' to allow for resolving potential circular references
[DEBUG] Returning cached instance of singleton bean 'org.springframework.transaction.config.internalTransactionAdvisor'
[DEBUG] Returning cached instance of singleton bean 'org.springframework.transaction.config.internalTransactionAdvisor'
[DEBUG] Finished creating instance of bean 'org.springframework.boot.autoconfigure.websocket.WebSocketAutoConfiguration$TomcatWebSocketConfiguration'
[DEBUG] Creating shared instance of singleton bean 'websocketContainerCustomizer'
[DEBUG] Creating instance of bean 'websocketContainerCustomizer'
[DEBUG] Returning cached instance of singleton bean 'org.springframework.transaction.config.internalTransactionAdvisor'
[DEBUG] Returning cached instance of singleton bean 'org.springframework.boot.autoconfigure.websocket.WebSocketAutoConfiguration$TomcatWebSocketConfiguration'
[DEBUG] Eagerly caching bean 'websocketContainerCustomizer' to allow for resolving potential circular references
[DEBUG] Returning cached instance of singleton bean 'org.springframework.transaction.config.internalTransactionAdvisor'
[DEBUG] Returning cached instance of singleton bean 'org.springframework.transaction.config.internalTransactionAdvisor'
[DEBUG] Finished creating instance of bean 'websocketContainerCustomizer'
[DEBUG] Creating shared instance of singleton bean 'org.springframework.boot.autoconfigure.websocket.WebSocketAutoConfiguration'
[DEBUG] Creating instance of bean 'org.springframework.boot.autoconfigure.websocket.WebSocketAutoConfiguration'
[DEBUG] Returning cached instance of singleton bean 'org.springframework.transaction.config.internalTransactionAdvisor'
[DEBUG] Eagerly caching bean 'org.springframework.boot.autoconfigure.websocket.WebSocketAutoConfiguration' to allow for resolving potential circular references
[DEBUG] Returning cached instance of singleton bean 'org.springframework.transaction.config.internalTransactionAdvisor'
[DEBUG] Returning cached instance of singleton bean 'org.springframework.transaction.config.internalTransactionAdvisor'
[DEBUG] Finished creating instance of bean 'org.springframework.boot.autoconfigure.websocket.WebSocketAutoConfiguration'
[DEBUG] Creating shared instance of singleton bean 'org.springframework.boot.autoconfigure.web.EmbeddedServletContainerAutoConfiguration$EmbeddedTomcat'
[DEBUG] Creating instance of bean 'org.springframework.boot.autoconfigure.web.EmbeddedServletContainerAutoConfiguration$EmbeddedTomcat'
[DEBUG] Returning cached instance of singleton bean 'org.springframework.transaction.config.internalTransactionAdvisor'
[DEBUG] Eagerly caching bean 'org.springframework.boot.autoconfigure.web.EmbeddedServletContainerAutoConfiguration$EmbeddedTomcat' to allow for resolving potential circular references
[DEBUG] Returning cached instance of singleton bean 'org.springframework.transaction.config.internalTransactionAdvisor'
[DEBUG] Returning cached instance of singleton bean 'org.springframework.transaction.config.internalTransactionAdvisor'
[DEBUG] Finished creating instance of bean 'org.springframework.boot.autoconfigure.web.EmbeddedServletContainerAutoConfiguration$EmbeddedTomcat'
[DEBUG] Creating shared instance of singleton bean 'tomcatEmbeddedServletContainerFactory'
[DEBUG] Creating instance of bean 'tomcatEmbeddedServletContainerFactory'
[DEBUG] Returning cached instance of singleton bean 'org.springframework.transaction.config.internalTransactionAdvisor'
[DEBUG] Returning cached instance of singleton bean 'org.springframework.boot.autoconfigure.web.EmbeddedServletContainerAutoConfiguration$EmbeddedTomcat'
[DEBUG] Eagerly caching bean 'tomcatEmbeddedServletContainerFactory' to allow for resolving potential circular references
[DEBUG] Returning cached instance of singleton bean 'websocketContainerCustomizer'
[DEBUG] Creating shared instance of singleton bean 'errorPageCustomizer'
[DEBUG] Creating instance of bean 'errorPageCustomizer'
[DEBUG] Returning cached instance of singleton bean 'org.springframework.transaction.config.internalTransactionAdvisor'
[DEBUG] Creating shared instance of singleton bean 'org.springframework.boot.autoconfigure.web.ErrorMvcAutoConfiguration'
[DEBUG] Creating instance of bean 'org.springframework.boot.autoconfigure.web.ErrorMvcAutoConfiguration'
[DEBUG] Returning cached instance of singleton bean 'org.springframework.transaction.config.internalTransactionAdvisor'
[DEBUG] Registered injected element on class [org.springframework.boot.autoconfigure.web.ErrorMvcAutoConfiguration$$EnhancerBySpringCGLIB$$d4e20ce9]: AutowiredFieldElement for private org.springframework.boot.autoconfigure.web.ServerProperties org.springframework.boot.autoconfigure.web.ErrorMvcAutoConfiguration.properties
[DEBUG] Eagerly caching bean 'org.springframework.boot.autoconfigure.web.ErrorMvcAutoConfiguration' to allow for resolving potential circular references
[DEBUG] Processing injected element of bean 'org.springframework.boot.autoconfigure.web.ErrorMvcAutoConfiguration': AutowiredFieldElement for private org.springframework.boot.autoconfigure.web.ServerProperties org.springframework.boot.autoconfigure.web.ErrorMvcAutoConfiguration.properties
[DEBUG] Creating shared instance of singleton bean 'serverProperties'
[DEBUG] Creating instance of bean 'serverProperties'
[DEBUG] Returning cached instance of singleton bean 'org.springframework.transaction.config.internalTransactionAdvisor'
[DEBUG] Creating shared instance of singleton bean 'org.springframework.boot.autoconfigure.web.ServerPropertiesAutoConfiguration'
[DEBUG] Creating instance of bean 'org.springframework.boot.autoconfigure.web.ServerPropertiesAutoConfiguration'
[DEBUG] Returning cached instance of singleton bean 'org.springframework.transaction.config.internalTransactionAdvisor'
[DEBUG] Eagerly caching bean 'org.springframework.boot.autoconfigure.web.ServerPropertiesAutoConfiguration' to allow for resolving potential circular references
[DEBUG] Returning cached instance of singleton bean 'org.springframework.transaction.config.internalTransactionAdvisor'
[DEBUG] Returning cached instance of singleton bean 'org.springframework.transaction.config.internalTransactionAdvisor'
[DEBUG] Finished creating instance of bean 'org.springframework.boot.autoconfigure.web.ServerPropertiesAutoConfiguration'
[DEBUG] Eagerly caching bean 'serverProperties' to allow for resolving potential circular references
[DEBUG] Adding [systemProperties] PropertySource with lowest search precedence
[DEBUG] Adding [systemEnvironment] PropertySource with lowest search precedence
[DEBUG] Adding [random] PropertySource with lowest search precedence
[DEBUG] Adding [integrationTest] PropertySource with lowest search precedence
[DEBUG] Adding [applicationConfig: [classpath:/application.properties]] PropertySource with lowest search precedence
[DEBUG] Adding [localProperties] PropertySource with lowest search precedence
[DEBUG] Adding [systemProperties] PropertySource with lowest search precedence
[DEBUG] Adding [systemEnvironment] PropertySource with lowest search precedence
[DEBUG] Adding [random] PropertySource with lowest search precedence
[DEBUG] Adding [integrationTest] PropertySource with lowest search precedence
[DEBUG] Adding [applicationConfig: [classpath:/application.properties]] PropertySource with lowest search precedence
[DEBUG] Adding [localProperties] PropertySource with lowest search precedence
[DEBUG] Searching for key 'server.port' in [systemProperties]
[DEBUG] Searching for key 'server.port' in [systemEnvironment]
[DEBUG] Searching for key 'server.port' in [random]
[DEBUG] Searching for key 'server.port' in [integrationTest]
[DEBUG] Found key 'server.port' in [integrationTest] with type [String] and value '-1'
[DEBUG] Creating instance of bean 'org.hibernate.validator.internal.constraintvalidators.bv.NotNullValidator'
[DEBUG] Returning cached instance of singleton bean 'org.springframework.transaction.config.internalTransactionAdvisor'
[DEBUG] Returning cached instance of singleton bean 'org.springframework.transaction.config.internalTransactionAdvisor'
[DEBUG] Returning cached instance of singleton bean 'org.springframework.transaction.config.internalTransactionAdvisor'
[DEBUG] Finished creating instance of bean 'org.hibernate.validator.internal.constraintvalidators.bv.NotNullValidator'
[DEBUG] Returning cached instance of singleton bean 'org.springframework.transaction.config.internalTransactionAdvisor'
[DEBUG] Returning cached instance of singleton bean 'org.springframework.transaction.config.internalTransactionAdvisor'
[DEBUG] Finished creating instance of bean 'serverProperties'
[DEBUG] Autowiring by type from bean name 'org.springframework.boot.autoconfigure.web.ErrorMvcAutoConfiguration' to bean named 'serverProperties'
[DEBUG] Returning cached instance of singleton bean 'org.springframework.transaction.config.internalTransactionAdvisor'
[DEBUG] Returning cached instance of singleton bean 'org.springframework.transaction.config.internalTransactionAdvisor'
[DEBUG] Finished creating instance of bean 'org.springframework.boot.autoconfigure.web.ErrorMvcAutoConfiguration'
[DEBUG] Eagerly caching bean 'errorPageCustomizer' to allow for resolving potential circular references
[DEBUG] Returning cached instance of singleton bean 'org.springframework.transaction.config.internalTransactionAdvisor'
[DEBUG] Returning cached instance of singleton bean 'org.springframework.transaction.config.internalTransactionAdvisor'
[DEBUG] Finished creating instance of bean 'errorPageCustomizer'
[DEBUG] Returning cached instance of singleton bean 'serverProperties'
[DEBUG] Creating shared instance of singleton bean 'duplicateServerPropertiesDetector'
[DEBUG] Creating instance of bean 'duplicateServerPropertiesDetector'
[DEBUG] Returning cached instance of singleton bean 'org.springframework.transaction.config.internalTransactionAdvisor'
[DEBUG] Returning cached instance of singleton bean 'org.springframework.boot.autoconfigure.web.ServerPropertiesAutoConfiguration'
[DEBUG] Eagerly caching bean 'duplicateServerPropertiesDetector' to allow for resolving potential circular references
[DEBUG] Returning cached instance of singleton bean 'org.springframework.transaction.config.internalTransactionAdvisor'
[DEBUG] Returning cached instance of singleton bean 'org.springframework.transaction.config.internalTransactionAdvisor'
[DEBUG] Finished creating instance of bean 'duplicateServerPropertiesDetector'
[DEBUG] Returning cached instance of singleton bean 'org.springframework.transaction.config.internalTransactionAdvisor'
[DEBUG] Returning cached instance of singleton bean 'org.springframework.transaction.config.internalTransactionAdvisor'
[DEBUG] Finished creating instance of bean 'tomcatEmbeddedServletContainerFactory'
[DEBUG] Creating shared instance of singleton bean 'org.springframework.boot.autoconfigure.web.EmbeddedServletContainerAutoConfiguration'
[DEBUG] Creating instance of bean 'org.springframework.boot.autoconfigure.web.EmbeddedServletContainerAutoConfiguration'
[DEBUG] Returning cached instance of singleton bean 'org.springframework.transaction.config.internalTransactionAdvisor'
[DEBUG] Eagerly caching bean 'org.springframework.boot.autoconfigure.web.EmbeddedServletContainerAutoConfiguration' to allow for resolving potential circular references
[DEBUG] Returning cached instance of singleton bean 'org.springframework.transaction.config.internalTransactionAdvisor'
[DEBUG] Returning cached instance of singleton bean 'org.springframework.transaction.config.internalTransactionAdvisor'
[DEBUG] Finished creating instance of bean 'org.springframework.boot.autoconfigure.web.EmbeddedServletContainerAutoConfiguration'
[DEBUG] Returning cached instance of singleton bean 'embeddedServletContainerCustomizerBeanPostProcessor'
[DEBUG] Creating shared instance of singleton bean 'org.springframework.boot.autoconfigure.web.DispatcherServletAutoConfiguration$DispatcherServletConfiguration'
[DEBUG] Creating instance of bean 'org.springframework.boot.autoconfigure.web.DispatcherServletAutoConfiguration$DispatcherServletConfiguration'
[DEBUG] Returning cached instance of singleton bean 'org.springframework.transaction.config.internalTransactionAdvisor'
[DEBUG] Registered injected element on class [org.springframework.boot.autoconfigure.web.DispatcherServletAutoConfiguration$DispatcherServletConfiguration$$EnhancerBySpringCGLIB$$523b5e87]: AutowiredFieldElement for private org.springframework.boot.autoconfigure.web.ServerProperties org.springframework.boot.autoconfigure.web.DispatcherServletAutoConfiguration$DispatcherServletConfiguration.server
[DEBUG] Registered injected element on class [org.springframework.boot.autoconfigure.web.DispatcherServletAutoConfiguration$DispatcherServletConfiguration$$EnhancerBySpringCGLIB$$523b5e87]: AutowiredFieldElement for private org.springframework.boot.autoconfigure.web.WebMvcProperties org.springframework.boot.autoconfigure.web.DispatcherServletAutoConfiguration$DispatcherServletConfiguration.webMvcProperties
[DEBUG] Registered injected element on class [org.springframework.boot.autoconfigure.web.DispatcherServletAutoConfiguration$DispatcherServletConfiguration$$EnhancerBySpringCGLIB$$523b5e87]: AutowiredFieldElement for private javax.servlet.MultipartConfigElement org.springframework.boot.autoconfigure.web.DispatcherServletAutoConfiguration$DispatcherServletConfiguration.multipartConfig
[DEBUG] Eagerly caching bean 'org.springframework.boot.autoconfigure.web.DispatcherServletAutoConfiguration$DispatcherServletConfiguration' to allow for resolving potential circular references
[DEBUG] Processing injected element of bean 'org.springframework.boot.autoconfigure.web.DispatcherServletAutoConfiguration$DispatcherServletConfiguration': AutowiredFieldElement for private org.springframework.boot.autoconfigure.web.ServerProperties org.springframework.boot.autoconfigure.web.DispatcherServletAutoConfiguration$DispatcherServletConfiguration.server
[DEBUG] Returning cached instance of singleton bean 'serverProperties'
[DEBUG] Autowiring by type from bean name 'org.springframework.boot.autoconfigure.web.DispatcherServletAutoConfiguration$DispatcherServletConfiguration' to bean named 'serverProperties'
[DEBUG] Processing injected element of bean 'org.springframework.boot.autoconfigure.web.DispatcherServletAutoConfiguration$DispatcherServletConfiguration': AutowiredFieldElement for private org.springframework.boot.autoconfigure.web.WebMvcProperties org.springframework.boot.autoconfigure.web.DispatcherServletAutoConfiguration$DispatcherServletConfiguration.webMvcProperties
[DEBUG] Returning cached instance of singleton bean 'spring.mvc.CONFIGURATION_PROPERTIES'
[DEBUG] Autowiring by type from bean name 'org.springframework.boot.autoconfigure.web.DispatcherServletAutoConfiguration$DispatcherServletConfiguration' to bean named 'spring.mvc.CONFIGURATION_PROPERTIES'
[DEBUG] Processing injected element of bean 'org.springframework.boot.autoconfigure.web.DispatcherServletAutoConfiguration$DispatcherServletConfiguration': AutowiredFieldElement for private javax.servlet.MultipartConfigElement org.springframework.boot.autoconfigure.web.DispatcherServletAutoConfiguration$DispatcherServletConfiguration.multipartConfig
[DEBUG] Creating shared instance of singleton bean 'multipartConfigElement'
[DEBUG] Creating instance of bean 'multipartConfigElement'
[DEBUG] Returning cached instance of singleton bean 'org.springframework.transaction.config.internalTransactionAdvisor'
[DEBUG] Creating shared instance of singleton bean 'org.springframework.boot.autoconfigure.web.MultipartAutoConfiguration'
[DEBUG] Creating instance of bean 'org.springframework.boot.autoconfigure.web.MultipartAutoConfiguration'
[DEBUG] Returning cached instance of singleton bean 'org.springframework.transaction.config.internalTransactionAdvisor'
[DEBUG] Registered injected element on class [org.springframework.boot.autoconfigure.web.MultipartAutoConfiguration$$EnhancerBySpringCGLIB$$28e1f3fb]: AutowiredFieldElement for private org.springframework.boot.autoconfigure.web.MultipartProperties org.springframework.boot.autoconfigure.web.MultipartAutoConfiguration.multipartProperties
[DEBUG] Eagerly caching bean 'org.springframework.boot.autoconfigure.web.MultipartAutoConfiguration' to allow for resolving potential circular references
[DEBUG] Processing injected element of bean 'org.springframework.boot.autoconfigure.web.MultipartAutoConfiguration': AutowiredFieldElement for private org.springframework.boot.autoconfigure.web.MultipartProperties org.springframework.boot.autoconfigure.web.MultipartAutoConfiguration.multipartProperties
[DEBUG] Creating shared instance of singleton bean 'multipart.CONFIGURATION_PROPERTIES'
[DEBUG] Creating instance of bean 'multipart.CONFIGURATION_PROPERTIES'
[DEBUG] Returning cached instance of singleton bean 'org.springframework.transaction.config.internalTransactionAdvisor'
[DEBUG] Eagerly caching bean 'multipart.CONFIGURATION_PROPERTIES' to allow for resolving potential circular references
[DEBUG] Adding [systemProperties] PropertySource with lowest search precedence
[DEBUG] Adding [systemEnvironment] PropertySource with lowest search precedence
[DEBUG] Adding [random] PropertySource with lowest search precedence
[DEBUG] Adding [integrationTest] PropertySource with lowest search precedence
[DEBUG] Adding [applicationConfig: [classpath:/application.properties]] PropertySource with lowest search precedence
[DEBUG] Adding [localProperties] PropertySource with lowest search precedence
[DEBUG] Returning cached instance of singleton bean 'org.springframework.transaction.config.internalTransactionAdvisor'
[DEBUG] Returning cached instance of singleton bean 'org.springframework.transaction.config.internalTransactionAdvisor'
[DEBUG] Finished creating instance of bean 'multipart.CONFIGURATION_PROPERTIES'
[DEBUG] Autowiring by type from bean name 'org.springframework.boot.autoconfigure.web.MultipartAutoConfiguration' to bean named 'multipart.CONFIGURATION_PROPERTIES'
[DEBUG] Returning cached instance of singleton bean 'org.springframework.transaction.config.internalTransactionAdvisor'
[DEBUG] Returning cached instance of singleton bean 'org.springframework.transaction.config.internalTransactionAdvisor'
[DEBUG] Finished creating instance of bean 'org.springframework.boot.autoconfigure.web.MultipartAutoConfiguration'
[DEBUG] Eagerly caching bean 'multipartConfigElement' to allow for resolving potential circular references
[DEBUG] Returning cached instance of singleton bean 'org.springframework.transaction.config.internalTransactionAdvisor'
[DEBUG] Returning cached instance of singleton bean 'org.springframework.transaction.config.internalTransactionAdvisor'
[DEBUG] Finished creating instance of bean 'multipartConfigElement'
[DEBUG] Autowiring by type from bean name 'org.springframework.boot.autoconfigure.web.DispatcherServletAutoConfiguration$DispatcherServletConfiguration' to bean named 'multipartConfigElement'
[DEBUG] Returning cached instance of singleton bean 'org.springframework.transaction.config.internalTransactionAdvisor'
[DEBUG] Returning cached instance of singleton bean 'org.springframework.transaction.config.internalTransactionAdvisor'
[DEBUG] Finished creating instance of bean 'org.springframework.boot.autoconfigure.web.DispatcherServletAutoConfiguration$DispatcherServletConfiguration'
[DEBUG] Creating shared instance of singleton bean 'dispatcherServlet'
[DEBUG] Creating instance of bean 'dispatcherServlet'
[DEBUG] Returning cached instance of singleton bean 'org.springframework.transaction.config.internalTransactionAdvisor'
[DEBUG] Returning cached instance of singleton bean 'org.springframework.boot.autoconfigure.web.DispatcherServletAutoConfiguration$DispatcherServletConfiguration'
[DEBUG] Eagerly caching bean 'dispatcherServlet' to allow for resolving potential circular references
[DEBUG] Returning cached instance of singleton bean 'org.springframework.transaction.config.internalTransactionAdvisor'
[DEBUG] Returning cached instance of singleton bean 'org.springframework.transaction.config.internalTransactionAdvisor'
[DEBUG] Finished creating instance of bean 'dispatcherServlet'
[DEBUG] Creating shared instance of singleton bean 'dispatcherServletRegistration'
[DEBUG] Creating instance of bean 'dispatcherServletRegistration'
[DEBUG] Returning cached instance of singleton bean 'org.springframework.transaction.config.internalTransactionAdvisor'
[DEBUG] Returning cached instance of singleton bean 'org.springframework.boot.autoconfigure.web.DispatcherServletAutoConfiguration$DispatcherServletConfiguration'
[DEBUG] Returning cached instance of singleton bean 'dispatcherServlet'
[DEBUG] Eagerly caching bean 'dispatcherServletRegistration' to allow for resolving potential circular references
[DEBUG] Returning cached instance of singleton bean 'org.springframework.transaction.config.internalTransactionAdvisor'
[DEBUG] Returning cached instance of singleton bean 'org.springframework.transaction.config.internalTransactionAdvisor'
[DEBUG] Finished creating instance of bean 'dispatcherServletRegistration'
[DEBUG] Returning cached instance of singleton bean 'spring.mvc.CONFIGURATION_PROPERTIES'
[DEBUG] Returning cached instance of singleton bean 'org.springframework.boot.context.properties.ConfigurationPropertiesBindingPostProcessor'
[DEBUG] Returning cached instance of singleton bean 'org.springframework.boot.context.properties.ConfigurationPropertiesBindingPostProcessor.store'
[DEBUG] Creating shared instance of singleton bean 'org.springframework.boot.autoconfigure.web.DispatcherServletAutoConfiguration'
[DEBUG] Creating instance of bean 'org.springframework.boot.autoconfigure.web.DispatcherServletAutoConfiguration'
[DEBUG] Returning cached instance of singleton bean 'org.springframework.transaction.config.internalTransactionAdvisor'
[DEBUG] Eagerly caching bean 'org.springframework.boot.autoconfigure.web.DispatcherServletAutoConfiguration' to allow for resolving potential circular references
[DEBUG] Returning cached instance of singleton bean 'org.springframework.transaction.config.internalTransactionAdvisor'
[DEBUG] Returning cached instance of singleton bean 'org.springframework.transaction.config.internalTransactionAdvisor'
[DEBUG] Finished creating instance of bean 'org.springframework.boot.autoconfigure.web.DispatcherServletAutoConfiguration'
[DEBUG] Returning cached instance of singleton bean 'org.springframework.boot.autoconfigure.web.ErrorMvcAutoConfiguration'
[DEBUG] Creating shared instance of singleton bean 'errorAttributes'
[DEBUG] Creating instance of bean 'errorAttributes'
[DEBUG] Returning cached instance of singleton bean 'org.springframework.transaction.config.internalTransactionAdvisor'
[DEBUG] Returning cached instance of singleton bean 'org.springframework.boot.autoconfigure.web.ErrorMvcAutoConfiguration'
[DEBUG] Eagerly caching bean 'errorAttributes' to allow for resolving potential circular references
[DEBUG] Returning cached instance of singleton bean 'org.springframework.transaction.config.internalTransactionAdvisor'
[DEBUG] Returning cached instance of singleton bean 'org.springframework.transaction.config.internalTransactionAdvisor'
[DEBUG] Finished creating instance of bean 'errorAttributes'
[DEBUG] Creating shared instance of singleton bean 'basicErrorController'
[DEBUG] Creating instance of bean 'basicErrorController'
[DEBUG] Returning cached instance of singleton bean 'org.springframework.transaction.config.internalTransactionAdvisor'
[DEBUG] Returning cached instance of singleton bean 'org.springframework.boot.autoconfigure.web.ErrorMvcAutoConfiguration'
[DEBUG] Returning cached instance of singleton bean 'errorAttributes'
[DEBUG] Autowiring by type from bean name 'basicErrorController' via factory method to bean named 'errorAttributes'
[DEBUG] Eagerly caching bean 'basicErrorController' to allow for resolving potential circular references
[DEBUG] Returning cached instance of singleton bean 'org.springframework.transaction.config.internalTransactionAdvisor'
[DEBUG] Returning cached instance of singleton bean 'org.springframework.transaction.config.internalTransactionAdvisor'
[DEBUG] Finished creating instance of bean 'basicErrorController'
[DEBUG] Returning cached instance of singleton bean 'errorPageCustomizer'
[DEBUG] Returning cached instance of singleton bean 'preserveErrorControllerTargetClassPostProcessor'
[DEBUG] Returning cached instance of singleton bean 'org.springframework.boot.autoconfigure.web.WebMvcAutoConfiguration$EnableWebMvcConfiguration'
[DEBUG] Creating shared instance of singleton bean 'requestMappingHandlerAdapter'
[DEBUG] Creating instance of bean 'requestMappingHandlerAdapter'
[DEBUG] Returning cached instance of singleton bean 'org.springframework.transaction.config.internalTransactionAdvisor'
[DEBUG] Returning cached instance of singleton bean 'org.springframework.boot.autoconfigure.web.WebMvcAutoConfiguration$EnableWebMvcConfiguration'
[DEBUG] Creating shared instance of singleton bean 'sortResolver'
[DEBUG] Creating instance of bean 'sortResolver'
[DEBUG] Returning cached instance of singleton bean 'org.springframework.transaction.config.internalTransactionAdvisor'
[DEBUG] Returning cached instance of singleton bean 'org.springframework.data.web.config.SpringDataWebConfiguration'
[DEBUG] Eagerly caching bean 'sortResolver' to allow for resolving potential circular references
[DEBUG] Returning cached instance of singleton bean 'org.springframework.transaction.config.internalTransactionAdvisor'
[DEBUG] Returning cached instance of singleton bean 'org.springframework.transaction.config.internalTransactionAdvisor'
[DEBUG] Finished creating instance of bean 'sortResolver'
[DEBUG] Creating shared instance of singleton bean 'pageableResolver'
[DEBUG] Creating instance of bean 'pageableResolver'
[DEBUG] Returning cached instance of singleton bean 'org.springframework.transaction.config.internalTransactionAdvisor'
[DEBUG] Returning cached instance of singleton bean 'org.springframework.data.web.config.SpringDataWebConfiguration'
[DEBUG] Returning cached instance of singleton bean 'sortResolver'
[DEBUG] Eagerly caching bean 'pageableResolver' to allow for resolving potential circular references
[DEBUG] Returning cached instance of singleton bean 'org.springframework.transaction.config.internalTransactionAdvisor'
[DEBUG] Returning cached instance of singleton bean 'org.springframework.transaction.config.internalTransactionAdvisor'
[DEBUG] Finished creating instance of bean 'pageableResolver'
[DEBUG] Creating shared instance of singleton bean 'mvcConversionService'
[DEBUG] Creating instance of bean 'mvcConversionService'
[DEBUG] Returning cached instance of singleton bean 'org.springframework.transaction.config.internalTransactionAdvisor'
[DEBUG] Returning cached instance of singleton bean 'org.springframework.boot.autoconfigure.web.WebMvcAutoConfiguration$EnableWebMvcConfiguration'
[DEBUG] Returning cached instance of singleton bean 'alumnoRepository'
[DEBUG] Creating shared instance of singleton bean 'documentoRepository'
[DEBUG] Creating instance of bean 'documentoRepository'
[DEBUG] Returning cached instance of singleton bean 'org.springframework.transaction.config.internalTransactionAdvisor'
[DEBUG] Registered injected element on class [org.springframework.data.jpa.repository.support.JpaRepositoryFactoryBean]: PersistenceElement for public void org.springframework.data.jpa.repository.support.JpaRepositoryFactoryBean.setEntityManager(javax.persistence.EntityManager)
[DEBUG] Eagerly caching bean 'documentoRepository' to allow for resolving potential circular references
[DEBUG] Processing injected element of bean 'documentoRepository': PersistenceElement for public void org.springframework.data.jpa.repository.support.JpaRepositoryFactoryBean.setEntityManager(javax.persistence.EntityManager)
[DEBUG] Creating instance of bean '(inner bean)#422c4f88'
[DEBUG] Returning cached instance of singleton bean 'org.springframework.transaction.config.internalTransactionAdvisor'
[DEBUG] Creating instance of bean '(inner bean)#3689e2dc'
[DEBUG] Returning cached instance of singleton bean 'org.springframework.transaction.config.internalTransactionAdvisor'
[DEBUG] Resolved classpath location [META-INF/jpa-named-queries.properties] to resources []
[DEBUG] Invoking afterPropertiesSet() on bean with name '(inner bean)#3689e2dc'
[DEBUG] Returning cached instance of singleton bean 'org.springframework.transaction.config.internalTransactionAdvisor'
[DEBUG] Returning cached instance of singleton bean 'org.springframework.transaction.config.internalTransactionAdvisor'
[DEBUG] Finished creating instance of bean '(inner bean)#3689e2dc'
[DEBUG] Returning cached instance of singleton bean 'org.springframework.transaction.config.internalTransactionAdvisor'
[DEBUG] Returning cached instance of singleton bean 'org.springframework.transaction.config.internalTransactionAdvisor'
[DEBUG] Returning cached instance of singleton bean 'org.springframework.transaction.config.internalTransactionAdvisor'
[DEBUG] Returning cached instance of singleton bean 'org.springframework.transaction.config.internalTransactionAdvisor'
[DEBUG] Finished creating instance of bean '(inner bean)#422c4f88'
[DEBUG] Creating instance of bean '(inner bean)#1add1e61'
[DEBUG] Returning cached instance of singleton bean 'org.springframework.transaction.config.internalTransactionAdvisor'
[DEBUG] Returning cached instance of singleton bean 'org.springframework.transaction.config.internalTransactionAdvisor'
[DEBUG] Returning cached instance of singleton bean 'org.springframework.transaction.config.internalTransactionAdvisor'
[DEBUG] Finished creating instance of bean '(inner bean)#1add1e61'
[DEBUG] Creating instance of bean '(inner bean)#3aad52bd'
[DEBUG] Returning cached instance of singleton bean 'org.springframework.transaction.config.internalTransactionAdvisor'
[DEBUG] Returning cached instance of singleton bean 'entityManagerFactory'
[DEBUG] Returning cached instance of singleton bean 'org.springframework.transaction.config.internalTransactionAdvisor'
[DEBUG] Returning cached instance of singleton bean 'org.springframework.transaction.config.internalTransactionAdvisor'
[DEBUG] Finished creating instance of bean '(inner bean)#3aad52bd'
[DEBUG] Returning cached instance of singleton bean 'jpaMappingContext'
[DEBUG] Invoking afterPropertiesSet() on bean with name 'documentoRepository'
[DEBUG] Creating new EntityManager for shared EntityManager invocation
[DEBUG] Closing JPA EntityManager
[DEBUG] Creating new EntityManager for shared EntityManager invocation
[DEBUG] Closing JPA EntityManager
[DEBUG] Creating JDK dynamic proxy: target source is org.springframework.data.jpa.repository.support.CrudMethodMetadataPostProcessor$ThreadBoundTargetSource@529edfc0
[DEBUG] Creating new EntityManager for shared EntityManager invocation
[DEBUG] Closing JPA EntityManager
[DEBUG] Creating JDK dynamic proxy: target source is SingletonTargetSource for target object [org.springframework.data.jpa.repository.support.SimpleJpaRepository@702a6bfb]
[DEBUG] Returning cached instance of singleton bean 'org.springframework.transaction.config.internalTransactionAdvisor'
[DEBUG] Returning cached instance of singleton bean 'org.springframework.transaction.config.internalTransactionAdvisor'
[DEBUG] Finished creating instance of bean 'documentoRepository'
[DEBUG] Eagerly caching bean 'mvcConversionService' to allow for resolving potential circular references
[DEBUG] Returning cached instance of singleton bean 'org.springframework.transaction.config.internalTransactionAdvisor'
[DEBUG] Returning cached instance of singleton bean 'org.springframework.transaction.config.internalTransactionAdvisor'
[DEBUG] Finished creating instance of bean 'mvcConversionService'
[DEBUG] Returning cached instance of singleton bean 'mvcContentNegotiationManager'
[DEBUG] Returning cached instance of singleton bean 'mvcConversionService'
[DEBUG] Creating shared instance of singleton bean 'mvcValidator'
[DEBUG] Creating instance of bean 'mvcValidator'
[DEBUG] Returning cached instance of singleton bean 'org.springframework.transaction.config.internalTransactionAdvisor'
[DEBUG] Returning cached instance of singleton bean 'org.springframework.boot.autoconfigure.web.WebMvcAutoConfiguration$EnableWebMvcConfiguration'
[DEBUG] Eagerly caching bean 'mvcValidator' to allow for resolving potential circular references
[DEBUG] Invoking afterPropertiesSet() on bean with name 'mvcValidator'
[DEBUG] Found javax.persistence.Persistence on classpath containing 'getPersistenceUtil'. Assuming JPA 2 environment. Trying to instantiate JPA aware TraversableResolver
[DEBUG] Instantiated JPA aware TraversableResolver of type org.hibernate.validator.internal.engine.resolver.JPATraversableResolver.
[DEBUG] Setting custom MessageInterpolator of type org.springframework.validation.beanvalidation.LocaleContextMessageInterpolator
[DEBUG] Setting custom ConstraintValidatorFactory of type org.springframework.validation.beanvalidation.SpringConstraintValidatorFactory
[DEBUG] Setting custom ParameterNameProvider of type com.sun.proxy.$Proxy68
[DEBUG] Trying to load META-INF/validation.xml for XML based Validator configuration.
[DEBUG] Trying to load META-INF/validation.xml via user class loader
[DEBUG] Trying to load META-INF/validation.xml via TCCL
[DEBUG] Trying to load META-INF/validation.xml via Hibernate Validator's class loader
[DEBUG] No META-INF/validation.xml found. Using annotation based configuration only.
[DEBUG] Returning cached instance of singleton bean 'org.springframework.transaction.config.internalTransactionAdvisor'
[DEBUG] Returning cached instance of singleton bean 'org.springframework.transaction.config.internalTransactionAdvisor'
[DEBUG] Finished creating instance of bean 'mvcValidator'
[DEBUG] Eagerly caching bean 'requestMappingHandlerAdapter' to allow for resolving potential circular references
[DEBUG] Invoking afterPropertiesSet() on bean with name 'requestMappingHandlerAdapter'
[INFO] Looking for @ControllerAdvice: org.springframework.web.context.support.GenericWebApplicationContext@5be397e: startup date [Wed Jun 08 23:20:05 CDT 2016]; root of context hierarchy
[DEBUG] Returning cached instance of singleton bean 'org.springframework.transaction.config.internalTransactionAdvisor'
[DEBUG] Returning cached instance of singleton bean 'org.springframework.transaction.config.internalTransactionAdvisor'
[DEBUG] Finished creating instance of bean 'requestMappingHandlerAdapter'
[DEBUG] Creating shared instance of singleton bean 'requestMappingHandlerMapping'
[DEBUG] Creating instance of bean 'requestMappingHandlerMapping'
[DEBUG] Returning cached instance of singleton bean 'org.springframework.transaction.config.internalTransactionAdvisor'
[DEBUG] Returning cached instance of singleton bean 'org.springframework.boot.autoconfigure.web.WebMvcAutoConfiguration$EnableWebMvcConfiguration'
[DEBUG] Creating shared instance of singleton bean 'openEntityManagerInViewInterceptor'
[DEBUG] Creating instance of bean 'openEntityManagerInViewInterceptor'
[DEBUG] Returning cached instance of singleton bean 'org.springframework.transaction.config.internalTransactionAdvisor'
[DEBUG] Returning cached instance of singleton bean 'org.springframework.boot.autoconfigure.orm.jpa.JpaBaseConfiguration$JpaWebConfiguration$JpaWebMvcConfiguration'
[DEBUG] Eagerly caching bean 'openEntityManagerInViewInterceptor' to allow for resolving potential circular references
[DEBUG] Returning cached instance of singleton bean 'entityManagerFactory'
[DEBUG] Returning cached instance of singleton bean 'org.springframework.transaction.config.internalTransactionAdvisor'
[DEBUG] Returning cached instance of singleton bean 'org.springframework.transaction.config.internalTransactionAdvisor'
[DEBUG] Finished creating instance of bean 'openEntityManagerInViewInterceptor'
[DEBUG] Returning cached instance of singleton bean 'mvcConversionService'
[DEBUG] Creating shared instance of singleton bean 'mvcResourceUrlProvider'
[DEBUG] Creating instance of bean 'mvcResourceUrlProvider'
[DEBUG] Returning cached instance of singleton bean 'org.springframework.transaction.config.internalTransactionAdvisor'
[DEBUG] Returning cached instance of singleton bean 'org.springframework.boot.autoconfigure.web.WebMvcAutoConfiguration$EnableWebMvcConfiguration'
[DEBUG] Eagerly caching bean 'mvcResourceUrlProvider' to allow for resolving potential circular references
[DEBUG] Returning cached instance of singleton bean 'org.springframework.transaction.config.internalTransactionAdvisor'
[DEBUG] Returning cached instance of singleton bean 'org.springframework.transaction.config.internalTransactionAdvisor'
[DEBUG] Finished creating instance of bean 'mvcResourceUrlProvider'
[DEBUG] Returning cached instance of singleton bean 'mvcContentNegotiationManager'
[DEBUG] Eagerly caching bean 'requestMappingHandlerMapping' to allow for resolving potential circular references
[DEBUG] Invoking afterPropertiesSet() on bean with name 'requestMappingHandlerMapping'
[DEBUG] Looking for request mappings in application context: org.springframework.web.context.support.GenericWebApplicationContext@5be397e: startup date [Wed Jun 08 23:20:05 CDT 2016]; root of context hierarchy
[DEBUG] 2 request handler methods found on class social.edu.uacm.controller.PeticionController: {public java.lang.String social.edu.uacm.controller.PeticionController.redireccionar()={[/peticion/sesion],methods=[POST]}, public java.lang.String social.edu.uacm.controller.PeticionController.recibirParametros(social.edu.uacm.domain.Alumno)={[/peticion/index],methods=[POST]}}
[INFO] Mapped "{[/peticion/sesion],methods=[POST]}" onto public java.lang.String social.edu.uacm.controller.PeticionController.redireccionar()
[INFO] Mapped "{[/peticion/index],methods=[POST]}" onto public java.lang.String social.edu.uacm.controller.PeticionController.recibirParametros(social.edu.uacm.domain.Alumno)
[DEBUG] Searching for key 'error.path:/error' in [environmentProperties]
[DEBUG] Searching for key 'error.path:/error' in [systemProperties]
[DEBUG] Searching for key 'error.path:/error' in [systemEnvironment]
[DEBUG] Searching for key 'error.path:/error' in [random]
[DEBUG] Searching for key 'error.path:/error' in [integrationTest]
[DEBUG] Searching for key 'error.path:/error' in [applicationConfig: [classpath:/application.properties]]
[DEBUG] Could not find key 'error.path:/error' in any property source. Returning [null]
[DEBUG] Searching for key 'error.path:/error' in [localProperties]
[DEBUG] Could not find key 'error.path:/error' in any property source. Returning [null]
[DEBUG] Searching for key 'error.path' in [environmentProperties]
[DEBUG] Searching for key 'error.path' in [systemProperties]
[DEBUG] Searching for key 'error.path' in [systemEnvironment]
[DEBUG] Searching for key 'error.path' in [random]
[DEBUG] Searching for key 'error.path' in [integrationTest]
[DEBUG] Searching for key 'error.path' in [applicationConfig: [classpath:/application.properties]]
[DEBUG] Could not find key 'error.path' in any property source. Returning [null]
[DEBUG] Searching for key 'error.path' in [localProperties]
[DEBUG] Could not find key 'error.path' in any property source. Returning [null]
[DEBUG] Searching for key 'server.error.path:/error' in [environmentProperties]
[DEBUG] Searching for key 'server.error.path:/error' in [systemProperties]
[DEBUG] Searching for key 'server.error.path:/error' in [systemEnvironment]
[DEBUG] Searching for key 'server.error.path:/error' in [random]
[DEBUG] Searching for key 'server.error.path:/error' in [integrationTest]
[DEBUG] Searching for key 'server.error.path:/error' in [applicationConfig: [classpath:/application.properties]]
[DEBUG] Could not find key 'server.error.path:/error' in any property source. Returning [null]
[DEBUG] Searching for key 'server.error.path:/error' in [localProperties]
[DEBUG] Could not find key 'server.error.path:/error' in any property source. Returning [null]
[DEBUG] Searching for key 'server.error.path' in [environmentProperties]
[DEBUG] Searching for key 'server.error.path' in [systemProperties]
[DEBUG] Searching for key 'server.error.path' in [systemEnvironment]
[DEBUG] Searching for key 'server.error.path' in [random]
[DEBUG] Searching for key 'server.error.path' in [integrationTest]
[DEBUG] Searching for key 'server.error.path' in [applicationConfig: [classpath:/application.properties]]
[DEBUG] Could not find key 'server.error.path' in any property source. Returning [null]
[DEBUG] Searching for key 'server.error.path' in [localProperties]
[DEBUG] Could not find key 'server.error.path' in any property source. Returning [null]
[DEBUG] Searching for key 'error.path:/error' in [environmentProperties]
[DEBUG] Searching for key 'error.path:/error' in [systemProperties]
[DEBUG] Searching for key 'error.path:/error' in [systemEnvironment]
[DEBUG] Searching for key 'error.path:/error' in [random]
[DEBUG] Searching for key 'error.path:/error' in [integrationTest]
[DEBUG] Searching for key 'error.path:/error' in [applicationConfig: [classpath:/application.properties]]
[DEBUG] Could not find key 'error.path:/error' in any property source. Returning [null]
[DEBUG] Searching for key 'error.path:/error' in [localProperties]
[DEBUG] Could not find key 'error.path:/error' in any property source. Returning [null]
[DEBUG] Searching for key 'error.path' in [environmentProperties]
[DEBUG] Searching for key 'error.path' in [systemProperties]
[DEBUG] Searching for key 'error.path' in [systemEnvironment]
[DEBUG] Searching for key 'error.path' in [random]
[DEBUG] Searching for key 'error.path' in [integrationTest]
[DEBUG] Searching for key 'error.path' in [applicationConfig: [classpath:/application.properties]]
[DEBUG] Could not find key 'error.path' in any property source. Returning [null]
[DEBUG] Searching for key 'error.path' in [localProperties]
[DEBUG] Could not find key 'error.path' in any property source. Returning [null]
[DEBUG] Searching for key 'server.error.path:/error' in [environmentProperties]
[DEBUG] Searching for key 'server.error.path:/error' in [systemProperties]
[DEBUG] Searching for key 'server.error.path:/error' in [systemEnvironment]
[DEBUG] Searching for key 'server.error.path:/error' in [random]
[DEBUG] Searching for key 'server.error.path:/error' in [integrationTest]
[DEBUG] Searching for key 'server.error.path:/error' in [applicationConfig: [classpath:/application.properties]]
[DEBUG] Could not find key 'server.error.path:/error' in any property source. Returning [null]
[DEBUG] Searching for key 'server.error.path:/error' in [localProperties]
[DEBUG] Could not find key 'server.error.path:/error' in any property source. Returning [null]
[DEBUG] Searching for key 'server.error.path' in [environmentProperties]
[DEBUG] Searching for key 'server.error.path' in [systemProperties]
[DEBUG] Searching for key 'server.error.path' in [systemEnvironment]
[DEBUG] Searching for key 'server.error.path' in [random]
[DEBUG] Searching for key 'server.error.path' in [integrationTest]
[DEBUG] Searching for key 'server.error.path' in [applicationConfig: [classpath:/application.properties]]
[DEBUG] Could not find key 'server.error.path' in any property source. Returning [null]
[DEBUG] Searching for key 'server.error.path' in [localProperties]
[DEBUG] Could not find key 'server.error.path' in any property source. Returning [null]
[DEBUG] 2 request handler methods found on class org.springframework.boot.autoconfigure.web.BasicErrorController: {public org.springframework.http.ResponseEntity org.springframework.boot.autoconfigure.web.BasicErrorController.error(javax.servlet.http.HttpServletRequest)={[/error]}, public org.springframework.web.servlet.ModelAndView org.springframework.boot.autoconfigure.web.BasicErrorController.errorHtml(javax.servlet.http.HttpServletRequest,javax.servlet.http.HttpServletResponse)={[/error],produces=[text/html]}}
[INFO] Mapped "{[/error]}" onto public org.springframework.http.ResponseEntity<java.util.Map<java.lang.String, java.lang.Object>> org.springframework.boot.autoconfigure.web.BasicErrorController.error(javax.servlet.http.HttpServletRequest)
[INFO] Mapped "{[/error],produces=[text/html]}" onto public org.springframework.web.servlet.ModelAndView org.springframework.boot.autoconfigure.web.BasicErrorController.errorHtml(javax.servlet.http.HttpServletRequest,javax.servlet.http.HttpServletResponse)
[DEBUG] Returning cached instance of singleton bean 'org.springframework.transaction.config.internalTransactionAdvisor'
[DEBUG] Returning cached instance of singleton bean 'org.springframework.transaction.config.internalTransactionAdvisor'
[DEBUG] Finished creating instance of bean 'requestMappingHandlerMapping'
[DEBUG] Returning cached instance of singleton bean 'mvcContentNegotiationManager'
[DEBUG] Creating shared instance of singleton bean 'viewControllerHandlerMapping'
[DEBUG] Creating instance of bean 'viewControllerHandlerMapping'
[DEBUG] Returning cached instance of singleton bean 'org.springframework.transaction.config.internalTransactionAdvisor'
[DEBUG] Returning cached instance of singleton bean 'org.springframework.boot.autoconfigure.web.WebMvcAutoConfiguration$EnableWebMvcConfiguration'
[DEBUG] Creating shared instance of singleton bean 'mvcPathMatcher'
[DEBUG] Creating instance of bean 'mvcPathMatcher'
[DEBUG] Returning cached instance of singleton bean 'org.springframework.transaction.config.internalTransactionAdvisor'
[DEBUG] Returning cached instance of singleton bean 'org.springframework.boot.autoconfigure.web.WebMvcAutoConfiguration$EnableWebMvcConfiguration'
[DEBUG] Eagerly caching bean 'mvcPathMatcher' to allow for resolving potential circular references
[DEBUG] Returning cached instance of singleton bean 'org.springframework.transaction.config.internalTransactionAdvisor'
[DEBUG] Returning cached instance of singleton bean 'org.springframework.transaction.config.internalTransactionAdvisor'
[DEBUG] Finished creating instance of bean 'mvcPathMatcher'
[DEBUG] Creating shared instance of singleton bean 'mvcUrlPathHelper'
[DEBUG] Creating instance of bean 'mvcUrlPathHelper'
[DEBUG] Returning cached instance of singleton bean 'org.springframework.transaction.config.internalTransactionAdvisor'
[DEBUG] Returning cached instance of singleton bean 'org.springframework.boot.autoconfigure.web.WebMvcAutoConfiguration$EnableWebMvcConfiguration'
[DEBUG] Eagerly caching bean 'mvcUrlPathHelper' to allow for resolving potential circular references
[DEBUG] Returning cached instance of singleton bean 'org.springframework.transaction.config.internalTransactionAdvisor'
[DEBUG] Returning cached instance of singleton bean 'org.springframework.transaction.config.internalTransactionAdvisor'
[DEBUG] Finished creating instance of bean 'mvcUrlPathHelper'
[DEBUG] Eagerly caching bean 'viewControllerHandlerMapping' to allow for resolving potential circular references
[INFO] Mapped URL path [/sesion.html] onto handler of type [class org.springframework.web.servlet.mvc.ParameterizableViewController]
[INFO] Root mapping to handler of type [class org.springframework.web.servlet.mvc.ParameterizableViewController]
[INFO] Mapped URL path [/registro.html] onto handler of type [class org.springframework.web.servlet.mvc.ParameterizableViewController]
[INFO] Mapped URL path [/index.html] onto handler of type [class org.springframework.web.servlet.mvc.ParameterizableViewController]
[INFO] Mapped URL path [/eventos.html] onto handler of type [class org.springframework.web.servlet.mvc.ParameterizableViewController]
[INFO] Mapped URL path [/ingenieria.html] onto handler of type [class org.springframework.web.servlet.mvc.ParameterizableViewController]
[INFO] Mapped URL path [/certificaciones.html] onto handler of type [class org.springframework.web.servlet.mvc.ParameterizableViewController]
[DEBUG] Returning cached instance of singleton bean 'org.springframework.transaction.config.internalTransactionAdvisor'
[DEBUG] Returning cached instance of singleton bean 'org.springframework.transaction.config.internalTransactionAdvisor'
[DEBUG] Finished creating instance of bean 'viewControllerHandlerMapping'
[DEBUG] Creating shared instance of singleton bean 'beanNameHandlerMapping'
[DEBUG] Creating instance of bean 'beanNameHandlerMapping'
[DEBUG] Returning cached instance of singleton bean 'org.springframework.transaction.config.internalTransactionAdvisor'
[DEBUG] Returning cached instance of singleton bean 'org.springframework.boot.autoconfigure.web.WebMvcAutoConfiguration$EnableWebMvcConfiguration'
[DEBUG] Eagerly caching bean 'beanNameHandlerMapping' to allow for resolving potential circular references
[DEBUG] Looking for URL mappings in application context: org.springframework.web.context.support.GenericWebApplicationContext@5be397e: startup date [Wed Jun 08 23:20:05 CDT 2016]; root of context hierarchy
[DEBUG] Rejected bean name 'org.springframework.context.annotation.internalConfigurationAnnotationProcessor': no URL paths identified
[DEBUG] Rejected bean name 'org.springframework.context.annotation.internalAutowiredAnnotationProcessor': no URL paths identified
[DEBUG] Rejected bean name 'org.springframework.context.annotation.internalRequiredAnnotationProcessor': no URL paths identified
[DEBUG] Rejected bean name 'org.springframework.context.annotation.internalCommonAnnotationProcessor': no URL paths identified
[DEBUG] Rejected bean name 'org.springframework.context.annotation.internalPersistenceAnnotationProcessor': no URL paths identified
[DEBUG] Rejected bean name 'org.springframework.context.event.internalEventListenerProcessor': no URL paths identified
[DEBUG] Rejected bean name 'org.springframework.context.event.internalEventListenerFactory': no URL paths identified
[DEBUG] Rejected bean name 'application': no URL paths identified
[DEBUG] Rejected bean name 'org.springframework.context.annotation.ConfigurationClassPostProcessor.importAwareProcessor': no URL paths identified
[DEBUG] Rejected bean name 'org.springframework.context.annotation.ConfigurationClassPostProcessor.enhancedConfigurationProcessor': no URL paths identified
[DEBUG] Rejected bean name 'peticionController': no URL paths identified
[DEBUG] Rejected bean name 'alumnoDaoImpl': no URL paths identified
[DEBUG] Rejected bean name 'alumnoRepositorio': no URL paths identified
[DEBUG] Rejected bean name 'mvcConfig': no URL paths identified
[DEBUG] Rejected bean name 'userDetailsService': no URL paths identified
[DEBUG] Rejected bean name 'peticionServiceImpl': no URL paths identified
[DEBUG] Rejected bean name 'myAuthenticationSuccessHandler': no URL paths identified
[DEBUG] Rejected bean name 'webSecurityConfig': no URL paths identified
[DEBUG] Rejected bean name 'org.springframework.security.config.annotation.authentication.configuration.AuthenticationConfiguration': no URL paths identified
[DEBUG] Rejected bean name 'authenticationManagerBuilder': no URL paths identified
[DEBUG] Rejected bean name 'enableGlobalAuthenticationAutowiredConfigurer': no URL paths identified
[DEBUG] Rejected bean name 'org.springframework.security.config.annotation.web.configuration.WebSecurityConfiguration': no URL paths identified
[DEBUG] Rejected bean name 'delegatingApplicationListener': no URL paths identified
[DEBUG] Rejected bean name 'webSecurityExpressionHandler': no URL paths identified
[DEBUG] Rejected bean name 'springSecurityFilterChain': no URL paths identified
[DEBUG] Rejected bean name 'privilegeEvaluator': no URL paths identified
[DEBUG] Rejected bean name 'autowiredWebSecurityConfigurersIgnoreParents': no URL paths identified
[DEBUG] Rejected bean name 'org.springframework.security.config.annotation.configuration.ObjectPostProcessorConfiguration': no URL paths identified
[DEBUG] Rejected bean name 'objectPostProcessor': no URL paths identified
[DEBUG] Rejected bean name 'org.springframework.security.config.annotation.web.configuration.WebMvcSecurityConfiguration': no URL paths identified
[DEBUG] Rejected bean name 'requestDataValueProcessor': no URL paths identified
[DEBUG] Rejected bean name 'authProvider': no URL paths identified
[DEBUG] Rejected bean name 'org.springframework.boot.autoconfigure.AutoConfigurationPackages': no URL paths identified
[DEBUG] Rejected bean name 'org.springframework.boot.autoconfigure.PropertyPlaceholderAutoConfiguration': no URL paths identified
[DEBUG] Rejected bean name 'org.springframework.boot.autoconfigure.condition.BeanTypeRegistry': no URL paths identified
[DEBUG] Rejected bean name 'propertySourcesPlaceholderConfigurer': no URL paths identified
[DEBUG] Rejected bean name 'org.springframework.boot.autoconfigure.websocket.WebSocketAutoConfiguration$TomcatWebSocketConfiguration': no URL paths identified
[DEBUG] Rejected bean name 'websocketContainerCustomizer': no URL paths identified
[DEBUG] Rejected bean name 'org.springframework.boot.autoconfigure.websocket.WebSocketAutoConfiguration': no URL paths identified
[DEBUG] Rejected bean name 'org.springframework.boot.autoconfigure.web.EmbeddedServletContainerAutoConfiguration$EmbeddedTomcat': no URL paths identified
[DEBUG] Rejected bean name 'tomcatEmbeddedServletContainerFactory': no URL paths identified
[DEBUG] Rejected bean name 'org.springframework.boot.autoconfigure.web.EmbeddedServletContainerAutoConfiguration': no URL paths identified
[DEBUG] Rejected bean name 'embeddedServletContainerCustomizerBeanPostProcessor': no URL paths identified
[DEBUG] Rejected bean name 'org.springframework.boot.autoconfigure.web.DispatcherServletAutoConfiguration$DispatcherServletConfiguration': no URL paths identified
[DEBUG] Rejected bean name 'dispatcherServlet': no URL paths identified
[DEBUG] Rejected bean name 'dispatcherServletRegistration': no URL paths identified
[DEBUG] Rejected bean name 'spring.mvc.CONFIGURATION_PROPERTIES': no URL paths identified
[DEBUG] Rejected bean name 'org.springframework.boot.context.properties.ConfigurationPropertiesBindingPostProcessor': no URL paths identified
[DEBUG] Rejected bean name 'org.springframework.boot.context.properties.ConfigurationPropertiesBindingPostProcessor.store': no URL paths identified
[DEBUG] Rejected bean name 'org.springframework.boot.autoconfigure.web.DispatcherServletAutoConfiguration': no URL paths identified
[DEBUG] Rejected bean name 'org.springframework.boot.autoconfigure.web.ErrorMvcAutoConfiguration': no URL paths identified
[DEBUG] Rejected bean name 'errorAttributes': no URL paths identified
[DEBUG] Rejected bean name 'basicErrorController': no URL paths identified
[DEBUG] Rejected bean name 'errorPageCustomizer': no URL paths identified
[DEBUG] Rejected bean name 'preserveErrorControllerTargetClassPostProcessor': no URL paths identified
[DEBUG] Rejected bean name 'org.springframework.boot.autoconfigure.web.WebMvcAutoConfiguration$EnableWebMvcConfiguration': no URL paths identified
[DEBUG] Rejected bean name 'requestMappingHandlerAdapter': no URL paths identified
[DEBUG] Rejected bean name 'requestMappingHandlerMapping': no URL paths identified
[DEBUG] Rejected bean name 'mvcContentNegotiationManager': no URL paths identified
[DEBUG] Rejected bean name 'viewControllerHandlerMapping': no URL paths identified
[DEBUG] Rejected bean name 'beanNameHandlerMapping': no URL paths identified
[DEBUG] Rejected bean name 'resourceHandlerMapping': no URL paths identified
[DEBUG] Rejected bean name 'mvcResourceUrlProvider': no URL paths identified
[DEBUG] Rejected bean name 'defaultServletHandlerMapping': no URL paths identified
[DEBUG] Rejected bean name 'mvcConversionService': no URL paths identified
[DEBUG] Rejected bean name 'mvcValidator': no URL paths identified
[DEBUG] Rejected bean name 'mvcPathMatcher': no URL paths identified
[DEBUG] Rejected bean name 'mvcUrlPathHelper': no URL paths identified
[DEBUG] Rejected bean name 'mvcUriComponentsContributor': no URL paths identified
[DEBUG] Rejected bean name 'httpRequestHandlerAdapter': no URL paths identified
[DEBUG] Rejected bean name 'simpleControllerHandlerAdapter': no URL paths identified
[DEBUG] Rejected bean name 'handlerExceptionResolver': no URL paths identified
[DEBUG] Rejected bean name 'mvcViewResolver': no URL paths identified
[DEBUG] Rejected bean name 'org.springframework.boot.autoconfigure.web.WebMvcAutoConfiguration$WebMvcAutoConfigurationAdapter$FaviconConfiguration': no URL paths identified
[DEBUG] Rejected bean name 'faviconHandlerMapping': no URL paths identified
[DEBUG] Rejected bean name 'faviconRequestHandler': no URL paths identified
[DEBUG] Rejected bean name 'org.springframework.boot.autoconfigure.web.WebMvcAutoConfiguration$WebMvcAutoConfigurationAdapter': no URL paths identified
[DEBUG] Rejected bean name 'defaultViewResolver': no URL paths identified
[DEBUG] Rejected bean name 'requestContextFilter': no URL paths identified
[DEBUG] Rejected bean name 'viewResolver': no URL paths identified
[DEBUG] Rejected bean name 'spring.resources.CONFIGURATION_PROPERTIES': no URL paths identified
[DEBUG] Rejected bean name 'org.springframework.boot.autoconfigure.web.WebMvcAutoConfiguration': no URL paths identified
[DEBUG] Rejected bean name 'hiddenHttpMethodFilter': no URL paths identified
[DEBUG] Rejected bean name 'httpPutFormContentFilter': no URL paths identified
[DEBUG] Rejected bean name 'org.springframework.boot.autoconfigure.aop.AopAutoConfiguration$JdkDynamicAutoProxyConfiguration': no URL paths identified
[DEBUG] Rejected bean name 'org.springframework.aop.config.internalAutoProxyCreator': no URL paths identified
[DEBUG] Rejected bean name 'org.springframework.boot.autoconfigure.aop.AopAutoConfiguration': no URL paths identified
[DEBUG] Rejected bean name 'org.springframework.boot.autoconfigure.transaction.jta.JtaAutoConfiguration': no URL paths identified
[DEBUG] Rejected bean name 'spring.jta.CONFIGURATION_PROPERTIES': no URL paths identified
[DEBUG] Rejected bean name 'org.springframework.boot.autoconfigure.jdbc.DataSourceAutoConfiguration$JdbcTemplateConfiguration': no URL paths identified
[DEBUG] Rejected bean name 'jdbcTemplate': no URL paths identified
[DEBUG] Rejected bean name 'namedParameterJdbcTemplate': no URL paths identified
[DEBUG] Rejected bean name 'org.springframework.boot.autoconfigure.jdbc.DataSourceAutoConfiguration$NonEmbeddedConfiguration': no URL paths identified
[DEBUG] Rejected bean name 'dataSource': no URL paths identified
[DEBUG] Rejected bean name 'org.springframework.boot.autoconfigure.jdbc.DataSourceAutoConfiguration$DataSourceInitializerConfiguration': no URL paths identified
[DEBUG] Rejected bean name 'dataSourceInitializer': no URL paths identified
[DEBUG] Rejected bean name 'org.springframework.boot.autoconfigure.jdbc.metadata.DataSourcePoolMetadataProvidersConfiguration$TomcatDataSourcePoolMetadataProviderConfiguration': no URL paths identified
[DEBUG] Rejected bean name 'tomcatPoolDataSourceMetadataProvider': no URL paths identified
[DEBUG] Rejected bean name 'org.springframework.boot.autoconfigure.jdbc.metadata.DataSourcePoolMetadataProvidersConfiguration': no URL paths identified
[DEBUG] Rejected bean name 'org.springframework.boot.autoconfigure.jdbc.DataSourceAutoConfiguration': no URL paths identified
[DEBUG] Rejected bean name 'spring.datasource.CONFIGURATION_PROPERTIES': no URL paths identified
[DEBUG] Rejected bean name 'dataSourceInitializerPostProcessor': no URL paths identified
[DEBUG] Rejected bean name 'org.springframework.boot.autoconfigure.orm.jpa.JpaBaseConfiguration$JpaWebConfiguration$JpaWebMvcConfiguration': no URL paths identified
[DEBUG] Rejected bean name 'openEntityManagerInViewInterceptor': no URL paths identified
[DEBUG] Rejected bean name 'org.springframework.boot.autoconfigure.orm.jpa.JpaBaseConfiguration$JpaWebConfiguration': no URL paths identified
[DEBUG] Rejected bean name 'org.springframework.boot.autoconfigure.orm.jpa.HibernateJpaAutoConfiguration': no URL paths identified
[DEBUG] Rejected bean name 'transactionManager': no URL paths identified
[DEBUG] Rejected bean name 'jpaVendorAdapter': no URL paths identified
[DEBUG] Rejected bean name 'entityManagerFactoryBuilder': no URL paths identified
[DEBUG] Rejected bean name 'entityManagerFactory': no URL paths identified
[DEBUG] Rejected bean name 'spring.jpa.CONFIGURATION_PROPERTIES': no URL paths identified
[DEBUG] Rejected bean name 'dataSourceInitializedPublisher': no URL paths identified
[DEBUG] Rejected bean name 'org.springframework.boot.autoconfigure.context.ConfigurationPropertiesAutoConfiguration': no URL paths identified
[DEBUG] Rejected bean name 'org.springframework.boot.autoconfigure.dao.PersistenceExceptionTranslationAutoConfiguration': no URL paths identified
[DEBUG] Rejected bean name 'persistenceExceptionTranslationPostProcessor': no URL paths identified
[DEBUG] Rejected bean name 'org.springframework.boot.autoconfigure.data.jpa.JpaRepositoriesAutoConfiguration': no URL paths identified
[DEBUG] Rejected bean name 'org.springframework.data.repository.core.support.RepositoryInterfaceAwareBeanPostProcessor': no URL paths identified
[DEBUG] Rejected bean name 'emBeanDefinitionRegistrarPostProcessor': no URL paths identified
[DEBUG] Rejected bean name 'jpaMappingContext': no URL paths identified
[DEBUG] Rejected bean name 'jpaContext': no URL paths identified
[DEBUG] Rejected bean name 'alumnoRepository': no URL paths identified
[DEBUG] Rejected bean name 'documentoRepository': no URL paths identified
[DEBUG] Rejected bean name 'org.springframework.boot.autoconfigure.jackson.JacksonAutoConfiguration$JacksonObjectMapperBuilderConfiguration': no URL paths identified
[DEBUG] Rejected bean name 'jacksonObjectMapperBuilder': no URL paths identified
[DEBUG] Rejected bean name 'spring.jackson.CONFIGURATION_PROPERTIES': no URL paths identified
[DEBUG] Rejected bean name 'org.springframework.boot.autoconfigure.jackson.JacksonAutoConfiguration$JacksonObjectMapperConfiguration': no URL paths identified
[DEBUG] Rejected bean name 'jacksonObjectMapper': no URL paths identified
[DEBUG] Rejected bean name 'org.springframework.boot.autoconfigure.jackson.JacksonAutoConfiguration': no URL paths identified
[DEBUG] Rejected bean name 'org.springframework.boot.autoconfigure.web.HttpMessageConvertersAutoConfiguration$StringHttpMessageConverterConfiguration': no URL paths identified
[DEBUG] Rejected bean name 'stringHttpMessageConverter': no URL paths identified
[DEBUG] Rejected bean name 'spring.http.encoding.CONFIGURATION_PROPERTIES': no URL paths identified
[DEBUG] Rejected bean name 'org.springframework.boot.autoconfigure.web.JacksonHttpMessageConvertersConfiguration$MappingJackson2HttpMessageConverterConfiguration': no URL paths identified
[DEBUG] Rejected bean name 'mappingJackson2HttpMessageConverter': no URL paths identified
[DEBUG] Rejected bean name 'org.springframework.boot.autoconfigure.web.JacksonHttpMessageConvertersConfiguration': no URL paths identified
[DEBUG] Rejected bean name 'org.springframework.boot.autoconfigure.web.HttpMessageConvertersAutoConfiguration': no URL paths identified
[DEBUG] Rejected bean name 'messageConverters': no URL paths identified
[DEBUG] Rejected bean name 'org.springframework.data.web.config.SpringDataWebConfiguration': no URL paths identified
[DEBUG] Rejected bean name 'pageableResolver': no URL paths identified
[DEBUG] Rejected bean name 'sortResolver': no URL paths identified
[DEBUG] Rejected bean name 'org.springframework.data.web.config.SpringDataJacksonConfiguration': no URL paths identified
[DEBUG] Rejected bean name 'jacksonGeoModule': no URL paths identified
[DEBUG] Rejected bean name 'org.springframework.boot.autoconfigure.data.web.SpringDataWebAutoConfiguration': no URL paths identified
[DEBUG] Rejected bean name 'org.springframework.boot.autoconfigure.security.AuthenticationManagerConfiguration$AuthenticationManagerConfigurationListener': no URL paths identified
[DEBUG] Rejected bean name 'org.springframework.boot.autoconfigure.security.AuthenticationManagerConfiguration': no URL paths identified
[DEBUG] Rejected bean name 'authenticationManager': no URL paths identified
[DEBUG] Rejected bean name 'springBootAuthenticationConfigurerAdapter': no URL paths identified
[DEBUG] Rejected bean name 'org.springframework.boot.autoconfigure.security.BootGlobalAuthenticationConfiguration': no URL paths identified
[DEBUG] Rejected bean name 'bootGlobalAuthenticationConfigurationAdapter': no URL paths identified
[DEBUG] Rejected bean name 'org.springframework.boot.autoconfigure.security.SecurityAutoConfiguration': no URL paths identified
[DEBUG] Rejected bean name 'authenticationEventPublisher': no URL paths identified
[DEBUG] Rejected bean name 'securityProperties': no URL paths identified
[DEBUG] Rejected bean name 'org.springframework.transaction.annotation.ProxyTransactionManagementConfiguration': no URL paths identified
[DEBUG] Rejected bean name 'org.springframework.transaction.config.internalTransactionAdvisor': no URL paths identified
[DEBUG] Rejected bean name 'transactionAttributeSource': no URL paths identified
[DEBUG] Rejected bean name 'transactionInterceptor': no URL paths identified
[DEBUG] Rejected bean name 'org.springframework.transaction.config.internalTransactionalEventListenerFactory': no URL paths identified
[DEBUG] Rejected bean name 'org.springframework.boot.autoconfigure.jdbc.DataSourceTransactionManagerAutoConfiguration$TransactionManagementConfiguration': no URL paths identified
[DEBUG] Rejected bean name 'org.springframework.boot.autoconfigure.jdbc.DataSourceTransactionManagerAutoConfiguration': no URL paths identified
[DEBUG] Rejected bean name 'org.springframework.boot.autoconfigure.thymeleaf.ThymeleafAutoConfiguration$ThymeleafResourceHandlingConfig': no URL paths identified
[DEBUG] Rejected bean name 'org.springframework.boot.autoconfigure.thymeleaf.ThymeleafAutoConfiguration$ThymeleafViewResolverConfiguration': no URL paths identified
[DEBUG] Rejected bean name 'thymeleafViewResolver': no URL paths identified
[DEBUG] Rejected bean name 'org.springframework.boot.autoconfigure.thymeleaf.ThymeleafAutoConfiguration$ThymeleafDefaultConfiguration': no URL paths identified
[DEBUG] Rejected bean name 'templateEngine': no URL paths identified
[DEBUG] Rejected bean name 'org.springframework.boot.autoconfigure.thymeleaf.ThymeleafAutoConfiguration$DefaultTemplateResolverConfiguration': no URL paths identified
[DEBUG] Rejected bean name 'defaultTemplateResolver': no URL paths identified
[DEBUG] Rejected bean name 'thymeleafResourceResolver': no URL paths identified
[DEBUG] Rejected bean name 'org.springframework.boot.autoconfigure.thymeleaf.ThymeleafAutoConfiguration': no URL paths identified
[DEBUG] Rejected bean name 'spring.thymeleaf.CONFIGURATION_PROPERTIES': no URL paths identified
[DEBUG] Rejected bean name 'org.springframework.boot.autoconfigure.security.SecurityFilterAutoConfiguration': no URL paths identified
[DEBUG] Rejected bean name 'securityFilterChainRegistration': no URL paths identified
[DEBUG] Rejected bean name 'org.springframework.boot.autoconfigure.transaction.TransactionAutoConfiguration': no URL paths identified
[DEBUG] Rejected bean name 'transactionTemplate': no URL paths identified
[DEBUG] Rejected bean name 'org.springframework.boot.autoconfigure.web.HttpEncodingAutoConfiguration': no URL paths identified
[DEBUG] Rejected bean name 'characterEncodingFilter': no URL paths identified
[DEBUG] Rejected bean name 'org.springframework.boot.autoconfigure.web.MultipartAutoConfiguration': no URL paths identified
[DEBUG] Rejected bean name 'multipartConfigElement': no URL paths identified
[DEBUG] Rejected bean name 'multipartResolver': no URL paths identified
[DEBUG] Rejected bean name 'multipart.CONFIGURATION_PROPERTIES': no URL paths identified
[DEBUG] Rejected bean name 'org.springframework.boot.autoconfigure.web.ServerPropertiesAutoConfiguration': no URL paths identified
[DEBUG] Rejected bean name 'serverProperties': no URL paths identified
[DEBUG] Rejected bean name 'duplicateServerPropertiesDetector': no URL paths identified
[DEBUG] Rejected bean name 'org.springframework.orm.jpa.SharedEntityManagerCreator#0': no URL paths identified
[DEBUG] Rejected bean name 'autoConfigurationReport': no URL paths identified
[DEBUG] Rejected bean name 'applicationEventMulticaster': no URL paths identified
[DEBUG] Rejected bean name 'springApplicationArguments': no URL paths identified
[DEBUG] Rejected bean name 'springBootLoggingSystem': no URL paths identified
[DEBUG] Rejected bean name 'environment': no URL paths identified
[DEBUG] Rejected bean name 'systemProperties': no URL paths identified
[DEBUG] Rejected bean name 'systemEnvironment': no URL paths identified
[DEBUG] Rejected bean name 'servletContext': no URL paths identified
[DEBUG] Rejected bean name 'contextParameters': no URL paths identified
[DEBUG] Rejected bean name 'contextAttributes': no URL paths identified
[DEBUG] Rejected bean name 'org.springframework.context.annotation.ConfigurationClassPostProcessor.importRegistry': no URL paths identified
[DEBUG] Rejected bean name 'messageSource': no URL paths identified
[DEBUG] Returning cached instance of singleton bean 'org.springframework.transaction.config.internalTransactionAdvisor'
[DEBUG] Returning cached instance of singleton bean 'org.springframework.transaction.config.internalTransactionAdvisor'
[DEBUG] Finished creating instance of bean 'beanNameHandlerMapping'
[DEBUG] Creating shared instance of singleton bean 'resourceHandlerMapping'
[DEBUG] Creating instance of bean 'resourceHandlerMapping'
[DEBUG] Returning cached instance of singleton bean 'org.springframework.transaction.config.internalTransactionAdvisor'
[DEBUG] Returning cached instance of singleton bean 'org.springframework.boot.autoconfigure.web.WebMvcAutoConfiguration$EnableWebMvcConfiguration'
[DEBUG] Returning cached instance of singleton bean 'mvcPathMatcher'
[DEBUG] Returning cached instance of singleton bean 'mvcUrlPathHelper'
[DEBUG] Returning cached instance of singleton bean 'mvcResourceUrlProvider'
[DEBUG] Eagerly caching bean 'resourceHandlerMapping' to allow for resolving potential circular references
[INFO] Mapped URL path [/webjars/**] onto handler of type [class org.springframework.web.servlet.resource.ResourceHttpRequestHandler]
[INFO] Mapped URL path [/**] onto handler of type [class org.springframework.web.servlet.resource.ResourceHttpRequestHandler]
[DEBUG] Returning cached instance of singleton bean 'org.springframework.transaction.config.internalTransactionAdvisor'
[DEBUG] Returning cached instance of singleton bean 'org.springframework.transaction.config.internalTransactionAdvisor'
[DEBUG] Finished creating instance of bean 'resourceHandlerMapping'
[DEBUG] Returning cached instance of singleton bean 'mvcResourceUrlProvider'
[DEBUG] Creating shared instance of singleton bean 'defaultServletHandlerMapping'
[DEBUG] Creating instance of bean 'defaultServletHandlerMapping'
[DEBUG] Returning cached instance of singleton bean 'org.springframework.transaction.config.internalTransactionAdvisor'
[DEBUG] Returning cached instance of singleton bean 'org.springframework.boot.autoconfigure.web.WebMvcAutoConfiguration$EnableWebMvcConfiguration'
[DEBUG] Eagerly caching bean 'defaultServletHandlerMapping' to allow for resolving potential circular references
[DEBUG] Returning cached instance of singleton bean 'org.springframework.transaction.config.internalTransactionAdvisor'
[DEBUG] Returning cached instance of singleton bean 'org.springframework.transaction.config.internalTransactionAdvisor'
[DEBUG] Finished creating instance of bean 'defaultServletHandlerMapping'
[DEBUG] Returning cached instance of singleton bean 'mvcConversionService'
[DEBUG] Returning cached instance of singleton bean 'mvcValidator'
[DEBUG] Returning cached instance of singleton bean 'mvcPathMatcher'
[DEBUG] Returning cached instance of singleton bean 'mvcUrlPathHelper'
[DEBUG] Creating shared instance of singleton bean 'mvcUriComponentsContributor'
[DEBUG] Creating instance of bean 'mvcUriComponentsContributor'
[DEBUG] Returning cached instance of singleton bean 'org.springframework.transaction.config.internalTransactionAdvisor'
[DEBUG] Returning cached instance of singleton bean 'org.springframework.boot.autoconfigure.web.WebMvcAutoConfiguration$EnableWebMvcConfiguration'
[DEBUG] Returning cached instance of singleton bean 'requestMappingHandlerAdapter'
[DEBUG] Returning cached instance of singleton bean 'mvcConversionService'
[DEBUG] Eagerly caching bean 'mvcUriComponentsContributor' to allow for resolving potential circular references
[DEBUG] Returning cached instance of singleton bean 'org.springframework.transaction.config.internalTransactionAdvisor'
[DEBUG] Returning cached instance of singleton bean 'org.springframework.transaction.config.internalTransactionAdvisor'
[DEBUG] Finished creating instance of bean 'mvcUriComponentsContributor'
[DEBUG] Creating shared instance of singleton bean 'httpRequestHandlerAdapter'
[DEBUG] Creating instance of bean 'httpRequestHandlerAdapter'
[DEBUG] Returning cached instance of singleton bean 'org.springframework.transaction.config.internalTransactionAdvisor'
[DEBUG] Returning cached instance of singleton bean 'org.springframework.boot.autoconfigure.web.WebMvcAutoConfiguration$EnableWebMvcConfiguration'
[DEBUG] Eagerly caching bean 'httpRequestHandlerAdapter' to allow for resolving potential circular references
[DEBUG] Returning cached instance of singleton bean 'org.springframework.transaction.config.internalTransactionAdvisor'
[DEBUG] Returning cached instance of singleton bean 'org.springframework.transaction.config.internalTransactionAdvisor'
[DEBUG] Finished creating instance of bean 'httpRequestHandlerAdapter'
[DEBUG] Creating shared instance of singleton bean 'simpleControllerHandlerAdapter'
[DEBUG] Creating instance of bean 'simpleControllerHandlerAdapter'
[DEBUG] Returning cached instance of singleton bean 'org.springframework.transaction.config.internalTransactionAdvisor'
[DEBUG] Returning cached instance of singleton bean 'org.springframework.boot.autoconfigure.web.WebMvcAutoConfiguration$EnableWebMvcConfiguration'
[DEBUG] Eagerly caching bean 'simpleControllerHandlerAdapter' to allow for resolving potential circular references
[DEBUG] Returning cached instance of singleton bean 'org.springframework.transaction.config.internalTransactionAdvisor'
[DEBUG] Returning cached instance of singleton bean 'org.springframework.transaction.config.internalTransactionAdvisor'
[DEBUG] Finished creating instance of bean 'simpleControllerHandlerAdapter'
[DEBUG] Creating shared instance of singleton bean 'handlerExceptionResolver'
[DEBUG] Creating instance of bean 'handlerExceptionResolver'
[DEBUG] Returning cached instance of singleton bean 'org.springframework.transaction.config.internalTransactionAdvisor'
[DEBUG] Returning cached instance of singleton bean 'org.springframework.boot.autoconfigure.web.WebMvcAutoConfiguration$EnableWebMvcConfiguration'
[DEBUG] Returning cached instance of singleton bean 'mvcContentNegotiationManager'
[DEBUG] Looking for exception mappings: org.springframework.web.context.support.GenericWebApplicationContext@5be397e: startup date [Wed Jun 08 23:20:05 CDT 2016]; root of context hierarchy
[DEBUG] Eagerly caching bean 'handlerExceptionResolver' to allow for resolving potential circular references
[DEBUG] Returning cached instance of singleton bean 'org.springframework.transaction.config.internalTransactionAdvisor'
[DEBUG] Returning cached instance of singleton bean 'org.springframework.transaction.config.internalTransactionAdvisor'
[DEBUG] Finished creating instance of bean 'handlerExceptionResolver'
[DEBUG] Creating shared instance of singleton bean 'mvcViewResolver'
[DEBUG] Creating instance of bean 'mvcViewResolver'
[DEBUG] Returning cached instance of singleton bean 'org.springframework.transaction.config.internalTransactionAdvisor'
[DEBUG] Returning cached instance of singleton bean 'org.springframework.boot.autoconfigure.web.WebMvcAutoConfiguration$EnableWebMvcConfiguration'
[DEBUG] Returning cached instance of singleton bean 'mvcContentNegotiationManager'
[DEBUG] Eagerly caching bean 'mvcViewResolver' to allow for resolving potential circular references
[DEBUG] Invoking afterPropertiesSet() on bean with name 'mvcViewResolver'
[DEBUG] Returning cached instance of singleton bean 'org.springframework.transaction.config.internalTransactionAdvisor'
[DEBUG] Returning cached instance of singleton bean 'org.springframework.transaction.config.internalTransactionAdvisor'
[DEBUG] Finished creating instance of bean 'mvcViewResolver'
[DEBUG] Creating shared instance of singleton bean 'org.springframework.boot.autoconfigure.web.WebMvcAutoConfiguration$WebMvcAutoConfigurationAdapter$FaviconConfiguration'
[DEBUG] Creating instance of bean 'org.springframework.boot.autoconfigure.web.WebMvcAutoConfiguration$WebMvcAutoConfigurationAdapter$FaviconConfiguration'
[DEBUG] Returning cached instance of singleton bean 'org.springframework.transaction.config.internalTransactionAdvisor'
[DEBUG] Registered injected element on class [org.springframework.boot.autoconfigure.web.WebMvcAutoConfiguration$WebMvcAutoConfigurationAdapter$FaviconConfiguration$$EnhancerBySpringCGLIB$$6567eee9]: AutowiredFieldElement for private org.springframework.boot.autoconfigure.web.ResourceProperties org.springframework.boot.autoconfigure.web.WebMvcAutoConfiguration$WebMvcAutoConfigurationAdapter$FaviconConfiguration.resourceProperties
[DEBUG] Eagerly caching bean 'org.springframework.boot.autoconfigure.web.WebMvcAutoConfiguration$WebMvcAutoConfigurationAdapter$FaviconConfiguration' to allow for resolving potential circular references
[DEBUG] Processing injected element of bean 'org.springframework.boot.autoconfigure.web.WebMvcAutoConfiguration$WebMvcAutoConfigurationAdapter$FaviconConfiguration': AutowiredFieldElement for private org.springframework.boot.autoconfigure.web.ResourceProperties org.springframework.boot.autoconfigure.web.WebMvcAutoConfiguration$WebMvcAutoConfigurationAdapter$FaviconConfiguration.resourceProperties
[DEBUG] Returning cached instance of singleton bean 'spring.resources.CONFIGURATION_PROPERTIES'
[DEBUG] Autowiring by type from bean name 'org.springframework.boot.autoconfigure.web.WebMvcAutoConfiguration$WebMvcAutoConfigurationAdapter$FaviconConfiguration' to bean named 'spring.resources.CONFIGURATION_PROPERTIES'
[DEBUG] Returning cached instance of singleton bean 'org.springframework.transaction.config.internalTransactionAdvisor'
[DEBUG] Returning cached instance of singleton bean 'org.springframework.transaction.config.internalTransactionAdvisor'
[DEBUG] Finished creating instance of bean 'org.springframework.boot.autoconfigure.web.WebMvcAutoConfiguration$WebMvcAutoConfigurationAdapter$FaviconConfiguration'
[DEBUG] Creating shared instance of singleton bean 'faviconHandlerMapping'
[DEBUG] Creating instance of bean 'faviconHandlerMapping'
[DEBUG] Returning cached instance of singleton bean 'org.springframework.transaction.config.internalTransactionAdvisor'
[DEBUG] Returning cached instance of singleton bean 'org.springframework.boot.autoconfigure.web.WebMvcAutoConfiguration$WebMvcAutoConfigurationAdapter$FaviconConfiguration'
[DEBUG] Creating shared instance of singleton bean 'faviconRequestHandler'
[DEBUG] Creating instance of bean 'faviconRequestHandler'
[DEBUG] Returning cached instance of singleton bean 'org.springframework.transaction.config.internalTransactionAdvisor'
[DEBUG] Returning cached instance of singleton bean 'org.springframework.boot.autoconfigure.web.WebMvcAutoConfiguration$WebMvcAutoConfigurationAdapter$FaviconConfiguration'
[DEBUG] Eagerly caching bean 'faviconRequestHandler' to allow for resolving potential circular references
[DEBUG] Invoking afterPropertiesSet() on bean with name 'faviconRequestHandler'
[DEBUG] Returning cached instance of singleton bean 'org.springframework.transaction.config.internalTransactionAdvisor'
[DEBUG] Returning cached instance of singleton bean 'org.springframework.transaction.config.internalTransactionAdvisor'
[DEBUG] Finished creating instance of bean 'faviconRequestHandler'
[DEBUG] Eagerly caching bean 'faviconHandlerMapping' to allow for resolving potential circular references
[INFO] Mapped URL path [/**/favicon.ico] onto handler of type [class org.springframework.web.servlet.resource.ResourceHttpRequestHandler]
[DEBUG] Returning cached instance of singleton bean 'org.springframework.transaction.config.internalTransactionAdvisor'
[DEBUG] Returning cached instance of singleton bean 'org.springframework.transaction.config.internalTransactionAdvisor'
[DEBUG] Finished creating instance of bean 'faviconHandlerMapping'
[DEBUG] Returning cached instance of singleton bean 'faviconRequestHandler'
[DEBUG] Returning cached instance of singleton bean 'org.springframework.boot.autoconfigure.web.WebMvcAutoConfiguration$WebMvcAutoConfigurationAdapter'
[DEBUG] Creating shared instance of singleton bean 'defaultViewResolver'
[DEBUG] Creating instance of bean 'defaultViewResolver'
[DEBUG] Returning cached instance of singleton bean 'org.springframework.transaction.config.internalTransactionAdvisor'
[DEBUG] Returning cached instance of singleton bean 'org.springframework.boot.autoconfigure.web.WebMvcAutoConfiguration$WebMvcAutoConfigurationAdapter'
[DEBUG] Eagerly caching bean 'defaultViewResolver' to allow for resolving potential circular references
[DEBUG] Returning cached instance of singleton bean 'org.springframework.transaction.config.internalTransactionAdvisor'
[DEBUG] Returning cached instance of singleton bean 'org.springframework.transaction.config.internalTransactionAdvisor'
[DEBUG] Finished creating instance of bean 'defaultViewResolver'
[DEBUG] Creating shared instance of singleton bean 'requestContextFilter'
[DEBUG] Creating instance of bean 'requestContextFilter'
[DEBUG] Returning cached instance of singleton bean 'org.springframework.transaction.config.internalTransactionAdvisor'
[DEBUG] Returning cached instance of singleton bean 'org.springframework.boot.autoconfigure.web.WebMvcAutoConfiguration$WebMvcAutoConfigurationAdapter'
[DEBUG] Adding [servletConfigInitParams] PropertySource with lowest search precedence
[DEBUG] Adding [servletContextInitParams] PropertySource with lowest search precedence
[DEBUG] Adding [systemProperties] PropertySource with lowest search precedence
[DEBUG] Adding [systemEnvironment] PropertySource with lowest search precedence
[DEBUG] Initialized StandardServletEnvironment with PropertySources [servletConfigInitParams,servletContextInitParams,systemProperties,systemEnvironment]
[DEBUG] Eagerly caching bean 'requestContextFilter' to allow for resolving potential circular references
[DEBUG] Invoking afterPropertiesSet() on bean with name 'requestContextFilter'
[DEBUG] Returning cached instance of singleton bean 'org.springframework.transaction.config.internalTransactionAdvisor'
[DEBUG] Returning cached instance of singleton bean 'org.springframework.transaction.config.internalTransactionAdvisor'
[DEBUG] Finished creating instance of bean 'requestContextFilter'
[DEBUG] Creating shared instance of singleton bean 'viewResolver'
[DEBUG] Creating instance of bean 'viewResolver'
[DEBUG] Returning cached instance of singleton bean 'org.springframework.transaction.config.internalTransactionAdvisor'
[DEBUG] Returning cached instance of singleton bean 'org.springframework.boot.autoconfigure.web.WebMvcAutoConfiguration$WebMvcAutoConfigurationAdapter'
[DEBUG] Autowiring by type from bean name 'viewResolver' via factory method to bean named 'org.springframework.beans.factory.support.DefaultListableBeanFactory@7f31380e'
[DEBUG] Returning cached instance of singleton bean 'mvcContentNegotiationManager'
[DEBUG] Eagerly caching bean 'viewResolver' to allow for resolving potential circular references
[DEBUG] Returning cached instance of singleton bean 'mvcViewResolver'
[DEBUG] Returning cached instance of singleton bean 'defaultViewResolver'
[DEBUG] Returning cached instance of singleton bean 'org.springframework.transaction.config.internalTransactionAdvisor'
[DEBUG] Returning cached instance of singleton bean 'org.springframework.transaction.config.internalTransactionAdvisor'
[DEBUG] Returning eagerly cached instance of singleton bean 'viewResolver' that is not fully initialized yet - a consequence of a circular reference
[DEBUG] Creating shared instance of singleton bean 'thymeleafViewResolver'
[DEBUG] Creating instance of bean 'thymeleafViewResolver'
[DEBUG] Returning cached instance of singleton bean 'org.springframework.transaction.config.internalTransactionAdvisor'
[DEBUG] Creating shared instance of singleton bean 'org.springframework.boot.autoconfigure.thymeleaf.ThymeleafAutoConfiguration$ThymeleafViewResolverConfiguration'
[DEBUG] Creating instance of bean 'org.springframework.boot.autoconfigure.thymeleaf.ThymeleafAutoConfiguration$ThymeleafViewResolverConfiguration'
[DEBUG] Returning cached instance of singleton bean 'org.springframework.transaction.config.internalTransactionAdvisor'
[DEBUG] Registered injected element on class [org.springframework.boot.autoconfigure.thymeleaf.ThymeleafAutoConfiguration$ThymeleafViewResolverConfiguration$$EnhancerBySpringCGLIB$$c2e66643]: AutowiredFieldElement for private org.springframework.boot.autoconfigure.thymeleaf.ThymeleafProperties org.springframework.boot.autoconfigure.thymeleaf.ThymeleafAutoConfiguration$ThymeleafViewResolverConfiguration.properties
[DEBUG] Registered injected element on class [org.springframework.boot.autoconfigure.thymeleaf.ThymeleafAutoConfiguration$ThymeleafViewResolverConfiguration$$EnhancerBySpringCGLIB$$c2e66643]: AutowiredFieldElement for private org.thymeleaf.spring4.SpringTemplateEngine org.springframework.boot.autoconfigure.thymeleaf.ThymeleafAutoConfiguration$ThymeleafViewResolverConfiguration.templateEngine
[DEBUG] Eagerly caching bean 'org.springframework.boot.autoconfigure.thymeleaf.ThymeleafAutoConfiguration$ThymeleafViewResolverConfiguration' to allow for resolving potential circular references
[DEBUG] Processing injected element of bean 'org.springframework.boot.autoconfigure.thymeleaf.ThymeleafAutoConfiguration$ThymeleafViewResolverConfiguration': AutowiredFieldElement for private org.springframework.boot.autoconfigure.thymeleaf.ThymeleafProperties org.springframework.boot.autoconfigure.thymeleaf.ThymeleafAutoConfiguration$ThymeleafViewResolverConfiguration.properties
[DEBUG] Creating shared instance of singleton bean 'spring.thymeleaf.CONFIGURATION_PROPERTIES'
[DEBUG] Creating instance of bean 'spring.thymeleaf.CONFIGURATION_PROPERTIES'
[DEBUG] Returning cached instance of singleton bean 'org.springframework.transaction.config.internalTransactionAdvisor'
[DEBUG] Eagerly caching bean 'spring.thymeleaf.CONFIGURATION_PROPERTIES' to allow for resolving potential circular references
[DEBUG] Adding [systemProperties] PropertySource with lowest search precedence
[DEBUG] Adding [systemEnvironment] PropertySource with lowest search precedence
[DEBUG] Adding [random] PropertySource with lowest search precedence
[DEBUG] Adding [integrationTest] PropertySource with lowest search precedence
[DEBUG] Adding [applicationConfig: [classpath:/application.properties]] PropertySource with lowest search precedence
[DEBUG] Adding [localProperties] PropertySource with lowest search precedence
[DEBUG] Returning cached instance of singleton bean 'org.springframework.transaction.config.internalTransactionAdvisor'
[DEBUG] Returning cached instance of singleton bean 'org.springframework.transaction.config.internalTransactionAdvisor'
[DEBUG] Finished creating instance of bean 'spring.thymeleaf.CONFIGURATION_PROPERTIES'
[DEBUG] Autowiring by type from bean name 'org.springframework.boot.autoconfigure.thymeleaf.ThymeleafAutoConfiguration$ThymeleafViewResolverConfiguration' to bean named 'spring.thymeleaf.CONFIGURATION_PROPERTIES'
[DEBUG] Processing injected element of bean 'org.springframework.boot.autoconfigure.thymeleaf.ThymeleafAutoConfiguration$ThymeleafViewResolverConfiguration': AutowiredFieldElement for private org.thymeleaf.spring4.SpringTemplateEngine org.springframework.boot.autoconfigure.thymeleaf.ThymeleafAutoConfiguration$ThymeleafViewResolverConfiguration.templateEngine
[DEBUG] Creating shared instance of singleton bean 'templateEngine'
[DEBUG] Creating instance of bean 'templateEngine'
[DEBUG] Returning cached instance of singleton bean 'org.springframework.transaction.config.internalTransactionAdvisor'
[DEBUG] Creating shared instance of singleton bean 'org.springframework.boot.autoconfigure.thymeleaf.ThymeleafAutoConfiguration$ThymeleafDefaultConfiguration'
[DEBUG] Creating instance of bean 'org.springframework.boot.autoconfigure.thymeleaf.ThymeleafAutoConfiguration$ThymeleafDefaultConfiguration'
[DEBUG] Returning cached instance of singleton bean 'org.springframework.transaction.config.internalTransactionAdvisor'
[DEBUG] Registered injected element on class [org.springframework.boot.autoconfigure.thymeleaf.ThymeleafAutoConfiguration$ThymeleafDefaultConfiguration$$EnhancerBySpringCGLIB$$31955091]: AutowiredFieldElement for private final java.util.Collection org.springframework.boot.autoconfigure.thymeleaf.ThymeleafAutoConfiguration$ThymeleafDefaultConfiguration.templateResolvers
[DEBUG] Registered injected element on class [org.springframework.boot.autoconfigure.thymeleaf.ThymeleafAutoConfiguration$ThymeleafDefaultConfiguration$$EnhancerBySpringCGLIB$$31955091]: AutowiredFieldElement for private final java.util.Collection org.springframework.boot.autoconfigure.thymeleaf.ThymeleafAutoConfiguration$ThymeleafDefaultConfiguration.dialects
[DEBUG] Eagerly caching bean 'org.springframework.boot.autoconfigure.thymeleaf.ThymeleafAutoConfiguration$ThymeleafDefaultConfiguration' to allow for resolving potential circular references
[DEBUG] Processing injected element of bean 'org.springframework.boot.autoconfigure.thymeleaf.ThymeleafAutoConfiguration$ThymeleafDefaultConfiguration': AutowiredFieldElement for private final java.util.Collection org.springframework.boot.autoconfigure.thymeleaf.ThymeleafAutoConfiguration$ThymeleafDefaultConfiguration.templateResolvers
[DEBUG] Creating shared instance of singleton bean 'defaultTemplateResolver'
[DEBUG] Creating instance of bean 'defaultTemplateResolver'
[DEBUG] Returning cached instance of singleton bean 'org.springframework.transaction.config.internalTransactionAdvisor'
[DEBUG] Creating shared instance of singleton bean 'org.springframework.boot.autoconfigure.thymeleaf.ThymeleafAutoConfiguration$DefaultTemplateResolverConfiguration'
[DEBUG] Creating instance of bean 'org.springframework.boot.autoconfigure.thymeleaf.ThymeleafAutoConfiguration$DefaultTemplateResolverConfiguration'
[DEBUG] Returning cached instance of singleton bean 'org.springframework.transaction.config.internalTransactionAdvisor'
[DEBUG] Found init method on class [org.springframework.boot.autoconfigure.thymeleaf.ThymeleafAutoConfiguration$DefaultTemplateResolverConfiguration$$EnhancerBySpringCGLIB$$3ebf708]: public void org.springframework.boot.autoconfigure.thymeleaf.ThymeleafAutoConfiguration$DefaultTemplateResolverConfiguration.checkTemplateLocationExists()
[DEBUG] Registered init method on class [org.springframework.boot.autoconfigure.thymeleaf.ThymeleafAutoConfiguration$DefaultTemplateResolverConfiguration$$EnhancerBySpringCGLIB$$3ebf708]: org.springframework.beans.factory.annotation.InitDestroyAnnotationBeanPostProcessor$LifecycleElement@7bbfab3
[DEBUG] Registered injected element on class [org.springframework.boot.autoconfigure.thymeleaf.ThymeleafAutoConfiguration$DefaultTemplateResolverConfiguration$$EnhancerBySpringCGLIB$$3ebf708]: AutowiredFieldElement for private org.springframework.boot.autoconfigure.thymeleaf.ThymeleafProperties org.springframework.boot.autoconfigure.thymeleaf.ThymeleafAutoConfiguration$DefaultTemplateResolverConfiguration.properties
[DEBUG] Registered injected element on class [org.springframework.boot.autoconfigure.thymeleaf.ThymeleafAutoConfiguration$DefaultTemplateResolverConfiguration$$EnhancerBySpringCGLIB$$3ebf708]: AutowiredFieldElement for private org.springframework.context.ApplicationContext org.springframework.boot.autoconfigure.thymeleaf.ThymeleafAutoConfiguration$DefaultTemplateResolverConfiguration.applicationContext
[DEBUG] Eagerly caching bean 'org.springframework.boot.autoconfigure.thymeleaf.ThymeleafAutoConfiguration$DefaultTemplateResolverConfiguration' to allow for resolving potential circular references
[DEBUG] Processing injected element of bean 'org.springframework.boot.autoconfigure.thymeleaf.ThymeleafAutoConfiguration$DefaultTemplateResolverConfiguration': AutowiredFieldElement for private org.springframework.boot.autoconfigure.thymeleaf.ThymeleafProperties org.springframework.boot.autoconfigure.thymeleaf.ThymeleafAutoConfiguration$DefaultTemplateResolverConfiguration.properties
[DEBUG] Returning cached instance of singleton bean 'spring.thymeleaf.CONFIGURATION_PROPERTIES'
[DEBUG] Autowiring by type from bean name 'org.springframework.boot.autoconfigure.thymeleaf.ThymeleafAutoConfiguration$DefaultTemplateResolverConfiguration' to bean named 'spring.thymeleaf.CONFIGURATION_PROPERTIES'
[DEBUG] Processing injected element of bean 'org.springframework.boot.autoconfigure.thymeleaf.ThymeleafAutoConfiguration$DefaultTemplateResolverConfiguration': AutowiredFieldElement for private org.springframework.context.ApplicationContext org.springframework.boot.autoconfigure.thymeleaf.ThymeleafAutoConfiguration$DefaultTemplateResolverConfiguration.applicationContext
[DEBUG] Autowiring by type from bean name 'org.springframework.boot.autoconfigure.thymeleaf.ThymeleafAutoConfiguration$DefaultTemplateResolverConfiguration' to bean named 'org.springframework.web.context.support.GenericWebApplicationContext@5be397e'
[DEBUG] Invoking init method on bean 'org.springframework.boot.autoconfigure.thymeleaf.ThymeleafAutoConfiguration$DefaultTemplateResolverConfiguration': public void org.springframework.boot.autoconfigure.thymeleaf.ThymeleafAutoConfiguration$DefaultTemplateResolverConfiguration.checkTemplateLocationExists()
[DEBUG] Returning cached instance of singleton bean 'org.springframework.transaction.config.internalTransactionAdvisor'
[DEBUG] Returning cached instance of singleton bean 'org.springframework.transaction.config.internalTransactionAdvisor'
[DEBUG] Finished creating instance of bean 'org.springframework.boot.autoconfigure.thymeleaf.ThymeleafAutoConfiguration$DefaultTemplateResolverConfiguration'
[DEBUG] Creating shared instance of singleton bean 'thymeleafResourceResolver'
[DEBUG] Creating instance of bean 'thymeleafResourceResolver'
[DEBUG] Returning cached instance of singleton bean 'org.springframework.transaction.config.internalTransactionAdvisor'
[DEBUG] Returning cached instance of singleton bean 'org.springframework.boot.autoconfigure.thymeleaf.ThymeleafAutoConfiguration$DefaultTemplateResolverConfiguration'
[DEBUG] Eagerly caching bean 'thymeleafResourceResolver' to allow for resolving potential circular references
[DEBUG] Returning cached instance of singleton bean 'org.springframework.transaction.config.internalTransactionAdvisor'
[DEBUG] Returning cached instance of singleton bean 'org.springframework.transaction.config.internalTransactionAdvisor'
[DEBUG] Finished creating instance of bean 'thymeleafResourceResolver'
[DEBUG] Eagerly caching bean 'defaultTemplateResolver' to allow for resolving potential circular references
[DEBUG] Returning cached instance of singleton bean 'org.springframework.transaction.config.internalTransactionAdvisor'
[DEBUG] Returning cached instance of singleton bean 'org.springframework.transaction.config.internalTransactionAdvisor'
[DEBUG] Finished creating instance of bean 'defaultTemplateResolver'
[DEBUG] Autowiring by type from bean name 'org.springframework.boot.autoconfigure.thymeleaf.ThymeleafAutoConfiguration$ThymeleafDefaultConfiguration' to bean named 'defaultTemplateResolver'
[DEBUG] Processing injected element of bean 'org.springframework.boot.autoconfigure.thymeleaf.ThymeleafAutoConfiguration$ThymeleafDefaultConfiguration': AutowiredFieldElement for private final java.util.Collection org.springframework.boot.autoconfigure.thymeleaf.ThymeleafAutoConfiguration$ThymeleafDefaultConfiguration.dialects
[DEBUG] Returning cached instance of singleton bean 'org.springframework.transaction.config.internalTransactionAdvisor'
[DEBUG] Returning cached instance of singleton bean 'org.springframework.transaction.config.internalTransactionAdvisor'
[DEBUG] Finished creating instance of bean 'org.springframework.boot.autoconfigure.thymeleaf.ThymeleafAutoConfiguration$ThymeleafDefaultConfiguration'
[DEBUG] Eagerly caching bean 'templateEngine' to allow for resolving potential circular references
[DEBUG] Invoking afterPropertiesSet() on bean with name 'templateEngine'
[DEBUG] Returning cached instance of singleton bean 'org.springframework.transaction.config.internalTransactionAdvisor'
[DEBUG] Returning cached instance of singleton bean 'org.springframework.transaction.config.internalTransactionAdvisor'
[DEBUG] Finished creating instance of bean 'templateEngine'
[DEBUG] Autowiring by type from bean name 'org.springframework.boot.autoconfigure.thymeleaf.ThymeleafAutoConfiguration$ThymeleafViewResolverConfiguration' to bean named 'templateEngine'
[DEBUG] Returning cached instance of singleton bean 'org.springframework.transaction.config.internalTransactionAdvisor'
[DEBUG] Returning cached instance of singleton bean 'org.springframework.transaction.config.internalTransactionAdvisor'
[DEBUG] Finished creating instance of bean 'org.springframework.boot.autoconfigure.thymeleaf.ThymeleafAutoConfiguration$ThymeleafViewResolverConfiguration'
[DEBUG] Eagerly caching bean 'thymeleafViewResolver' to allow for resolving potential circular references
[DEBUG] Returning cached instance of singleton bean 'org.springframework.transaction.config.internalTransactionAdvisor'
[DEBUG] Returning cached instance of singleton bean 'org.springframework.transaction.config.internalTransactionAdvisor'
[DEBUG] Finished creating instance of bean 'thymeleafViewResolver'
[DEBUG] Invoking afterPropertiesSet() on bean with name 'viewResolver'
[DEBUG] Finished creating instance of bean 'viewResolver'
[DEBUG] Returning cached instance of singleton bean 'spring.resources.CONFIGURATION_PROPERTIES'
[DEBUG] Creating shared instance of singleton bean 'org.springframework.boot.autoconfigure.web.WebMvcAutoConfiguration'
[DEBUG] Creating instance of bean 'org.springframework.boot.autoconfigure.web.WebMvcAutoConfiguration'
[DEBUG] Returning cached instance of singleton bean 'org.springframework.transaction.config.internalTransactionAdvisor'
[DEBUG] Eagerly caching bean 'org.springframework.boot.autoconfigure.web.WebMvcAutoConfiguration' to allow for resolving potential circular references
[DEBUG] Returning cached instance of singleton bean 'org.springframework.transaction.config.internalTransactionAdvisor'
[DEBUG] Returning cached instance of singleton bean 'org.springframework.transaction.config.internalTransactionAdvisor'
[DEBUG] Finished creating instance of bean 'org.springframework.boot.autoconfigure.web.WebMvcAutoConfiguration'
[DEBUG] Creating shared instance of singleton bean 'hiddenHttpMethodFilter'
[DEBUG] Creating instance of bean 'hiddenHttpMethodFilter'
[DEBUG] Returning cached instance of singleton bean 'org.springframework.transaction.config.internalTransactionAdvisor'
[DEBUG] Returning cached instance of singleton bean 'org.springframework.boot.autoconfigure.web.WebMvcAutoConfiguration'
[DEBUG] Adding [servletConfigInitParams] PropertySource with lowest search precedence
[DEBUG] Adding [servletContextInitParams] PropertySource with lowest search precedence
[DEBUG] Adding [systemProperties] PropertySource with lowest search precedence
[DEBUG] Adding [systemEnvironment] PropertySource with lowest search precedence
[DEBUG] Initialized StandardServletEnvironment with PropertySources [servletConfigInitParams,servletContextInitParams,systemProperties,systemEnvironment]
[DEBUG] Eagerly caching bean 'hiddenHttpMethodFilter' to allow for resolving potential circular references
[DEBUG] Invoking afterPropertiesSet() on bean with name 'hiddenHttpMethodFilter'
[DEBUG] Returning cached instance of singleton bean 'org.springframework.transaction.config.internalTransactionAdvisor'
[DEBUG] Returning cached instance of singleton bean 'org.springframework.transaction.config.internalTransactionAdvisor'
[DEBUG] Finished creating instance of bean 'hiddenHttpMethodFilter'
[DEBUG] Creating shared instance of singleton bean 'httpPutFormContentFilter'
[DEBUG] Creating instance of bean 'httpPutFormContentFilter'
[DEBUG] Returning cached instance of singleton bean 'org.springframework.transaction.config.internalTransactionAdvisor'
[DEBUG] Returning cached instance of singleton bean 'org.springframework.boot.autoconfigure.web.WebMvcAutoConfiguration'
[DEBUG] Adding [servletConfigInitParams] PropertySource with lowest search precedence
[DEBUG] Adding [servletContextInitParams] PropertySource with lowest search precedence
[DEBUG] Adding [systemProperties] PropertySource with lowest search precedence
[DEBUG] Adding [systemEnvironment] PropertySource with lowest search precedence
[DEBUG] Initialized StandardServletEnvironment with PropertySources [servletConfigInitParams,servletContextInitParams,systemProperties,systemEnvironment]
[DEBUG] Eagerly caching bean 'httpPutFormContentFilter' to allow for resolving potential circular references
[DEBUG] Invoking afterPropertiesSet() on bean with name 'httpPutFormContentFilter'
[DEBUG] Returning cached instance of singleton bean 'org.springframework.transaction.config.internalTransactionAdvisor'
[DEBUG] Returning cached instance of singleton bean 'org.springframework.transaction.config.internalTransactionAdvisor'
[DEBUG] Finished creating instance of bean 'httpPutFormContentFilter'
[DEBUG] Creating shared instance of singleton bean 'org.springframework.boot.autoconfigure.aop.AopAutoConfiguration$JdkDynamicAutoProxyConfiguration'
[DEBUG] Creating instance of bean 'org.springframework.boot.autoconfigure.aop.AopAutoConfiguration$JdkDynamicAutoProxyConfiguration'
[DEBUG] Returning cached instance of singleton bean 'org.springframework.transaction.config.internalTransactionAdvisor'
[DEBUG] Eagerly caching bean 'org.springframework.boot.autoconfigure.aop.AopAutoConfiguration$JdkDynamicAutoProxyConfiguration' to allow for resolving potential circular references
[DEBUG] Returning cached instance of singleton bean 'org.springframework.transaction.config.internalTransactionAdvisor'
[DEBUG] Returning cached instance of singleton bean 'org.springframework.transaction.config.internalTransactionAdvisor'
[DEBUG] Finished creating instance of bean 'org.springframework.boot.autoconfigure.aop.AopAutoConfiguration$JdkDynamicAutoProxyConfiguration'
[DEBUG] Returning cached instance of singleton bean 'org.springframework.aop.config.internalAutoProxyCreator'
[DEBUG] Creating shared instance of singleton bean 'org.springframework.boot.autoconfigure.aop.AopAutoConfiguration'
[DEBUG] Creating instance of bean 'org.springframework.boot.autoconfigure.aop.AopAutoConfiguration'
[DEBUG] Returning cached instance of singleton bean 'org.springframework.transaction.config.internalTransactionAdvisor'
[DEBUG] Eagerly caching bean 'org.springframework.boot.autoconfigure.aop.AopAutoConfiguration' to allow for resolving potential circular references
[DEBUG] Returning cached instance of singleton bean 'org.springframework.transaction.config.internalTransactionAdvisor'
[DEBUG] Returning cached instance of singleton bean 'org.springframework.transaction.config.internalTransactionAdvisor'
[DEBUG] Finished creating instance of bean 'org.springframework.boot.autoconfigure.aop.AopAutoConfiguration'
[DEBUG] Creating shared instance of singleton bean 'org.springframework.boot.autoconfigure.transaction.jta.JtaAutoConfiguration'
[DEBUG] Creating instance of bean 'org.springframework.boot.autoconfigure.transaction.jta.JtaAutoConfiguration'
[DEBUG] Returning cached instance of singleton bean 'org.springframework.transaction.config.internalTransactionAdvisor'
[DEBUG] Eagerly caching bean 'org.springframework.boot.autoconfigure.transaction.jta.JtaAutoConfiguration' to allow for resolving potential circular references
[DEBUG] Returning cached instance of singleton bean 'org.springframework.transaction.config.internalTransactionAdvisor'
[DEBUG] Returning cached instance of singleton bean 'org.springframework.transaction.config.internalTransactionAdvisor'
[DEBUG] Finished creating instance of bean 'org.springframework.boot.autoconfigure.transaction.jta.JtaAutoConfiguration'
[DEBUG] Creating shared instance of singleton bean 'spring.jta.CONFIGURATION_PROPERTIES'
[DEBUG] Creating instance of bean 'spring.jta.CONFIGURATION_PROPERTIES'
[DEBUG] Returning cached instance of singleton bean 'org.springframework.transaction.config.internalTransactionAdvisor'
[DEBUG] Eagerly caching bean 'spring.jta.CONFIGURATION_PROPERTIES' to allow for resolving potential circular references
[DEBUG] Adding [systemProperties] PropertySource with lowest search precedence
[DEBUG] Adding [systemEnvironment] PropertySource with lowest search precedence
[DEBUG] Adding [random] PropertySource with lowest search precedence
[DEBUG] Adding [integrationTest] PropertySource with lowest search precedence
[DEBUG] Adding [applicationConfig: [classpath:/application.properties]] PropertySource with lowest search precedence
[DEBUG] Adding [localProperties] PropertySource with lowest search precedence
[DEBUG] Returning cached instance of singleton bean 'org.springframework.transaction.config.internalTransactionAdvisor'
[DEBUG] Returning cached instance of singleton bean 'org.springframework.transaction.config.internalTransactionAdvisor'
[DEBUG] Finished creating instance of bean 'spring.jta.CONFIGURATION_PROPERTIES'
[DEBUG] Returning cached instance of singleton bean 'org.springframework.boot.autoconfigure.jdbc.DataSourceAutoConfiguration$JdbcTemplateConfiguration'
[DEBUG] Returning cached instance of singleton bean 'jdbcTemplate'
[DEBUG] Creating shared instance of singleton bean 'namedParameterJdbcTemplate'
[DEBUG] Creating instance of bean 'namedParameterJdbcTemplate'
[DEBUG] Returning cached instance of singleton bean 'org.springframework.transaction.config.internalTransactionAdvisor'
[DEBUG] Returning cached instance of singleton bean 'org.springframework.boot.autoconfigure.jdbc.DataSourceAutoConfiguration$JdbcTemplateConfiguration'
[DEBUG] Eagerly caching bean 'namedParameterJdbcTemplate' to allow for resolving potential circular references
[DEBUG] Returning cached instance of singleton bean 'org.springframework.transaction.config.internalTransactionAdvisor'
[DEBUG] Returning cached instance of singleton bean 'org.springframework.transaction.config.internalTransactionAdvisor'
[DEBUG] Finished creating instance of bean 'namedParameterJdbcTemplate'
[DEBUG] Returning cached instance of singleton bean 'org.springframework.boot.autoconfigure.jdbc.DataSourceAutoConfiguration$NonEmbeddedConfiguration'
[DEBUG] Returning cached instance of singleton bean 'dataSource'
[DEBUG] Returning cached instance of singleton bean 'org.springframework.boot.autoconfigure.jdbc.DataSourceAutoConfiguration$DataSourceInitializerConfiguration'
[DEBUG] Returning cached instance of singleton bean 'dataSourceInitializer'
[DEBUG] Creating shared instance of singleton bean 'org.springframework.boot.autoconfigure.jdbc.metadata.DataSourcePoolMetadataProvidersConfiguration$TomcatDataSourcePoolMetadataProviderConfiguration'
[DEBUG] Creating instance of bean 'org.springframework.boot.autoconfigure.jdbc.metadata.DataSourcePoolMetadataProvidersConfiguration$TomcatDataSourcePoolMetadataProviderConfiguration'
[DEBUG] Returning cached instance of singleton bean 'org.springframework.transaction.config.internalTransactionAdvisor'
[DEBUG] Eagerly caching bean 'org.springframework.boot.autoconfigure.jdbc.metadata.DataSourcePoolMetadataProvidersConfiguration$TomcatDataSourcePoolMetadataProviderConfiguration' to allow for resolving potential circular references
[DEBUG] Returning cached instance of singleton bean 'org.springframework.transaction.config.internalTransactionAdvisor'
[DEBUG] Returning cached instance of singleton bean 'org.springframework.transaction.config.internalTransactionAdvisor'
[DEBUG] Finished creating instance of bean 'org.springframework.boot.autoconfigure.jdbc.metadata.DataSourcePoolMetadataProvidersConfiguration$TomcatDataSourcePoolMetadataProviderConfiguration'
[DEBUG] Creating shared instance of singleton bean 'tomcatPoolDataSourceMetadataProvider'
[DEBUG] Creating instance of bean 'tomcatPoolDataSourceMetadataProvider'
[DEBUG] Returning cached instance of singleton bean 'org.springframework.transaction.config.internalTransactionAdvisor'
[DEBUG] Returning cached instance of singleton bean 'org.springframework.boot.autoconfigure.jdbc.metadata.DataSourcePoolMetadataProvidersConfiguration$TomcatDataSourcePoolMetadataProviderConfiguration'
[DEBUG] Eagerly caching bean 'tomcatPoolDataSourceMetadataProvider' to allow for resolving potential circular references
[DEBUG] Returning cached instance of singleton bean 'org.springframework.transaction.config.internalTransactionAdvisor'
[DEBUG] Returning cached instance of singleton bean 'org.springframework.transaction.config.internalTransactionAdvisor'
[DEBUG] Finished creating instance of bean 'tomcatPoolDataSourceMetadataProvider'
[DEBUG] Creating shared instance of singleton bean 'org.springframework.boot.autoconfigure.jdbc.metadata.DataSourcePoolMetadataProvidersConfiguration'
[DEBUG] Creating instance of bean 'org.springframework.boot.autoconfigure.jdbc.metadata.DataSourcePoolMetadataProvidersConfiguration'
[DEBUG] Returning cached instance of singleton bean 'org.springframework.transaction.config.internalTransactionAdvisor'
[DEBUG] Eagerly caching bean 'org.springframework.boot.autoconfigure.jdbc.metadata.DataSourcePoolMetadataProvidersConfiguration' to allow for resolving potential circular references
[DEBUG] Returning cached instance of singleton bean 'org.springframework.transaction.config.internalTransactionAdvisor'
[DEBUG] Returning cached instance of singleton bean 'org.springframework.transaction.config.internalTransactionAdvisor'
[DEBUG] Finished creating instance of bean 'org.springframework.boot.autoconfigure.jdbc.metadata.DataSourcePoolMetadataProvidersConfiguration'
[DEBUG] Creating shared instance of singleton bean 'org.springframework.boot.autoconfigure.jdbc.DataSourceAutoConfiguration'
[DEBUG] Creating instance of bean 'org.springframework.boot.autoconfigure.jdbc.DataSourceAutoConfiguration'
[DEBUG] Returning cached instance of singleton bean 'org.springframework.transaction.config.internalTransactionAdvisor'
[DEBUG] Eagerly caching bean 'org.springframework.boot.autoconfigure.jdbc.DataSourceAutoConfiguration' to allow for resolving potential circular references
[DEBUG] Returning cached instance of singleton bean 'org.springframework.transaction.config.internalTransactionAdvisor'
[DEBUG] Returning cached instance of singleton bean 'org.springframework.transaction.config.internalTransactionAdvisor'
[DEBUG] Finished creating instance of bean 'org.springframework.boot.autoconfigure.jdbc.DataSourceAutoConfiguration'
[DEBUG] Returning cached instance of singleton bean 'spring.datasource.CONFIGURATION_PROPERTIES'
[DEBUG] Returning cached instance of singleton bean 'dataSourceInitializerPostProcessor'
[DEBUG] Returning cached instance of singleton bean 'org.springframework.boot.autoconfigure.orm.jpa.JpaBaseConfiguration$JpaWebConfiguration$JpaWebMvcConfiguration'
[DEBUG] Returning cached instance of singleton bean 'openEntityManagerInViewInterceptor'
[DEBUG] Creating shared instance of singleton bean 'org.springframework.boot.autoconfigure.orm.jpa.JpaBaseConfiguration$JpaWebConfiguration'
[DEBUG] Creating instance of bean 'org.springframework.boot.autoconfigure.orm.jpa.JpaBaseConfiguration$JpaWebConfiguration'
[DEBUG] Returning cached instance of singleton bean 'org.springframework.transaction.config.internalTransactionAdvisor'
[DEBUG] Eagerly caching bean 'org.springframework.boot.autoconfigure.orm.jpa.JpaBaseConfiguration$JpaWebConfiguration' to allow for resolving potential circular references
[DEBUG] Returning cached instance of singleton bean 'org.springframework.transaction.config.internalTransactionAdvisor'
[DEBUG] Returning cached instance of singleton bean 'org.springframework.transaction.config.internalTransactionAdvisor'
[DEBUG] Finished creating instance of bean 'org.springframework.boot.autoconfigure.orm.jpa.JpaBaseConfiguration$JpaWebConfiguration'
[DEBUG] Returning cached instance of singleton bean 'org.springframework.boot.autoconfigure.orm.jpa.HibernateJpaAutoConfiguration'
[DEBUG] Creating shared instance of singleton bean 'transactionManager'
[DEBUG] Creating instance of bean 'transactionManager'
[DEBUG] Returning cached instance of singleton bean 'org.springframework.transaction.config.internalTransactionAdvisor'
[DEBUG] Returning cached instance of singleton bean 'org.springframework.boot.autoconfigure.orm.jpa.HibernateJpaAutoConfiguration'
[DEBUG] Eagerly caching bean 'transactionManager' to allow for resolving potential circular references
[DEBUG] Returning cached instance of singleton bean 'entityManagerFactory'
[DEBUG] Invoking afterPropertiesSet() on bean with name 'transactionManager'
[DEBUG] Returning cached instance of singleton bean 'org.springframework.transaction.config.internalTransactionAdvisor'
[DEBUG] Returning cached instance of singleton bean 'org.springframework.transaction.config.internalTransactionAdvisor'
[DEBUG] Finished creating instance of bean 'transactionManager'
[DEBUG] Returning cached instance of singleton bean 'jpaVendorAdapter'
[DEBUG] Returning cached instance of singleton bean 'entityManagerFactoryBuilder'
[DEBUG] Returning cached instance of singleton bean 'entityManagerFactory'
[DEBUG] Returning cached instance of singleton bean 'spring.jpa.CONFIGURATION_PROPERTIES'
[DEBUG] Returning cached instance of singleton bean 'dataSourceInitializedPublisher'
[DEBUG] Creating shared instance of singleton bean 'org.springframework.boot.autoconfigure.context.ConfigurationPropertiesAutoConfiguration'
[DEBUG] Creating instance of bean 'org.springframework.boot.autoconfigure.context.ConfigurationPropertiesAutoConfiguration'
[DEBUG] Returning cached instance of singleton bean 'org.springframework.transaction.config.internalTransactionAdvisor'
[DEBUG] Eagerly caching bean 'org.springframework.boot.autoconfigure.context.ConfigurationPropertiesAutoConfiguration' to allow for resolving potential circular references
[DEBUG] Returning cached instance of singleton bean 'org.springframework.transaction.config.internalTransactionAdvisor'
[DEBUG] Returning cached instance of singleton bean 'org.springframework.transaction.config.internalTransactionAdvisor'
[DEBUG] Finished creating instance of bean 'org.springframework.boot.autoconfigure.context.ConfigurationPropertiesAutoConfiguration'
[DEBUG] Creating shared instance of singleton bean 'org.springframework.boot.autoconfigure.dao.PersistenceExceptionTranslationAutoConfiguration'
[DEBUG] Creating instance of bean 'org.springframework.boot.autoconfigure.dao.PersistenceExceptionTranslationAutoConfiguration'
[DEBUG] Returning cached instance of singleton bean 'org.springframework.transaction.config.internalTransactionAdvisor'
[DEBUG] Eagerly caching bean 'org.springframework.boot.autoconfigure.dao.PersistenceExceptionTranslationAutoConfiguration' to allow for resolving potential circular references
[DEBUG] Returning cached instance of singleton bean 'org.springframework.transaction.config.internalTransactionAdvisor'
[DEBUG] Returning cached instance of singleton bean 'org.springframework.transaction.config.internalTransactionAdvisor'
[DEBUG] Finished creating instance of bean 'org.springframework.boot.autoconfigure.dao.PersistenceExceptionTranslationAutoConfiguration'
[DEBUG] Returning cached instance of singleton bean 'persistenceExceptionTranslationPostProcessor'
[DEBUG] Creating shared instance of singleton bean 'org.springframework.boot.autoconfigure.data.jpa.JpaRepositoriesAutoConfiguration'
[DEBUG] Creating instance of bean 'org.springframework.boot.autoconfigure.data.jpa.JpaRepositoriesAutoConfiguration'
[DEBUG] Returning cached instance of singleton bean 'org.springframework.transaction.config.internalTransactionAdvisor'
[DEBUG] Eagerly caching bean 'org.springframework.boot.autoconfigure.data.jpa.JpaRepositoriesAutoConfiguration' to allow for resolving potential circular references
[DEBUG] Returning cached instance of singleton bean 'org.springframework.transaction.config.internalTransactionAdvisor'
[DEBUG] Returning cached instance of singleton bean 'org.springframework.transaction.config.internalTransactionAdvisor'
[DEBUG] Finished creating instance of bean 'org.springframework.boot.autoconfigure.data.jpa.JpaRepositoriesAutoConfiguration'
[DEBUG] Returning cached instance of singleton bean 'org.springframework.data.repository.core.support.RepositoryInterfaceAwareBeanPostProcessor'
[DEBUG] Returning cached instance of singleton bean 'emBeanDefinitionRegistrarPostProcessor'
[DEBUG] Returning cached instance of singleton bean 'jpaMappingContext'
[DEBUG] Creating shared instance of singleton bean 'jpaContext'
[DEBUG] Creating instance of bean 'jpaContext'
[DEBUG] Returning cached instance of singleton bean 'org.springframework.transaction.config.internalTransactionAdvisor'
[DEBUG] Creating shared instance of singleton bean 'org.springframework.orm.jpa.SharedEntityManagerCreator#0'
[DEBUG] Creating instance of bean 'org.springframework.orm.jpa.SharedEntityManagerCreator#0'
[DEBUG] Returning cached instance of singleton bean 'org.springframework.transaction.config.internalTransactionAdvisor'
[DEBUG] Returning cached instance of singleton bean 'entityManagerFactory'
[DEBUG] Eagerly caching bean 'org.springframework.orm.jpa.SharedEntityManagerCreator#0' to allow for resolving potential circular references
[DEBUG] Returning cached instance of singleton bean 'org.springframework.transaction.config.internalTransactionAdvisor'
[DEBUG] Returning cached instance of singleton bean 'org.springframework.transaction.config.internalTransactionAdvisor'
[DEBUG] Finished creating instance of bean 'org.springframework.orm.jpa.SharedEntityManagerCreator#0'
[DEBUG] Autowiring by type from bean name 'jpaContext' via constructor to bean named 'org.springframework.orm.jpa.SharedEntityManagerCreator#0'
[DEBUG] Eagerly caching bean 'jpaContext' to allow for resolving potential circular references
[DEBUG] Returning cached instance of singleton bean 'org.springframework.transaction.config.internalTransactionAdvisor'
[DEBUG] Returning cached instance of singleton bean 'org.springframework.transaction.config.internalTransactionAdvisor'
[DEBUG] Finished creating instance of bean 'jpaContext'
[DEBUG] Returning cached instance of singleton bean 'alumnoRepository'
[DEBUG] Returning cached instance of singleton bean 'documentoRepository'
[DEBUG] Returning cached instance of singleton bean 'org.springframework.boot.autoconfigure.jackson.JacksonAutoConfiguration$JacksonObjectMapperBuilderConfiguration'
[DEBUG] Returning cached instance of singleton bean 'jacksonObjectMapperBuilder'
[DEBUG] Returning cached instance of singleton bean 'spring.jackson.CONFIGURATION_PROPERTIES'
[DEBUG] Returning cached instance of singleton bean 'org.springframework.boot.autoconfigure.jackson.JacksonAutoConfiguration$JacksonObjectMapperConfiguration'
[DEBUG] Returning cached instance of singleton bean 'jacksonObjectMapper'
[DEBUG] Creating shared instance of singleton bean 'org.springframework.boot.autoconfigure.jackson.JacksonAutoConfiguration'
[DEBUG] Creating instance of bean 'org.springframework.boot.autoconfigure.jackson.JacksonAutoConfiguration'
[DEBUG] Returning cached instance of singleton bean 'org.springframework.transaction.config.internalTransactionAdvisor'
[DEBUG] Eagerly caching bean 'org.springframework.boot.autoconfigure.jackson.JacksonAutoConfiguration' to allow for resolving potential circular references
[DEBUG] Returning cached instance of singleton bean 'org.springframework.transaction.config.internalTransactionAdvisor'
[DEBUG] Returning cached instance of singleton bean 'org.springframework.transaction.config.internalTransactionAdvisor'
[DEBUG] Finished creating instance of bean 'org.springframework.boot.autoconfigure.jackson.JacksonAutoConfiguration'
[DEBUG] Returning cached instance of singleton bean 'org.springframework.boot.autoconfigure.web.HttpMessageConvertersAutoConfiguration$StringHttpMessageConverterConfiguration'
[DEBUG] Returning cached instance of singleton bean 'stringHttpMessageConverter'
[DEBUG] Returning cached instance of singleton bean 'spring.http.encoding.CONFIGURATION_PROPERTIES'
[DEBUG] Returning cached instance of singleton bean 'org.springframework.boot.autoconfigure.web.JacksonHttpMessageConvertersConfiguration$MappingJackson2HttpMessageConverterConfiguration'
[DEBUG] Returning cached instance of singleton bean 'mappingJackson2HttpMessageConverter'
[DEBUG] Creating shared instance of singleton bean 'org.springframework.boot.autoconfigure.web.JacksonHttpMessageConvertersConfiguration'
[DEBUG] Creating instance of bean 'org.springframework.boot.autoconfigure.web.JacksonHttpMessageConvertersConfiguration'
[DEBUG] Returning cached instance of singleton bean 'org.springframework.transaction.config.internalTransactionAdvisor'
[DEBUG] Eagerly caching bean 'org.springframework.boot.autoconfigure.web.JacksonHttpMessageConvertersConfiguration' to allow for resolving potential circular references
[DEBUG] Returning cached instance of singleton bean 'org.springframework.transaction.config.internalTransactionAdvisor'
[DEBUG] Returning cached instance of singleton bean 'org.springframework.transaction.config.internalTransactionAdvisor'
[DEBUG] Finished creating instance of bean 'org.springframework.boot.autoconfigure.web.JacksonHttpMessageConvertersConfiguration'
[DEBUG] Returning cached instance of singleton bean 'org.springframework.boot.autoconfigure.web.HttpMessageConvertersAutoConfiguration'
[DEBUG] Returning cached instance of singleton bean 'messageConverters'
[DEBUG] Returning cached instance of singleton bean 'org.springframework.data.web.config.SpringDataWebConfiguration'
[DEBUG] Returning cached instance of singleton bean 'pageableResolver'
[DEBUG] Returning cached instance of singleton bean 'sortResolver'
[DEBUG] Returning cached instance of singleton bean 'org.springframework.data.web.config.SpringDataJacksonConfiguration'
[DEBUG] Returning cached instance of singleton bean 'jacksonGeoModule'
[DEBUG] Creating shared instance of singleton bean 'org.springframework.boot.autoconfigure.data.web.SpringDataWebAutoConfiguration'
[DEBUG] Creating instance of bean 'org.springframework.boot.autoconfigure.data.web.SpringDataWebAutoConfiguration'
[DEBUG] Returning cached instance of singleton bean 'org.springframework.transaction.config.internalTransactionAdvisor'
[DEBUG] Eagerly caching bean 'org.springframework.boot.autoconfigure.data.web.SpringDataWebAutoConfiguration' to allow for resolving potential circular references
[DEBUG] Returning cached instance of singleton bean 'org.springframework.transaction.config.internalTransactionAdvisor'
[DEBUG] Returning cached instance of singleton bean 'org.springframework.transaction.config.internalTransactionAdvisor'
[DEBUG] Finished creating instance of bean 'org.springframework.boot.autoconfigure.data.web.SpringDataWebAutoConfiguration'
[DEBUG] Creating shared instance of singleton bean 'org.springframework.boot.autoconfigure.security.AuthenticationManagerConfiguration$AuthenticationManagerConfigurationListener'
[DEBUG] Creating instance of bean 'org.springframework.boot.autoconfigure.security.AuthenticationManagerConfiguration$AuthenticationManagerConfigurationListener'
[DEBUG] Returning cached instance of singleton bean 'org.springframework.transaction.config.internalTransactionAdvisor'
[DEBUG] Registered injected element on class [org.springframework.boot.autoconfigure.security.AuthenticationManagerConfiguration$AuthenticationManagerConfigurationListener]: AutowiredFieldElement for private org.springframework.security.authentication.AuthenticationEventPublisher org.springframework.boot.autoconfigure.security.AuthenticationManagerConfiguration$AuthenticationManagerConfigurationListener.eventPublisher
[DEBUG] Registered injected element on class [org.springframework.boot.autoconfigure.security.AuthenticationManagerConfiguration$AuthenticationManagerConfigurationListener]: AutowiredFieldElement for private org.springframework.context.ApplicationContext org.springframework.boot.autoconfigure.security.AuthenticationManagerConfiguration$AuthenticationManagerConfigurationListener.context
[DEBUG] Eagerly caching bean 'org.springframework.boot.autoconfigure.security.AuthenticationManagerConfiguration$AuthenticationManagerConfigurationListener' to allow for resolving potential circular references
[DEBUG] Processing injected element of bean 'org.springframework.boot.autoconfigure.security.AuthenticationManagerConfiguration$AuthenticationManagerConfigurationListener': AutowiredFieldElement for private org.springframework.security.authentication.AuthenticationEventPublisher org.springframework.boot.autoconfigure.security.AuthenticationManagerConfiguration$AuthenticationManagerConfigurationListener.eventPublisher
[DEBUG] Creating shared instance of singleton bean 'authenticationEventPublisher'
[DEBUG] Creating instance of bean 'authenticationEventPublisher'
[DEBUG] Returning cached instance of singleton bean 'org.springframework.transaction.config.internalTransactionAdvisor'
[DEBUG] Returning cached instance of singleton bean 'org.springframework.boot.autoconfigure.security.SecurityAutoConfiguration'
[DEBUG] Autowiring by type from bean name 'authenticationEventPublisher' via factory method to bean named 'org.springframework.web.context.support.GenericWebApplicationContext@5be397e'
[DEBUG] Eagerly caching bean 'authenticationEventPublisher' to allow for resolving potential circular references
[DEBUG] Returning cached instance of singleton bean 'org.springframework.transaction.config.internalTransactionAdvisor'
[DEBUG] Returning cached instance of singleton bean 'org.springframework.transaction.config.internalTransactionAdvisor'
[DEBUG] Finished creating instance of bean 'authenticationEventPublisher'
[DEBUG] Autowiring by type from bean name 'org.springframework.boot.autoconfigure.security.AuthenticationManagerConfiguration$AuthenticationManagerConfigurationListener' to bean named 'authenticationEventPublisher'
[DEBUG] Processing injected element of bean 'org.springframework.boot.autoconfigure.security.AuthenticationManagerConfiguration$AuthenticationManagerConfigurationListener': AutowiredFieldElement for private org.springframework.context.ApplicationContext org.springframework.boot.autoconfigure.security.AuthenticationManagerConfiguration$AuthenticationManagerConfigurationListener.context
[DEBUG] Autowiring by type from bean name 'org.springframework.boot.autoconfigure.security.AuthenticationManagerConfiguration$AuthenticationManagerConfigurationListener' to bean named 'org.springframework.web.context.support.GenericWebApplicationContext@5be397e'
[DEBUG] Returning cached instance of singleton bean 'org.springframework.transaction.config.internalTransactionAdvisor'
[DEBUG] Returning cached instance of singleton bean 'org.springframework.transaction.config.internalTransactionAdvisor'
[DEBUG] Finished creating instance of bean 'org.springframework.boot.autoconfigure.security.AuthenticationManagerConfiguration$AuthenticationManagerConfigurationListener'
[DEBUG] Creating shared instance of singleton bean 'org.springframework.boot.autoconfigure.security.AuthenticationManagerConfiguration'
[DEBUG] Creating instance of bean 'org.springframework.boot.autoconfigure.security.AuthenticationManagerConfiguration'
[DEBUG] Returning cached instance of singleton bean 'org.springframework.transaction.config.internalTransactionAdvisor'
[DEBUG] Eagerly caching bean 'org.springframework.boot.autoconfigure.security.AuthenticationManagerConfiguration' to allow for resolving potential circular references
[DEBUG] Returning cached instance of singleton bean 'org.springframework.transaction.config.internalTransactionAdvisor'
[DEBUG] Returning cached instance of singleton bean 'org.springframework.transaction.config.internalTransactionAdvisor'
[DEBUG] Finished creating instance of bean 'org.springframework.boot.autoconfigure.security.AuthenticationManagerConfiguration'
[DEBUG] Creating shared instance of singleton bean 'authenticationManager'
[DEBUG] Creating instance of bean 'authenticationManager'
[DEBUG] Returning cached instance of singleton bean 'org.springframework.transaction.config.internalTransactionAdvisor'
[DEBUG] Returning cached instance of singleton bean 'org.springframework.boot.autoconfigure.security.AuthenticationManagerConfiguration'
[DEBUG] Returning cached instance of singleton bean 'org.springframework.security.config.annotation.authentication.configuration.AuthenticationConfiguration'
[DEBUG] Autowiring by type from bean name 'authenticationManager' via factory method to bean named 'org.springframework.security.config.annotation.authentication.configuration.AuthenticationConfiguration'
[DEBUG] Returning cached instance of singleton bean 'webSecurityConfig'
[DEBUG] Eagerly initializing {webSecurityConfig=social.edu.uacm.WebSecurityConfig$$EnhancerBySpringCGLIB$$51f0b491@cd0c434}
[DEBUG] Returning cached instance of singleton bean 'application'
[DEBUG] Eagerly initializing {application=social.edu.uacm.Application$$EnhancerBySpringCGLIB$$cf5aa18b@664d893d}
[INFO] 

Using default security password: f5fdb646-39a6-4af5-aa5a-840b38b3e766

[DEBUG] Invoking afterPropertiesSet() on bean with name 'org.springframework.security.authentication.dao.DaoAuthenticationProvider@63f0406c'
[DEBUG] Returning cached instance of singleton bean 'org.springframework.transaction.config.internalTransactionAdvisor'
[DEBUG] Returning cached instance of singleton bean 'org.springframework.transaction.config.internalTransactionAdvisor'
[DEBUG] Invoking afterPropertiesSet() on bean with name 'org.springframework.security.authentication.ProviderManager@5ea54905'
[DEBUG] Returning cached instance of singleton bean 'org.springframework.transaction.config.internalTransactionAdvisor'
[DEBUG] Returning cached instance of singleton bean 'org.springframework.transaction.config.internalTransactionAdvisor'
[DEBUG] Eagerly caching bean 'authenticationManager' to allow for resolving potential circular references
[DEBUG] Invoking afterPropertiesSet() on bean with name 'authenticationManager'
[DEBUG] Returning cached instance of singleton bean 'org.springframework.transaction.config.internalTransactionAdvisor'
[DEBUG] Returning cached instance of singleton bean 'org.springframework.transaction.config.internalTransactionAdvisor'
[DEBUG] Finished creating instance of bean 'authenticationManager'
[DEBUG] Returning cached instance of singleton bean 'springBootAuthenticationConfigurerAdapter'
[DEBUG] Creating shared instance of singleton bean 'org.springframework.boot.autoconfigure.security.BootGlobalAuthenticationConfiguration'
[DEBUG] Creating instance of bean 'org.springframework.boot.autoconfigure.security.BootGlobalAuthenticationConfiguration'
[DEBUG] Returning cached instance of singleton bean 'org.springframework.transaction.config.internalTransactionAdvisor'
[DEBUG] Eagerly caching bean 'org.springframework.boot.autoconfigure.security.BootGlobalAuthenticationConfiguration' to allow for resolving potential circular references
[DEBUG] Returning cached instance of singleton bean 'org.springframework.transaction.config.internalTransactionAdvisor'
[DEBUG] Returning cached instance of singleton bean 'org.springframework.transaction.config.internalTransactionAdvisor'
[DEBUG] Finished creating instance of bean 'org.springframework.boot.autoconfigure.security.BootGlobalAuthenticationConfiguration'
[DEBUG] Returning cached instance of singleton bean 'bootGlobalAuthenticationConfigurationAdapter'
[DEBUG] Returning cached instance of singleton bean 'org.springframework.boot.autoconfigure.security.SecurityAutoConfiguration'
[DEBUG] Returning cached instance of singleton bean 'authenticationEventPublisher'
[DEBUG] Returning cached instance of singleton bean 'securityProperties'
[DEBUG] Returning cached instance of singleton bean 'org.springframework.transaction.annotation.ProxyTransactionManagementConfiguration'
[DEBUG] Returning cached instance of singleton bean 'org.springframework.transaction.config.internalTransactionAdvisor'
[DEBUG] Returning cached instance of singleton bean 'transactionAttributeSource'
[DEBUG] Returning cached instance of singleton bean 'transactionInterceptor'
[DEBUG] Creating shared instance of singleton bean 'org.springframework.transaction.config.internalTransactionalEventListenerFactory'
[DEBUG] Creating instance of bean 'org.springframework.transaction.config.internalTransactionalEventListenerFactory'
[DEBUG] Returning cached instance of singleton bean 'org.springframework.transaction.config.internalTransactionAdvisor'
[DEBUG] Returning cached instance of singleton bean 'org.springframework.transaction.annotation.ProxyTransactionManagementConfiguration'
[DEBUG] Eagerly caching bean 'org.springframework.transaction.config.internalTransactionalEventListenerFactory' to allow for resolving potential circular references
[DEBUG] Returning cached instance of singleton bean 'org.springframework.transaction.config.internalTransactionAdvisor'
[DEBUG] Returning cached instance of singleton bean 'org.springframework.transaction.config.internalTransactionAdvisor'
[DEBUG] Finished creating instance of bean 'org.springframework.transaction.config.internalTransactionalEventListenerFactory'
[DEBUG] Creating shared instance of singleton bean 'org.springframework.boot.autoconfigure.jdbc.DataSourceTransactionManagerAutoConfiguration$TransactionManagementConfiguration'
[DEBUG] Creating instance of bean 'org.springframework.boot.autoconfigure.jdbc.DataSourceTransactionManagerAutoConfiguration$TransactionManagementConfiguration'
[DEBUG] Returning cached instance of singleton bean 'org.springframework.transaction.config.internalTransactionAdvisor'
[DEBUG] Eagerly caching bean 'org.springframework.boot.autoconfigure.jdbc.DataSourceTransactionManagerAutoConfiguration$TransactionManagementConfiguration' to allow for resolving potential circular references
[DEBUG] Returning cached instance of singleton bean 'org.springframework.transaction.config.internalTransactionAdvisor'
[DEBUG] Returning cached instance of singleton bean 'org.springframework.transaction.config.internalTransactionAdvisor'
[DEBUG] Finished creating instance of bean 'org.springframework.boot.autoconfigure.jdbc.DataSourceTransactionManagerAutoConfiguration$TransactionManagementConfiguration'
[DEBUG] Creating shared instance of singleton bean 'org.springframework.boot.autoconfigure.jdbc.DataSourceTransactionManagerAutoConfiguration'
[DEBUG] Creating instance of bean 'org.springframework.boot.autoconfigure.jdbc.DataSourceTransactionManagerAutoConfiguration'
[DEBUG] Returning cached instance of singleton bean 'org.springframework.transaction.config.internalTransactionAdvisor'
[DEBUG] Registered injected element on class [org.springframework.boot.autoconfigure.jdbc.DataSourceTransactionManagerAutoConfiguration$$EnhancerBySpringCGLIB$$f8846ba6]: AutowiredFieldElement for private javax.sql.DataSource org.springframework.boot.autoconfigure.jdbc.DataSourceTransactionManagerAutoConfiguration.dataSource
[DEBUG] Eagerly caching bean 'org.springframework.boot.autoconfigure.jdbc.DataSourceTransactionManagerAutoConfiguration' to allow for resolving potential circular references
[DEBUG] Processing injected element of bean 'org.springframework.boot.autoconfigure.jdbc.DataSourceTransactionManagerAutoConfiguration': AutowiredFieldElement for private javax.sql.DataSource org.springframework.boot.autoconfigure.jdbc.DataSourceTransactionManagerAutoConfiguration.dataSource
[DEBUG] Returning cached instance of singleton bean 'dataSource'
[DEBUG] Autowiring by type from bean name 'org.springframework.boot.autoconfigure.jdbc.DataSourceTransactionManagerAutoConfiguration' to bean named 'dataSource'
[DEBUG] Returning cached instance of singleton bean 'org.springframework.transaction.config.internalTransactionAdvisor'
[DEBUG] Returning cached instance of singleton bean 'org.springframework.transaction.config.internalTransactionAdvisor'
[DEBUG] Finished creating instance of bean 'org.springframework.boot.autoconfigure.jdbc.DataSourceTransactionManagerAutoConfiguration'
[DEBUG] Creating shared instance of singleton bean 'org.springframework.boot.autoconfigure.thymeleaf.ThymeleafAutoConfiguration$ThymeleafResourceHandlingConfig'
[DEBUG] Creating instance of bean 'org.springframework.boot.autoconfigure.thymeleaf.ThymeleafAutoConfiguration$ThymeleafResourceHandlingConfig'
[DEBUG] Returning cached instance of singleton bean 'org.springframework.transaction.config.internalTransactionAdvisor'
[DEBUG] Eagerly caching bean 'org.springframework.boot.autoconfigure.thymeleaf.ThymeleafAutoConfiguration$ThymeleafResourceHandlingConfig' to allow for resolving potential circular references
[DEBUG] Returning cached instance of singleton bean 'org.springframework.transaction.config.internalTransactionAdvisor'
[DEBUG] Returning cached instance of singleton bean 'org.springframework.transaction.config.internalTransactionAdvisor'
[DEBUG] Finished creating instance of bean 'org.springframework.boot.autoconfigure.thymeleaf.ThymeleafAutoConfiguration$ThymeleafResourceHandlingConfig'
[DEBUG] Returning cached instance of singleton bean 'org.springframework.boot.autoconfigure.thymeleaf.ThymeleafAutoConfiguration$ThymeleafViewResolverConfiguration'
[DEBUG] Returning cached instance of singleton bean 'thymeleafViewResolver'
[DEBUG] Returning cached instance of singleton bean 'org.springframework.boot.autoconfigure.thymeleaf.ThymeleafAutoConfiguration$ThymeleafDefaultConfiguration'
[DEBUG] Returning cached instance of singleton bean 'templateEngine'
[DEBUG] Returning cached instance of singleton bean 'org.springframework.boot.autoconfigure.thymeleaf.ThymeleafAutoConfiguration$DefaultTemplateResolverConfiguration'
[DEBUG] Returning cached instance of singleton bean 'defaultTemplateResolver'
[DEBUG] Returning cached instance of singleton bean 'thymeleafResourceResolver'
[DEBUG] Creating shared instance of singleton bean 'org.springframework.boot.autoconfigure.thymeleaf.ThymeleafAutoConfiguration'
[DEBUG] Creating instance of bean 'org.springframework.boot.autoconfigure.thymeleaf.ThymeleafAutoConfiguration'
[DEBUG] Returning cached instance of singleton bean 'org.springframework.transaction.config.internalTransactionAdvisor'
[DEBUG] Eagerly caching bean 'org.springframework.boot.autoconfigure.thymeleaf.ThymeleafAutoConfiguration' to allow for resolving potential circular references
[DEBUG] Returning cached instance of singleton bean 'org.springframework.transaction.config.internalTransactionAdvisor'
[DEBUG] Returning cached instance of singleton bean 'org.springframework.transaction.config.internalTransactionAdvisor'
[DEBUG] Finished creating instance of bean 'org.springframework.boot.autoconfigure.thymeleaf.ThymeleafAutoConfiguration'
[DEBUG] Returning cached instance of singleton bean 'spring.thymeleaf.CONFIGURATION_PROPERTIES'
[DEBUG] Creating shared instance of singleton bean 'org.springframework.boot.autoconfigure.security.SecurityFilterAutoConfiguration'
[DEBUG] Creating instance of bean 'org.springframework.boot.autoconfigure.security.SecurityFilterAutoConfiguration'
[DEBUG] Returning cached instance of singleton bean 'org.springframework.transaction.config.internalTransactionAdvisor'
[DEBUG] Eagerly caching bean 'org.springframework.boot.autoconfigure.security.SecurityFilterAutoConfiguration' to allow for resolving potential circular references
[DEBUG] Returning cached instance of singleton bean 'org.springframework.transaction.config.internalTransactionAdvisor'
[DEBUG] Returning cached instance of singleton bean 'org.springframework.transaction.config.internalTransactionAdvisor'
[DEBUG] Finished creating instance of bean 'org.springframework.boot.autoconfigure.security.SecurityFilterAutoConfiguration'
[DEBUG] Creating shared instance of singleton bean 'securityFilterChainRegistration'
[DEBUG] Creating instance of bean 'securityFilterChainRegistration'
[DEBUG] Returning cached instance of singleton bean 'org.springframework.transaction.config.internalTransactionAdvisor'
[DEBUG] Returning cached instance of singleton bean 'org.springframework.boot.autoconfigure.security.SecurityFilterAutoConfiguration'
[DEBUG] Returning cached instance of singleton bean 'securityProperties'
[DEBUG] Autowiring by type from bean name 'securityFilterChainRegistration' via factory method to bean named 'securityProperties'
[DEBUG] Eagerly caching bean 'securityFilterChainRegistration' to allow for resolving potential circular references
[DEBUG] Returning cached instance of singleton bean 'org.springframework.transaction.config.internalTransactionAdvisor'
[DEBUG] Returning cached instance of singleton bean 'org.springframework.transaction.config.internalTransactionAdvisor'
[DEBUG] Finished creating instance of bean 'securityFilterChainRegistration'
[DEBUG] Creating shared instance of singleton bean 'org.springframework.boot.autoconfigure.transaction.TransactionAutoConfiguration'
[DEBUG] Creating instance of bean 'org.springframework.boot.autoconfigure.transaction.TransactionAutoConfiguration'
[DEBUG] Returning cached instance of singleton bean 'org.springframework.transaction.config.internalTransactionAdvisor'
[DEBUG] Registered injected element on class [org.springframework.boot.autoconfigure.transaction.TransactionAutoConfiguration$$EnhancerBySpringCGLIB$$aeca933f]: AutowiredFieldElement for private org.springframework.transaction.PlatformTransactionManager org.springframework.boot.autoconfigure.transaction.TransactionAutoConfiguration.transactionManager
[DEBUG] Eagerly caching bean 'org.springframework.boot.autoconfigure.transaction.TransactionAutoConfiguration' to allow for resolving potential circular references
[DEBUG] Processing injected element of bean 'org.springframework.boot.autoconfigure.transaction.TransactionAutoConfiguration': AutowiredFieldElement for private org.springframework.transaction.PlatformTransactionManager org.springframework.boot.autoconfigure.transaction.TransactionAutoConfiguration.transactionManager
[DEBUG] Returning cached instance of singleton bean 'transactionManager'
[DEBUG] Autowiring by type from bean name 'org.springframework.boot.autoconfigure.transaction.TransactionAutoConfiguration' to bean named 'transactionManager'
[DEBUG] Returning cached instance of singleton bean 'org.springframework.transaction.config.internalTransactionAdvisor'
[DEBUG] Returning cached instance of singleton bean 'org.springframework.transaction.config.internalTransactionAdvisor'
[DEBUG] Finished creating instance of bean 'org.springframework.boot.autoconfigure.transaction.TransactionAutoConfiguration'
[DEBUG] Creating shared instance of singleton bean 'transactionTemplate'
[DEBUG] Creating instance of bean 'transactionTemplate'
[DEBUG] Returning cached instance of singleton bean 'org.springframework.transaction.config.internalTransactionAdvisor'
[DEBUG] Returning cached instance of singleton bean 'org.springframework.boot.autoconfigure.transaction.TransactionAutoConfiguration'
[DEBUG] Eagerly caching bean 'transactionTemplate' to allow for resolving potential circular references
[DEBUG] Invoking afterPropertiesSet() on bean with name 'transactionTemplate'
[DEBUG] Returning cached instance of singleton bean 'org.springframework.transaction.config.internalTransactionAdvisor'
[DEBUG] Returning cached instance of singleton bean 'org.springframework.transaction.config.internalTransactionAdvisor'
[DEBUG] Finished creating instance of bean 'transactionTemplate'
[DEBUG] Creating shared instance of singleton bean 'org.springframework.boot.autoconfigure.web.HttpEncodingAutoConfiguration'
[DEBUG] Creating instance of bean 'org.springframework.boot.autoconfigure.web.HttpEncodingAutoConfiguration'
[DEBUG] Returning cached instance of singleton bean 'org.springframework.transaction.config.internalTransactionAdvisor'
[DEBUG] Registered injected element on class [org.springframework.boot.autoconfigure.web.HttpEncodingAutoConfiguration$$EnhancerBySpringCGLIB$$b6321ec0]: AutowiredFieldElement for private org.springframework.boot.autoconfigure.web.HttpEncodingProperties org.springframework.boot.autoconfigure.web.HttpEncodingAutoConfiguration.httpEncodingProperties
[DEBUG] Eagerly caching bean 'org.springframework.boot.autoconfigure.web.HttpEncodingAutoConfiguration' to allow for resolving potential circular references
[DEBUG] Processing injected element of bean 'org.springframework.boot.autoconfigure.web.HttpEncodingAutoConfiguration': AutowiredFieldElement for private org.springframework.boot.autoconfigure.web.HttpEncodingProperties org.springframework.boot.autoconfigure.web.HttpEncodingAutoConfiguration.httpEncodingProperties
[DEBUG] Returning cached instance of singleton bean 'spring.http.encoding.CONFIGURATION_PROPERTIES'
[DEBUG] Autowiring by type from bean name 'org.springframework.boot.autoconfigure.web.HttpEncodingAutoConfiguration' to bean named 'spring.http.encoding.CONFIGURATION_PROPERTIES'
[DEBUG] Returning cached instance of singleton bean 'org.springframework.transaction.config.internalTransactionAdvisor'
[DEBUG] Returning cached instance of singleton bean 'org.springframework.transaction.config.internalTransactionAdvisor'
[DEBUG] Finished creating instance of bean 'org.springframework.boot.autoconfigure.web.HttpEncodingAutoConfiguration'
[DEBUG] Creating shared instance of singleton bean 'characterEncodingFilter'
[DEBUG] Creating instance of bean 'characterEncodingFilter'
[DEBUG] Returning cached instance of singleton bean 'org.springframework.transaction.config.internalTransactionAdvisor'
[DEBUG] Returning cached instance of singleton bean 'org.springframework.boot.autoconfigure.web.HttpEncodingAutoConfiguration'
[DEBUG] Adding [servletConfigInitParams] PropertySource with lowest search precedence
[DEBUG] Adding [servletContextInitParams] PropertySource with lowest search precedence
[DEBUG] Adding [systemProperties] PropertySource with lowest search precedence
[DEBUG] Adding [systemEnvironment] PropertySource with lowest search precedence
[DEBUG] Initialized StandardServletEnvironment with PropertySources [servletConfigInitParams,servletContextInitParams,systemProperties,systemEnvironment]
[DEBUG] Eagerly caching bean 'characterEncodingFilter' to allow for resolving potential circular references
[DEBUG] Invoking afterPropertiesSet() on bean with name 'characterEncodingFilter'
[DEBUG] Returning cached instance of singleton bean 'org.springframework.transaction.config.internalTransactionAdvisor'
[DEBUG] Returning cached instance of singleton bean 'org.springframework.transaction.config.internalTransactionAdvisor'
[DEBUG] Finished creating instance of bean 'characterEncodingFilter'
[DEBUG] Returning cached instance of singleton bean 'org.springframework.boot.autoconfigure.web.MultipartAutoConfiguration'
[DEBUG] Returning cached instance of singleton bean 'multipartConfigElement'
[DEBUG] Creating shared instance of singleton bean 'multipartResolver'
[DEBUG] Creating instance of bean 'multipartResolver'
[DEBUG] Returning cached instance of singleton bean 'org.springframework.transaction.config.internalTransactionAdvisor'
[DEBUG] Returning cached instance of singleton bean 'org.springframework.boot.autoconfigure.web.MultipartAutoConfiguration'
[DEBUG] Eagerly caching bean 'multipartResolver' to allow for resolving potential circular references
[DEBUG] Returning cached instance of singleton bean 'org.springframework.transaction.config.internalTransactionAdvisor'
[DEBUG] Returning cached instance of singleton bean 'org.springframework.transaction.config.internalTransactionAdvisor'
[DEBUG] Finished creating instance of bean 'multipartResolver'
[DEBUG] Returning cached instance of singleton bean 'multipart.CONFIGURATION_PROPERTIES'
[DEBUG] Returning cached instance of singleton bean 'org.springframework.boot.autoconfigure.web.ServerPropertiesAutoConfiguration'
[DEBUG] Returning cached instance of singleton bean 'serverProperties'
[DEBUG] Returning cached instance of singleton bean 'duplicateServerPropertiesDetector'
[DEBUG] Returning cached instance of singleton bean 'org.springframework.orm.jpa.SharedEntityManagerCreator#0'
[DEBUG] Returning cached instance of singleton bean 'org.springframework.context.event.internalEventListenerFactory'
[DEBUG] Returning cached instance of singleton bean 'org.springframework.transaction.config.internalTransactionalEventListenerFactory'
[DEBUG] Returning cached instance of singleton bean 'authenticationManager'
[DEBUG] Unable to locate LifecycleProcessor with name 'lifecycleProcessor': using default [org.springframework.context.support.DefaultLifecycleProcessor@ab664ec]
[DEBUG] Returning cached instance of singleton bean 'lifecycleProcessor'
[DEBUG] Returning cached instance of singleton bean 'delegatingApplicationListener'
[DEBUG] Returning cached instance of singleton bean 'org.springframework.boot.context.properties.ConfigurationPropertiesBindingPostProcessor'
[DEBUG] Returning cached instance of singleton bean 'mvcResourceUrlProvider'
[DEBUG] 


=========================
AUTO-CONFIGURATION REPORT
=========================


Positive matches:
-----------------

   AopAutoConfiguration matched
      - @ConditionalOnClass classes found: org.springframework.context.annotation.EnableAspectJAutoProxy,org.aspectj.lang.annotation.Aspect,org.aspectj.lang.reflect.Advice (OnClassCondition)
      - matched (OnPropertyCondition)

   AopAutoConfiguration.JdkDynamicAutoProxyConfiguration matched
      - matched (OnPropertyCondition)

   AuthenticationManagerConfiguration matched
      - @ConditionalOnBean (types: org.springframework.security.config.annotation.ObjectPostProcessor; SearchStrategy: all) found the following [objectPostProcessor] @ConditionalOnMissingBean (types: org.springframework.security.authentication.AuthenticationManager; SearchStrategy: all) found no beans (OnBeanCondition)

   BootGlobalAuthenticationConfiguration matched
      - @ConditionalOnClass classes found: org.springframework.security.config.annotation.authentication.configurers.GlobalAuthenticationConfigurerAdapter (OnClassCondition)

   DataSourceAutoConfiguration matched
      - @ConditionalOnClass classes found: javax.sql.DataSource,org.springframework.jdbc.datasource.embedded.EmbeddedDatabaseType (OnClassCondition)

   DataSourceAutoConfiguration.DataSourceInitializerConfiguration matched
      - @ConditionalOnMissingBean (types: org.springframework.boot.autoconfigure.jdbc.DataSourceInitializer; SearchStrategy: all) found no beans (OnBeanCondition)

   DataSourceAutoConfiguration.JdbcTemplateConfiguration matched
      - existing auto database detected (DataSourceAutoConfiguration.DataSourceAvailableCondition)

   DataSourceAutoConfiguration.JdbcTemplateConfiguration#jdbcTemplate matched
      - @ConditionalOnMissingBean (types: org.springframework.jdbc.core.JdbcOperations; SearchStrategy: all) found no beans (OnBeanCondition)

   DataSourceAutoConfiguration.JdbcTemplateConfiguration#namedParameterJdbcTemplate matched
      - @ConditionalOnMissingBean (types: org.springframework.jdbc.core.namedparam.NamedParameterJdbcOperations; SearchStrategy: all) found no beans (OnBeanCondition)

   DataSourceAutoConfiguration.NonEmbeddedConfiguration matched
      - supported DataSource class found (DataSourceAutoConfiguration.NonEmbeddedDataSourceCondition)
      - @ConditionalOnMissingBean (types: javax.sql.DataSource,javax.sql.XADataSource; SearchStrategy: all) found no beans (OnBeanCondition)

   DataSourcePoolMetadataProvidersConfiguration.TomcatDataSourcePoolMetadataProviderConfiguration matched
      - @ConditionalOnClass classes found: org.apache.tomcat.jdbc.pool.DataSource (OnClassCondition)

   DataSourceTransactionManagerAutoConfiguration matched
      - @ConditionalOnClass classes found: org.springframework.jdbc.core.JdbcTemplate,org.springframework.transaction.PlatformTransactionManager (OnClassCondition)

   DataSourceTransactionManagerAutoConfiguration.TransactionManagementConfiguration matched
      - @ConditionalOnMissingBean (types: org.springframework.transaction.annotation.AbstractTransactionManagementConfiguration; SearchStrategy: all) found no beans (OnBeanCondition)

   DispatcherServletAutoConfiguration matched
      - @ConditionalOnClass classes found: org.springframework.web.servlet.DispatcherServlet (OnClassCondition)
      - found web application 'session' scope (OnWebApplicationCondition)

   DispatcherServletAutoConfiguration.DispatcherServletConfiguration matched
      - @ConditionalOnClass classes found: javax.servlet.ServletRegistration (OnClassCondition)
      - no ServletRegistrationBean found (DispatcherServletAutoConfiguration.DefaultDispatcherServletCondition)

   EmbeddedServletContainerAutoConfiguration matched
      - found web application 'session' scope (OnWebApplicationCondition)

   EmbeddedServletContainerAutoConfiguration.EmbeddedTomcat matched
      - @ConditionalOnClass classes found: javax.servlet.Servlet,org.apache.catalina.startup.Tomcat (OnClassCondition)
      - @ConditionalOnMissingBean (types: org.springframework.boot.context.embedded.EmbeddedServletContainerFactory; SearchStrategy: current) found no beans (OnBeanCondition)

   ErrorMvcAutoConfiguration matched
      - @ConditionalOnClass classes found: javax.servlet.Servlet,org.springframework.web.servlet.DispatcherServlet (OnClassCondition)
      - found web application 'session' scope (OnWebApplicationCondition)

   ErrorMvcAutoConfiguration#basicErrorController matched
      - @ConditionalOnMissingBean (types: org.springframework.boot.autoconfigure.web.ErrorController; SearchStrategy: current) found no beans (OnBeanCondition)

   ErrorMvcAutoConfiguration#errorAttributes matched
      - @ConditionalOnMissingBean (types: org.springframework.boot.autoconfigure.web.ErrorAttributes; SearchStrategy: current) found no beans (OnBeanCondition)

   GenericCacheConfiguration matched
      - Automatic cache type (CacheCondition)

   HibernateJpaAutoConfiguration matched
      - @ConditionalOnClass classes found: org.springframework.orm.jpa.LocalContainerEntityManagerFactoryBean,org.springframework.transaction.annotation.EnableTransactionManagement,javax.persistence.EntityManager (OnClassCondition)
      - found HibernateEntityManager class (HibernateJpaAutoConfiguration.HibernateEntityManagerCondition)

   HttpEncodingAutoConfiguration matched
      - @ConditionalOnClass classes found: org.springframework.web.filter.CharacterEncodingFilter (OnClassCondition)
      - matched (OnPropertyCondition)

   HttpEncodingAutoConfiguration#characterEncodingFilter matched
      - @ConditionalOnMissingBean (types: org.springframework.web.filter.CharacterEncodingFilter; SearchStrategy: all) found no beans (OnBeanCondition)

   HttpMessageConvertersAutoConfiguration matched
      - @ConditionalOnClass classes found: org.springframework.http.converter.HttpMessageConverter (OnClassCondition)

   HttpMessageConvertersAutoConfiguration#messageConverters matched
      - @ConditionalOnMissingBean (types: org.springframework.boot.autoconfigure.web.HttpMessageConverters; SearchStrategy: all) found no beans (OnBeanCondition)

   HttpMessageConvertersAutoConfiguration.StringHttpMessageConverterConfiguration matched
      - @ConditionalOnClass classes found: org.springframework.http.converter.StringHttpMessageConverter (OnClassCondition)

   HttpMessageConvertersAutoConfiguration.StringHttpMessageConverterConfiguration#stringHttpMessageConverter matched
      - @ConditionalOnMissingBean (types: org.springframework.http.converter.StringHttpMessageConverter; SearchStrategy: all) found no beans (OnBeanCondition)

   JacksonAutoConfiguration matched
      - @ConditionalOnClass classes found: com.fasterxml.jackson.databind.ObjectMapper (OnClassCondition)

   JacksonAutoConfiguration.JacksonObjectMapperBuilderConfiguration matched
      - @ConditionalOnClass classes found: com.fasterxml.jackson.databind.ObjectMapper,org.springframework.http.converter.json.Jackson2ObjectMapperBuilder (OnClassCondition)

   JacksonAutoConfiguration.JacksonObjectMapperBuilderConfiguration#jacksonObjectMapperBuilder matched
      - @ConditionalOnMissingBean (types: org.springframework.http.converter.json.Jackson2ObjectMapperBuilder; SearchStrategy: all) found no beans (OnBeanCondition)

   JacksonAutoConfiguration.JacksonObjectMapperConfiguration matched
      - @ConditionalOnClass classes found: com.fasterxml.jackson.databind.ObjectMapper,org.springframework.http.converter.json.Jackson2ObjectMapperBuilder (OnClassCondition)

   JacksonAutoConfiguration.JacksonObjectMapperConfiguration#jacksonObjectMapper matched
      - @ConditionalOnMissingBean (types: com.fasterxml.jackson.databind.ObjectMapper; SearchStrategy: all) found no beans (OnBeanCondition)

   JacksonHttpMessageConvertersConfiguration.MappingJackson2HttpMessageConverterConfiguration matched
      - @ConditionalOnClass classes found: com.fasterxml.jackson.databind.ObjectMapper (OnClassCondition)
      - matched (OnPropertyCondition)
      - @ConditionalOnBean (types: com.fasterxml.jackson.databind.ObjectMapper; SearchStrategy: all) found the following [jacksonObjectMapper] (OnBeanCondition)

   JacksonHttpMessageConvertersConfiguration.MappingJackson2HttpMessageConverterConfiguration#mappingJackson2HttpMessageConverter matched
      - @ConditionalOnMissingBean (types: org.springframework.http.converter.json.MappingJackson2HttpMessageConverter; SearchStrategy: all) found no beans (OnBeanCondition)

   JpaBaseConfiguration#entityManagerFactory matched
      - @ConditionalOnMissingBean (types: org.springframework.orm.jpa.LocalContainerEntityManagerFactoryBean,javax.persistence.EntityManagerFactory; SearchStrategy: all) found no beans (OnBeanCondition)

   JpaBaseConfiguration#entityManagerFactoryBuilder matched
      - @ConditionalOnMissingBean (types: org.springframework.boot.orm.jpa.EntityManagerFactoryBuilder; SearchStrategy: all) found no beans (OnBeanCondition)

   JpaBaseConfiguration#jpaVendorAdapter matched
      - @ConditionalOnMissingBean (types: org.springframework.orm.jpa.JpaVendorAdapter; SearchStrategy: all) found no beans (OnBeanCondition)

   JpaBaseConfiguration#transactionManager matched
      - @ConditionalOnMissingBean (types: org.springframework.transaction.PlatformTransactionManager; SearchStrategy: all) found no beans (OnBeanCondition)

   JpaBaseConfiguration.JpaWebConfiguration matched
      - @ConditionalOnClass classes found: org.springframework.web.servlet.config.annotation.WebMvcConfigurerAdapter (OnClassCondition)
      - found web application 'session' scope (OnWebApplicationCondition)
      - matched (OnPropertyCondition)
      - @ConditionalOnMissingBean (types: org.springframework.orm.jpa.support.OpenEntityManagerInViewInterceptor,org.springframework.orm.jpa.support.OpenEntityManagerInViewFilter; SearchStrategy: all) found no beans (OnBeanCondition)

   JpaRepositoriesAutoConfiguration matched
      - @ConditionalOnClass classes found: org.springframework.data.jpa.repository.JpaRepository (OnClassCondition)
      - matched (OnPropertyCondition)
      - @ConditionalOnBean (types: javax.sql.DataSource; SearchStrategy: all) found the following [dataSource] @ConditionalOnMissingBean (types: org.springframework.data.jpa.repository.support.JpaRepositoryFactoryBean,org.springframework.data.jpa.repository.config.JpaRepositoryConfigExtension; SearchStrategy: all) found no beans (OnBeanCondition)

   JtaAutoConfiguration matched
      - @ConditionalOnClass classes found: javax.transaction.Transaction (OnClassCondition)
      - matched (OnPropertyCondition)

   MultipartAutoConfiguration matched
      - @ConditionalOnClass classes found: javax.servlet.Servlet,org.springframework.web.multipart.support.StandardServletMultipartResolver,javax.servlet.MultipartConfigElement (OnClassCondition)
      - matched (OnPropertyCondition)

   MultipartAutoConfiguration#multipartConfigElement matched
      - @ConditionalOnMissingBean (types: javax.servlet.MultipartConfigElement; SearchStrategy: all) found no beans (OnBeanCondition)

   MultipartAutoConfiguration#multipartResolver matched
      - @ConditionalOnMissingBean (types: org.springframework.web.multipart.MultipartResolver; SearchStrategy: all) found no beans (OnBeanCondition)

   NoOpCacheConfiguration matched
      - Automatic cache type (CacheCondition)

   PersistenceExceptionTranslationAutoConfiguration matched
      - @ConditionalOnClass classes found: org.springframework.dao.annotation.PersistenceExceptionTranslationPostProcessor (OnClassCondition)

   PersistenceExceptionTranslationAutoConfiguration#persistenceExceptionTranslationPostProcessor matched
      - @ConditionalOnMissingBean (types: org.springframework.dao.annotation.PersistenceExceptionTranslationPostProcessor; SearchStrategy: all) found no beans (OnBeanCondition)
      - matched (OnPropertyCondition)

   PropertyPlaceholderAutoConfiguration#propertySourcesPlaceholderConfigurer matched
      - @ConditionalOnMissingBean (types: org.springframework.context.support.PropertySourcesPlaceholderConfigurer; SearchStrategy: current) found no beans (OnBeanCondition)

   RedisCacheConfiguration matched
      - Automatic cache type (CacheCondition)

   SecurityAutoConfiguration matched
      - @ConditionalOnClass classes found: org.springframework.security.authentication.AuthenticationManager,org.springframework.security.config.annotation.authentication.configurers.GlobalAuthenticationConfigurerAdapter (OnClassCondition)

   SecurityAutoConfiguration#authenticationEventPublisher matched
      - @ConditionalOnMissingBean (types: org.springframework.security.authentication.AuthenticationEventPublisher; SearchStrategy: all) found no beans (OnBeanCondition)

   SecurityAutoConfiguration#securityProperties matched
      - @ConditionalOnMissingBean (types: org.springframework.boot.autoconfigure.security.SecurityProperties; SearchStrategy: all) found no beans (OnBeanCondition)

   SecurityFilterAutoConfiguration matched
      - @ConditionalOnClass classes found: org.springframework.security.web.context.AbstractSecurityWebApplicationInitializer,org.springframework.security.config.http.SessionCreationPolicy (OnClassCondition)
      - found web application 'session' scope (OnWebApplicationCondition)

   SecurityFilterAutoConfiguration#securityFilterChainRegistration matched
      - @ConditionalOnBean (names: springSecurityFilterChain; SearchStrategy: all) found the following [springSecurityFilterChain] (OnBeanCondition)

   ServerPropertiesAutoConfiguration matched
      - found web application 'session' scope (OnWebApplicationCondition)

   ServerPropertiesAutoConfiguration#serverProperties matched
      - @ConditionalOnMissingBean (types: org.springframework.boot.autoconfigure.web.ServerProperties; SearchStrategy: current) found no beans (OnBeanCondition)

   SimpleCacheConfiguration matched
      - Automatic cache type (CacheCondition)

   SpringDataWebAutoConfiguration matched
      - @ConditionalOnClass classes found: org.springframework.data.web.PageableHandlerMethodArgumentResolver,org.springframework.web.servlet.config.annotation.WebMvcConfigurerAdapter (OnClassCondition)
      - found web application 'session' scope (OnWebApplicationCondition)
      - @ConditionalOnMissingBean (types: org.springframework.data.web.PageableHandlerMethodArgumentResolver; SearchStrategy: all) found no beans (OnBeanCondition)

   ThymeleafAutoConfiguration matched
      - @ConditionalOnClass classes found: org.thymeleaf.spring4.SpringTemplateEngine (OnClassCondition)

   ThymeleafAutoConfiguration.DefaultTemplateResolverConfiguration matched
      - @ConditionalOnMissingBean (names: defaultTemplateResolver; SearchStrategy: all) found no beans (OnBeanCondition)

   ThymeleafAutoConfiguration.ThymeleafDefaultConfiguration matched
      - @ConditionalOnMissingBean (types: org.thymeleaf.spring4.SpringTemplateEngine; SearchStrategy: all) found no beans (OnBeanCondition)

   ThymeleafAutoConfiguration.ThymeleafResourceHandlingConfig matched
      - found web application 'session' scope (OnWebApplicationCondition)

   ThymeleafAutoConfiguration.ThymeleafViewResolverConfiguration matched
      - @ConditionalOnClass classes found: javax.servlet.Servlet (OnClassCondition)
      - found web application 'session' scope (OnWebApplicationCondition)

   ThymeleafAutoConfiguration.ThymeleafViewResolverConfiguration#thymeleafViewResolver matched
      - @ConditionalOnMissingBean (names: thymeleafViewResolver; SearchStrategy: all) found no beans (OnBeanCondition)
      - matched (OnPropertyCondition)

   TransactionAutoConfiguration matched
      - @ConditionalOnClass classes found: org.springframework.transaction.support.TransactionTemplate,org.springframework.transaction.PlatformTransactionManager (OnClassCondition)
      - @ConditionalOnSingleCandidate (types: org.springframework.transaction.PlatformTransactionManager; SearchStrategy: all) found a primary candidate amongst the following [transactionManager] (OnBeanCondition)

   TransactionAutoConfiguration#transactionTemplate matched
      - @ConditionalOnMissingBean (types: org.springframework.transaction.support.TransactionTemplate; SearchStrategy: all) found no beans (OnBeanCondition)

   WebMvcAutoConfiguration matched
      - @ConditionalOnClass classes found: javax.servlet.Servlet,org.springframework.web.servlet.DispatcherServlet,org.springframework.web.servlet.config.annotation.WebMvcConfigurerAdapter (OnClassCondition)
      - found web application 'session' scope (OnWebApplicationCondition)
      - @ConditionalOnMissingBean (types: org.springframework.web.servlet.config.annotation.WebMvcConfigurationSupport; SearchStrategy: all) found no beans (OnBeanCondition)

   WebMvcAutoConfiguration#hiddenHttpMethodFilter matched
      - @ConditionalOnMissingBean (types: org.springframework.web.filter.HiddenHttpMethodFilter; SearchStrategy: all) found no beans (OnBeanCondition)

   WebMvcAutoConfiguration#httpPutFormContentFilter matched
      - @ConditionalOnMissingBean (types: org.springframework.web.filter.HttpPutFormContentFilter; SearchStrategy: all) found no beans (OnBeanCondition)

   WebMvcAutoConfiguration.WebMvcAutoConfigurationAdapter#defaultViewResolver matched
      - @ConditionalOnMissingBean (types: org.springframework.web.servlet.view.InternalResourceViewResolver; SearchStrategy: all) found no beans (OnBeanCondition)

   WebMvcAutoConfiguration.WebMvcAutoConfigurationAdapter#requestContextFilter matched
      - @ConditionalOnMissingBean (types: org.springframework.web.context.request.RequestContextListener,org.springframework.web.filter.RequestContextFilter; SearchStrategy: all) found no beans (OnBeanCondition)

   WebMvcAutoConfiguration.WebMvcAutoConfigurationAdapter#viewResolver matched
      - @ConditionalOnBean (types: org.springframework.web.servlet.ViewResolver; SearchStrategy: all) found the following [defaultViewResolver, mvcViewResolver] @ConditionalOnMissingBean (names: viewResolver; types: org.springframework.web.servlet.view.ContentNegotiatingViewResolver; SearchStrategy: all) found no beans (OnBeanCondition)

   WebMvcAutoConfiguration.WebMvcAutoConfigurationAdapter.FaviconConfiguration matched
      - matched (OnPropertyCondition)

   WebSocketAutoConfiguration matched
      - @ConditionalOnClass classes found: javax.servlet.Servlet,javax.websocket.server.ServerContainer (OnClassCondition)
      - found web application 'session' scope (OnWebApplicationCondition)

   WebSocketAutoConfiguration.TomcatWebSocketConfiguration matched
      - @ConditionalOnClass classes found: org.apache.catalina.startup.Tomcat,org.apache.tomcat.websocket.server.WsSci (OnClassCondition)

   WebSocketAutoConfiguration.TomcatWebSocketConfiguration#websocketContainerCustomizer matched
      - Required JVM version 1.7 or newer found 1.8 (OnJavaCondition)
      - @ConditionalOnMissingBean (names: websocketContainerCustomizer; SearchStrategy: all) found no beans (OnBeanCondition)


Negative matches:
-----------------

   ActiveMQAutoConfiguration did not match
      - required @ConditionalOnClass classes not found: javax.jms.ConnectionFactory,org.apache.activemq.ActiveMQConnectionFactory (OnClassCondition)

   AopAutoConfiguration.CglibAutoProxyConfiguration did not match
      - @ConditionalOnProperty missing required properties spring.aop.proxy-target-class  (OnPropertyCondition)

   ArtemisAutoConfiguration did not match
      - required @ConditionalOnClass classes not found: javax.jms.ConnectionFactory,org.apache.activemq.artemis.jms.client.ActiveMQConnectionFactory (OnClassCondition)

   AtomikosJtaConfiguration did not match
      - required @ConditionalOnClass classes not found: com.atomikos.icatch.jta.UserTransactionManager (OnClassCondition)

   BatchAutoConfiguration did not match
      - required @ConditionalOnClass classes not found: org.springframework.batch.core.launch.JobLauncher (OnClassCondition)

   BitronixJtaConfiguration did not match
      - required @ConditionalOnClass classes not found: bitronix.tm.jndi.BitronixContext (OnClassCondition)

   CacheAutoConfiguration did not match
      - @ConditionalOnClass classes found: org.springframework.cache.CacheManager (OnClassCondition)
      - @ConditionalOnBean (types: org.springframework.cache.interceptor.CacheAspectSupport; SearchStrategy: all) found no beans (OnBeanCondition)

   CacheAutoConfiguration.CacheManagerJpaDependencyConfiguration did not match
      - @ConditionalOnClass classes found: org.springframework.orm.jpa.LocalContainerEntityManagerFactoryBean (OnClassCondition)
      - Ancestor 'org.springframework.boot.autoconfigure.cache.CacheAutoConfiguration' did not match (ConditionEvaluationReport.AncestorsMatchedCondition)

   CassandraAutoConfiguration did not match
      - required @ConditionalOnClass classes not found: com.datastax.driver.core.Cluster (OnClassCondition)

   CassandraDataAutoConfiguration did not match
      - required @ConditionalOnClass classes not found: com.datastax.driver.core.Cluster,org.springframework.data.cassandra.core.CassandraAdminOperations (OnClassCondition)

   CassandraRepositoriesAutoConfiguration did not match
      - required @ConditionalOnClass classes not found: com.datastax.driver.core.Session,org.springframework.data.cassandra.repository.CassandraRepository (OnClassCondition)

   CloudAutoConfiguration did not match
      - required @ConditionalOnClass classes not found: org.springframework.cloud.config.java.CloudScanConfiguration (OnClassCondition)

   DataSourceAutoConfiguration.EmbeddedConfiguration did not match
      - existing non-embedded database detected (DataSourceAutoConfiguration.EmbeddedDataSourceCondition)

   DataSourceAutoConfiguration.TomcatDataSourceJmxConfiguration did not match
      - @ConditionalOnClass classes found: org.apache.tomcat.jdbc.pool.DataSourceProxy (OnClassCondition)
      - existing auto database detected (DataSourceAutoConfiguration.DataSourceAvailableCondition)
      - @ConditionalOnProperty missing required properties spring.datasource.jmx-enabled  (OnPropertyCondition)

   DataSourcePoolMetadataProvidersConfiguration.CommonsDbcp2PoolDataSourceMetadataProviderConfiguration did not match
      - required @ConditionalOnClass classes not found: org.apache.commons.dbcp2.BasicDataSource (OnClassCondition)

   DataSourcePoolMetadataProvidersConfiguration.CommonsDbcpPoolDataSourceMetadataProviderConfiguration did not match
      - required @ConditionalOnClass classes not found: org.apache.commons.dbcp.BasicDataSource (OnClassCondition)

   DataSourcePoolMetadataProvidersConfiguration.HikariPoolDataSourceMetadataProviderConfiguration did not match
      - required @ConditionalOnClass classes not found: com.zaxxer.hikari.HikariDataSource (OnClassCondition)

   DataSourceTransactionManagerAutoConfiguration#transactionManager did not match
      - @ConditionalOnMissingBean (types: org.springframework.transaction.PlatformTransactionManager; SearchStrategy: all) found the following [transactionManager] (OnBeanCondition)

   DeviceDelegatingViewResolverAutoConfiguration did not match
      - required @ConditionalOnClass classes not found: org.springframework.mobile.device.view.LiteDeviceDelegatingViewResolver (OnClassCondition)

   DeviceResolverAutoConfiguration did not match
      - required @ConditionalOnClass classes not found: org.springframework.mobile.device.DeviceResolverHandlerInterceptor,org.springframework.mobile.device.DeviceHandlerMethodArgumentResolver (OnClassCondition)

   DispatcherServletAutoConfiguration.DispatcherServletConfiguration#multipartResolver did not match
      - @ConditionalOnBean (types: org.springframework.web.multipart.MultipartResolver; SearchStrategy: all) found no beans (OnBeanCondition)

   EhCacheCacheConfiguration did not match
      - required @ConditionalOnClass classes not found: net.sf.ehcache.Cache,org.springframework.cache.ehcache.EhCacheCacheManager (OnClassCondition)

   ElasticsearchAutoConfiguration did not match
      - required @ConditionalOnClass classes not found: org.elasticsearch.client.Client,org.springframework.data.elasticsearch.client.TransportClientFactoryBean,org.springframework.data.elasticsearch.client.NodeClientFactoryBean (OnClassCondition)

   ElasticsearchDataAutoConfiguration did not match
      - required @ConditionalOnClass classes not found: org.elasticsearch.client.Client,org.springframework.data.elasticsearch.core.ElasticsearchTemplate (OnClassCondition)

   ElasticsearchRepositoriesAutoConfiguration did not match
      - required @ConditionalOnClass classes not found: org.elasticsearch.client.Client,org.springframework.data.elasticsearch.repository.ElasticsearchRepository (OnClassCondition)

   EmbeddedMongoAutoConfiguration did not match
      - required @ConditionalOnClass classes not found: com.mongodb.Mongo,de.flapdoodle.embed.mongo.MongodStarter (OnClassCondition)

   EmbeddedServletContainerAutoConfiguration.EmbeddedJetty did not match
      - required @ConditionalOnClass classes not found: org.eclipse.jetty.server.Server,org.eclipse.jetty.util.Loader,org.eclipse.jetty.webapp.WebAppContext (OnClassCondition)

   EmbeddedServletContainerAutoConfiguration.EmbeddedUndertow did not match
      - required @ConditionalOnClass classes not found: io.undertow.Undertow,org.xnio.SslClientAuthMode (OnClassCondition)

   ErrorMvcAutoConfiguration.WhitelabelErrorViewConfiguration did not match
      - Template from org.springframework.boot.autoconfigure.thymeleaf.ThymeleafTemplateAvailabilityProvider@2993b159 found for error view (ErrorMvcAutoConfiguration.ErrorTemplateMissingCondition)

   FacebookAutoConfiguration did not match
      - required @ConditionalOnClass classes not found: org.springframework.social.config.annotation.SocialConfigurerAdapter,org.springframework.social.facebook.connect.FacebookConnectionFactory (OnClassCondition)

   FallbackWebSecurityAutoConfiguration did not match
      - @ConditionalOnClass classes found: org.springframework.security.config.annotation.web.configuration.EnableWebSecurity (OnClassCondition)
      - found web application 'session' scope (OnWebApplicationCondition)
      - @ConditionalOnProperty missing required properties security.basic.enabled  (OnPropertyCondition)

   FlywayAutoConfiguration did not match
      - required @ConditionalOnClass classes not found: org.flywaydb.core.Flyway (OnClassCondition)

   FreeMarkerAutoConfiguration did not match
      - required @ConditionalOnClass classes not found: freemarker.template.Configuration,org.springframework.ui.freemarker.FreeMarkerConfigurationFactory (OnClassCondition)

   GroovyTemplateAutoConfiguration did not match
      - required @ConditionalOnClass classes not found: groovy.text.markup.MarkupTemplateEngine (OnClassCondition)

   GsonAutoConfiguration did not match
      - required @ConditionalOnClass classes not found: com.google.gson.Gson (OnClassCondition)

   GsonHttpMessageConvertersConfiguration did not match
      - required @ConditionalOnClass classes not found: com.google.gson.Gson (OnClassCondition)

   GuavaCacheConfiguration did not match
      - required @ConditionalOnClass classes not found: com.google.common.cache.CacheBuilder,org.springframework.cache.guava.GuavaCacheManager (OnClassCondition)

   H2ConsoleAutoConfiguration did not match
      - required @ConditionalOnClass classes not found: org.h2.server.web.WebServlet (OnClassCondition)

   HazelcastAutoConfiguration did not match
      - required @ConditionalOnClass classes not found: com.hazelcast.core.HazelcastInstance (OnClassCondition)

   HazelcastCacheConfiguration did not match
      - required @ConditionalOnClass classes not found: com.hazelcast.core.HazelcastInstance,com.hazelcast.spring.cache.HazelcastCacheManager (OnClassCondition)

   HazelcastJpaDependencyAutoConfiguration did not match
      - required @ConditionalOnClass classes not found: com.hazelcast.core.HazelcastInstance (OnClassCondition)

   HornetQAutoConfiguration did not match
      - required @ConditionalOnClass classes not found: javax.jms.ConnectionFactory,org.hornetq.api.jms.HornetQJMSClient (OnClassCondition)

   HypermediaAutoConfiguration did not match
      - required @ConditionalOnClass classes not found: org.springframework.hateoas.Resource,org.springframework.plugin.core.Plugin (OnClassCondition)

   InfinispanCacheConfiguration did not match
      - required @ConditionalOnClass classes not found: org.infinispan.spring.provider.SpringEmbeddedCacheManager (OnClassCondition)

   IntegrationAutoConfiguration did not match
      - required @ConditionalOnClass classes not found: org.springframework.integration.config.EnableIntegration (OnClassCondition)

   JCacheCacheConfiguration did not match
      - required @ConditionalOnClass classes not found: javax.cache.Caching,org.springframework.cache.jcache.JCacheCacheManager (OnClassCondition)

   JacksonAutoConfiguration.JodaDateTimeJacksonConfiguration did not match
      - required @ConditionalOnClass classes not found: org.joda.time.DateTime,com.fasterxml.jackson.datatype.joda.ser.DateTimeSerializer,com.fasterxml.jackson.datatype.joda.cfg.JacksonJodaDateFormat (OnClassCondition)

   JacksonAutoConfiguration.ParameterNamesModuleConfiguration did not match
      - required @ConditionalOnClass classes not found: com.fasterxml.jackson.module.paramnames.ParameterNamesModule (OnClassCondition)

   JacksonHttpMessageConvertersConfiguration.MappingJackson2XmlHttpMessageConverterConfiguration did not match
      - required @ConditionalOnClass classes not found: com.fasterxml.jackson.dataformat.xml.XmlMapper (OnClassCondition)

   JerseyAutoConfiguration did not match
      - required @ConditionalOnClass classes not found: org.glassfish.jersey.server.spring.SpringComponentProvider (OnClassCondition)

   JmsAutoConfiguration did not match
      - required @ConditionalOnClass classes not found: org.springframework.jms.core.JmsTemplate (OnClassCondition)

   JmxAutoConfiguration did not match
      - @ConditionalOnClass classes found: org.springframework.jmx.export.MBeanExporter (OnClassCondition)
      - @ConditionalOnProperty expected 'true' for properties spring.jmx.enabled (OnPropertyCondition)

   JndiConnectionFactoryAutoConfiguration did not match
      - required @ConditionalOnClass classes not found: org.springframework.jms.core.JmsTemplate (OnClassCondition)

   JndiDataSourceAutoConfiguration did not match
      - @ConditionalOnClass classes found: javax.sql.DataSource,org.springframework.jdbc.datasource.embedded.EmbeddedDatabaseType (OnClassCondition)
      - @ConditionalOnProperty missing required properties spring.datasource.jndi-name  (OnPropertyCondition)

   JndiJtaConfiguration did not match
      - @ConditionalOnClass classes found: org.springframework.transaction.jta.JtaTransactionManager (OnClassCondition)
      - JNDI environment is not available (OnJndiCondition)

   JooqAutoConfiguration did not match
      - required @ConditionalOnClass classes not found: org.jooq.DSLContext (OnClassCondition)

   LinkedInAutoConfiguration did not match
      - required @ConditionalOnClass classes not found: org.springframework.social.config.annotation.SocialConfigurerAdapter,org.springframework.social.linkedin.connect.LinkedInConnectionFactory (OnClassCondition)

   LiquibaseAutoConfiguration did not match
      - required @ConditionalOnClass classes not found: liquibase.integration.spring.SpringLiquibase (OnClassCondition)

   MailSenderAutoConfiguration did not match
      - required @ConditionalOnClass classes not found: javax.mail.internet.MimeMessage (OnClassCondition)

   MailSenderValidatorAutoConfiguration did not match
      - @ConditionalOnProperty missing required properties spring.mail.test-connection  (OnPropertyCondition)

   MessageSourceAutoConfiguration did not match
      - No bundle found for spring.messages.basename: messages (MessageSourceAutoConfiguration.ResourceBundleCondition)

   MongoAutoConfiguration did not match
      - required @ConditionalOnClass classes not found: com.mongodb.MongoClient (OnClassCondition)

   MongoDataAutoConfiguration did not match
      - required @ConditionalOnClass classes not found: com.mongodb.Mongo,org.springframework.data.mongodb.core.MongoTemplate (OnClassCondition)

   MongoRepositoriesAutoConfiguration did not match
      - required @ConditionalOnClass classes not found: com.mongodb.Mongo,org.springframework.data.mongodb.repository.MongoRepository (OnClassCondition)

   MustacheAutoConfiguration did not match
      - required @ConditionalOnClass classes not found: com.samskivert.mustache.Mustache (OnClassCondition)

   OAuth2AutoConfiguration did not match
      - required @ConditionalOnClass classes not found: org.springframework.security.oauth2.common.OAuth2AccessToken (OnClassCondition)

   RabbitAutoConfiguration did not match
      - required @ConditionalOnClass classes not found: org.springframework.amqp.rabbit.core.RabbitTemplate,com.rabbitmq.client.Channel (OnClassCondition)

   ReactorAutoConfiguration did not match
      - required @ConditionalOnClass classes not found: reactor.spring.context.config.EnableReactor,reactor.Environment (OnClassCondition)

   RedisAutoConfiguration did not match
      - required @ConditionalOnClass classes not found: org.springframework.data.redis.connection.jedis.JedisConnection,org.springframework.data.redis.core.RedisOperations,redis.clients.jedis.Jedis (OnClassCondition)

   RepositoryRestMvcAutoConfiguration did not match
      - required @ConditionalOnClass classes not found: org.springframework.data.rest.webmvc.config.RepositoryRestMvcConfiguration (OnClassCondition)

   SecurityDataConfiguration did not match
      - required @ConditionalOnClass classes not found: org.springframework.security.data.repository.query.SecurityEvaluationContextExtension (OnClassCondition)

   SecurityFilterAutoConfiguration#securityProperties did not match
      - @ConditionalOnMissingBean (types: org.springframework.boot.autoconfigure.security.SecurityProperties; SearchStrategy: all) found the following [securityProperties] (OnBeanCondition)

   SendGridAutoConfiguration did not match
      - required @ConditionalOnClass classes not found: com.sendgrid.SendGrid (OnClassCondition)

   SessionAutoConfiguration did not match
      - required @ConditionalOnClass classes not found: org.springframework.session.Session (OnClassCondition)

   SitePreferenceAutoConfiguration did not match
      - required @ConditionalOnClass classes not found: org.springframework.mobile.device.site.SitePreferenceHandlerInterceptor,org.springframework.mobile.device.site.SitePreferenceHandlerMethodArgumentResolver (OnClassCondition)

   SocialWebAutoConfiguration did not match
      - required @ConditionalOnClass classes not found: org.springframework.social.connect.web.ConnectController,org.springframework.social.config.annotation.SocialConfigurerAdapter (OnClassCondition)

   SolrAutoConfiguration did not match
      - required @ConditionalOnClass classes not found: org.apache.solr.client.solrj.impl.HttpSolrServer,org.apache.solr.client.solrj.impl.CloudSolrServer,org.apache.solr.common.cloud.HashPartitioner (OnClassCondition)

   SolrRepositoriesAutoConfiguration did not match
      - required @ConditionalOnClass classes not found: org.apache.solr.client.solrj.SolrServer,org.springframework.data.solr.repository.SolrRepository (OnClassCondition)

   SpringApplicationAdminJmxAutoConfiguration did not match
      - @ConditionalOnProperty missing required properties spring.application.admin.enabled  (OnPropertyCondition)

   SpringBootWebSecurityConfiguration did not match
      - @ConditionalOnClass classes found: org.springframework.security.config.annotation.web.configuration.EnableWebSecurity,org.springframework.security.web.AuthenticationEntryPoint (OnClassCondition)
      - found web application 'session' scope (OnWebApplicationCondition)
      - @ConditionalOnMissingBean (types: org.springframework.security.config.annotation.web.configuration.WebSecurityConfiguration; SearchStrategy: all) found the following [org.springframework.security.config.annotation.web.configuration.WebSecurityConfiguration] (OnBeanCondition)

   SpringBootWebSecurityConfiguration.ApplicationNoWebSecurityConfigurerAdapter did not match
      - @ConditionalOnProperty missing required properties security.basic.enabled  (OnPropertyCondition)
      - Ancestor 'org.springframework.boot.autoconfigure.security.SpringBootWebSecurityConfiguration' did not match (ConditionEvaluationReport.AncestorsMatchedCondition)

   SpringBootWebSecurityConfiguration.ApplicationWebSecurityConfigurerAdapter did not match
      - matched (OnPropertyCondition)
      - Ancestor 'org.springframework.boot.autoconfigure.security.SpringBootWebSecurityConfiguration' did not match (ConditionEvaluationReport.AncestorsMatchedCondition)

   ThymeleafAutoConfiguration.DataAttributeDialectConfiguration did not match
      - required @ConditionalOnClass classes not found: com.github.mxab.thymeleaf.extras.dataattribute.dialect.DataAttributeDialect (OnClassCondition)

   ThymeleafAutoConfiguration.ThymeleafConditionalCommentsDialectConfiguration did not match
      - required @ConditionalOnClass classes not found: org.thymeleaf.extras.conditionalcomments.dialect.ConditionalCommentsDialect (OnClassCondition)

   ThymeleafAutoConfiguration.ThymeleafResourceHandlingConfig#resourceUrlEncodingFilter did not match
      - @ConditionalOnMissingBean (types: org.springframework.web.servlet.resource.ResourceUrlEncodingFilter; SearchStrategy: all) found no beans (OnBeanCondition)
      - Webjars locator (org.webjars.WebJarAssetLocator) is absent (OnEnabledResourceChainCondition)

   ThymeleafAutoConfiguration.ThymeleafSecurityDialectConfiguration did not match
      - required @ConditionalOnClass classes not found: org.thymeleaf.extras.springsecurity4.dialect.SpringSecurityDialect (OnClassCondition)

   ThymeleafAutoConfiguration.ThymeleafWebLayoutConfiguration did not match
      - required @ConditionalOnClass classes not found: nz.net.ultraq.thymeleaf.LayoutDialect (OnClassCondition)

   TwitterAutoConfiguration did not match
      - required @ConditionalOnClass classes not found: org.springframework.social.config.annotation.SocialConfigurerAdapter,org.springframework.social.twitter.connect.TwitterConnectionFactory (OnClassCondition)

   VelocityAutoConfiguration did not match
      - required @ConditionalOnClass classes not found: org.apache.velocity.app.VelocityEngine,org.springframework.ui.velocity.VelocityEngineFactory (OnClassCondition)

   WebMvcAutoConfiguration.ResourceChainCustomizerConfiguration did not match
      - Webjars locator (org.webjars.WebJarAssetLocator) is absent (OnEnabledResourceChainCondition)

   WebMvcAutoConfiguration.WebMvcAutoConfigurationAdapter#beanNameViewResolver did not match
      - @ConditionalOnBean (types: org.springframework.web.servlet.View; SearchStrategy: all) found no beans (OnBeanCondition)

   WebMvcAutoConfiguration.WebMvcAutoConfigurationAdapter#dateFormatter did not match
      - @ConditionalOnProperty missing required properties spring.mvc.date-format  (OnPropertyCondition)

   WebMvcAutoConfiguration.WebMvcAutoConfigurationAdapter#localeResolver did not match
      - @ConditionalOnMissingBean (types: org.springframework.web.servlet.LocaleResolver; SearchStrategy: all) found no beans (OnBeanCondition)
      - @ConditionalOnProperty missing required properties spring.mvc.locale  (OnPropertyCondition)

   WebSocketAutoConfiguration.JettyWebSocketConfiguration did not match
      - required @ConditionalOnClass classes not found: org.eclipse.jetty.websocket.jsr356.server.deploy.WebSocketServerContainerInitializer (OnClassCondition)

   WebSocketAutoConfiguration.UndertowWebSocketConfiguration did not match
      - required @ConditionalOnClass classes not found: io.undertow.websockets.jsr.Bootstrap (OnClassCondition)

   WebSocketMessagingAutoConfiguration did not match
      - required @ConditionalOnClass classes not found: org.springframework.web.socket.config.annotation.WebSocketMessageBrokerConfigurer (OnClassCondition)

   XADataSourceAutoConfiguration did not match
      - @ConditionalOnClass classes found: javax.sql.DataSource,javax.transaction.TransactionManager,org.springframework.jdbc.datasource.embedded.EmbeddedDatabaseType (OnClassCondition)
      - @ConditionalOnBean (types: org.springframework.boot.jta.XADataSourceWrapper; SearchStrategy: all) found no beans (OnBeanCondition)


Exclusions:
-----------

    None


Unconditional classes:
----------------------

   org.springframework.boot.autoconfigure.PropertyPlaceholderAutoConfiguration

   org.springframework.boot.autoconfigure.context.ConfigurationPropertiesAutoConfiguration



[DEBUG] Looking for resource handler mappings
[DEBUG] Returning cached instance of singleton bean 'viewControllerHandlerMapping'
[DEBUG] Returning cached instance of singleton bean 'resourceHandlerMapping'
[DEBUG] Returning cached instance of singleton bean 'faviconHandlerMapping'
[DEBUG] Found resource handler mapping: URL pattern="/**/favicon.ico", locations=[class path resource [META-INF/resources/], class path resource [resources/], class path resource [static/], class path resource [public/], class path resource []], resolvers=[org.springframework.web.servlet.resource.PathResourceResolver@1c26978a]
[DEBUG] Found resource handler mapping: URL pattern="/webjars/**", locations=[class path resource [META-INF/resources/webjars/]], resolvers=[org.springframework.web.servlet.resource.PathResourceResolver@4884fb7]
[DEBUG] Found resource handler mapping: URL pattern="/**", locations=[ServletContext resource [/], class path resource [META-INF/resources/], class path resource [resources/], class path resource [static/], class path resource [public/]], resolvers=[org.springframework.web.servlet.resource.PathResourceResolver@4aecedff]
[DEBUG] Searching for key 'spring.liveBeansView.mbeanDomain' in [systemProperties]
[DEBUG] Searching for key 'spring.liveBeansView.mbeanDomain' in [systemEnvironment]
[DEBUG] Searching for key 'spring.liveBeansView.mbeanDomain' in [random]
[DEBUG] Searching for key 'spring.liveBeansView.mbeanDomain' in [integrationTest]
[DEBUG] Searching for key 'spring.liveBeansView.mbeanDomain' in [applicationConfig: [classpath:/application.properties]]
[DEBUG] Could not find key 'spring.liveBeansView.mbeanDomain' in any property source. Returning [null]
[DEBUG] Returning cached instance of singleton bean 'delegatingApplicationListener'
[INFO] Started AlumnoTest in 54.189 seconds (JVM running for 61.92)
[DEBUG] Storing ApplicationContext in cache under key [[WebMergedContextConfiguration@220189aa testClass = AlumnoTest, locations = '{}', classes = '{class social.edu.uacm.Application}', contextInitializerClasses = '[]', activeProfiles = '{}', propertySourceLocations = '{}', propertySourceProperties = '{}', resourceBasePath = 'src/main/webapp', contextLoader = 'org.springframework.boot.test.SpringApplicationContextLoader', parent = [null]]]
[DEBUG] Spring test ApplicationContext cache statistics: [DefaultContextCache@7e76204 size = 1, parentContextCount = 0, hitCount = 0, missCount = 1]
[DEBUG] Setting up MockHttpServletRequest, MockHttpServletResponse, ServletWebRequest, and RequestContextHolder for test context [DefaultTestContext@14b252de testClass = AlumnoTest, testInstance = social.edu.uacm.test.AlumnoTest@5ef69a97, testMethod = [null], testException = [null], mergedContextConfiguration = [WebMergedContextConfiguration@220189aa testClass = AlumnoTest, locations = '{}', classes = '{class social.edu.uacm.Application}', contextInitializerClasses = '[]', activeProfiles = '{}', propertySourceLocations = '{}', propertySourceProperties = '{}', resourceBasePath = 'src/main/webapp', contextLoader = 'org.springframework.boot.test.SpringApplicationContextLoader', parent = [null]]].
[DEBUG] Performing dependency injection for test context [[DefaultTestContext@14b252de testClass = AlumnoTest, testInstance = social.edu.uacm.test.AlumnoTest@5ef69a97, testMethod = [null], testException = [null], mergedContextConfiguration = [WebMergedContextConfiguration@220189aa testClass = AlumnoTest, locations = '{}', classes = '{class social.edu.uacm.Application}', contextInitializerClasses = '[]', activeProfiles = '{}', propertySourceLocations = '{}', propertySourceProperties = '{}', resourceBasePath = 'src/main/webapp', contextLoader = 'org.springframework.boot.test.SpringApplicationContextLoader', parent = [null]]]].
[DEBUG] Retrieved ApplicationContext from cache with key [[WebMergedContextConfiguration@220189aa testClass = AlumnoTest, locations = '{}', classes = '{class social.edu.uacm.Application}', contextInitializerClasses = '[]', activeProfiles = '{}', propertySourceLocations = '{}', propertySourceProperties = '{}', resourceBasePath = 'src/main/webapp', contextLoader = 'org.springframework.boot.test.SpringApplicationContextLoader', parent = [null]]]
[DEBUG] Spring test ApplicationContext cache statistics: [DefaultContextCache@7e76204 size = 1, parentContextCount = 0, hitCount = 1, missCount = 1]
[DEBUG] Processing injected element of bean 'social.edu.uacm.test.AlumnoTest': AutowiredFieldElement for social.edu.uacm.domain.AlumnoRepository social.edu.uacm.test.AlumnoTest.alumnoRepository
[DEBUG] Returning cached instance of singleton bean 'alumnoRepository'
[DEBUG] Autowiring by type from bean name 'social.edu.uacm.test.AlumnoTest' to bean named 'alumnoRepository'
[DEBUG] Processing injected element of bean 'social.edu.uacm.test.AlumnoTest': AutowiredFieldElement for social.edu.uacm.domain.DocumentoRepository social.edu.uacm.test.AlumnoTest.documentoRepository
[DEBUG] Returning cached instance of singleton bean 'documentoRepository'
[DEBUG] Returning cached instance of singleton bean 'org.springframework.transaction.config.internalTransactionAdvisor'
[DEBUG] Returning cached instance of singleton bean 'org.springframework.transaction.config.internalTransactionAdvisor'
[DEBUG] Autowiring by type from bean name 'social.edu.uacm.test.AlumnoTest' to bean named 'documentoRepository'
[DEBUG] Returning cached instance of singleton bean 'org.springframework.transaction.config.internalTransactionAdvisor'
[DEBUG] Returning cached instance of singleton bean 'org.springframework.transaction.config.internalTransactionAdvisor'
[DEBUG] Before test method: context [DefaultTestContext@14b252de testClass = AlumnoTest, testInstance = social.edu.uacm.test.AlumnoTest@5ef69a97, testMethod = test@AlumnoTest, testException = [null], mergedContextConfiguration = [WebMergedContextConfiguration@220189aa testClass = AlumnoTest, locations = '{}', classes = '{class social.edu.uacm.Application}', contextInitializerClasses = '[]', activeProfiles = '{}', propertySourceLocations = '{}', propertySourceProperties = '{}', resourceBasePath = 'src/main/webapp', contextLoader = 'org.springframework.boot.test.SpringApplicationContextLoader', parent = [null]]], class annotated with @DirtiesContext [false] with mode [null], method annotated with @DirtiesContext [false] with mode [null].
[DEBUG] Adding transactional method 'save' with attribute: PROPAGATION_REQUIRED,ISOLATION_DEFAULT; ''
[DEBUG] Returning cached instance of singleton bean 'transactionManager'
[DEBUG] Creating new transaction with name [org.springframework.data.jpa.repository.support.SimpleJpaRepository.save]: PROPAGATION_REQUIRED,ISOLATION_DEFAULT; ''
[DEBUG] Opened new EntityManager [org.hibernate.jpa.internal.EntityManagerImpl@65d2c0ce] for JPA transaction
[DEBUG] begin
[DEBUG] Obtaining JDBC connection
[DEBUG] Obtained JDBC connection
[DEBUG] initial autocommit status: true
[DEBUG] disabling autocommit
[DEBUG] Exposing JPA transaction as JDBC transaction [org.springframework.orm.jpa.vendor.HibernateJpaDialect$HibernateConnectionHandle@58b8b3ad]
[DEBUG] Executing identity-insert immediately
[DEBUG] insert into alumno (contrasena, email, nombre, nombreusuario, plantel, telefono, web) values (?, ?, ?, ?, ?, ?, ?)
Hibernate: insert into alumno (contrasena, email, nombre, nombreusuario, plantel, telefono, web) values (?, ?, ?, ?, ?, ?, ?)
[DEBUG] Natively generated identity: 18
[DEBUG] Initiating transaction commit
[DEBUG] Committing JPA transaction on EntityManager [org.hibernate.jpa.internal.EntityManagerImpl@65d2c0ce]
[DEBUG] committing
[DEBUG] Processing flush-time cascades
[DEBUG] Dirty checking collections
[DEBUG] Flushed: 0 insertions, 0 updates, 0 deletions to 1 objects
[DEBUG] Flushed: 0 (re)creations, 0 updates, 0 removals to 0 collections
[DEBUG] Listing entities:
[DEBUG] social.edu.uacm.domain.Alumno{nombreusuario=muziek, documentos=null, web=www.alla.com.mx, contrasena=1234, id=18, telefono=54435345, nombre=Fernanda, plantel=1, email=muziek@hotmail.com}
[DEBUG] committed JDBC Connection
[DEBUG] re-enabling autocommit
[DEBUG] Closing JPA EntityManager [org.hibernate.jpa.internal.EntityManagerImpl@65d2c0ce] after transaction
[DEBUG] Closing JPA EntityManager
[DEBUG] Releasing JDBC connection
[DEBUG] Released JDBC connection
[DEBUG] Adding transactional method 'save' with attribute: PROPAGATION_REQUIRED,ISOLATION_DEFAULT; ''
[DEBUG] Returning cached instance of singleton bean 'transactionManager'
[DEBUG] Creating new transaction with name [org.springframework.data.jpa.repository.support.SimpleJpaRepository.save]: PROPAGATION_REQUIRED,ISOLATION_DEFAULT; ''
[DEBUG] Opened new EntityManager [org.hibernate.jpa.internal.EntityManagerImpl@27105670] for JPA transaction
[DEBUG] begin
[DEBUG] Obtaining JDBC connection
[DEBUG] Obtained JDBC connection
[DEBUG] initial autocommit status: true
[DEBUG] disabling autocommit
[DEBUG] Exposing JPA transaction as JDBC transaction [org.springframework.orm.jpa.vendor.HibernateJpaDialect$HibernateConnectionHandle@75a9ce4b]
[DEBUG] Executing identity-insert immediately
[DEBUG] insert into documentos (alumno, materia, nombreproyecto, tecnologia) values (?, ?, ?, ?)
Hibernate: insert into documentos (alumno, materia, nombreproyecto, tecnologia) values (?, ?, ?, ?)
[DEBUG] Natively generated identity: 32
[DEBUG] Initiating transaction commit
[DEBUG] Committing JPA transaction on EntityManager [org.hibernate.jpa.internal.EntityManagerImpl@27105670]
[DEBUG] committing
[DEBUG] Processing flush-time cascades
[DEBUG] Dirty checking collections
[DEBUG] Flushed: 0 insertions, 0 updates, 0 deletions to 1 objects
[DEBUG] Flushed: 0 (re)creations, 0 updates, 0 removals to 0 collections
[DEBUG] Listing entities:
[DEBUG] social.edu.uacm.domain.Documento{tecnologia=Spring, nombreproyecto=Metricas, iddocumentos=32, alumno=social.edu.uacm.domain.Alumno#18, materia=Metricas de software}
[DEBUG] committed JDBC Connection
[DEBUG] re-enabling autocommit
[DEBUG] Closing JPA EntityManager [org.hibernate.jpa.internal.EntityManagerImpl@27105670] after transaction
[DEBUG] Closing JPA EntityManager
[DEBUG] Releasing JDBC connection
[DEBUG] Released JDBC connection
[DEBUG] After test method: context [DefaultTestContext@14b252de testClass = AlumnoTest, testInstance = social.edu.uacm.test.AlumnoTest@5ef69a97, testMethod = test@AlumnoTest, testException = [null], mergedContextConfiguration = [WebMergedContextConfiguration@220189aa testClass = AlumnoTest, locations = '{}', classes = '{class social.edu.uacm.Application}', contextInitializerClasses = '[]', activeProfiles = '{}', propertySourceLocations = '{}', propertySourceProperties = '{}', resourceBasePath = 'src/main/webapp', contextLoader = 'org.springframework.boot.test.SpringApplicationContextLoader', parent = [null]]], class annotated with @DirtiesContext [false] with mode [null], method annotated with @DirtiesContext [false] with mode [null].
[DEBUG] Resetting RequestContextHolder for test context [DefaultTestContext@14b252de testClass = AlumnoTest, testInstance = social.edu.uacm.test.AlumnoTest@5ef69a97, testMethod = test@AlumnoTest, testException = [null], mergedContextConfiguration = [WebMergedContextConfiguration@220189aa testClass = AlumnoTest, locations = '{}', classes = '{class social.edu.uacm.Application}', contextInitializerClasses = '[]', activeProfiles = '{}', propertySourceLocations = '{}', propertySourceProperties = '{}', resourceBasePath = 'src/main/webapp', contextLoader = 'org.springframework.boot.test.SpringApplicationContextLoader', parent = [null]]].
[DEBUG] After test class: context [DefaultTestContext@14b252de testClass = AlumnoTest, testInstance = [null], testMethod = [null], testException = [null], mergedContextConfiguration = [WebMergedContextConfiguration@220189aa testClass = AlumnoTest, locations = '{}', classes = '{class social.edu.uacm.Application}', contextInitializerClasses = '[]', activeProfiles = '{}', propertySourceLocations = '{}', propertySourceProperties = '{}', resourceBasePath = 'src/main/webapp', contextLoader = 'org.springframework.boot.test.SpringApplicationContextLoader', parent = [null]]], class annotated with @DirtiesContext [false] with mode [null].
]]></system-out>
  <system-err><![CDATA[]]></system-err>
</testsuite>
